Namespace(path='./data/kdd17/ourpped/', seq=15, unit=4, alpha_l2=0.001, beta_adv=0.05, epsilon_adv=0.001, step=1, batch_size=1024, epoch=150, learning_rate=0.001, gpu=1, model_path='./saved_model/acl18_alstm/exp', model_save_path='./saved_model/kdd_resnet_lstm_6/exp', action='train', model='pure_lstm', fix_init=1, att=1, week=0, adv=1, hinge_lose=1, reload=0, resnet=1)
50  tickers selected
2518 trading dates:
0 2014 2266
64307  training instances
8070  validation instances
7398  testing instances
Tensor("Shape:0", shape=(3,), dtype=int32)
is pred_lstm
device name: /gpu:0
outputs_shape: [None, 15, 4]
resshape: [None, 15, 4]
Shape of self.output: Tensor("Shape:0", shape=(3,), dtype=int32)
Shape of self.resnet_features: Tensor("Shape_1:0", shape=(3,), dtype=int32)
Shape of self.combined_features: [None, 15, 4]
adversarial scope
adversial part
gradient noise
adversial part
Metal device set to: Apple M1 Pro

systemMemory: 16.00 GB
maxCacheSize: 5.33 GB

----->>>>> Training: 1.0502934342338925 0.9980811817305428 2.0705760925535173 1.0028335612917703
Training: 1.0457129629831465 0.9934563892228263 1.950439453125 	Train per: 0.5149894593253969
	Val per: {'acc': 0.4885997521685254, 'mcc': -0.011855162969015022} 	Val loss: 0.9998296
	Test per: {'acc': 0.5218978102189781, 'mcc': 0.0030783017261371936} 	Test loss: 0.9911415
epoch: 0 time: 44.2099 
----->>>>> Training: 1.0454215057312497 0.9933791075434003 1.8660420065834409 1.0035272732613578
Training: 1.0415236306568934 0.9895154152597699 1.793549656867981 	Train per: 0.5142299107142857
	Val per: {'acc': 0.5042131350681537, 'mcc': 0.025109080823335718} 	Val loss: 0.99346524
	Test per: {'acc': 0.5239253852392538, 'mcc': 0.026699297419828318} 	Test loss: 0.98143834
epoch: 1 time: 39.6086 
----->>>>> Training: 1.0375520539662195 0.9856116762236943 1.7437968897441076 1.00393150250117
Training: 1.0340552405705528 0.9822156240069677 1.6988954544067383 	Train per: 0.5135633680555556
	Val per: {'acc': 0.4885997521685254, 'mcc': -0.009411899780961788} 	Val loss: 0.99252224
	Test per: {'acc': 0.5283860502838605, 'mcc': 0.016272398954016633} 	Test loss: 0.9676948
epoch: 2 time: 36.9438 
----->>>>> Training: 1.0328145935421897 0.9811112303582449 1.61920978720226 1.001683012833671
Training: 1.0311643594787234 0.9795724948247274 1.5490286350250244 	Train per: 0.5146329365079365
	Val per: {'acc': 0.48872366790582406, 'mcc': -0.008676005267720614} 	Val loss: 0.99279827
	Test per: {'acc': 0.5316301703163017, 'mcc': 0.027398044037802535} 	Test loss: 0.96496946
epoch: 3 time: 36.7874 
----->>>>> Training: 1.0296054785213773 0.9781339717289758 1.4964251537171622 0.9995016682715643
Training: 1.0282918924377078 0.9769280656935677 1.4468883275985718 	Train per: 0.5144624255952381
	Val per: {'acc': 0.4905824039653036, 'mcc': 0.006860871178021148} 	Val loss: 0.99487203
	Test per: {'acc': 0.5298729386320628, 'mcc': 0.018980840905255734} 	Test loss: 0.9623788
epoch: 4 time: 36.9426 
----->>>>> Training: 1.0271390165601457 0.9758787022696601 1.4071579111946955 0.9970632725291781
Training: 1.0264234892905704 0.9752830834615798 1.3744689226150513 	Train per: 0.5122302827380952
	Val per: {'acc': 0.4895910780669145, 'mcc': 0.0} 	Val loss: 0.9972648
	Test per: {'acc': 0.5285212219518789, 'mcc': 0.0} 	Test loss: 0.95809335
epoch: 5 time: 36.8862 
----->>>>> Training: 1.0292852473637415 0.9782120320532057 1.3425886120115007 0.9946125036194211
Training: 1.0332194140979223 0.9820705217028421 1.3101861476898193 	Train per: 0.5123852926587301
	Val per: {'acc': 0.4895910780669145, 'mcc': 0.0} 	Val loss: 1.0000918
	Test per: {'acc': 0.5285212219518789, 'mcc': 0.0} 	Test loss: 0.97033435
epoch: 6 time: 36.5731 
----->>>>> Training: 1.0265272761148119 0.9754054820726789 1.307210816277398 0.9962917471688891
Training: 1.022550764537993 0.9715283371153332 1.290364384651184 	Train per: 0.5123852926587301
	Val per: {'acc': 0.4895910780669145, 'mcc': 0.0} 	Val loss: 1.0013431
	Test per: {'acc': 0.5285212219518789, 'mcc': 0.0} 	Test loss: 0.9536824
epoch: 7 time: 36.6926 
----->>>>> Training: 1.0215074391592116 0.9706204325433762 1.267327520582411 0.9923935929934183
Training: 1.0201461892279367 0.9693932930628458 1.2480472326278687 	Train per: 0.5123697916666666
	Val per: {'acc': 0.4895910780669145, 'mcc': 0.0} 	Val loss: 1.0020726
	Test per: {'acc': 0.5285212219518789, 'mcc': 0.0} 	Test loss: 0.95146716
epoch: 8 time: 36.7221 
----->>>>> Training: 1.01967063593486 0.9690103947170197 1.2397802632952493 0.9884091672443208
Training: 1.018514923633091 0.9679628998514206 1.2358436584472656 	Train per: 0.5121837797619048
	Val per: {'acc': 0.4895910780669145, 'mcc': 0.0} 	Val loss: 1.0017269
	Test per: {'acc': 0.5285212219518789, 'mcc': 0.0} 	Test loss: 0.9503668
epoch: 9 time: 36.6350 
----->>>>> Training: 1.0175671785596818 0.9671179567064557 1.2367399609278118 0.9842496192644513
Training: 1.0165549488294692 0.9662041257298182 1.24329674243927 	Train per: 0.5125248015873016
	Val per: {'acc': 0.4895910780669145, 'mcc': -0.0004636932373695575} 	Val loss: 1.0018117
	Test per: {'acc': 0.5286563936198972, 'mcc': 0.005878170640782957} 	Test loss: 0.9501103
epoch: 10 time: 36.5858 
----->>>>> Training: 1.016244718006679 0.9659663031971644 1.2528904033085657 0.9805106416581169
Training: 1.015037491208031 0.964855586725568 1.2685744762420654 	Train per: 0.5147569444444444
	Val per: {'acc': 0.48946716232961585, 'mcc': -0.003329213124945502} 	Val loss: 1.0007316
	Test per: {'acc': 0.5279805352798054, 'mcc': 0.0036099306783891304} 	Test loss: 0.949604
epoch: 11 time: 36.6023 
----->>>>> Training: 1.0141497594969613 0.9640496051500714 1.2871860833395095 0.9762594188962664
Training: 1.0129947236606054 0.9629797632732089 1.3208703994750977 	Train per: 0.5196862599206349
	Val per: {'acc': 0.4924411400247832, 'mcc': 0.009639155843365674} 	Val loss: 0.99972737
	Test per: {'acc': 0.5223033252230332, 'mcc': -0.011165875420155433} 	Test loss: 0.949035
epoch: 12 time: 36.6633 
----->>>>> Training: 1.0118717295782906 0.9619265000025431 1.3499006600607009 0.971906580622234
Training: 1.0106601298801483 0.9607611601314847 1.378137469291687 	Train per: 0.5228019593253969
	Val per: {'acc': 0.4969021065675341, 'mcc': 0.020975462154283288} 	Val loss: 1.0001198
	Test per: {'acc': 0.5236550419032171, 'mcc': 0.0028029157920721136} 	Test loss: 0.9493876
epoch: 13 time: 36.6254 
----->>>>> Training: 1.0098114628640433 0.9598963960768685 1.3851868708928425 0.9705977950777326
Training: 1.008160338515327 0.9582650472247412 1.395334243774414 	Train per: 0.5265531994047619
	Val per: {'acc': 0.5049566294919455, 'mcc': 0.03197632532001099} 	Val loss: 0.9944066
	Test per: {'acc': 0.5227088402270884, 'mcc': 0.013623795625021133} 	Test loss: 0.9499971
epoch: 14 time: 38.3152 
----->>>>> Training: 1.0069162665851532 0.9570389995499263 1.4279610864699832 0.9689861100817484
Training: 1.0051522557697599 0.9552791430836632 1.4504737854003906 	Train per: 0.5272972470238095
	Val per: {'acc': 0.5075588599752169, 'mcc': 0.03290178806459597} 	Val loss: 0.9912569
	Test per: {'acc': 0.5227088402270884, 'mcc': 0.01950637681593253} 	Test loss: 0.95036143
epoch: 15 time: 38.4883 
----->>>>> Training: 1.0039874636937702 0.9541100869103084 1.4934675163692899 0.9676781438645863
Training: 1.0018018777408297 0.9519354710503231 1.5299876928329468 	Train per: 0.5290178571428571
	Val per: {'acc': 0.5085501858736059, 'mcc': 0.03427953322672092} 	Val loss: 0.99078864
	Test per: {'acc': 0.5228440118951068, 'mcc': 0.0211353133634489} 	Test loss: 0.9511839
epoch: 16 time: 38.2841 
----->>>>> Training: 1.0005505340439933 0.9506552068013994 1.585069599605742 0.9662051759068928
Training: 0.9980309879969037 0.9481429410359216 1.630040168762207 	Train per: 0.5298549107142857
	Val per: {'acc': 0.5079306071871128, 'mcc': 0.03053379048423736} 	Val loss: 0.988824
	Test per: {'acc': 0.5244660719113274, 'mcc': 0.027651032724368915} 	Test loss: 0.95225406
epoch: 17 time: 37.4403 
----->>>>> Training: 0.9964533287381369 0.9465586628232684 1.6866931536841014 0.9641594309655447
Training: 0.9936087358565557 0.9437192498691498 1.7506906986236572 	Train per: 0.5322730654761905
	Val per: {'acc': 0.5079306071871128, 'mcc': 0.028803543134376237} 	Val loss: 0.98894066
	Test per: {'acc': 0.5217626385509597, 'mcc': 0.02347406082229253} 	Test loss: 0.95457226
epoch: 18 time: 36.7911 
----->>>>> Training: 0.993197240526714 0.9432844661530995 1.7845350030868772 0.9625648269577632
Training: 0.9912976007612925 0.9414045867465791 1.8194820880889893 	Train per: 0.5330171130952381
	Val per: {'acc': 0.5100371747211896, 'mcc': 0.03183219455792898} 	Val loss: 0.98718053
	Test per: {'acc': 0.5229791835631251, 'mcc': 0.028719635353932342} 	Test loss: 0.95685905
epoch: 19 time: 38.1899 
----->>>>> Training: 0.9905072110039848 0.9406234593618483 1.8475144041909113 0.9607246953343588
Training: 0.9893746442264981 0.9395271463999673 1.8686814308166504 	Train per: 0.5343656994047619
	Val per: {'acc': 0.5090458488228005, 'mcc': 0.028350417522893974} 	Val loss: 0.98740876
	Test per: {'acc': 0.5214922952149229, 'mcc': 0.027230030233877538} 	Test loss: 0.96007234
epoch: 20 time: 36.7326 
----->>>>> Training: 0.9883392661336868 0.9385334991273426 1.875533418049888 0.9586047785622733
Training: 0.9870364628140889 0.9372660896134755 1.8900833129882812 	Train per: 0.5364428323412699
	Val per: {'acc': 0.5030978934324659, 'mcc': 0.017417534046682327} 	Val loss: 0.9995087
	Test per: {'acc': 0.5135171668018383, 'mcc': 0.005955976741274663} 	Test loss: 0.96230596
epoch: 21 time: 36.7492 
----->>>>> Training: 0.9861737149102348 0.9364213706955077 1.913999977565947 0.9567668447418819
Training: 0.9844077522792514 0.9347180184863862 1.9218549728393555 	Train per: 0.5374193948412699
	Val per: {'acc': 0.5028500619578686, 'mcc': 0.01660426545292272} 	Val loss: 0.99786985
	Test per: {'acc': 0.5173019735063531, 'mcc': 0.0154849195741794} 	Test loss: 0.96377945
epoch: 22 time: 36.7676 
----->>>>> Training: 0.9846332527342296 0.9349544994414799 1.9301384025149875 0.9549723248633127
Training: 0.9836761913602314 0.9340310115662832 1.9420546293258667 	Train per: 0.5370938740079365
	Val per: {'acc': 0.5016109045848823, 'mcc': 0.014165030975550386} 	Val loss: 1.0021311
	Test per: {'acc': 0.5128413084617465, 'mcc': 0.004735734921562777} 	Test loss: 0.9651096
epoch: 23 time: 36.6926 
----->>>>> Training: 0.9831292260260809 0.9335008746101743 1.965990350359962 0.9532471450548323
Training: 0.9820002866169762 0.932421206481873 1.9805946350097656 	Train per: 0.5399150545634921
	Val per: {'acc': 0.5026022304832714, 'mcc': 0.015351984531986341} 	Val loss: 0.99799746
	Test per: {'acc': 0.5150040551500406, 'mcc': 0.011771034256039686} 	Test loss: 0.9660486
epoch: 24 time: 36.6123 
----->>>>> Training: 0.9818205038706461 0.9322441712258354 1.9897191619116164 0.9517321340621464
Training: 0.9803812711957901 0.93085929893312 2.0039284229278564 	Train per: 0.5405195932539683
	Val per: {'acc': 0.5001239157372986, 'mcc': 0.010170367508880411} 	Val loss: 0.9999868
	Test per: {'acc': 0.5139226818058935, 'mcc': 0.00860766915709893} 	Test loss: 0.9673094
epoch: 25 time: 36.8916 
----->>>>> Training: 0.9809995454455179 0.9314645320650131 2.016253562200637 0.9503751926951938
Training: 0.9798156694760398 0.9303174955504281 2.014162540435791 	Train per: 0.5397290426587301
	Val per: {'acc': 0.49541511771995045, 'mcc': 0.00038685057167034897} 	Val loss: 1.0038974
	Test per: {'acc': 0.5121654501216545, 'mcc': 0.0027047977255005512} 	Test loss: 0.96714634
epoch: 26 time: 38.0350 
----->>>>> Training: 0.9794193544085064 0.9299474841072446 2.0402317312028675 0.9486328070125882
Training: 0.9780678815311856 0.9286509004850236 2.0654914379119873 	Train per: 0.5422092013888888
	Val per: {'acc': 0.5030978934324659, 'mcc': 0.015655274206277433} 	Val loss: 0.9983083
	Test per: {'acc': 0.514463368477967, 'mcc': 0.012113168275774047} 	Test loss: 0.96932465
epoch: 27 time: 36.8076 
----->>>>> Training: 0.9779986360716442 0.9285777059812395 2.0706875513470364 0.9470048490024748
Training: 0.9765458229988341 0.9271815438119192 2.0978810787200928 	Train per: 0.5430927579365079
	Val per: {'acc': 0.5028500619578686, 'mcc': 0.015027902294980598} 	Val loss: 0.99841887
	Test per: {'acc': 0.5139226818058935, 'mcc': 0.011249457383086739} 	Test loss: 0.9699746
epoch: 28 time: 36.7337 
----->>>>> Training: 0.9776337903643412 0.9282289232526507 2.09272104974777 0.9462427809124901
Training: 0.9753558578945342 0.9260264729696607 2.102173089981079 	Train per: 0.5429532490079365
	Val per: {'acc': 0.49925650557620815, 'mcc': 0.007786572310918439} 	Val loss: 1.0010605
	Test per: {'acc': 0.5124357934576913, 'mcc': 0.006866584791921955} 	Test loss: 0.9691526
epoch: 29 time: 36.5707 
----->>>>> Training: 0.9755641770741296 0.9262519109816778 2.1154560020991733 0.9439361369799054
Training: 0.9748168417385646 0.9255216935324291 2.127166986465454 	Train per: 0.5427827380952381
	Val per: {'acc': 0.4942998760842627, 'mcc': -0.0026700440254179593} 	Val loss: 1.0056976
	Test per: {'acc': 0.5118951067856178, 'mcc': 0.003617952586213297} 	Test loss: 0.9692228
epoch: 30 time: 36.9346 
----->>>>> Training: 0.9747124749516684 0.9254394902123345 2.1430039443666975 0.9425996447366382
Training: 0.9733611231758481 0.9241364692884778 2.1554367542266846 	Train per: 0.5436662946428571
	Val per: {'acc': 0.4982651796778191, 'mcc': 0.005930379315670594} 	Val loss: 1.0021845
	Test per: {'acc': 0.5101378751013788, 'mcc': 0.0008514437937990656} 	Test loss: 0.96986264
epoch: 31 time: 36.6205 
----->>>>> Training: 0.9737673307222033 0.9245349244465904 2.1660721074967157 0.9413266484699552
Training: 0.9725972395094614 0.9234157374926976 2.1717464923858643 	Train per: 0.5441003224206349
	Val per: {'acc': 0.49714993804213137, 'mcc': 0.0031796030400317622} 	Val loss: 1.0028663
	Test per: {'acc': 0.5112192484455258, 'mcc': 0.004308093469022933} 	Test loss: 0.9706901
epoch: 32 time: 36.7754 
----->>>>> Training: 0.9735695738641043 0.9243638865531437 2.1827586037772044 0.9404585843994504
Training: 0.972198504304129 0.9230536742815896 2.186415433883667 	Train per: 0.5442088293650794
	Val per: {'acc': 0.49851301115241636, 'mcc': 0.006064483864500908} 	Val loss: 1.0017174
	Test per: {'acc': 0.5112192484455258, 'mcc': 0.004435180845782186} 	Test loss: 0.9712218
epoch: 33 time: 36.5640 
----->>>>> Training: 0.9729740638581533 0.9238231049643623 2.197843392690023 0.9390624014158098
Training: 0.9717003088148813 0.9226075420303951 2.2005279064178467 	Train per: 0.5445343501984127
	Val per: {'acc': 0.5007434944237918, 'mcc': 0.010772565289720119} 	Val loss: 1.0013124
	Test per: {'acc': 0.511624763449581, 'mcc': 0.005780929507160226} 	Test loss: 0.9714628
epoch: 34 time: 36.6910 
----->>>>> Training: 0.9717509935772608 0.9226746672675723 2.210696337715028 0.9373127751880221
Training: 0.9705217480659485 0.9215009486864484 2.2156195640563965 	Train per: 0.5449993799603174
	Val per: {'acc': 0.5007434944237918, 'mcc': 0.010267540438895538} 	Val loss: 1.0017102
	Test per: {'acc': 0.511624763449581, 'mcc': 0.00659498805147474} 	Test loss: 0.97120434
epoch: 35 time: 36.8805 
----->>>>> Training: 0.9711398179568942 0.9221024305101425 2.2377326488494873 0.9359931018617418
Training: 0.9708324992467486 0.9218369589911567 2.239661931991577 	Train per: 0.5449373759920635
	Val per: {'acc': 0.5012391573729864, 'mcc': 0.010921069444583832} 	Val loss: 0.9975011
	Test per: {'acc': 0.5108137334414706, 'mcc': 0.005740309852867209} 	Test loss: 0.9720151
epoch: 36 time: 36.8094 
----->>>>> Training: 0.9710509427010067 0.9220502035958427 2.243712133831448 0.935140553920988
Training: 0.9698779005852957 0.9209229378473192 2.2525627613067627 	Train per: 0.5451233878968254
	Val per: {'acc': 0.5022304832713754, 'mcc': 0.013179460358334154} 	Val loss: 1.0009338
	Test per: {'acc': 0.5098675317653419, 'mcc': 0.0037167814596287983} 	Test loss: 0.9722696
epoch: 37 time: 36.6260 
----->>>>> Training: 0.9699929299808684 0.9210466827665057 2.2596593357267833 0.93373166474085
Training: 0.9689102749975901 0.9200125194731212 2.2727293968200684 	Train per: 0.5456504216269841
	Val per: {'acc': 0.5016109045848823, 'mcc': 0.012042850292791533} 	Val loss: 1.0013707
	Test per: {'acc': 0.5098675317653419, 'mcc': 0.003432045423082486} 	Test loss: 0.9724503
epoch: 38 time: 37.0786 
----->>>>> Training: 0.9699848067192804 0.921058420150999 2.2763407798040483 0.933000902334849
Training: 0.968557924505264 0.9197029357864743 2.282632827758789 	Train per: 0.5459914434523809
	Val per: {'acc': 0.49925650557620815, 'mcc': 0.007007872098988624} 	Val loss: 1.0032974
	Test per: {'acc': 0.5102730467693971, 'mcc': 0.0036637139657533864} 	Test loss: 0.9719982
epoch: 39 time: 36.6990 
----->>>>> Training: 0.9696647988425361 0.9207718419650245 2.2956259742615717 0.9319466409229097
Training: 0.9686523988133385 0.9198176047158619 2.3088290691375732 	Train per: 0.5459759424603174
	Val per: {'acc': 0.5019826517967781, 'mcc': 0.012370345069414517} 	Val loss: 0.99967265
	Test per: {'acc': 0.5108137334414706, 'mcc': 0.006114750504530778} 	Test loss: 0.97320133
epoch: 40 time: 36.6680 
----->>>>> Training: 0.9690717496569194 0.9202259201852102 2.3118132182529996 0.9306802181970506
Training: 0.9678610421362377 0.9190754474155487 2.3185813426971436 	Train per: 0.5461774553571429
	Val per: {'acc': 0.5006195786864932, 'mcc': 0.009858805560042597} 	Val loss: 1.0039374
	Test per: {'acc': 0.5087861584211949, 'mcc': 0.000622949879055685} 	Test loss: 0.9727766
epoch: 41 time: 36.8517 
----->>>>> Training: 0.9681455975487119 0.9193607180837601 2.3254628370678616 0.929188348944225
Training: 0.9669348209623306 0.9182083237738836 2.34452223777771 	Train per: 0.5470610119047619
	Val per: {'acc': 0.5007434944237918, 'mcc': 0.01002661849491384} 	Val loss: 1.0040967
	Test per: {'acc': 0.5077047850770479, 'mcc': -0.0013528083554486643} 	Test loss: 0.973199
epoch: 42 time: 36.7453 
----->>>>> Training: 0.967801294629536 0.9190537409176902 2.345648141134353 0.9280382451556978
Training: 0.9664720126560756 0.9177913646849375 2.3437843322753906 	Train per: 0.5468905009920635
	Val per: {'acc': 0.5017348203221809, 'mcc': 0.01242913049039257} 	Val loss: 1.0013599
	Test per: {'acc': 0.5085158150851582, 'mcc': 5.5669819324769493e-05} 	Test loss: 0.9732489
epoch: 43 time: 36.6573 
----->>>>> Training: 0.9671481100339738 0.9184393551614549 2.364516099294027 0.9268848063453795
Training: 0.9661070590927487 0.9174476000997756 2.366070032119751 	Train per: 0.5469680059523809
	Val per: {'acc': 0.5012391573729864, 'mcc': 0.011313962063051347} 	Val loss: 1.0034884
	Test per: {'acc': 0.5072992700729927, 'mcc': -0.002644817141890064} 	Test loss: 0.9729999
epoch: 44 time: 36.6077 
----->>>>> Training: 0.9668866689243014 0.9182144271002876 2.375766224331326 0.9259294640450251
Training: 0.9659960014479501 0.9173643797162979 2.3772735595703125 	Train per: 0.5473555307539683
	Val per: {'acc': 0.49925650557620815, 'mcc': 0.007046085155590573} 	Val loss: 1.0059072
	Test per: {'acc': 0.5086509867531765, 'mcc': -0.00013023452618333888} 	Test loss: 0.97255737
epoch: 45 time: 36.7003 
----->>>>> Training: 0.9664743722431244 0.9178276970272973 2.3889063842712885 0.9251553208108932
Training: 0.965180101848784 0.9165987277787829 2.4006855487823486 	Train per: 0.5472160218253969
	Val per: {'acc': 0.5011152416356878, 'mcc': 0.010674458371276932} 	Val loss: 1.002878
	Test per: {'acc': 0.5090565017572317, 'mcc': 0.0018310726467947742} 	Test loss: 0.9738641
epoch: 46 time: 36.7129 
----->>>>> Training: 0.9656000950979808 0.9170178714252654 2.39615611802964 0.9237212860395038
Training: 0.9654100650832766 0.9168316693533034 2.4106264114379883 	Train per: 0.5470920138888888
	Val per: {'acc': 0.49739776951672865, 'mcc': 0.0030133412896832467} 	Val loss: 1.0073627
	Test per: {'acc': 0.5086509867531765, 'mcc': 0.00012912524842775247} 	Test loss: 0.9731404
epoch: 47 time: 36.6071 
----->>>>> Training: 0.9655925830205282 0.9170163245428176 2.417515527634394 0.9231747332073393
Training: 0.9645421552279639 0.9160201407614208 2.423581838607788 	Train per: 0.5479445684523809
	Val per: {'acc': 0.49925650557620815, 'mcc': 0.006780089625524799} 	Val loss: 1.0053252
	Test per: {'acc': 0.508110300081103, 'mcc': -0.0005194254029759732} 	Test loss: 0.9733924
epoch: 48 time: 36.8207 
----->>>>> Training: 0.9652109127196055 0.9166652049337115 2.423061060527014 0.9224528651388865
Training: 0.9640458670873491 0.9155591177561927 2.4359211921691895 	Train per: 0.5472005208333334
	Val per: {'acc': 0.5006195786864932, 'mcc': 0.00911423771209294} 	Val loss: 1.0025723
	Test per: {'acc': 0.5082454717491214, 'mcc': 0.0012884595361282215} 	Test loss: 0.974933
epoch: 49 time: 36.7401 
----->>>>> Training: 0.9656726074597192 0.9171261229212322 2.4392301544310553 0.9221450213402037
Training: 0.96409353188106 0.9156269771712167 2.4450645446777344 	Train per: 0.5475880456349206
	Val per: {'acc': 0.5007434944237918, 'mcc': 0.009193033842294392} 	Val loss: 1.0016657
	Test per: {'acc': 0.5089213300892133, 'mcc': 0.003403242811199586} 	Test loss: 0.9749609
epoch: 50 time: 36.6589 
----->>>>> Training: 0.964562389585707 0.916075294926053 2.4525750175354974 0.9206903170025538
Training: 0.963460710313585 0.915040239455208 2.4587225914001465 	Train per: 0.5480995783730159
	Val per: {'acc': 0.5012391573729864, 'mcc': 0.010196917680819493} 	Val loss: 1.002387
	Test per: {'acc': 0.5106785617734523, 'mcc': 0.00721390059669026} 	Test loss: 0.9747691
epoch: 51 time: 36.7262 
----->>>>> Training: 0.9640786912706163 0.9156308675569201 2.451257868418618 0.9199313833599999
Training: 0.9629787433715093 0.9145844238145011 2.4549977779388428 	Train per: 0.5476965525793651
	Val per: {'acc': 0.5004956629491946, 'mcc': 0.009074303043863472} 	Val loss: 1.0044394
	Test per: {'acc': 0.5083806434171397, 'mcc': 0.0009472503330669707} 	Test loss: 0.97444725
epoch: 52 time: 36.6525 
----->>>>> Training: 0.9638325297643268 0.9154032194425189 2.465705674792093 0.9192721853180538
Training: 0.962877198817238 0.9144957888694036 2.462026596069336 	Train per: 0.5477120535714286
	Val per: {'acc': 0.5014869888475837, 'mcc': 0.011671978540739536} 	Val loss: 1.0050054
	Test per: {'acc': 0.5087861584211949, 'mcc': 0.000751857112256565} 	Test loss: 0.9737594
epoch: 53 time: 36.6639 
----->>>>> Training: 0.9638122490474156 0.9153886030590723 2.465469787991236 0.9191635903858003
Training: 0.9624159449622744 0.9140638340087164 2.4603347778320312 	Train per: 0.5478980654761905
	Val per: {'acc': 0.49950433705080544, 'mcc': 0.007187929669658922} 	Val loss: 1.0057492
	Test per: {'acc': 0.5085158150851582, 'mcc': 0.0005074593653461494} 	Test loss: 0.9738802
epoch: 54 time: 36.6796 
----->>>>> Training: 0.9634318701804631 0.9150359327830966 2.469289601795257 0.9185329070166935
Training: 0.9622345850581214 0.9139012855196756 2.4750277996063232 	Train per: 0.5478980654761905
	Val per: {'acc': 0.49950433705080544, 'mcc': 0.006750758465702489} 	Val loss: 1.0049763
	Test per: {'acc': 0.5078399567450662, 'mcc': 0.0002693194849436119} 	Test loss: 0.9750617
epoch: 55 time: 36.6920 
----->>>>> Training: 0.9626708749740843 0.9143175813886855 2.469284417137267 0.917680233243912
Training: 0.9615785621461415 0.9132792684766982 2.4626219272613525 	Train per: 0.5476810515873016
	Val per: {'acc': 0.49950433705080544, 'mcc': 0.006899632064026443} 	Val loss: 1.0052876
	Test per: {'acc': 0.5064882400648824, 'mcc': -0.002608250648845639} 	Test loss: 0.9749312
epoch: 56 time: 38.2699 
----->>>>> Training: 0.96255285966964 0.9142151143815782 2.4651982557205927 0.9174509341754611
Training: 0.9616782617947411 0.9133928683069017 2.4532053470611572 	Train per: 0.5484250992063492
	Val per: {'acc': 0.4996282527881041, 'mcc': 0.006860861964618578} 	Val loss: 1.0029575
	Test per: {'acc': 0.5072992700729927, 'mcc': -8.530201186708435e-05} 	Test loss: 0.9755257
epoch: 57 time: 37.1333 
----->>>>> Training: 0.9625145026615688 0.9141899583831666 2.457734160953098 0.9173362151024833
Training: 0.9615290827221341 0.9132503876610408 2.445250988006592 	Train per: 0.5481925843253969
	Val per: {'acc': 0.5011152416356878, 'mcc': 0.010303675672406242} 	Val loss: 1.0041593
	Test per: {'acc': 0.5066234117329008, 'mcc': -0.002213341246859361} 	Test loss: 0.97467047
epoch: 58 time: 37.4201 
----->>>>> Training: 0.9614461944216773 0.9131738723270477 2.4552846484714084 0.9163407683372498
Training: 0.9604925986320253 0.9122645561657254 2.4542062282562256 	Train per: 0.5480685763888888
	Val per: {'acc': 0.5008674101610905, 'mcc': 0.010194075230257199} 	Val loss: 1.0063579
	Test per: {'acc': 0.5079751284130846, 'mcc': -0.0005595898012651199} 	Test loss: 0.9738608
epoch: 59 time: 38.5571 
----->>>>> Training: 0.9613071670607914 0.9130477422759646 2.454879787233141 0.9160910021691095
Training: 0.9604169253319029 0.9122010989794656 2.447943925857544 	Train per: 0.549742683531746
	Val per: {'acc': 0.49950433705080544, 'mcc': 0.007011973446194472} 	Val loss: 1.0077193
	Test per: {'acc': 0.5079751284130846, 'mcc': -0.00033330959122997443} 	Test loss: 0.9742023
epoch: 60 time: 37.1194 
----->>>>> Training: 0.9607194614788842 0.9124941570418221 2.447716277743143 0.9155518885642763
Training: 0.9597456682296026 0.9115733598905896 2.4441564083099365 	Train per: 0.5489056299603174
	Val per: {'acc': 0.4997521685254027, 'mcc': 0.0072927249585586565} 	Val loss: 1.00554
	Test per: {'acc': 0.5062178967288457, 'mcc': -0.0028780028343781626} 	Test loss: 0.9746874
epoch: 61 time: 37.2907 
----->>>>> Training: 0.9610734818473695 0.9128410683737861 2.438307035536993 0.9158822335894146
Training: 0.960203851026202 0.9120045938189068 2.4409759044647217 	Train per: 0.5493551587301587
	Val per: {'acc': 0.4970260223048327, 'mcc': 0.0017173302061570172} 	Val loss: 1.0093557
	Test per: {'acc': 0.5085158150851582, 'mcc': 0.0005074593653461494} 	Test loss: 0.9743307
epoch: 62 time: 37.1980 
----->>>>> Training: 0.9605105708515833 0.9123016832366823 2.443483965737479 0.9153081812555828
Training: 0.9592141404984489 0.9110691585238018 2.440755844116211 	Train per: 0.5498201884920635
	Val per: {'acc': 0.5012391573729864, 'mcc': 0.01004231338141001} 	Val loss: 1.0062499
	Test per: {'acc': 0.5093268450932684, 'mcc': 0.004759222568593886} 	Test loss: 0.97533584
epoch: 63 time: 36.6046 
----->>>>> Training: 0.9608018407745967 0.9125887874572997 2.4426852748507546 0.9154073056720552
Training: 0.959311204297202 0.9111627151095678 2.4362616539001465 	Train per: 0.5493551587301587
	Val per: {'acc': 0.4997521685254027, 'mcc': 0.007594285152729446} 	Val loss: 1.0073007
	Test per: {'acc': 0.5078399567450662, 'mcc': -0.0005673390943487562} 	Test loss: 0.97411567
epoch: 64 time: 36.8367 
----->>>>> Training: 0.9607442863403804 0.9125338376514496 2.4391047046298073 0.9154268124746898
Training: 0.9596349568594069 0.9114818970362345 2.429903268814087 	Train per: 0.5502542162698413
	Val per: {'acc': 0.49653035935563816, 'mcc': 0.0002749780332204863} 	Val loss: 1.0099008
	Test per: {'acc': 0.5079751284130846, 'mcc': 0.0007583714426554023} 	Test loss: 0.97534853
epoch: 65 time: 36.9516 
----->>>>> Training: 0.9598706667385404 0.9117122879104008 2.4271718358236645 0.9146240949630737
Training: 0.9585542574761405 0.910460388849652 2.431833505630493 	Train per: 0.5502542162698413
	Val per: {'acc': 0.5021065675340768, 'mcc': 0.012290259403333306} 	Val loss: 1.0054289
	Test per: {'acc': 0.5079751284130846, 'mcc': 0.0010135594286650258} 	Test loss: 0.9746466
epoch: 66 time: 38.0252 
----->>>>> Training: 0.9595772472638933 0.911430885867467 2.4262122767312184 0.9144028680665153
Training: 0.9583658935531737 0.9102747317344423 2.4275715351104736 	Train per: 0.549773685515873
	Val per: {'acc': 0.5014869888475837, 'mcc': 0.011359942502495687} 	Val loss: 1.005489
	Test per: {'acc': 0.5091916734252501, 'mcc': 0.002638583711352437} 	Test loss: 0.9740074
epoch: 67 time: 37.4076 
----->>>>> Training: 0.9593923177037921 0.911257667200906 2.430540228646899 0.9140822754965888
Training: 0.9580533589635577 0.909990824404217 2.426342010498047 	Train per: 0.5507657490079365
	Val per: {'acc': 0.5018587360594795, 'mcc': 0.011614631695405213} 	Val loss: 1.0055774
	Test per: {'acc': 0.5089213300892133, 'mcc': 0.00368594951280791} 	Test loss: 0.97505254
epoch: 68 time: 37.2974 
----->>>>> Training: 0.959307038594806 0.9111855238203018 2.42766096856859 0.9138770491357834
Training: 0.9581304807511587 0.9100670625293066 2.4166319370269775 	Train per: 0.5501922123015873
	Val per: {'acc': 0.501363073110285, 'mcc': 0.0104152454833979} 	Val loss: 1.0047054
	Test per: {'acc': 0.5093268450932684, 'mcc': 0.004821607092515225} 	Test loss: 0.9750735
epoch: 69 time: 36.6655 
----->>>>> Training: 0.9582992271771507 0.9102181489505465 2.419880851866707 0.9132239752345614
Training: 0.9572987915977599 0.9092625474172925 2.425161123275757 	Train per: 0.5506727430555556
	Val per: {'acc': 0.4980173482032218, 'mcc': 0.003857079131013481} 	Val loss: 1.0083514
	Test per: {'acc': 0.5089213300892133, 'mcc': 0.0021384294649562253} 	Test loss: 0.9741826
epoch: 70 time: 37.4620 
----->>>>> Training: 0.9585224276497251 0.9104356358921717 2.424575385593233 0.9132443902984498
Training: 0.9570730621852572 0.9090495308240255 2.4341089725494385 	Train per: 0.5505332341269841
	Val per: {'acc': 0.4988847583643123, 'mcc': 0.005811519853990041} 	Val loss: 1.0078492
	Test per: {'acc': 0.5105433901054339, 'mcc': 0.005144345599874676} 	Test loss: 0.9735188
epoch: 71 time: 38.8763 
----->>>>> Training: 0.9578306192443484 0.9097759960189699 2.4319097579471647 0.9124543061332097
Training: 0.9566321098615252 0.9086369559878394 2.426286458969116 	Train per: 0.5514167906746031
	Val per: {'acc': 0.5007434944237918, 'mcc': 0.009231353362254412} 	Val loss: 1.0067123
	Test per: {'acc': 0.5082454717491214, 'mcc': 0.0020820639297086173} 	Test loss: 0.97484195
epoch: 72 time: 38.0075 
----->>>>> Training: 0.9579066908548749 0.9098549579817151 2.42102949581449 0.9126141733593411
Training: 0.9575128735057892 0.9094747938807048 2.414792776107788 	Train per: 0.5508277529761905
	Val per: {'acc': 0.49727385377943, 'mcc': 0.002042459280480562} 	Val loss: 1.0108325
	Test per: {'acc': 0.5093268450932684, 'mcc': 0.0028412341727053437} 	Test loss: 0.9748761
epoch: 73 time: 37.6347 
----->>>>> Training: 0.9578357556509594 0.9097831665523468 2.420064570411803 0.9126505397614979
Training: 0.9563548962275187 0.9083679706331284 2.4157216548919678 	Train per: 0.5510447668650794
	Val per: {'acc': 0.49814126394052044, 'mcc': 0.003938927395519443} 	Val loss: 1.0089093
	Test per: {'acc': 0.5077047850770479, 'mcc': 0.00048424987167858366} 	Test loss: 0.9749448
epoch: 74 time: 36.9888 
----->>>>> Training: 0.957134569448138 0.9091170704553998 2.4257086950635154 0.911835805764274
Training: 0.9559597864983573 0.9079914868824066 2.432088613510132 	Train per: 0.5512462797619048
	Val per: {'acc': 0.49677819083023544, 'mcc': 0.0008591637734831005} 	Val loss: 1.008946
	Test per: {'acc': 0.5090565017572317, 'mcc': 0.0034160495864452877} 	Test loss: 0.97483015
epoch: 75 time: 38.0888 
----->>>>> Training: 0.9572295839824374 0.9092105362150404 2.4284027001214405 0.9118128560838246
Training: 0.9559001827996875 0.9079418986562698 2.426450729370117 	Train per: 0.5511532738095238
	Val per: {'acc': 0.5008674101610905, 'mcc': 0.009773279982665676} 	Val loss: 1.009142
	Test per: {'acc': 0.5087861584211949, 'mcc': 0.0028552237278388734} 	Test loss: 0.9744928
epoch: 76 time: 37.3200 
----->>>>> Training: 0.9564977590999906 0.9085099507891943 2.4254540867275662 0.9112470339214991
Training: 0.9555325650033497 0.9075860655496991 2.4311325550079346 	Train per: 0.5509052579365079
	Val per: {'acc': 0.5004956629491946, 'mcc': 0.009138970353080256} 	Val loss: 1.0060353
	Test per: {'acc': 0.5114895917815626, 'mcc': 0.007662604930428829} 	Test loss: 0.97356164
epoch: 77 time: 37.4106 
----->>>>> Training: 0.9567099241983323 0.9087138828777132 2.4288554494343106 0.91134384321788
Training: 0.9558876033813234 0.9079314962265983 2.4128003120422363 	Train per: 0.5507967509920635
	Val per: {'acc': 0.5016109045848823, 'mcc': 0.011768616058083844} 	Val loss: 1.0049655
	Test per: {'acc': 0.5110840767775074, 'mcc': 0.0065228385852890945} 	Test loss: 0.9732681
epoch: 78 time: 38.4666 
----->>>>> Training: 0.9558507506809537 0.9078920928258745 2.4256933151729525 0.9106592781960018
Training: 0.9546142996303619 0.9067176372285873 2.432330369949341 	Train per: 0.5518508184523809
	Val per: {'acc': 0.5009913258983891, 'mcc': 0.009516076910533147} 	Val loss: 1.0065322
	Test per: {'acc': 0.5083806434171397, 'mcc': 0.003603644085071383} 	Test loss: 0.976065
epoch: 79 time: 38.1107 
----->>>>> Training: 0.9554428268992712 0.907509013773903 2.427609670729864 0.9101239896955944
Training: 0.9540223715797304 0.9061494848084828 2.428738832473755 	Train per: 0.5529823908730159
	Val per: {'acc': 0.49876084262701365, 'mcc': 0.004791801834079191} 	Val loss: 1.0065053
	Test per: {'acc': 0.5075696134090295, 'mcc': 0.0019016536001805855} 	Test loss: 0.9757862
epoch: 80 time: 36.8573 
----->>>>> Training: 0.9556292740125505 0.9076816250407507 2.4267360520741295 0.9104182739106436
Training: 0.9549106113494389 0.9069991802412366 2.436448812484741 	Train per: 0.5516493055555556
	Val per: {'acc': 0.5012391573729864, 'mcc': 0.010483434916883435} 	Val loss: 1.0042869
	Test per: {'acc': 0.5093268450932684, 'mcc': 0.004071014487693566} 	Test loss: 0.9741617
epoch: 81 time: 37.2153 
----->>>>> Training: 0.9554025237522428 0.9074672517322359 2.4310688972473145 0.910084152978564
Training: 0.9539914528528849 0.9061285418177408 2.4257330894470215 	Train per: 0.5530598958333334
	Val per: {'acc': 0.49714993804213137, 'mcc': 0.001421135077763742} 	Val loss: 1.0070032
	Test per: {'acc': 0.5104082184374156, 'mcc': 0.007672260097633949} 	Test loss: 0.9757056
epoch: 82 time: 38.9135 
----->>>>> Training: 0.9549135480608258 0.907003330805945 2.432440265776619 0.909555573312063
Training: 0.9537907431996058 0.90593402442478 2.4210429191589355 	Train per: 0.5520678323412699
	Val per: {'acc': 0.5002478314745973, 'mcc': 0.008930914987703086} 	Val loss: 1.0071235
	Test per: {'acc': 0.5113544201135442, 'mcc': 0.00724175726186202} 	Test loss: 0.9727747
epoch: 83 time: 39.1614 
----->>>>> Training: 0.954704603505513 0.9068042210170201 2.417376798296732 0.909660141619425
Training: 0.9540696957754711 0.9061979064865718 2.4305200576782227 	Train per: 0.5528738839285714
	Val per: {'acc': 0.5001239157372986, 'mcc': 0.007384939435061576} 	Val loss: 1.0025316
	Test per: {'acc': 0.5091916734252501, 'mcc': 0.006079619876253419} 	Test loss: 0.9761872
epoch: 84 time: 37.0407 
----->>>>> Training: 0.9542391659721495 0.90635827798692 2.4351750479804144 0.9089142963999793
Training: 0.9536720372381664 0.905812006148081 2.427126884460449 	Train per: 0.5535094246031746
	Val per: {'acc': 0.4952912019826518, 'mcc': -0.0009084616195318936} 	Val loss: 1.0129743
	Test per: {'acc': 0.5131116517977832, 'mcc': 0.00787719035436738} 	Test loss: 0.9710466
epoch: 85 time: 36.6799 
----->>>>> Training: 0.9540516488135807 0.9061713464676387 2.4352788016909646 0.9089004898828174
Training: 0.9520159789494106 0.9042326694443112 2.4442217350006104 	Train per: 0.5538814484126984
	Val per: {'acc': 0.5016109045848823, 'mcc': 0.011673557436385314} 	Val loss: 1.0073665
	Test per: {'acc': 0.5101378751013788, 'mcc': 0.005316370993582547} 	Test loss: 0.97388345
epoch: 86 time: 38.8162 
----->>>>> Training: 0.953424544561477 0.9055777513791644 2.443807284037272 0.9080596887876117
Training: 0.9525617559750875 0.9047588318113297 2.4389936923980713 	Train per: 0.5524863591269841
	Val per: {'acc': 0.5001239157372986, 'mcc': 0.008683138093181159} 	Val loss: 1.0059946
	Test per: {'acc': 0.5110840767775074, 'mcc': 0.006988506805254235} 	Test loss: 0.97233707
epoch: 87 time: 38.8504 
----->>>>> Training: 0.9535695759076921 0.9057102525045001 2.44119003462413 0.9083625977001493
Training: 0.954116007638356 0.906231855589246 2.454355001449585 	Train per: 0.5528738839285714
	Val per: {'acc': 0.4980173482032218, 'mcc': 0.0026411843636753767} 	Val loss: 1.0087758
	Test per: {'acc': 0.5082454717491214, 'mcc': 0.0052390351406733215} 	Test loss: 0.97911173
epoch: 88 time: 37.9291 
----->>>>> Training: 0.9535477265479073 0.9056919453636049 2.4467514015379406 0.9081805594383724
Training: 0.9516946115191021 0.9039242513596065 2.4489219188690186 	Train per: 0.5545789930555556
	Val per: {'acc': 0.49950433705080544, 'mcc': 0.007074644914067495} 	Val loss: 1.0073318
	Test per: {'acc': 0.511624763449581, 'mcc': 0.008575093590310971} 	Test loss: 0.9732831
epoch: 89 time: 39.4246 
----->>>>> Training: 0.952685070416284 0.9048714174164666 2.4455929710751487 0.9073612169613914
Training: 0.9516478038969494 0.9038827144910418 2.433716297149658 	Train per: 0.5538194444444444
	Val per: {'acc': 0.4990086741016109, 'mcc': 0.006471321295030082} 	Val loss: 1.0079991
	Test per: {'acc': 0.5109489051094891, 'mcc': 0.00610060573233148} 	Test loss: 0.9718226
epoch: 90 time: 38.7726 
----->>>>> Training: 0.9523811870151095 0.9045811598263089 2.441786221095494 0.9071649085907709
Training: 0.9511515857681395 0.9034056559441581 2.444801092147827 	Train per: 0.5549045138888888
	Val per: {'acc': 0.49739776951672865, 'mcc': 0.0021184996725141848} 	Val loss: 1.0074711
	Test per: {'acc': 0.5089213300892133, 'mcc': 0.004374388508779628} 	Test loss: 0.9750579
epoch: 91 time: 39.0384 
----->>>>> Training: 0.9521387172123742 0.904348925938682 2.4486195700509206 0.9068234468263293
Training: 0.951048733696105 0.9033053886322748 2.4484825134277344 	Train per: 0.5549200148809523
	Val per: {'acc': 0.49516728624535317, 'mcc': -0.0015368114797095881} 	Val loss: 1.0111061
	Test per: {'acc': 0.5113544201135442, 'mcc': 0.0057143762841094705} 	Test loss: 0.9714535
epoch: 92 time: 39.1848 
----->>>>> Training: 0.9515955694138057 0.9038270276690287 2.4517617074270097 0.9063356424134875
Training: 0.9504003013883319 0.902695481739347 2.452922821044922 	Train per: 0.5541914682539683
	Val per: {'acc': 0.4977695167286245, 'mcc': 0.0035140295497125685} 	Val loss: 1.0062625
	Test per: {'acc': 0.5109489051094891, 'mcc': 0.006660648620377516} 	Test loss: 0.9724469
epoch: 93 time: 38.9303 
----->>>>> Training: 0.9514328260270376 0.9036691169890146 2.459243967419579 0.9060892576263064
Training: 0.9500285519493951 0.9023275782191564 2.4569737911224365 	Train per: 0.5552455357142857
	Val per: {'acc': 0.49727385377943, 'mcc': 0.0025629337451219267} 	Val loss: 1.0095973
	Test per: {'acc': 0.5121654501216545, 'mcc': 0.009269547828762204} 	Test loss: 0.97094744
epoch: 94 time: 36.6803 
----->>>>> Training: 0.9515055512625074 0.9037400682767233 2.456965507022918 0.9061703066977244
Training: 0.9499630388759431 0.9022646063850039 2.456494092941284 	Train per: 0.5551060267857143
	Val per: {'acc': 0.4969021065675341, 'mcc': 0.0019164371901257407} 	Val loss: 1.0089887
	Test per: {'acc': 0.5104082184374156, 'mcc': 0.005065924306711545} 	Test loss: 0.9708742
epoch: 95 time: 36.6112 
----->>>>> Training: 0.9509582368154375 0.9032136135631137 2.4583615613362144 0.9057252265158153
Training: 0.9509032037523057 0.9031648616942148 2.4634361267089844 	Train per: 0.5541294642857143
	Val per: {'acc': 0.4969021065675341, 'mcc': 0.0002774279541752312} 	Val loss: 1.0056506
	Test per: {'acc': 0.5089213300892133, 'mcc': 0.00709721580277829} 	Test loss: 0.97715586
epoch: 96 time: 36.8406 
----->>>>> Training: 0.9504485234381661 0.9027288083046202 2.4538584474533325 0.9053171617644173
Training: 0.9494189676784334 0.9017444990930104 2.4737517833709717 	Train per: 0.5558965773809523
	Val per: {'acc': 0.4966542750929368, 'mcc': 0.0010153072865757274} 	Val loss: 1.0109209
	Test per: {'acc': 0.5123006217896728, 'mcc': 0.010206873423466208} 	Test loss: 0.97356105
epoch: 97 time: 39.4441 
----->>>>> Training: 0.9503965046670702 0.9026740221750169 2.4740367768302796 0.9049689258847918
Training: 0.9491884282657078 0.9015239060871185 2.4669477939605713 	Train per: 0.5555865575396826
	Val per: {'acc': 0.4969021065675341, 'mcc': 0.001662680736520932} 	Val loss: 1.0105573
	Test per: {'acc': 0.5108137334414706, 'mcc': 0.006767291538649058} 	Test loss: 0.9726383
epoch: 98 time: 39.5399 
----->>>>> Training: 0.9495849779673985 0.9018989990627955 2.464074872788929 0.9044379998767187
Training: 0.9492216308911642 0.9015491888636634 2.4752824306488037 	Train per: 0.5548735119047619
	Val per: {'acc': 0.49752168525402723, 'mcc': 0.001978950299425725} 	Val loss: 1.0081964
	Test per: {'acc': 0.5112192484455258, 'mcc': 0.010833669061599322} 	Test loss: 0.9770088
epoch: 99 time: 39.2602 
----->>>>> Training: 0.95003665912719 0.9023246150168162 2.4759273566896955 0.9047224370260087
Training: 0.9484990428364466 0.900864096861037 2.4742138385772705 	Train per: 0.5557725694444444
	Val per: {'acc': 0.4955390334572491, 'mcc': -0.0013016561040445965} 	Val loss: 1.0084295
	Test per: {'acc': 0.5123006217896728, 'mcc': 0.009810516295590623} 	Test loss: 0.9725492
epoch: 100 time: 38.7559 
----->>>>> Training: 0.9496819263412839 0.9019877021274869 2.472540919742887 0.9044335512887864
Training: 0.9487407358865889 0.9010854401285686 2.479689359664917 	Train per: 0.5553385416666666
	Val per: {'acc': 0.4955390334572491, 'mcc': -0.0014744834197497373} 	Val loss: 1.0115722
	Test per: {'acc': 0.5132468234658015, 'mcc': 0.012365090310111102} 	Test loss: 0.9736714
epoch: 101 time: 38.0317 
----->>>>> Training: 0.9495861861440871 0.9018931757836115 2.4810440351092624 0.9042392704221938
Training: 0.9485851743864635 0.9009414258457366 2.478517770767212 	Train per: 0.5557415674603174
	Val per: {'acc': 0.49405204460966545, 'mcc': -0.003671512120759808} 	Val loss: 1.013661
	Test per: {'acc': 0.5136523384698567, 'mcc': 0.00985597908946439} 	Test loss: 0.9705086
epoch: 102 time: 38.7979 
----->>>>> Training: 0.9498810522140019 0.90217315583002 2.4822723108624656 0.9045124205331954
Training: 0.9481024410989549 0.9004836744732327 2.470062017440796 	Train per: 0.5554005456349206
	Val per: {'acc': 0.4970260223048327, 'mcc': 0.0017402003908562553} 	Val loss: 1.0078435
	Test per: {'acc': 0.5129764801297648, 'mcc': 0.011744548943998082} 	Test loss: 0.9724891
epoch: 103 time: 38.9177 
----->>>>> Training: 0.9490798664471459 0.9014139591701447 2.4755085044436984 0.9038079825658647
Training: 0.9484938600706676 0.9008518627711705 2.4811947345733643 	Train per: 0.5546099950396826
	Val per: {'acc': 0.4950433705080545, 'mcc': -0.0012654797040505216} 	Val loss: 1.0124832
	Test per: {'acc': 0.5148688834820222, 'mcc': 0.01207594289828528} 	Test loss: 0.96954733
epoch: 104 time: 38.5031 
----->>>>> Training: 0.9488148310827831 0.9011561775964404 2.4801884757147894 0.9035692621791174
Training: 0.9479152768377274 0.9002942357744489 2.485029458999634 	Train per: 0.5563926091269841
	Val per: {'acc': 0.4919454770755886, 'mcc': -0.009668702297836933} 	Val loss: 1.0096561
	Test per: {'acc': 0.512706136793728, 'mcc': 0.013114129877206988} 	Test loss: 0.9760507
epoch: 105 time: 39.4023 
----->>>>> Training: 0.9482155130023048 0.9005787959174504 2.492394863613068 0.9028863954165626
Training: 0.9466348526969789 0.8990794477008638 2.49065899848938 	Train per: 0.5563926091269841
	Val per: {'acc': 0.4942998760842627, 'mcc': -0.003484341827710696} 	Val loss: 1.010013
	Test per: {'acc': 0.5136523384698567, 'mcc': 0.011441567701330773} 	Test loss: 0.9696169
epoch: 106 time: 39.8738 
----->>>>> Training: 0.948102993624551 0.9004772721774994 2.485345004096864 0.9028075309026808
Training: 0.946642487768143 0.8990872521249075 2.482806444168091 	Train per: 0.5564391121031746
	Val per: {'acc': 0.4944237918215613, 'mcc': -0.0035949967699190066} 	Val loss: 1.008928
	Test per: {'acc': 0.5128413084617465, 'mcc': 0.010994749641993904} 	Test loss: 0.97229093
epoch: 107 time: 37.2688 
----->>>>> Training: 0.9474057328133356 0.8998149169815911 2.4837135776640875 0.9021420478820801
Training: 0.9470104773839315 0.8994392222828336 2.485624074935913 	Train per: 0.556609623015873
	Val per: {'acc': 0.49417596034696404, 'mcc': -0.004557527185417204} 	Val loss: 1.0111922
	Test per: {'acc': 0.5121654501216545, 'mcc': 0.01024640784456992} 	Test loss: 0.97515285
epoch: 108 time: 38.7772 
----->>>>> Training: 0.9471520904510741 0.8995694451861911 2.4880885812971325 0.9018911057048373
Training: 0.9455085321078225 0.8980033265219795 2.485684394836426 	Train per: 0.5578187003968254
	Val per: {'acc': 0.49405204460966545, 'mcc': -0.0046258400043227635} 	Val loss: 1.0104172
	Test per: {'acc': 0.5121654501216545, 'mcc': 0.010580855292155918} 	Test loss: 0.9732118
epoch: 109 time: 38.9615 
----->>>>> Training: 0.947421998258621 0.8998221575267731 2.4956684490991017 0.9020834394863674
Training: 0.9456718545111399 0.8981561499928671 2.485302686691284 	Train per: 0.5570901537698413
	Val per: {'acc': 0.4924411400247832, 'mcc': -0.008053608963087362} 	Val loss: 1.0084672
	Test per: {'acc': 0.5129764801297648, 'mcc': 0.012106811117680078} 	Test loss: 0.97298473
epoch: 110 time: 38.8250 
----->>>>> Training: 0.9470045935539972 0.8994286173865909 2.4905531784844777 0.9017083871932257
Training: 0.9455535506445264 0.8980484141243829 2.499363422393799 	Train per: 0.556702628968254
	Val per: {'acc': 0.4962825278810409, 'mcc': -2.2484543651634463e-05} 	Val loss: 1.0064003
	Test per: {'acc': 0.5118951067856178, 'mcc': 0.010295838292577974} 	Test loss: 0.9721557
epoch: 111 time: 37.7111 
----->>>>> Training: 0.9464023557920305 0.8988568934183272 2.4886363801502047 0.901136474949973
Training: 0.9448310231405591 0.8973546539034162 2.4918131828308105 	Train per: 0.5577566964285714
	Val per: {'acc': 0.49454770755885996, 'mcc': -0.0035506749045859935} 	Val loss: 1.0084316
	Test per: {'acc': 0.5118951067856178, 'mcc': 0.009747641316986435} 	Test loss: 0.97242236
epoch: 112 time: 38.8311 
----->>>>> Training: 0.9460648572634137 0.8985337397408864 2.4919328576042536 0.9007835908541604
Training: 0.9445640019008091 0.8971011335887606 2.497593402862549 	Train per: 0.5574311755952381
	Val per: {'acc': 0.4962825278810409, 'mcc': 0.0006938391934813529} 	Val loss: 1.0089072
	Test per: {'acc': 0.5139226818058935, 'mcc': 0.01257998539222996} 	Test loss: 0.9706575
epoch: 113 time: 39.4057 
----->>>>> Training: 0.9457694907037039 0.8982519081660679 2.4960091341109503 0.9004315043252612
Training: 0.9451328184869554 0.8976503913364713 2.4878990650177 	Train per: 0.556702628968254
	Val per: {'acc': 0.49591078066914496, 'mcc': -0.0011375222981433025} 	Val loss: 1.0043112
	Test per: {'acc': 0.5114895917815626, 'mcc': 0.010387198389613442} 	Test loss: 0.9718001
epoch: 114 time: 37.1956 
----->>>>> Training: 0.9454670160535782 0.8979659430564396 2.49247505929735 0.9001720188156007
Training: 0.9439917708200122 0.8965672528932965 2.4874043464660645 	Train per: 0.5578187003968254
	Val per: {'acc': 0.49727385377943, 'mcc': 0.0029402746426156587} 	Val loss: 1.0082322
	Test per: {'acc': 0.514463368477967, 'mcc': 0.013347593362842351} 	Test loss: 0.9707543
epoch: 115 time: 36.7342 
----->>>>> Training: 0.9459608263439603 0.8984329246339344 2.493423579231141 0.9006895129642789
Training: 0.9445412281959776 0.8970829787708464 2.492612600326538 	Train per: 0.5578031994047619
	Val per: {'acc': 0.4966542750929368, 'mcc': 0.000958833676133044} 	Val loss: 1.0055203
	Test per: {'acc': 0.5094620167612869, 'mcc': 0.004804709441246119} 	Test loss: 0.9725702
epoch: 116 time: 38.0514 
----->>>>> Training: 0.9458486475641765 0.8983295947786362 2.492934367013356 0.9005224156001258
Training: 0.9444824088187445 0.8970316184891595 2.488416910171509 	Train per: 0.5578652033730159
	Val per: {'acc': 0.4949194547707559, 'mcc': -0.002418986744586619} 	Val loss: 1.0077382
	Test per: {'acc': 0.5123006217896728, 'mcc': 0.009718904979769068} 	Test loss: 0.9718336
epoch: 117 time: 36.6602 
----->>>>> Training: 0.9448520228976295 0.8973852481160846 2.4876237066965254 0.8995830738355243
Training: 0.9434441252360268 0.896037326918708 2.5034496784210205 	Train per: 0.5580512152777778
	Val per: {'acc': 0.49541511771995045, 'mcc': -0.001292341472229699} 	Val loss: 1.0080649
	Test per: {'acc': 0.5121654501216545, 'mcc': 0.008932267397858882} 	Test loss: 0.97030896
epoch: 118 time: 37.4799 
----->>>>> Training: 0.9442585072820149 0.8968158714354985 2.493161992421226 0.8989895090224251
Training: 0.9432437495579795 0.8958519176831321 2.4949631690979004 	Train per: 0.5582837301587301
	Val per: {'acc': 0.49566294919454773, 'mcc': -0.0012463593669949393} 	Val loss: 1.0076439
	Test per: {'acc': 0.5132468234658015, 'mcc': 0.012575852519349144} 	Test loss: 0.9724091
epoch: 119 time: 36.5983 
----->>>>> Training: 0.944090776027195 0.8966576220497252 2.496900342759632 0.8987250753811428
Training: 0.9441126585006714 0.8966845292893667 2.484285593032837 	Train per: 0.5579582093253969
	Val per: {'acc': 0.49454770755885996, 'mcc': -0.004631625465663772} 	Val loss: 1.0071373
	Test per: {'acc': 0.5105433901054339, 'mcc': 0.010377121994092397} 	Test loss: 0.97690094
epoch: 120 time: 39.4313 
----->>>>> Training: 0.9446218515199328 0.897168220981719 2.4838619572775706 0.8993954904495723
Training: 0.9429426268925742 0.8955694446488033 2.487637519836426 	Train per: 0.5586402529761905
	Val per: {'acc': 0.4949194547707559, 'mcc': -0.0023018478170697913} 	Val loss: 1.0075667
	Test per: {'acc': 0.5139226818058935, 'mcc': 0.012429370293894038} 	Test loss: 0.9702068
epoch: 121 time: 39.0377 
----->>>>> Training: 0.9440113627721393 0.8965864645110236 2.4908372334071567 0.8986811477040487
Training: 0.9432213864629231 0.8958322159827702 2.4929604530334473 	Train per: 0.5580357142857143
	Val per: {'acc': 0.4969021065675341, 'mcc': 0.001028308603665423} 	Val loss: 1.0054492
	Test per: {'acc': 0.5090565017572317, 'mcc': 0.00538393973970212} 	Test loss: 0.9737993
epoch: 122 time: 38.2896 
----->>>>> Training: 0.9437683054379055 0.8963557434460473 2.486012545842973 0.8985309335920546
Training: 0.9429169874342661 0.8955456349584792 2.484477996826172 	Train per: 0.5580202132936508
	Val per: {'acc': 0.49739776951672865, 'mcc': 0.0034682711669064867} 	Val loss: 1.0083094
	Test per: {'acc': 0.5150040551500406, 'mcc': 0.013580529723099118} 	Test loss: 0.96970516
epoch: 123 time: 38.8827 
----->>>>> Training: 0.9437191931028215 0.89631101820204 2.486682032781934 0.8984298535755703
Training: 0.942494048958733 0.8951443812203785 2.4837870597839355 	Train per: 0.5585472470238095
	Val per: {'acc': 0.49727385377943, 'mcc': 0.0023997884450804724} 	Val loss: 1.0099577
	Test per: {'acc': 0.5147337118140037, 'mcc': 0.015312170917427127} 	Test loss: 0.97331536
epoch: 124 time: 39.3184 
----->>>>> Training: 0.9433980896359399 0.8960068992206028 2.4830877251095242 0.8981620735592313
Training: 0.9427729447682699 0.8954156930484469 2.482168197631836 	Train per: 0.5583302331349206
	Val per: {'acc': 0.49516728624535317, 'mcc': -0.0025416919252049448} 	Val loss: 1.0096359
	Test per: {'acc': 0.5124357934576913, 'mcc': 0.011200336378698543} 	Test loss: 0.9746036
epoch: 125 time: 38.4617 
----->>>>> Training: 0.9432807602579631 0.8958990706337823 2.4807273433322 0.8980192438004508
Training: 0.942619922615233 0.8952688262576148 2.4927706718444824 	Train per: 0.5580202132936508
	Val per: {'acc': 0.49653035935563816, 'mcc': 0.0008333773836870892} 	Val loss: 1.0105927
	Test per: {'acc': 0.5160854284941876, 'mcc': 0.01741133476361599} 	Test loss: 0.9712224
epoch: 126 time: 38.8092 
----->>>>> Training: 0.9428630159014747 0.895501887041425 2.4858884546491833 0.8975048084107656
Training: 0.9416041781031896 0.8943086285439749 2.477006196975708 	Train per: 0.5590277777777778
	Val per: {'acc': 0.49727385377943, 'mcc': 0.0022608417675632863} 	Val loss: 1.0075377
	Test per: {'acc': 0.512706136793728, 'mcc': 0.011396248422197768} 	Test loss: 0.973651
epoch: 127 time: 40.9772 
----->>>>> Training: 0.9426194628079733 0.8952742247354417 2.48111643488445 0.8972824603792221
Training: 0.9427531607567318 0.8954041798909506 2.476215362548828 	Train per: 0.5575706845238095
	Val per: {'acc': 0.4952912019826518, 'mcc': -0.002920886315604986} 	Val loss: 1.0068179
	Test per: {'acc': 0.5114895917815626, 'mcc': 0.011961388410640067} 	Test loss: 0.9768804
epoch: 128 time: 39.7595 
----->>>>> Training: 0.9428207751304384 0.8954682454230294 2.476062475688874 0.8975294431050619
Training: 0.9418627042619009 0.894556096621922 2.477829694747925 	Train per: 0.5586867559523809
	Val per: {'acc': 0.4966542750929368, 'mcc': 0.0012082791878809322} 	Val loss: 1.005545
	Test per: {'acc': 0.5118951067856178, 'mcc': 0.008983192324634163} 	Test loss: 0.97118586
epoch: 129 time: 37.9342 
----->>>>> Training: 0.9422046863843524 0.894884014886523 2.473903871717907 0.8969353068442572
Training: 0.9409400962647938 0.8936827220613994 2.470590829849243 	Train per: 0.5593222966269841
	Val per: {'acc': 0.49714993804213137, 'mcc': 0.0024179262337922724} 	Val loss: 1.007501
	Test per: {'acc': 0.5139226818058935, 'mcc': 0.01251975588904378} 	Test loss: 0.97154516
epoch: 130 time: 38.1134 
----->>>>> Training: 0.9429139967948671 0.8955596477266342 2.4745783503093417 0.8975953601655506
Training: 0.9407310949431525 0.893479535503993 2.4715828895568848 	Train per: 0.5601128472222222
	Val per: {'acc': 0.4976456009913259, 'mcc': 0.0030882558340673168} 	Val loss: 1.008745
	Test per: {'acc': 0.5154095701540957, 'mcc': 0.016757608418561463} 	Test loss: 0.9732806
epoch: 131 time: 37.0002 
----->>>>> Training: 0.9420089882517618 0.8947021317860436 2.4690216950007846 0.8967566206341698
Training: 0.9433811581324018 0.8960128540084475 2.4688539505004883 	Train per: 0.5580512152777778
	Val per: {'acc': 0.4966542750929368, 'mcc': 0.00080136838421696} 	Val loss: 1.011063
	Test per: {'acc': 0.5151392268180589, 'mcc': 0.015812714455774805} 	Test loss: 0.9735875
epoch: 132 time: 36.9397 
----->>>>> Training: 0.9431569036983308 0.8957997494273715 2.4673473229483953 0.8977962628243461
Training: 0.9407933486832513 0.8935457222045414 2.464975357055664 	Train per: 0.5592292906746031
	Val per: {'acc': 0.4980173482032218, 'mcc': 0.0040119988058484705} 	Val loss: 1.0053394
	Test per: {'acc': 0.5100027034333604, 'mcc': 0.0055814553385099604} 	Test loss: 0.97262347
epoch: 133 time: 36.8597 
----->>>>> Training: 0.9411884735501002 0.8939238067657228 2.465087712757171 0.895991723688822
Training: 0.940186723830208 0.89297635498501 2.4553613662719727 	Train per: 0.5591982886904762
	Val per: {'acc': 0.4969021065675341, 'mcc': 0.0016282858537804358} 	Val loss: 1.0050865
	Test per: {'acc': 0.5121654501216545, 'mcc': 0.009911297500197909} 	Test loss: 0.9710313
epoch: 134 time: 36.9620 
----->>>>> Training: 0.9415796124745929 0.89430076167697 2.465438994150313 0.8962683270847986
Training: 0.9404276713492379 0.8932061810342092 2.459043025970459 	Train per: 0.5593222966269841
	Val per: {'acc': 0.49913258983890957, 'mcc': 0.006796674287662475} 	Val loss: 1.0067549
	Test per: {'acc': 0.5105433901054339, 'mcc': 0.005488739088873502} 	Test loss: 0.97241765
epoch: 135 time: 36.7120 
----->>>>> Training: 0.9416320674003117 0.8943528192383903 2.459183416669331 0.8964011905685304
Training: 0.9400130264342778 0.8928066274476429 2.461238384246826 	Train per: 0.5597873263888888
	Val per: {'acc': 0.4950433705080545, 'mcc': -0.00286380469752382} 	Val loss: 1.0059047
	Test per: {'acc': 0.5128413084617465, 'mcc': 0.013406819235130478} 	Test loss: 0.9733985
epoch: 136 time: 36.8396 
----->>>>> Training: 0.9405808817772638 0.8933495538575309 2.4623225492144387 0.8953800854228792
Training: 0.9413711097505357 0.8941073313591972 2.468334674835205 	Train per: 0.5587952628968254
	Val per: {'acc': 0.4988847583643123, 'mcc': 0.005445180525908728} 	Val loss: 1.0023745
	Test per: {'acc': 0.5067585834009192, 'mcc': 0.0001674613114052483} 	Test loss: 0.9735701
epoch: 137 time: 36.8025 
----->>>>> Training: 0.9419664645951892 0.8946772842180162 2.4530948911394392 0.8967217888150897
Training: 0.9400766851410033 0.8928715378519089 2.466409683227539 	Train per: 0.559601314484127
	Val per: {'acc': 0.4977695167286245, 'mcc': 0.00399372252856772} 	Val loss: 1.007046
	Test per: {'acc': 0.5114895917815626, 'mcc': 0.0070121800116461856} 	Test loss: 0.974126
epoch: 138 time: 38.6799 
----->>>>> Training: 0.9408052771810501 0.893570413665166 2.455876153612894 0.895579769497826
Training: 0.9394415635911245 0.8922680919132535 2.4658830165863037 	Train per: 0.5597253224206349
	Val per: {'acc': 0.49752168525402723, 'mcc': 0.0027230896408287383} 	Val loss: 1.0058825
	Test per: {'acc': 0.5123006217896728, 'mcc': 0.011239117718983446} 	Test loss: 0.9728582
epoch: 139 time: 38.1559 
----->>>>> Training: 0.9408874682017735 0.8936506377326118 2.4534573933434864 0.8956673873795403
Training: 0.9393425735216292 0.8921803964508904 2.4581620693206787 	Train per: 0.5601593501984127
	Val per: {'acc': 0.49789343246592316, 'mcc': 0.003140276646314774} 	Val loss: 1.0049676
	Test per: {'acc': 0.5093268450932684, 'mcc': 0.006063597439528485} 	Test loss: 0.9743021
epoch: 140 time: 39.5706 
----->>>>> Training: 0.9404933660749405 0.8932776867397247 2.4550852283598883 0.8952118574626862
Training: 0.9399023320939806 0.8927171419537256 2.4479434490203857 	Train per: 0.5596633184523809
	Val per: {'acc': 0.4969021065675341, 'mcc': 0.000860966810554132} 	Val loss: 1.00541
	Test per: {'acc': 0.5105433901054339, 'mcc': 0.008946127280319092} 	Test loss: 0.9758122
epoch: 141 time: 40.4220 
----->>>>> Training: 0.9405904752867562 0.8933741857135107 2.4474643941909546 0.8953764845454504
Training: 0.9388245959130544 0.8916914179211571 2.4431488513946533 	Train per: 0.5607018849206349
	Val per: {'acc': 0.49739776951672865, 'mcc': 0.002789348603918179} 	Val loss: 1.0079662
	Test per: {'acc': 0.5136523384698567, 'mcc': 0.012589260968569549} 	Test loss: 0.97366357
epoch: 142 time: 39.3705 
----->>>>> Training: 0.9396790057893784 0.8925077981419034 2.4481291884467717 0.8944615617630973
Training: 0.9383680129808093 0.8912596901257833 2.446446180343628 	Train per: 0.5611204117063492
	Val per: {'acc': 0.4976456009913259, 'mcc': 0.0025433980053396793} 	Val loss: 1.0059563
	Test per: {'acc': 0.5113544201135442, 'mcc': 0.010337194895823897} 	Test loss: 0.9754497
epoch: 143 time: 38.6801 
----->>>>> Training: 0.9393462368420192 0.8921952039476425 2.441698407369947 0.894186672710237
Training: 0.9383932503442916 0.891282373950595 2.447272300720215 	Train per: 0.5606708829365079
	Val per: {'acc': 0.49752168525402723, 'mcc': 0.0030979556118282737} 	Val loss: 1.0088317
	Test per: {'acc': 0.5143281968099487, 'mcc': 0.013859388053014525} 	Test loss: 0.9734793
epoch: 144 time: 38.8387 
----->>>>> Training: 0.9399846820604234 0.8928060493771992 2.4417842002142045 0.8947368917011079
Training: 0.9412626406503102 0.8940309872702946 2.428260564804077 	Train per: 0.5586712549603174
	Val per: {'acc': 0.4988847583643123, 'mcc': 0.006059257671909219} 	Val loss: 1.0050844
	Test per: {'acc': 0.5143281968099487, 'mcc': 0.013410322006278744} 	Test loss: 0.9721497
epoch: 145 time: 37.1053 
----->>>>> Training: 0.9414539885899377 0.8942110566865831 2.434855862269326 0.8961616177407522
Training: 0.9384698811031523 0.8913619073610457 2.4422857761383057 	Train per: 0.5608878968253969
	Val per: {'acc': 0.49727385377943, 'mcc': 0.0022608417675632863} 	Val loss: 1.0058309
	Test per: {'acc': 0.5108137334414706, 'mcc': 0.00741662926807674} 	Test loss: 0.9731983
epoch: 146 time: 36.7321 
----->>>>> Training: 0.9395007036981129 0.8923484096451412 2.4341379082392134 0.8943630986743503
Training: 0.9379338357183669 0.8908566747392926 2.435692071914673 	Train per: 0.5612599206349206
	Val per: {'acc': 0.4982651796778191, 'mcc': 0.004678717525068452} 	Val loss: 1.0074447
	Test per: {'acc': 0.5145985401459854, 'mcc': 0.014600439963687796} 	Test loss: 0.972357
epoch: 147 time: 36.6571 
----->>>>> Training: 0.9400292445742895 0.8928541077507867 2.433356841405233 0.8948356707890829
Training: 0.9380723824576725 0.8909883612678164 2.4335572719573975 	Train per: 0.5607948908730159
	Val per: {'acc': 0.4962825278810409, 'mcc': 0.00026611436897190497} 	Val loss: 1.0077257
	Test per: {'acc': 0.5155447418221141, 'mcc': 0.016758049365673995} 	Test loss: 0.97203434
epoch: 148 time: 36.6688 
----->>>>> Training: 0.938863872535645 0.8917451264366271 2.434444344232953 0.8936860126162333
Training: 0.9373417373687501 0.8902989531320239 2.4299232959747314 	Train per: 0.5610584077380952
	Val per: {'acc': 0.4960346964064436, 'mcc': -0.0006185643933770556} 	Val loss: 1.0054927
	Test per: {'acc': 0.5100027034333604, 'mcc': 0.006357541102585435} 	Test loss: 0.97503877
epoch: 149 time: 36.7515 

Best Valid performance: {'acc': 0.5100371747211896, 'mcc': 0.03183219455792898}
	Best Test performance: {'acc': 0.5229791835631251, 'mcc': 0.028719635353932342}
