Metal device set to: Apple M1 Pro
Namespace(path='./data/kdd17/ourpped/', seq=5, unit=4, alpha_l2=0.001, beta_adv=0.05, epsilon_adv=0.001, step=1, batch_size=1024, epoch=150, learning_rate=0.001, gpu=0, model_path='./saved_model/acl18_alstm/exp', model_save_path='./tmp/model', action='train', model='pure_lstm', fix_init=1, att=0, week=0, adv=0, hinge_lose=1, reload=0, resnet=0)
50  tickers selected
2518 trading dates:
0 2014 2266
64644  training instances
8070  validation instances
7398  testing instances
Tensor("Shape:0", shape=(3,), dtype=int32)
is pred_lstm
device name: /cpu:0
Shape of self.combined_features: [None, 5, 4]
adversarial scope
adversial part
----->>>>> Training: 1.0041857352480292 1.0035382863134146 0.6474446039646864 0.0
Training: 1.0018229018896818 1.0011833440512419 0.6395291090011597 	Train per: 0.49481201171875
	Val per: {'acc': 0.47050805452292443, 'mcc': -0.05848420910885511} 	Val loss: 1.018133
	Test per: {'acc': 0.4941876182752095, 'mcc': -0.0226831222295304} 	Test loss: 0.9991884
epoch: 0 time: 5.1086 
----->>>>> Training: 1.0004124194383621 0.9997753510251641 0.6370702777057886 0.0
Training: 0.998740210197866 0.9981043478474021 0.6358901262283325 	Train per: 0.50335693359375
	Val per: {'acc': 0.4744733581164808, 'mcc': -0.04710216299573397} 	Val loss: 1.0160282
	Test per: {'acc': 0.5050013517166801, 'mcc': -0.012702289988465093} 	Test loss: 0.9939791
epoch: 1 time: 4.5402 
----->>>>> Training: 0.9969082763418555 0.9962670234963298 0.641254372894764 0.0
Training: 0.9945794614031911 0.9939308427274227 0.64864581823349 	Train per: 0.5157928466796875
	Val per: {'acc': 0.4905824039653036, 'mcc': -0.0029524136554846077} 	Val loss: 1.013291
	Test per: {'acc': 0.5229791835631251, 'mcc': -0.005069497255511139} 	Test loss: 0.9876156
epoch: 2 time: 4.4412 
----->>>>> Training: 0.9916898403316736 0.9910259982571006 0.6638371860608459 0.0
Training: 0.9866968831047416 0.9860094031319022 0.687465250492096 	Train per: 0.512359619140625
	Val per: {'acc': 0.48810408921933085, 'mcc': -0.02026520957609845} 	Val loss: 1.0038638
	Test per: {'acc': 0.5263584752635847, 'mcc': -0.0271345683547604} 	Test loss: 0.9755694
epoch: 3 time: 4.3412 
----->>>>> Training: 0.9810829116031528 0.9803586974740028 0.7242156183347106 0.0
Training: 0.977594031020999 0.9768383633345366 0.7556814551353455 	Train per: 0.5171356201171875
	Val per: {'acc': 0.4885997521685254, 'mcc': -0.009364754234770217} 	Val loss: 0.9927212
	Test per: {'acc': 0.5323060286563936, 'mcc': 0.030516081528495175} 	Test loss: 0.9609838
epoch: 4 time: 4.2807 
----->>>>> Training: 0.9764797184616327 0.9757133107632399 0.7664114320650697 0.0
Training: 0.9742808444425464 0.9735039575025439 0.7768744230270386 	Train per: 0.517486572265625
	Val per: {'acc': 0.4902106567534077, 'mcc': -0.00280507700049846} 	Val loss: 0.99561834
	Test per: {'acc': 0.5309543119762098, 'mcc': 0.026395306746227174} 	Test loss: 0.95673037
epoch: 5 time: 4.2830 
----->>>>> Training: 0.9732501935213804 0.9724518470466137 0.7983439592644572 0.0
Training: 0.9717867840081453 0.9709760416299105 0.8107267618179321 	Train per: 0.5182952880859375
	Val per: {'acc': 0.49206939281288725, 'mcc': 0.004177620575704782} 	Val loss: 0.99813026
	Test per: {'acc': 0.5310894836442281, 'mcc': 0.027448794647239864} 	Test loss: 0.95442677
epoch: 6 time: 4.4809 
----->>>>> Training: 0.9705880060791969 0.9697624687105417 0.8255373500287533 0.0
Training: 0.9692290956154466 0.9683875972405076 0.8415133357048035 	Train per: 0.518798828125
	Val per: {'acc': 0.49256505576208176, 'mcc': 0.00513561565691371} 	Val loss: 0.9993427
	Test per: {'acc': 0.5279805352798054, 'mcc': 0.018270115507336867} 	Test loss: 0.9532846
epoch: 7 time: 4.4461 
----->>>>> Training: 0.9688993953168392 0.9680300485342741 0.8693513749167323 0.0
Training: 0.967280013486743 0.9663942884653807 0.8857086300849915 	Train per: 0.5189056396484375
	Val per: {'acc': 0.4942998760842627, 'mcc': 0.01028500155500762} 	Val loss: 1.0006545
	Test per: {'acc': 0.5275750202757502, 'mcc': 0.018556618819398876} 	Test loss: 0.95242816
epoch: 8 time: 4.4636 
----->>>>> Training: 0.9678055169060826 0.9669109936803579 0.8945205314084888 0.0
Training: 0.9664497151970863 0.9655420556664467 0.9076537489891052 	Train per: 0.5194244384765625
	Val per: {'acc': 0.4976456009913259, 'mcc': 0.019228377244199242} 	Val loss: 0.999011
	Test per: {'acc': 0.5263584752635847, 'mcc': 0.01739636812054837} 	Test loss: 0.9535039
epoch: 9 time: 4.5525 
----->>>>> Training: 0.966236568056047 0.9653239184990525 0.9126510424539447 0.0
Training: 0.9651041319593787 0.964187229052186 0.9169235229492188 	Train per: 0.5205535888671875
	Val per: {'acc': 0.5002478314745973, 'mcc': 0.026317202545152883} 	Val loss: 0.9975412
	Test per: {'acc': 0.5221681535550149, 'mcc': 0.007043922498076413} 	Test loss: 0.954902
epoch: 10 time: 4.4288 
----->>>>> Training: 0.9651476284489036 0.9642230877652764 0.9245440792292356 0.0
Training: 0.9649455212056637 0.9640099015086889 0.9356432557106018 	Train per: 0.5206146240234375
	Val per: {'acc': 0.5034696406443618, 'mcc': 0.03129751746900035} 	Val loss: 0.99362665
	Test per: {'acc': 0.5212219518788862, 'mcc': 0.010162690050557534} 	Test loss: 0.9577045
epoch: 11 time: 4.4970 
----->>>>> Training: 0.9647267004474998 0.9637970495969057 0.9296529740095139 0.0
Training: 0.9637988638132811 0.9628610443323851 0.9378419518470764 	Train per: 0.521728515625
	Val per: {'acc': 0.5039653035935564, 'mcc': 0.033712236529021056} 	Val loss: 0.99416286
	Test per: {'acc': 0.5204109218707759, 'mcc': 0.006864470747270021} 	Test loss: 0.9571293
epoch: 12 time: 4.4833 
----->>>>> Training: 0.9627736303955317 0.9618304129689932 0.9432224724441767 0.0
Training: 0.9628069819882512 0.9618590883910656 0.9478955864906311 	Train per: 0.521759033203125
	Val per: {'acc': 0.5050805452292441, 'mcc': 0.03392482028563098} 	Val loss: 0.99207896
	Test per: {'acc': 0.5182481751824818, 'mcc': 0.004130593655047818} 	Test loss: 0.9591818
epoch: 13 time: 4.4801 
----->>>>> Training: 0.9622430726885796 0.9613004084676504 0.9426627354696393 0.0
Training: 0.9611197002232075 0.9601737139746547 0.9460055828094482 	Train per: 0.52386474609375
	Val per: {'acc': 0.5008674101610905, 'mcc': 0.026153397660328533} 	Val loss: 0.9967329
	Test per: {'acc': 0.5201405785347392, 'mcc': 0.0034393949472557033} 	Test loss: 0.95692796
epoch: 14 time: 4.3693 
----->>>>> Training: 0.9610980339348316 0.9601451018825173 0.9529331717640162 0.0
Training: 0.9603556906804442 0.95939885918051 0.9568206071853638 	Train per: 0.52490234375
	Val per: {'acc': 0.5039653035935564, 'mcc': 0.0321113650460983} 	Val loss: 0.99438703
	Test per: {'acc': 0.5189240335225737, 'mcc': 0.0035685145215744976} 	Test loss: 0.9581005
epoch: 15 time: 4.2781 
----->>>>> Training: 0.9598134802654386 0.9588548457249999 0.9586289320141077 0.0
Training: 0.9590617697685957 0.9580959361046553 0.9658520817756653 	Train per: 0.5261077880859375
	Val per: {'acc': 0.5032218091697646, 'mcc': 0.02954726532867137} 	Val loss: 0.9948314
	Test per: {'acc': 0.5187888618545553, 'mcc': 0.0033188247938879378} 	Test loss: 0.95834005
epoch: 16 time: 4.2632 
----->>>>> Training: 0.9588052751496434 0.9578397246077657 0.9655510559678078 0.0
Training: 0.9580117734149098 0.9570443285629153 0.9674656391143799 	Train per: 0.5266571044921875
	Val per: {'acc': 0.5019826517967781, 'mcc': 0.02632941843943369} 	Val loss: 0.99594605
	Test per: {'acc': 0.5185185185185185, 'mcc': 0.0013678402191028335} 	Test loss: 0.95799756
epoch: 17 time: 4.2712 
----->>>>> Training: 0.9585090512409806 0.9575340580195189 0.9749943753704429 0.0
Training: 0.9576470293104649 0.9566732691600919 0.9737575650215149 	Train per: 0.527008056640625
	Val per: {'acc': 0.5018587360594795, 'mcc': 0.02551336860065505} 	Val loss: 0.9961016
	Test per: {'acc': 0.517977831846445, 'mcc': 0.00040745639282341827} 	Test loss: 0.9583535
epoch: 18 time: 4.2541 
----->>>>> Training: 0.9577466575428843 0.9567706314846873 0.9760246258229017 0.0
Training: 0.9570338604971766 0.9560572979971766 0.9765756726264954 	Train per: 0.5272674560546875
	Val per: {'acc': 0.5030978934324659, 'mcc': 0.028942849517780207} 	Val loss: 0.99671996
	Test per: {'acc': 0.5168964585022979, 'mcc': -0.002985466087277181} 	Test loss: 0.9584403
epoch: 19 time: 4.2559 
----->>>>> Training: 0.9572624051943421 0.9562762789428234 0.9861263381317258 0.0
Training: 0.956633685156703 0.9556454392150044 0.988257884979248 	Train per: 0.526580810546875
	Val per: {'acc': 0.4997521685254027, 'mcc': 0.019639357993671475} 	Val loss: 0.99798274
	Test per: {'acc': 0.5177074885104083, 'mcc': -0.001663433019149714} 	Test loss: 0.9584604
epoch: 20 time: 4.4166 
----->>>>> Training: 0.9561951030045748 0.9552001236006618 0.9949795231223106 0.0
Training: 0.95553467143327 0.9545328356325626 1.0018362998962402 	Train per: 0.5269012451171875
	Val per: {'acc': 0.5034696406443618, 'mcc': 0.025629872167559974} 	Val loss: 0.9929214
	Test per: {'acc': 0.5194647201946472, 'mcc': 0.009003353926258062} 	Test loss: 0.9605629
epoch: 21 time: 4.4870 
----->>>>> Training: 0.9552929671481252 0.9542888412252069 1.0041248258203268 0.0
Training: 0.9544213581830263 0.9534130245447159 1.0083541870117188 	Train per: 0.5275421142578125
	Val per: {'acc': 0.504089219330855, 'mcc': 0.02772979129979123} 	Val loss: 0.9947224
	Test per: {'acc': 0.5182481751824818, 'mcc': 0.004489004923720407} 	Test loss: 0.960082
epoch: 22 time: 4.6368 
----->>>>> Training: 0.954011594876647 0.9530016835778952 1.0099124927073717 0.0
Training: 0.9532099701464176 0.9521959153935313 1.0140656232833862 	Train per: 0.5275726318359375
	Val per: {'acc': 0.5035935563816605, 'mcc': 0.024541888271972432} 	Val loss: 0.9923737
	Test per: {'acc': 0.5170316301703163, 'mcc': 0.004394244067124142} 	Test loss: 0.9610261
epoch: 23 time: 4.2920 
----->>>>> Training: 0.953930776566267 0.9529066849499941 1.0240942779928446 0.0
Training: 0.9535080110654235 0.9524842416867614 1.0237911939620972 	Train per: 0.527099609375
	Val per: {'acc': 0.5045848822800496, 'mcc': 0.02622515411663964} 	Val loss: 0.9915542
	Test per: {'acc': 0.5181130035144633, 'mcc': 0.008019516355730573} 	Test loss: 0.9617407
epoch: 24 time: 4.2803 
----->>>>> Training: 0.9533995231613517 0.9523681858554482 1.0313371550291777 0.0
Training: 0.9524889197200537 0.9514497723430395 1.0391181707382202 	Train per: 0.5278472900390625
	Val per: {'acc': 0.5035935563816605, 'mcc': 0.02404084126213283} 	Val loss: 0.99355555
	Test per: {'acc': 0.5151392268180589, 'mcc': 0.00013558477560642501} 	Test loss: 0.9609119
epoch: 25 time: 4.2843 
----->>>>> Training: 0.9525342965498567 0.9514997582882643 1.0345369148999453 0.0
Training: 0.9518185313791037 0.9507824834436178 1.036049246788025 	Train per: 0.5279693603515625
	Val per: {'acc': 0.5018587360594795, 'mcc': 0.020683232920220153} 	Val loss: 0.9954658
	Test per: {'acc': 0.5173019735063531, 'mcc': 0.003241920065279215} 	Test loss: 0.9602811
epoch: 26 time: 4.2891 
----->>>>> Training: 0.9523457810282707 0.9512982368469238 1.047542741522193 0.0
Training: 0.9516770057380199 0.9506338620558381 1.043163776397705 	Train per: 0.5280609130859375
	Val per: {'acc': 0.5, 'mcc': 0.0157179101548789} 	Val loss: 0.9962836
	Test per: {'acc': 0.5185185185185185, 'mcc': 0.0063721796862909585} 	Test loss: 0.96033543
epoch: 27 time: 4.2805 
----->>>>> Training: 0.9509694864973426 0.9499202333390713 1.0492569208145142 0.0
Training: 0.9503422174602747 0.9492829237133265 1.0592862367630005 	Train per: 0.5287017822265625
	Val per: {'acc': 0.5026022304832714, 'mcc': 0.02017656530209855} 	Val loss: 0.99171346
	Test per: {'acc': 0.5183833468505001, 'mcc': 0.010392497235836488} 	Test loss: 0.9621775
epoch: 28 time: 4.2929 
----->>>>> Training: 0.9508841820061207 0.9498213827610016 1.0627985317260027 0.0
Training: 0.9498725114390254 0.9488071380183101 1.0653964281082153 	Train per: 0.528961181640625
	Val per: {'acc': 0.5033457249070632, 'mcc': 0.021281867403384516} 	Val loss: 0.9909025
	Test per: {'acc': 0.5185185185185185, 'mcc': 0.011598144808958157} 	Test loss: 0.962243
epoch: 29 time: 4.2878 
----->>>>> Training: 0.9505704771727324 0.9495004303753376 1.0700454581528902 0.0
Training: 0.9496624302119017 0.9485929440706968 1.0694879293441772 	Train per: 0.5281524658203125
	Val per: {'acc': 0.5021065675340768, 'mcc': 0.01843443504283683} 	Val loss: 0.9915
	Test per: {'acc': 0.5191943768586105, 'mcc': 0.012963012175929142} 	Test loss: 0.96232736
epoch: 30 time: 4.2785 
----->>>>> Training: 0.9496462028473616 0.9485639240592718 1.0822834242135286 0.0
Training: 0.9488289840519428 0.9477423317730427 1.0866719484329224 	Train per: 0.5290374755859375
	Val per: {'acc': 0.5016109045848823, 'mcc': 0.017616878248757184} 	Val loss: 0.9930318
	Test per: {'acc': 0.518653690186537, 'mcc': 0.010822366811837283} 	Test loss: 0.9622565
epoch: 31 time: 4.5645 
----->>>>> Training: 0.948705792427063 0.9476179722696543 1.0878152325749397 0.0
Training: 0.9477455262094736 0.9466528538614511 1.0926854610443115 	Train per: 0.5294189453125
	Val per: {'acc': 0.5018587360594795, 'mcc': 0.018094396298224506} 	Val loss: 0.99326265
	Test per: {'acc': 0.5187888618545553, 'mcc': 0.011306006503321328} 	Test loss: 0.9625836
epoch: 32 time: 4.8932 
----->>>>> Training: 0.947028448805213 0.94593071565032 1.0977338664233685 0.0
Training: 0.9462482435628772 0.945153247565031 1.0949771404266357 	Train per: 0.5303955078125
	Val per: {'acc': 0.5023543990086741, 'mcc': 0.018927015195406387} 	Val loss: 0.9932235
	Test per: {'acc': 0.5187888618545553, 'mcc': 0.011651071095182593} 	Test loss: 0.962762
epoch: 33 time: 4.4323 
----->>>>> Training: 0.9475931311026216 0.9464937625452876 1.099368518218398 0.0
Training: 0.9464362962171435 0.9453361136838794 1.1001794338226318 	Train per: 0.529876708984375
	Val per: {'acc': 0.5030978934324659, 'mcc': 0.01979621777442064} 	Val loss: 0.99202776
	Test per: {'acc': 0.5185185185185185, 'mcc': 0.012896866768500815} 	Test loss: 0.96342695
epoch: 34 time: 4.4182 
----->>>>> Training: 0.9464299911633134 0.945322060957551 1.1079308483749628 0.0
Training: 0.9455945054069161 0.9444795409217477 1.1149508953094482 	Train per: 0.529541015625
	Val per: {'acc': 0.5012391573729864, 'mcc': 0.015780093928308318} 	Val loss: 0.99309194
	Test per: {'acc': 0.5159502568261692, 'mcc': 0.0064439564527709195} 	Test loss: 0.964468
epoch: 35 time: 4.4119 
----->>>>> Training: 0.9458441846072674 0.9447370236739516 1.1071625407785177 0.0
Training: 0.944878957234323 0.9437831854447722 1.0957928895950317 	Train per: 0.53070068359375
	Val per: {'acc': 0.5017348203221809, 'mcc': 0.01581954803047267} 	Val loss: 0.9910519
	Test per: {'acc': 0.5167612868342796, 'mcc': 0.01048774788628621} 	Test loss: 0.9649087
epoch: 36 time: 5.1755 
----->>>>> Training: 0.9451880138367414 0.9440788803622127 1.1091328505426645 0.0
Training: 0.9447421031072736 0.9436339931562543 1.1080925464630127 	Train per: 0.530242919921875
	Val per: {'acc': 0.5028500619578686, 'mcc': 0.017833301130512715} 	Val loss: 0.98919535
	Test per: {'acc': 0.519059205190592, 'mcc': 0.0169955378533987} 	Test loss: 0.9664769
epoch: 37 time: 4.9608 
----->>>>> Training: 0.9445528518408537 0.9434510441496968 1.1018084846436977 0.0
Training: 0.9436361817643046 0.9425326017662883 1.1035832166671753 	Train per: 0.530517578125
	Val per: {'acc': 0.5019826517967781, 'mcc': 0.016493117077028413} 	Val loss: 0.9923062
	Test per: {'acc': 0.5185185185185185, 'mcc': 0.014082750384539053} 	Test loss: 0.9654309
epoch: 38 time: 4.8696 
----->>>>> Training: 0.9444257002323866 0.9433112479746342 1.1144490949809551 0.0
Training: 0.9436813592910767 0.9425754547119141 1.1059002876281738 	Train per: 0.530731201171875
	Val per: {'acc': 0.5026022304832714, 'mcc': 0.017806350220850527} 	Val loss: 0.9930115
	Test per: {'acc': 0.517977831846445, 'mcc': 0.013159572051231042} 	Test loss: 0.9661094
epoch: 39 time: 4.8003 
----->>>>> Training: 0.9438609015196562 0.9427544986829162 1.1064037829637527 0.0
Training: 0.9433812191709876 0.9422709038481116 1.1102981567382812 	Train per: 0.5313262939453125
	Val per: {'acc': 0.501363073110285, 'mcc': 0.01583142654326484} 	Val loss: 0.9967512
	Test per: {'acc': 0.5174371451743714, 'mcc': 0.009970777004402095} 	Test loss: 0.96556854
epoch: 40 time: 4.7202 
----->>>>> Training: 0.9431545250117779 0.9420425295829773 1.1119953952729702 0.0
Training: 0.9420116394758224 0.9409016221761703 1.1100012063980103 	Train per: 0.5321197509765625
	Val per: {'acc': 0.5017348203221809, 'mcc': 0.015802564330331153} 	Val loss: 0.9943791
	Test per: {'acc': 0.5170316301703163, 'mcc': 0.011053867747480075} 	Test loss: 0.96645755
epoch: 41 time: 4.7217 
----->>>>> Training: 0.9427009662613273 0.9415970370173454 1.1039294116199017 0.0
Training: 0.9418566366657615 0.9407571097835898 1.0995224714279175 	Train per: 0.532196044921875
	Val per: {'acc': 0.50272614622057, 'mcc': 0.017818990055243074} 	Val loss: 0.99393517
	Test per: {'acc': 0.5159502568261692, 'mcc': 0.009138214940564882} 	Test loss: 0.9663808
epoch: 42 time: 4.7809 
----->>>>> Training: 0.9419215843081474 0.9408195223659277 1.1020604092627764 0.0
Training: 0.9410238731652498 0.9399216044694185 1.1022906303405762 	Train per: 0.53363037109375
	Val per: {'acc': 0.5035935563816605, 'mcc': 0.019885880293458575} 	Val loss: 0.9956973
	Test per: {'acc': 0.5163557718302244, 'mcc': 0.009513515072017902} 	Test loss: 0.9666778
epoch: 43 time: 4.8859 
----->>>>> Training: 0.9410885218530893 0.9399930536746979 1.0954704526811838 0.0
Training: 0.9405697425827384 0.9394730171188712 1.0967239141464233 	Train per: 0.5335845947265625
	Val per: {'acc': 0.5033457249070632, 'mcc': 0.018088969223501214} 	Val loss: 0.99175453
	Test per: {'acc': 0.5167612868342796, 'mcc': 0.013276025497188355} 	Test loss: 0.9675319
epoch: 44 time: 4.9909 
----->>>>> Training: 0.9403710039332509 0.9392841188237071 1.0868851132690907 0.0
Training: 0.9394394103437662 0.9383606854826212 1.0787521600723267 	Train per: 0.535400390625
	Val per: {'acc': 0.504089219330855, 'mcc': 0.020051562929898195} 	Val loss: 0.9927719
	Test per: {'acc': 0.5151392268180589, 'mcc': 0.008871789936729992} 	Test loss: 0.96784306
epoch: 45 time: 4.8805 
----->>>>> Training: 0.9397700130939484 0.938687757588923 1.0822540167719126 0.0
Training: 0.9388512521982193 0.9377750307321548 1.0762451887130737 	Train per: 0.5354156494140625
	Val per: {'acc': 0.5042131350681537, 'mcc': 0.020061241180764182} 	Val loss: 0.99317163
	Test per: {'acc': 0.5163557718302244, 'mcc': 0.012050803881091096} 	Test loss: 0.9678484
epoch: 46 time: 4.5101 
----->>>>> Training: 0.9394686203449965 0.9383884621784091 1.0801569391041994 0.0
Training: 0.938831995241344 0.9377563698217273 1.0756174325942993 	Train per: 0.535858154296875
	Val per: {'acc': 0.504089219330855, 'mcc': 0.01893658585090086} 	Val loss: 0.99156284
	Test per: {'acc': 0.5168964585022979, 'mcc': 0.015286034780400299} 	Test loss: 0.96886957
epoch: 47 time: 4.7243 
----->>>>> Training: 0.9388955710455775 0.9378249337896705 1.0706373751163483 0.0
Training: 0.9384376984089613 0.9373607020825148 1.0770184993743896 	Train per: 0.5367431640625
	Val per: {'acc': 0.5057001239157373, 'mcc': 0.024143773141024567} 	Val loss: 0.9973818
	Test per: {'acc': 0.5158150851581509, 'mcc': 0.009547308607163527} 	Test loss: 0.96796536
epoch: 48 time: 5.1521 
----->>>>> Training: 0.9375903699547052 0.9365203892812133 1.0699801538139582 0.0
Training: 0.9368529859930277 0.9357809964567423 1.0720010995864868 	Train per: 0.536590576171875
	Val per: {'acc': 0.5039653035935564, 'mcc': 0.020454988659648874} 	Val loss: 0.99759865
	Test per: {'acc': 0.5162206001622061, 'mcc': 0.010263433657678463} 	Test loss: 0.9672595
epoch: 49 time: 4.9493 
----->>>>> Training: 0.9383111391216516 0.9372458904981613 1.0652500595897436 0.0
Training: 0.9370796903967857 0.9360180720686913 1.0616320371627808 	Train per: 0.53778076171875
	Val per: {'acc': 0.5055762081784386, 'mcc': 0.023093985793987328} 	Val loss: 0.9948295
	Test per: {'acc': 0.5155447418221141, 'mcc': 0.010295731098513922} 	Test loss: 0.9680402
epoch: 50 time: 4.4391 
----->>>>> Training: 0.93747119884938 0.9364123726263642 1.0588256157934666 0.0
Training: 0.9365634610876441 0.9355064323171973 1.0570096969604492 	Train per: 0.537872314453125
	Val per: {'acc': 0.507187112763321, 'mcc': 0.026135087080064724} 	Val loss: 0.99451905
	Test per: {'acc': 0.5152743984860774, 'mcc': 0.010760481052567186} 	Test loss: 0.96856636
epoch: 51 time: 4.7923 
----->>>>> Training: 0.9370824918150902 0.9360294472426176 1.0530436374247074 0.0
Training: 0.9364873329177499 0.9354381719604135 1.049149751663208 	Train per: 0.538360595703125
	Val per: {'acc': 0.5075588599752169, 'mcc': 0.0271789182077167} 	Val loss: 0.9966798
	Test per: {'acc': 0.5159502568261692, 'mcc': 0.01177012377920509} 	Test loss: 0.96879315
epoch: 52 time: 4.6704 
----->>>>> Training: 0.9365021390840411 0.9354526195675135 1.0495209656655788 0.0
Training: 0.9363126773387194 0.9352665562182665 1.0461055040359497 	Train per: 0.5382080078125
	Val per: {'acc': 0.5049566294919455, 'mcc': 0.020548237268478597} 	Val loss: 0.99167913
	Test per: {'acc': 0.5167612868342796, 'mcc': 0.01584275515900103} 	Test loss: 0.96871126
epoch: 53 time: 4.8822 
----->>>>> Training: 0.9356879005208611 0.9346515070647001 1.0363939926028252 0.0
Training: 0.9343926468864083 0.9333532014861703 1.0394655466079712 	Train per: 0.540191650390625
	Val per: {'acc': 0.5086741016109045, 'mcc': 0.02829943174091633} 	Val loss: 0.992085
	Test per: {'acc': 0.514463368477967, 'mcc': 0.011324668666939038} 	Test loss: 0.96975857
epoch: 54 time: 5.2981 
----->>>>> Training: 0.9348412826657295 0.9338011862710118 1.040096864104271 0.0
Training: 0.9340542396530509 0.9330127676948905 1.0414495468139648 	Train per: 0.5407257080078125
	Val per: {'acc': 0.5073110285006196, 'mcc': 0.025567960662155744} 	Val loss: 0.99330556
	Test per: {'acc': 0.5148688834820222, 'mcc': 0.011529637509763616} 	Test loss: 0.9691567
epoch: 55 time: 4.8991 
----->>>>> Training: 0.9346821792423725 0.9336473299190402 1.0348486825823784 0.0
Training: 0.9336997689679265 0.9326727213338017 1.0270764827728271 	Train per: 0.5406646728515625
	Val per: {'acc': 0.5079306071871128, 'mcc': 0.026741825736973215} 	Val loss: 0.993224
	Test per: {'acc': 0.5151392268180589, 'mcc': 0.01276843770320606} 	Test loss: 0.9694709
epoch: 56 time: 4.3994 
----->>>>> Training: 0.9343210775405169 0.9332880014553666 1.0330765377730131 0.0
Training: 0.9335988154634833 0.9325590720400214 1.0397417545318604 	Train per: 0.54071044921875
	Val per: {'acc': 0.5087980173482032, 'mcc': 0.028763337040618266} 	Val loss: 0.99327284
	Test per: {'acc': 0.5167612868342796, 'mcc': 0.016078994830347356} 	Test loss: 0.9698039
epoch: 57 time: 4.8289 
----->>>>> Training: 0.9333834908902645 0.9323560632765293 1.027426378801465 0.0
Training: 0.9325289037078619 0.9314913656562567 1.0375540256500244 	Train per: 0.5414581298828125
	Val per: {'acc': 0.5081784386617101, 'mcc': 0.027339291110799826} 	Val loss: 0.9946183
	Test per: {'acc': 0.513787510137875, 'mcc': 0.009419170328803947} 	Test loss: 0.9696657
epoch: 58 time: 4.3360 
----->>>>> Training: 0.9334528390318155 0.9324255054816604 1.027332192286849 0.0
Training: 0.9325574450194836 0.9315346889197826 1.022735357284546 	Train per: 0.540618896484375
	Val per: {'acc': 0.509541511771995, 'mcc': 0.03056664140510008} 	Val loss: 0.99585104
	Test per: {'acc': 0.5140578534739119, 'mcc': 0.009468977652240782} 	Test loss: 0.9696294
epoch: 59 time: 4.4970 
----->>>>> Training: 0.9325338369235396 0.9315106067806482 1.0232301522046328 0.0
Training: 0.9319320255890489 0.9309070641174912 1.0249749422073364 	Train per: 0.5419158935546875
	Val per: {'acc': 0.5086741016109045, 'mcc': 0.029060324849483087} 	Val loss: 0.998043
	Test per: {'acc': 0.5143281968099487, 'mcc': 0.009055513643526643} 	Test loss: 0.9694622
epoch: 60 time: 4.3240 
----->>>>> Training: 0.9323706477880478 0.9313484467566013 1.0221995618194342 0.0
Training: 0.9318479811772704 0.9308254038915038 1.022602915763855 	Train per: 0.5417633056640625
	Val per: {'acc': 0.5080545229244114, 'mcc': 0.027184492237455424} 	Val loss: 0.99768156
	Test per: {'acc': 0.5129764801297648, 'mcc': 0.006980038696815009} 	Test loss: 0.9701236
epoch: 61 time: 4.5819 
----->>>>> Training: 0.9319548001512885 0.9309324445202947 1.0223579946905375 0.0
Training: 0.931175185367465 0.930149806663394 1.025389313697815 	Train per: 0.5417022705078125
	Val per: {'acc': 0.5074349442379182, 'mcc': 0.02554976519993834} 	Val loss: 0.99419194
	Test per: {'acc': 0.5152743984860774, 'mcc': 0.01315941844074551} 	Test loss: 0.96996164
epoch: 62 time: 4.6754 
----->>>>> Training: 0.930709776468575 0.9296844974160194 1.0252778995782137 0.0
Training: 0.9301138129085302 0.9290909375995398 1.0228636264801025 	Train per: 0.5418243408203125
	Val per: {'acc': 0.5070631970260223, 'mcc': 0.024744388774921678} 	Val loss: 0.9934294
	Test per: {'acc': 0.5150040551500406, 'mcc': 0.012407207594309204} 	Test loss: 0.96917325
epoch: 63 time: 4.3615 
----->>>>> Training: 0.9312821310013533 0.9302607057616115 1.0214258320629597 0.0
Training: 0.9305044319480658 0.9294904377311468 1.0139926671981812 	Train per: 0.542083740234375
	Val per: {'acc': 0.5066914498141264, 'mcc': 0.023137024709950438} 	Val loss: 0.9923355
	Test per: {'acc': 0.5167612868342796, 'mcc': 0.017694320617852848} 	Test loss: 0.97065014
epoch: 64 time: 4.3270 
----->>>>> Training: 0.9305326519533992 0.9295142628252506 1.0183897204697132 0.0
Training: 0.9296611798927188 0.9286446822807193 1.0164823532104492 	Train per: 0.5431976318359375
	Val per: {'acc': 0.5043370508054523, 'mcc': 0.01872678094431537} 	Val loss: 0.99645096
	Test per: {'acc': 0.5118951067856178, 'mcc': 0.005375060612012078} 	Test loss: 0.9699423
epoch: 65 time: 4.3441 
----->>>>> Training: 0.9300095057114959 0.9289951678365469 1.014340579509735 0.0
Training: 0.9292682455852628 0.9282535361126065 1.0147323608398438 	Train per: 0.542449951171875
	Val per: {'acc': 0.50545229244114, 'mcc': 0.020531908616142323} 	Val loss: 0.99239284
	Test per: {'acc': 0.5156799134901324, 'mcc': 0.015014338329689713} 	Test loss: 0.97035146
epoch: 66 time: 4.3458 
----->>>>> Training: 0.9295280985534191 0.9285120656713843 1.0160305220633745 0.0
Training: 0.928634999319911 0.927619157359004 1.0158345699310303 	Train per: 0.5430450439453125
	Val per: {'acc': 0.5055762081784386, 'mcc': 0.020556432408451883} 	Val loss: 0.99339885
	Test per: {'acc': 0.5162206001622061, 'mcc': 0.016591473578787874} 	Test loss: 0.97032624
epoch: 67 time: 4.3434 
----->>>>> Training: 0.9286739556118846 0.9276622822508216 1.0116740129888058 0.0
Training: 0.9277414074167609 0.926731645129621 1.009772539138794 	Train per: 0.5440826416015625
	Val per: {'acc': 0.5045848822800496, 'mcc': 0.0188910196465996} 	Val loss: 0.99618745
	Test per: {'acc': 0.5121654501216545, 'mcc': 0.006764544647458506} 	Test loss: 0.9702247
epoch: 68 time: 4.3364 
----->>>>> Training: 0.9282228937372565 0.9272148357704282 1.0080574750900269 0.0
Training: 0.9282024307176471 0.9271945161744952 1.0079296827316284 	Train per: 0.54296875
	Val per: {'acc': 0.5049566294919455, 'mcc': 0.019550732373788723} 	Val loss: 0.99137473
	Test per: {'acc': 0.5170316301703163, 'mcc': 0.01802714598068514} 	Test loss: 0.9699437
epoch: 69 time: 4.3344 
----->>>>> Training: 0.9276716690510511 0.9266636585816741 1.0080084726214409 0.0
Training: 0.9269063472747803 0.9259014734998345 1.004873275756836 	Train per: 0.54388427734375
	Val per: {'acc': 0.5039653035935564, 'mcc': 0.017781162900835354} 	Val loss: 0.9954922
	Test per: {'acc': 0.512706136793728, 'mcc': 0.007438671308101047} 	Test loss: 0.9695954
epoch: 70 time: 4.3457 
----->>>>> Training: 0.9277124190703034 0.92671028804034 1.0021326011046767 0.0
Training: 0.9272760096937418 0.9262740556150675 1.001962661743164 	Train per: 0.5438232421875
	Val per: {'acc': 0.504089219330855, 'mcc': 0.017920131828395046} 	Val loss: 0.998808
	Test per: {'acc': 0.5136523384698567, 'mcc': 0.009487160992717394} 	Test loss: 0.9706264
epoch: 71 time: 4.3566 
----->>>>> Training: 0.9267857261002064 0.9257820742204785 1.0036495877429843 0.0
Training: 0.9261879930272698 0.9251930136233568 0.9949665069580078 	Train per: 0.544525146484375
	Val per: {'acc': 0.5039653035935564, 'mcc': 0.017874302969235093} 	Val loss: 0.9949444
	Test per: {'acc': 0.5136523384698567, 'mcc': 0.009610233008530252} 	Test loss: 0.9701514
epoch: 72 time: 4.3232 
----->>>>> Training: 0.9273485243320465 0.9263544259592891 0.9940950209274888 0.0
Training: 0.9267695751041174 0.9257683958858252 1.0011754035949707 	Train per: 0.544342041015625
	Val per: {'acc': 0.5030978934324659, 'mcc': 0.0162743429283321} 	Val loss: 0.99892664
	Test per: {'acc': 0.5123006217896728, 'mcc': 0.005587833017430058} 	Test loss: 0.9698029
epoch: 73 time: 4.3247 
----->>>>> Training: 0.926477774977684 0.9254799578338861 0.9978154841810465 0.0
Training: 0.9256259296089411 0.9246289227157831 0.9970306754112244 	Train per: 0.5446014404296875
	Val per: {'acc': 0.5043370508054523, 'mcc': 0.01835172873987924} 	Val loss: 0.9944729
	Test per: {'acc': 0.5145985401459854, 'mcc': 0.01229183564840441} 	Test loss: 0.97023654
epoch: 74 time: 4.3198 
----->>>>> Training: 0.9265491012483835 0.9255586182698607 0.9904884025454521 0.0
Training: 0.9260165337473154 0.9250216726213694 0.9948874711990356 	Train per: 0.544036865234375
	Val per: {'acc': 0.5047087980173482, 'mcc': 0.01934155667229011} 	Val loss: 0.9976271
	Test per: {'acc': 0.514463368477967, 'mcc': 0.011111528950039433} 	Test loss: 0.97026265
epoch: 75 time: 4.3098 
----->>>>> Training: 0.9265594510361552 0.9255704935640097 0.9889606116339564 0.0
Training: 0.9261992694810033 0.9252151967957616 0.9840695261955261 	Train per: 0.5435028076171875
	Val per: {'acc': 0.5052044609665427, 'mcc': 0.020010205715289456} 	Val loss: 0.99230546
	Test per: {'acc': 0.5156799134901324, 'mcc': 0.014746751790013569} 	Test loss: 0.96982664
epoch: 76 time: 4.3255 
----->>>>> Training: 0.9264869671314955 0.925503739155829 0.9832261074334383 0.0
Training: 0.9257022002711892 0.9247172335162759 0.9849416613578796 	Train per: 0.5440216064453125
	Val per: {'acc': 0.5035935563816605, 'mcc': 0.016613545306167574} 	Val loss: 0.9937852
	Test per: {'acc': 0.514463368477967, 'mcc': 0.011961903820863241} 	Test loss: 0.9699523
epoch: 77 time: 4.3021 
----->>>>> Training: 0.926287624053657 0.9253063723444939 0.9812487084418535 0.0
Training: 0.9255862087011337 0.9246072620153427 0.9789534211158752 	Train per: 0.5438690185546875
	Val per: {'acc': 0.5039653035935564, 'mcc': 0.017038206954018385} 	Val loss: 0.99276066
	Test per: {'acc': 0.5155447418221141, 'mcc': 0.015161516934987285} 	Test loss: 0.97119975
epoch: 78 time: 4.3221 
----->>>>> Training: 0.9250008463859558 0.9240221194922924 0.9787251939997077 0.0
Training: 0.92423324752599 0.9232593672350049 0.9738749265670776 	Train per: 0.544647216796875
	Val per: {'acc': 0.5034696406443618, 'mcc': 0.01659239975313488} 	Val loss: 0.99588704
	Test per: {'acc': 0.5150040551500406, 'mcc': 0.012407207594309204} 	Test loss: 0.9696515
epoch: 79 time: 4.3247 
----->>>>> Training: 0.9251471552997828 0.9241705164313316 0.9766350835561752 0.0
Training: 0.9244227930903435 0.9234518334269524 0.9709336757659912 	Train per: 0.54443359375
	Val per: {'acc': 0.5030978934324659, 'mcc': 0.01578933733152857} 	Val loss: 0.99472374
	Test per: {'acc': 0.513787510137875, 'mcc': 0.010554103498694529} 	Test loss: 0.96993774
epoch: 80 time: 4.3278 
----->>>>> Training: 0.9254029858857393 0.9244293598458171 0.9736280711367726 0.0
Training: 0.9249533638358116 0.923985444009304 0.9679425954818726 	Train per: 0.543609619140625
	Val per: {'acc': 0.50272614622057, 'mcc': 0.014490819289883052} 	Val loss: 0.9924839
	Test per: {'acc': 0.5154095701540957, 'mcc': 0.014595781750571761} 	Test loss: 0.9704425
epoch: 81 time: 4.3281 
----->>>>> Training: 0.9252874730154872 0.9243175266310573 0.9699436649680138 0.0
Training: 0.9246139321476221 0.9236439857631922 0.969947099685669 	Train per: 0.54376220703125
	Val per: {'acc': 0.5035935563816605, 'mcc': 0.01596576387397116} 	Val loss: 0.9927233
	Test per: {'acc': 0.5147337118140037, 'mcc': 0.013762713494589577} 	Test loss: 0.97127444
epoch: 82 time: 4.4248 
----->>>>> Training: 0.9245520336553454 0.9235857697203755 0.9662612862884998 0.0
Training: 0.9237843137234449 0.9228202076628804 0.9641242623329163 	Train per: 0.544097900390625
	Val per: {'acc': 0.5038413878562578, 'mcc': 0.016718869848830666} 	Val loss: 0.99530786
	Test per: {'acc': 0.5136523384698567, 'mcc': 0.010803541483887636} 	Test loss: 0.9706748
epoch: 83 time: 4.5972 
----->>>>> Training: 0.9247912969440222 0.9238257240504026 0.9655713848769665 0.0
Training: 0.924138069152832 0.9231759905815125 0.9620848894119263 	Train per: 0.543487548828125
	Val per: {'acc': 0.5042131350681537, 'mcc': 0.017723786504348384} 	Val loss: 0.99698573
	Test per: {'acc': 0.5148688834820222, 'mcc': 0.012800685701853947} 	Test loss: 0.97020173
epoch: 84 time: 5.0076 
----->>>>> Training: 0.9239406883716583 0.9229801744222641 0.9605168243870139 0.0
Training: 0.923103497363627 0.9221454123035073 0.9580827355384827 	Train per: 0.5446624755859375
	Val per: {'acc': 0.50272614622057, 'mcc': 0.014361934198242853} 	Val loss: 0.99289894
	Test per: {'acc': 0.5151392268180589, 'mcc': 0.01429745919882296} 	Test loss: 0.9706805
epoch: 85 time: 4.7292 
----->>>>> Training: 0.9236070159822702 0.9226486682891846 0.9583507534116507 0.0
Training: 0.9229015903547406 0.9219431476667523 0.958441972732544 	Train per: 0.543670654296875
	Val per: {'acc': 0.5030978934324659, 'mcc': 0.015404732145947517} 	Val loss: 0.9940954
	Test per: {'acc': 0.5147337118140037, 'mcc': 0.012802352622152032} 	Test loss: 0.97060597
epoch: 86 time: 4.6297 
----->>>>> Training: 0.9235475016757846 0.922588923946023 0.9585748063400388 0.0
Training: 0.9228321528062224 0.9218840813264251 0.948077380657196 	Train per: 0.5441741943359375
	Val per: {'acc': 0.5028500619578686, 'mcc': 0.01495482708788033} 	Val loss: 0.99372196
	Test per: {'acc': 0.5148688834820222, 'mcc': 0.013071470788922242} 	Test loss: 0.9705485
epoch: 87 time: 4.3844 
----->>>>> Training: 0.9233987620100379 0.922445684671402 0.9530769446864724 0.0
Training: 0.9227593392133713 0.9218078702688217 0.9514421224594116 	Train per: 0.5437469482421875
	Val per: {'acc': 0.5032218091697646, 'mcc': 0.01566599009850331} 	Val loss: 0.9950339
	Test per: {'acc': 0.5136523384698567, 'mcc': 0.010437594204797004} 	Test loss: 0.9703611
epoch: 88 time: 4.3797 
----->>>>> Training: 0.9231291431933641 0.9221800034865737 0.9491419140249491 0.0
Training: 0.9225002666935325 0.921550109051168 0.9501631855964661 	Train per: 0.5440673828125
	Val per: {'acc': 0.5032218091697646, 'mcc': 0.015417945201533875} 	Val loss: 0.99397045
	Test per: {'acc': 0.5154095701540957, 'mcc': 0.014625560553926713} 	Test loss: 0.9706398
epoch: 89 time: 4.5723 
----->>>>> Training: 0.9227476445958018 0.9217994706705213 0.9481736505404115 0.0
Training: 0.9221441280096769 0.9211961161345243 0.9479969143867493 	Train per: 0.54486083984375
	Val per: {'acc': 0.5037174721189591, 'mcc': 0.01731685104714616} 	Val loss: 0.99703306
	Test per: {'acc': 0.5151392268180589, 'mcc': 0.012345730930115434} 	Test loss: 0.96969086
epoch: 90 time: 4.3486 
----->>>>> Training: 0.9218454929068685 0.9208999620750546 0.9455300709232688 0.0
Training: 0.9210827490314841 0.9201395055279136 0.9432458281517029 	Train per: 0.5447845458984375
	Val per: {'acc': 0.5019826517967781, 'mcc': 0.013235606671126623} 	Val loss: 0.99487567
	Test per: {'acc': 0.514463368477967, 'mcc': 0.01144629502227864} 	Test loss: 0.96987396
epoch: 91 time: 4.3728 
----->>>>> Training: 0.9219174608588219 0.9209734676405787 0.9439932275563478 0.0
Training: 0.9213489219546318 0.9204106852412224 0.9382521510124207 	Train per: 0.5446319580078125
	Val per: {'acc': 0.5047087980173482, 'mcc': 0.019436675804156603} 	Val loss: 0.99645543
	Test per: {'acc': 0.5151392268180589, 'mcc': 0.012587449953712873} 	Test loss: 0.96991533
epoch: 92 time: 4.4284 
----->>>>> Training: 0.9221367472782731 0.9211969990283251 0.9397474145516753 0.0
Training: 0.9212765591219068 0.9203338520601392 0.9426833391189575 	Train per: 0.545196533203125
	Val per: {'acc': 0.5032218091697646, 'mcc': 0.015578059296414041} 	Val loss: 0.99484724
	Test per: {'acc': 0.5155447418221141, 'mcc': 0.014596606191896799} 	Test loss: 0.9705173
epoch: 93 time: 4.8049 
----->>>>> Training: 0.9220163552090526 0.9210758982226253 0.9404577659443021 0.0
Training: 0.9214645475149155 0.9205288141965866 0.9357573986053467 	Train per: 0.5443115234375
	Val per: {'acc': 0.5021065675340768, 'mcc': 0.013044778461438658} 	Val loss: 0.9928751
	Test per: {'acc': 0.5170316301703163, 'mcc': 0.018114668736855393} 	Test loss: 0.9704677
epoch: 94 time: 4.3414 
----->>>>> Training: 0.9218316618353128 0.9208920951932669 0.9395671933889389 0.0
Training: 0.9219789570197463 0.9210441773757339 0.9347973465919495 	Train per: 0.5440673828125
	Val per: {'acc': 0.5039653035935564, 'mcc': 0.01690501422593095} 	Val loss: 0.99104404
	Test per: {'acc': 0.5175723168423898, 'mcc': 0.019913447212103204} 	Test loss: 0.9709988
epoch: 95 time: 4.5630 
----->>>>> Training: 0.9221333432942629 0.9212007559835911 0.9325903858989477 0.0
Training: 0.9211903512477875 0.9202502071857452 0.9401406049728394 	Train per: 0.5447998046875
	Val per: {'acc': 0.5026022304832714, 'mcc': 0.01395977729689988} 	Val loss: 0.99294084
	Test per: {'acc': 0.5158150851581509, 'mcc': 0.016082316845464323} 	Test loss: 0.97110325
epoch: 96 time: 4.3349 
----->>>>> Training: 0.9219077043235302 0.9209760054945946 0.9316949266940355 0.0
Training: 0.9209669958800077 0.920026196166873 0.9408161044120789 	Train per: 0.544891357421875
	Val per: {'acc': 0.5032218091697646, 'mcc': 0.015302370261793189} 	Val loss: 0.99537915
	Test per: {'acc': 0.5152743984860774, 'mcc': 0.014506056046422197} 	Test loss: 0.97103745
epoch: 97 time: 4.3453 
----->>>>> Training: 0.9215784715488553 0.9206465817987919 0.9318915214389563 0.0
Training: 0.9210225837305188 0.9200922744348645 0.9303029775619507 	Train per: 0.5439605712890625
	Val per: {'acc': 0.5026022304832714, 'mcc': 0.013889360184013218} 	Val loss: 0.9927008
	Test per: {'acc': 0.5155447418221141, 'mcc': 0.015487744938041755} 	Test loss: 0.970965
epoch: 98 time: 4.9066 
----->>>>> Training: 0.9207763858139515 0.9198474688455462 0.928917882964015 0.0
Training: 0.9203796684741974 0.9194539487361908 0.9256907105445862 	Train per: 0.5450286865234375
	Val per: {'acc': 0.5042131350681537, 'mcc': 0.01784495669266686} 	Val loss: 0.99682033
	Test per: {'acc': 0.5156799134901324, 'mcc': 0.014597900194291347} 	Test loss: 0.9706951
epoch: 99 time: 4.9683 
----->>>>> Training: 0.921205292455852 0.9202764453366399 0.9288461087271571 0.0
Training: 0.9202153598889709 0.9192889844998717 0.9263984560966492 	Train per: 0.5459136962890625
	Val per: {'acc': 0.504089219330855, 'mcc': 0.017568694533730486} 	Val loss: 0.99487674
	Test per: {'acc': 0.5152743984860774, 'mcc': 0.013729481498633199} 	Test loss: 0.97050124
epoch: 100 time: 4.9505 
----->>>>> Training: 0.9207313125953078 0.919804741628468 0.9265709854662418 0.0
Training: 0.9200362004339695 0.9191076792776585 0.9285036325454712 	Train per: 0.5457763671875
	Val per: {'acc': 0.5038413878562578, 'mcc': 0.016822437029769103} 	Val loss: 0.99509656
	Test per: {'acc': 0.5156799134901324, 'mcc': 0.01507374339165373} 	Test loss: 0.97047305
epoch: 101 time: 4.6815 
----->>>>> Training: 0.9203273355960846 0.9194040177389979 0.9233147315680981 0.0
Training: 0.9195841522887349 0.9186546178534627 0.9295322299003601 	Train per: 0.5455322265625
	Val per: {'acc': 0.5029739776951673, 'mcc': 0.01465420921950874} 	Val loss: 0.9949941
	Test per: {'acc': 0.5158150851581509, 'mcc': 0.01569802328124223} 	Test loss: 0.9707512
epoch: 102 time: 4.8961 
----->>>>> Training: 0.9199566366150975 0.9190344717353582 0.922164186835289 0.0
Training: 0.919047998264432 0.9181197751313448 0.9282275438308716 	Train per: 0.5452880859375
	Val per: {'acc': 0.5026022304832714, 'mcc': 0.013693585809815735} 	Val loss: 0.9946592
	Test per: {'acc': 0.5164909434982428, 'mcc': 0.017538613228406823} 	Test loss: 0.97071946
epoch: 103 time: 4.3782 
----->>>>> Training: 0.9207234149798751 0.9198011066764593 0.9223085250705481 0.0
Training: 0.9198392610996962 0.9189160447567701 0.9232385158538818 	Train per: 0.5440826416015625
	Val per: {'acc': 0.5029739776951673, 'mcc': 0.014583345280607313} 	Val loss: 0.99408525
	Test per: {'acc': 0.517977831846445, 'mcc': 0.020630634091098284} 	Test loss: 0.9707703
epoch: 104 time: 4.6868 
----->>>>> Training: 0.9202493038028479 0.9193289000540972 0.9204025771468878 0.0
Training: 0.9194798888638616 0.9185584606602788 0.9214465618133545 	Train per: 0.5445404052734375
	Val per: {'acc': 0.5021065675340768, 'mcc': 0.01249311144268938} 	Val loss: 0.9937614
	Test per: {'acc': 0.5155447418221141, 'mcc': 0.016109037594224992} 	Test loss: 0.9709095
epoch: 105 time: 4.7170 
----->>>>> Training: 0.9198146546259522 0.9188961032778025 0.9185520149767399 0.0
Training: 0.9192882301285863 0.9183645965531468 0.9236133694648743 	Train per: 0.5456390380859375
	Val per: {'acc': 0.5023543990086741, 'mcc': 0.013453631946369511} 	Val loss: 0.99640596
	Test per: {'acc': 0.5143281968099487, 'mcc': 0.012448329645447303} 	Test loss: 0.9706503
epoch: 106 time: 4.5590 
----->>>>> Training: 0.9195746565237641 0.9186578867956996 0.916765340603888 0.0
Training: 0.9189159013330936 0.9179928638041019 0.9230289459228516 	Train per: 0.5452880859375
	Val per: {'acc': 0.5037174721189591, 'mcc': 0.016905285656020796} 	Val loss: 0.9967884
	Test per: {'acc': 0.513787510137875, 'mcc': 0.01034022339527316} 	Test loss: 0.9701606
epoch: 107 time: 4.4306 
----->>>>> Training: 0.9196921028196812 0.9187745293602347 0.9175784140825272 0.0
Training: 0.9191104890778661 0.9181964518502355 0.9140475988388062 	Train per: 0.5457763671875
	Val per: {'acc': 0.5023543990086741, 'mcc': 0.013481685966996058} 	Val loss: 0.9964687
	Test per: {'acc': 0.513787510137875, 'mcc': 0.011011203273563235} 	Test loss: 0.9704857
epoch: 108 time: 4.3711 
----->>>>> Training: 0.9191369321197271 0.918225065805018 0.9118652250617743 0.0
Training: 0.9184738099575043 0.9175576865673065 0.9161008596420288 	Train per: 0.54547119140625
	Val per: {'acc': 0.5035935563816605, 'mcc': 0.016419740122618282} 	Val loss: 0.9969417
	Test per: {'acc': 0.513787510137875, 'mcc': 0.010676155951610334} 	Test loss: 0.96996826
epoch: 109 time: 4.3547 
----->>>>> Training: 0.9192851549014449 0.9183682231232524 0.9169345237314701 0.0
Training: 0.9185730796307325 0.9176580887287855 0.9149644374847412 	Train per: 0.5450897216796875
	Val per: {'acc': 0.5045848822800496, 'mcc': 0.018083403285981372} 	Val loss: 0.99356014
	Test per: {'acc': 0.5160854284941876, 'mcc': 0.01682381180160891} 	Test loss: 0.9707131
epoch: 110 time: 4.3518 
----->>>>> Training: 0.9195657158270478 0.9186555659398437 0.9101498825475574 0.0
Training: 0.9188227616250515 0.9179080687463284 0.914671003818512 	Train per: 0.545623779296875
	Val per: {'acc': 0.50272614622057, 'mcc': 0.01386903177051906} 	Val loss: 0.9949955
	Test per: {'acc': 0.5164909434982428, 'mcc': 0.017772816225301066} 	Test loss: 0.97046363
epoch: 111 time: 4.7395 
----->>>>> Training: 0.9185214387252927 0.9176097344607115 0.911703827790916 0.0
Training: 0.9179238248616457 0.9170093107968569 0.9145093560218811 	Train per: 0.5460052490234375
	Val per: {'acc': 0.5011152416356878, 'mcc': 0.010554515166349244} 	Val loss: 0.99647623
	Test per: {'acc': 0.5155447418221141, 'mcc': 0.015398830370845594} 	Test loss: 0.9703663
epoch: 112 time: 4.6679 
----->>>>> Training: 0.9181110356003046 0.9172016074880958 0.9094282146543264 0.0
Training: 0.9173251613974571 0.9164147600531578 0.9104059934616089 	Train per: 0.5459747314453125
	Val per: {'acc': 0.5039653035935564, 'mcc': 0.01714248113467276} 	Val loss: 0.994974
	Test per: {'acc': 0.5154095701540957, 'mcc': 0.014297695199129875} 	Test loss: 0.9699689
epoch: 113 time: 4.7523 
----->>>>> Training: 0.918639556504786 0.9177284706383944 0.9110876126214862 0.0
Training: 0.9179661087691784 0.9170572571456432 0.9088754057884216 	Train per: 0.54583740234375
	Val per: {'acc': 0.5024783147459727, 'mcc': 0.013869190613897377} 	Val loss: 0.995776
	Test per: {'acc': 0.5152743984860774, 'mcc': 0.013968838691173758} 	Test loss: 0.9698885
epoch: 114 time: 4.7039 
----->>>>> Training: 0.9183069951832294 0.9173968909308314 0.9101047720760107 0.0
Training: 0.9176529599353671 0.9167466117069125 0.9063698649406433 	Train per: 0.546142578125
	Val per: {'acc': 0.5023543990086741, 'mcc': 0.013523846066537712} 	Val loss: 0.9938605
	Test per: {'acc': 0.5164909434982428, 'mcc': 0.016981400918573777} 	Test loss: 0.9698813
epoch: 115 time: 4.5232 
----->>>>> Training: 0.9184212610125542 0.9175132662057877 0.9079934414476156 0.0
Training: 0.9178141225129366 0.9169067610055208 0.9073656797409058 	Train per: 0.546356201171875
	Val per: {'acc': 0.5016109045848823, 'mcc': 0.011700669114138256} 	Val loss: 0.9970623
	Test per: {'acc': 0.5128413084617465, 'mcc': 0.009316493443456773} 	Test loss: 0.96969026
epoch: 116 time: 4.5553 
----->>>>> Training: 0.9180602766573429 0.917151884175837 0.9083874449133873 0.0
Training: 0.9175745686516166 0.9166672667488456 0.9072754383087158 	Train per: 0.5460052490234375
	Val per: {'acc': 0.50272614622057, 'mcc': 0.014433425769980487} 	Val loss: 0.9940973
	Test per: {'acc': 0.5164909434982428, 'mcc': 0.016687524214112383} 	Test loss: 0.96991724
epoch: 117 time: 4.6243 
----->>>>> Training: 0.9170778505504131 0.9161700559780002 0.9077917067334056 0.0
Training: 0.9163194531574845 0.9154204363003373 0.8989992737770081 	Train per: 0.5462188720703125
	Val per: {'acc': 0.5026022304832714, 'mcc': 0.014030461064417467} 	Val loss: 0.9944511
	Test per: {'acc': 0.5159502568261692, 'mcc': 0.01567066812305567} 	Test loss: 0.96964085
epoch: 118 time: 4.8245 
----->>>>> Training: 0.9170871283859015 0.91617935243994 0.9077718053013086 0.0
Training: 0.9164048386737704 0.9154950929805636 0.9097744822502136 	Train per: 0.5464935302734375
	Val per: {'acc': 0.5039653035935564, 'mcc': 0.0165834595271805} 	Val loss: 0.99365854
	Test per: {'acc': 0.5170316301703163, 'mcc': 0.019075328213840052} 	Test loss: 0.97049445
epoch: 119 time: 4.3601 
----->>>>> Training: 0.9172463491559029 0.9163401694968343 0.9061805717647076 0.0
Training: 0.9164963392540812 0.9155893949791789 0.9069642424583435 	Train per: 0.5464935302734375
	Val per: {'acc': 0.5028500619578686, 'mcc': 0.01426772216322225} 	Val loss: 0.99483675
	Test per: {'acc': 0.5166261151662611, 'mcc': 0.017747895585080574} 	Test loss: 0.9699751
epoch: 120 time: 4.3941 
----->>>>> Training: 0.9173719827085733 0.9164669690653682 0.9050143919885159 0.0
Training: 0.9167830301448703 0.9158762646839023 0.9067369103431702 	Train per: 0.5464324951171875
	Val per: {'acc': 0.5028500619578686, 'mcc': 0.014352231329997663} 	Val loss: 0.9931266
	Test per: {'acc': 0.5154095701540957, 'mcc': 0.015220064867698568} 	Test loss: 0.9702411
epoch: 121 time: 4.7288 
----->>>>> Training: 0.9166114674881101 0.9157103067263961 0.9011638527736068 0.0
Training: 0.9168590130284429 0.9159512938931584 0.9076963067054749 	Train per: 0.547515869140625
	Val per: {'acc': 0.49987608426270136, 'mcc': 0.008187121093700143} 	Val loss: 0.9994968
	Test per: {'acc': 0.5147337118140037, 'mcc': 0.012862553896294704} 	Test loss: 0.96901834
epoch: 122 time: 4.7674 
----->>>>> Training: 0.9165261182934046 0.9156184736639261 0.9076436078175902 0.0
Training: 0.9157562647014856 0.9148547444492579 0.9015080332756042 	Train per: 0.5471649169921875
	Val per: {'acc': 0.5019826517967781, 'mcc': 0.012825904917020944} 	Val loss: 0.9965095
	Test per: {'acc': 0.5143281968099487, 'mcc': 0.011874239441823352} 	Test loss: 0.969087
epoch: 123 time: 4.7568 
----->>>>> Training: 0.9166047973558307 0.9157005650922656 0.9042355902493 0.0
Training: 0.9159110523760319 0.9150051809847355 0.9058682918548584 	Train per: 0.5470733642578125
	Val per: {'acc': 0.501363073110285, 'mcc': 0.010847301821945623} 	Val loss: 0.99593014
	Test per: {'acc': 0.5148688834820222, 'mcc': 0.014090084337710067} 	Test loss: 0.96987176
epoch: 124 time: 4.6829 
----->>>>> Training: 0.9164460822939873 0.9155440898612142 0.9019908495247364 0.0
Training: 0.9156799213960767 0.9147797720506787 0.9001335501670837 	Train per: 0.5479583740234375
	Val per: {'acc': 0.5022304832713754, 'mcc': 0.01334765993429277} 	Val loss: 0.9969115
	Test per: {'acc': 0.513787510137875, 'mcc': 0.010859015854297356} 	Test loss: 0.9687911
epoch: 125 time: 4.5432 
----->>>>> Training: 0.9163415655493736 0.9154369793832302 0.904584483243525 0.0
Training: 0.9157678168267012 0.9148631375283003 0.9047001600265503 	Train per: 0.547332763671875
	Val per: {'acc': 0.5048327137546469, 'mcc': 0.018661525991683352} 	Val loss: 0.9944177
	Test per: {'acc': 0.5154095701540957, 'mcc': 0.014893334987876353} 	Test loss: 0.96986264
epoch: 126 time: 4.8051 
----->>>>> Training: 0.9155462812632322 0.9146435111761093 0.9027697257697582 0.0
Training: 0.9149446804076433 0.9140402395278215 0.9044468402862549 	Train per: 0.54852294921875
	Val per: {'acc': 0.49987608426270136, 'mcc': 0.008525857436653074} 	Val loss: 0.99834734
	Test per: {'acc': 0.5147337118140037, 'mcc': 0.012077887277540812} 	Test loss: 0.96887225
epoch: 127 time: 4.8927 
----->>>>> Training: 0.9156749183312058 0.9147702660411596 0.9046545838937163 0.0
Training: 0.9149834290146828 0.9140746369957924 0.9087830185890198 	Train per: 0.5474090576171875
	Val per: {'acc': 0.5050805452292441, 'mcc': 0.019058922018574363} 	Val loss: 0.9950067
	Test per: {'acc': 0.5148688834820222, 'mcc': 0.013821080109591552} 	Test loss: 0.97022843
epoch: 128 time: 5.0070 
----->>>>> Training: 0.9157892540097237 0.9148858729749918 0.9033798053860664 0.0
Training: 0.9149964116513729 0.9140936397016048 0.9027446508407593 	Train per: 0.5476837158203125
	Val per: {'acc': 0.5032218091697646, 'mcc': 0.014526621495431203} 	Val loss: 0.9936522
	Test per: {'acc': 0.5148688834820222, 'mcc': 0.015547943798147765} 	Test loss: 0.9703269
epoch: 129 time: 5.6473 
----->>>>> Training: 0.9156824611127377 0.9147802032530308 0.9022574778646231 0.0
Training: 0.9147793287411332 0.9138759011402726 0.9034027457237244 	Train per: 0.54791259765625
	Val per: {'acc': 0.5019826517967781, 'mcc': 0.012617473020594487} 	Val loss: 0.9967076
	Test per: {'acc': 0.5154095701540957, 'mcc': 0.0145659976144724} 	Test loss: 0.9696795
epoch: 130 time: 5.4561 
----->>>>> Training: 0.9151629600673914 0.9142598044127226 0.9031533347442746 0.0
Training: 0.9149604728445411 0.9140606811270118 0.8998098373413086 	Train per: 0.54779052734375
	Val per: {'acc': 0.5049566294919455, 'mcc': 0.018635970727182358} 	Val loss: 0.9927221
	Test per: {'acc': 0.5150040551500406, 'mcc': 0.015161100155043145} 	Test loss: 0.9704973
epoch: 131 time: 4.4237 
----->>>>> Training: 0.9144701370969415 0.9135695341974497 0.9006010424345732 0.0
Training: 0.9143034443259239 0.9134009703993797 0.9024535417556763 	Train per: 0.5489654541015625
	Val per: {'acc': 0.5009913258983891, 'mcc': 0.010189299739984031} 	Val loss: 0.9988635
	Test per: {'acc': 0.5145985401459854, 'mcc': 0.013525094072715817} 	Test loss: 0.96931213
epoch: 132 time: 4.9191 
----->>>>> Training: 0.9145717453211546 0.9136715270578861 0.900218321941793 0.0
Training: 0.9138845922425389 0.912980449385941 0.9041594862937927 	Train per: 0.5482025146484375
	Val per: {'acc': 0.5008674101610905, 'mcc': 0.01023398901553149} 	Val loss: 0.99780923
	Test per: {'acc': 0.5141930251419302, 'mcc': 0.012089482298710028} 	Test loss: 0.96960855
epoch: 133 time: 4.4634 
----->>>>> Training: 0.9138874104246497 0.91298349481076 0.9039161847904325 0.0
Training: 0.9132151892408729 0.912309973500669 0.9051894545555115 	Train per: 0.54827880859375
	Val per: {'acc': 0.5033457249070632, 'mcc': 0.01573651212905448} 	Val loss: 0.9957367
	Test per: {'acc': 0.51338199513382, 'mcc': 0.010205604171703873} 	Test loss: 0.9704286
epoch: 134 time: 4.4425 
----->>>>> Training: 0.9141569184139371 0.9132540645077825 0.9028518088161945 0.0
Training: 0.9132745638489723 0.9123752489686012 0.8993025422096252 	Train per: 0.54827880859375
	Val per: {'acc': 0.5030978934324659, 'mcc': 0.014701191119209532} 	Val loss: 0.996419
	Test per: {'acc': 0.5145985401459854, 'mcc': 0.013644893734606813} 	Test loss: 0.9702208
epoch: 135 time: 4.7257 
----->>>>> Training: 0.9148311717435718 0.9139322889968753 0.8988759918138385 0.0
Training: 0.9141372852027416 0.913229625672102 0.9076892137527466 	Train per: 0.5483551025390625
	Val per: {'acc': 0.5002478314745973, 'mcc': 0.00916728190437682} 	Val loss: 0.9992284
	Test per: {'acc': 0.5150040551500406, 'mcc': 0.013250579509913898} 	Test loss: 0.96938175
epoch: 136 time: 4.5946 
----->>>>> Training: 0.9141875943168998 0.9132844032719731 0.9031904302537441 0.0
Training: 0.9137365706264973 0.9128392823040485 0.8972954154014587 	Train per: 0.549102783203125
	Val per: {'acc': 0.5039653035935564, 'mcc': 0.016424761904679924} 	Val loss: 0.99405533
	Test per: {'acc': 0.5145985401459854, 'mcc': 0.014182983724399762} 	Test loss: 0.9708815
epoch: 137 time: 4.4833 
----->>>>> Training: 0.9141942830756307 0.9132939288392663 0.9003553912043571 0.0
Training: 0.9137619426473975 0.9128606608137488 0.9013018012046814 	Train per: 0.548736572265625
	Val per: {'acc': 0.5002478314745973, 'mcc': 0.008983196145598086} 	Val loss: 0.99908245
	Test per: {'acc': 0.5145985401459854, 'mcc': 0.012774321159642487} 	Test loss: 0.9688024
epoch: 138 time: 4.4648 
----->>>>> Training: 0.9133181534707546 0.9124166741967201 0.9014795245602727 0.0
Training: 0.9125664960592985 0.9116697441786528 0.8967562913894653 	Train per: 0.5489654541015625
	Val per: {'acc': 0.5003717472118959, 'mcc': 0.009323141600832866} 	Val loss: 0.99844134
	Test per: {'acc': 0.514463368477967, 'mcc': 0.012505682523552298} 	Test loss: 0.9689287
epoch: 139 time: 4.3869 
----->>>>> Training: 0.9138782750815153 0.9129773061722517 0.9009679034352303 0.0
Training: 0.9129792591556907 0.9120772024616599 0.902034342288971 	Train per: 0.5487518310546875
	Val per: {'acc': 0.5012391573729864, 'mcc': 0.010867500631040451} 	Val loss: 0.9976927
	Test per: {'acc': 0.514463368477967, 'mcc': 0.013287604687320105} 	Test loss: 0.96959496
epoch: 140 time: 4.3973 
----->>>>> Training: 0.9135337667539716 0.9126331405714154 0.900624175556004 0.0
Training: 0.9126938916742802 0.9117957688868046 0.8981496691703796 	Train per: 0.548828125
	Val per: {'acc': 0.5009913258983891, 'mcc': 0.010642080550241519} 	Val loss: 0.9979978
	Test per: {'acc': 0.5140578534739119, 'mcc': 0.011548513011097614} 	Test loss: 0.9694752
epoch: 141 time: 4.3553 
----->>>>> Training: 0.9128086436539888 0.9119085101410747 0.9001329559832811 0.0
Training: 0.9121654704213142 0.9112649038434029 0.9005477428436279 	Train per: 0.5491943359375
	Val per: {'acc': 0.5033457249070632, 'mcc': 0.0155045271859851} 	Val loss: 0.99681765
	Test per: {'acc': 0.5141930251419302, 'mcc': 0.012180114061636585} 	Test loss: 0.96978056
epoch: 142 time: 4.3504 
----->>>>> Training: 0.9127243449911475 0.9118248848244548 0.8994583459571004 0.0
Training: 0.9117576712742448 0.9108565682545304 0.9011015295982361 	Train per: 0.5492401123046875
	Val per: {'acc': 0.5007434944237918, 'mcc': 0.010294496820279907} 	Val loss: 0.99926424
	Test per: {'acc': 0.5156799134901324, 'mcc': 0.014508521099911936} 	Test loss: 0.9688947
epoch: 143 time: 4.4702 
----->>>>> Training: 0.9132222793996334 0.9123215600848198 0.9007217148318887 0.0
Training: 0.9122733641415834 0.9113761950284243 0.8971489667892456 	Train per: 0.548980712890625
	Val per: {'acc': 0.501363073110285, 'mcc': 0.010887046324952944} 	Val loss: 0.99702215
	Test per: {'acc': 0.5170316301703163, 'mcc': 0.01887184695448878} 	Test loss: 0.96941185
epoch: 144 time: 4.4696 
----->>>>> Training: 0.9130578953772783 0.9121579574421048 0.8999399980530143 0.0
Training: 0.9124023597687483 0.9115039389580488 0.8984346389770508 	Train per: 0.5487213134765625
	Val per: {'acc': 0.5018587360594795, 'mcc': 0.012124695001655483} 	Val loss: 0.99658424
	Test per: {'acc': 0.5155447418221141, 'mcc': 0.015813418336666517} 	Test loss: 0.9698558
epoch: 145 time: 4.5070 
----->>>>> Training: 0.9127835473045707 0.9118866696953773 0.8968747276812792 0.0
Training: 0.9119362682104111 0.911039337515831 0.8969148993492126 	Train per: 0.549163818359375
	Val per: {'acc': 0.5024783147459727, 'mcc': 0.013490030703507357} 	Val loss: 0.99639237
	Test per: {'acc': 0.5147337118140037, 'mcc': 0.013702860655339242} 	Test loss: 0.9697899
epoch: 146 time: 4.3896 
----->>>>> Training: 0.9124391078948975 0.9115400724112988 0.8990378407761455 0.0
Training: 0.9116418156772852 0.9107426796108484 0.8991143107414246 	Train per: 0.5494842529296875
	Val per: {'acc': 0.5023543990086741, 'mcc': 0.012860313362854042} 	Val loss: 0.9974173
	Test per: {'acc': 0.5154095701540957, 'mcc': 0.015901444043324497} 	Test loss: 0.96914333
epoch: 147 time: 4.4307 
----->>>>> Training: 0.9121263492852449 0.9112277422100306 0.8986056847497821 0.0
Training: 0.9113396359607577 0.9104407383129001 0.8988946676254272 	Train per: 0.549591064453125
	Val per: {'acc': 0.5011152416356878, 'mcc': 0.010290560863617087} 	Val loss: 0.9978154
	Test per: {'acc': 0.5173019735063531, 'mcc': 0.019696761075759097} 	Test loss: 0.96912885
epoch: 148 time: 4.6511 
----->>>>> Training: 0.9120036829262972 0.9111047377809882 0.8989488100633025 0.0
Training: 0.9113566307350993 0.9104573158547282 0.8993258476257324 	Train per: 0.5493316650390625
	Val per: {'acc': 0.5023543990086741, 'mcc': 0.01290111610682398} 	Val loss: 0.99543244
	Test per: {'acc': 0.5156799134901324, 'mcc': 0.01652328155124305} 	Test loss: 0.97002566
epoch: 149 time: 4.5062 

Best Valid performance: {'acc': 0.509541511771995, 'mcc': 0.03056664140510008}
	Best Test performance: {'acc': 0.5140578534739119, 'mcc': 0.009468977652240782}

systemMemory: 16.00 GB
maxCacheSize: 5.33 GB

