Namespace(path='./data/kdd17/ourpped/', seq=5, unit=4, alpha_l2=0.001, beta_adv=0.05, epsilon_adv=0.001, step=1, batch_size=1024, epoch=150, learning_rate=0.001, gpu=0, model_path='./saved_model/acl18_alstm/exp', model_save_path='./tmp/model', action='train', model='pure_lstm', fix_init=1, att=0, week=0, adv=0, hinge_lose=1, reload=0, resnet=1)
50  tickers selected
2518 trading dates:
0 2014 2266
64644  training instances
8070  validation instances
7398  testing instances
Tensor("Shape:0", shape=(3,), dtype=int32)
is pred_lstm
device name: /cpu:0
outputs_shape: [None, 5, 4]
resshape: [None, 5, 4]
Shape of self.output: Tensor("Shape:0", shape=(3,), dtype=int32)
Shape of self.resnet_features: Tensor("Shape_1:0", shape=(3,), dtype=int32)
Shape of self.combined_features: [None, 5, 4]
adversarial scope
adversial part
----->>>>> Training: 0.9957603523507714 0.995098577812314 0.6617838488891721 0.0
Training: 0.9892301019281149 0.9885552143678069 0.6748810410499573 	Train per: 0.518524169921875
	Val per: {'acc': 0.504460966542751, 'mcc': 0.018551648173393352} 	Val loss: 0.99635357
	Test per: {'acc': 0.5110840767775074, 'mcc': -0.011239566748971178} 	Test loss: 0.9898588
epoch: 0 time: 210.9375 
----->>>>> Training: 0.9937436832115054 0.9930561473593116 0.6875356556847692 0.0
Training: 0.9917405638843775 0.9910369189456105 0.7036576271057129 	Train per: 0.50689697265625
	Val per: {'acc': 0.4964064436183395, 'mcc': 0.012555302794027886} 	Val loss: 0.9943364
	Test per: {'acc': 0.5150040551500406, 'mcc': -0.009705814085863254} 	Test loss: 0.9834845
epoch: 1 time: 219.6229 
----->>>>> Training: 0.9895749352872372 0.9888482093811035 0.7267296882346272 0.0
Training: 0.9868697756901383 0.9861216191202402 0.7481346130371094 	Train per: 0.5123291015625
	Val per: {'acc': 0.4866171003717472, 'mcc': -0.02613618560320473} 	Val loss: 0.99536663
	Test per: {'acc': 0.5275750202757502, 'mcc': -0.00022810253167434948} 	Test loss: 0.9760491
epoch: 2 time: 256.7204 
----->>>>> Training: 0.9844790464267135 0.9837053194642067 0.773728609085083 0.0
Training: 0.9818140733987093 0.9810074521228671 0.8066157698631287 	Train per: 0.511627197265625
	Val per: {'acc': 0.4895910780669145, 'mcc': 0.0} 	Val loss: 0.99700713
	Test per: {'acc': 0.5277101919437686, 'mcc': -0.02283689859817961} 	Test loss: 0.9678022
epoch: 3 time: 281.6196 
----->>>>> Training: 0.9785460159182549 0.9777008127421141 0.8452036306262016 0.0
Training: 0.97543281968683 0.9745485773310065 0.8842514157295227 	Train per: 0.5116729736328125
	Val per: {'acc': 0.4895910780669145, 'mcc': 0.0} 	Val loss: 1.0013865
	Test per: {'acc': 0.5282508786158421, 'mcc': -0.015531607467270085} 	Test loss: 0.95736533
epoch: 4 time: 306.2031 
----->>>>> Training: 0.9742238121107221 0.9733393974602222 0.88441345654428 0.0
Training: 0.9725740710273385 0.9716987172141671 0.8753320574760437 	Train per: 0.51141357421875
	Val per: {'acc': 0.48983890954151177, 'mcc': 0.015420188118632995} 	Val loss: 1.0060023
	Test per: {'acc': 0.5282508786158421, 'mcc': -0.015531607467270085} 	Test loss: 0.95356417
epoch: 5 time: 313.6181 
----->>>>> Training: 0.9717942681163549 0.9709191005676985 0.8751637721434236 0.0
Training: 0.9706976031884551 0.9698285674676299 0.8690073490142822 	Train per: 0.5116119384765625
	Val per: {'acc': 0.48983890954151177, 'mcc': 0.015420188118632995} 	Val loss: 1.0058479
	Test per: {'acc': 0.5283860502838605, 'mcc': -0.005573985275983484} 	Test loss: 0.95238215
epoch: 6 time: 310.5689 
----->>>>> Training: 0.9698622915893793 0.9689923394471407 0.8699488351121545 0.0
Training: 0.9689398631453514 0.9680742314085364 0.8656092882156372 	Train per: 0.5119171142578125
	Val per: {'acc': 0.4899628252788104, 'mcc': 0.0120169043982713} 	Val loss: 1.0069312
	Test per: {'acc': 0.5287915652879156, 'mcc': 0.010118797457478785} 	Test loss: 0.9515494
epoch: 7 time: 308.1604 
----->>>>> Training: 0.9686134848743677 0.9677457045763731 0.8677856745198369 0.0
Training: 0.9676423473283648 0.9667750466614962 0.8672983646392822 	Train per: 0.51312255859375
	Val per: {'acc': 0.4895910780669145, 'mcc': -0.0012286462417043873} 	Val loss: 1.0079492
	Test per: {'acc': 0.5300081103000811, 'mcc': 0.024326533220739733} 	Test loss: 0.950918
epoch: 8 time: 327.5607 
----->>>>> Training: 0.9678052002564073 0.9669389156624675 0.8662861147895455 0.0
Training: 0.96682249289006 0.9659550646319985 0.8674439191818237 	Train per: 0.515289306640625
	Val per: {'acc': 0.4895910780669145, 'mcc': -0.0028460551660473192} 	Val loss: 1.0058951
	Test per: {'acc': 0.5314949986482833, 'mcc': 0.027568968731869547} 	Test loss: 0.9514685
epoch: 9 time: 313.1285 
----->>>>> Training: 0.9666126687079668 0.9657436776906252 0.8689909530803561 0.0
Training: 0.9656502176076174 0.964786546304822 0.8636838793754578 	Train per: 0.5181121826171875
	Val per: {'acc': 0.4926889714993804, 'mcc': 0.012455050814255906} 	Val loss: 1.0055107
	Test per: {'acc': 0.5336577453365775, 'mcc': 0.03632608474733954} 	Test loss: 0.9524964
epoch: 10 time: 316.8891 
----->>>>> Training: 0.9655527817085385 0.964680815115571 0.8719671200960875 0.0
Training: 0.9647050155326724 0.9638306787237525 0.8743168711662292 	Train per: 0.5207366943359375
	Val per: {'acc': 0.4952912019826518, 'mcc': 0.016846070093433235} 	Val loss: 1.0033041
	Test per: {'acc': 0.5320356853203568, 'mcc': 0.031016974775026438} 	Test loss: 0.9534003
epoch: 11 time: 314.4464 
----->>>>> Training: 0.9648667769506574 0.9639843041077256 0.8824725160375237 0.0
Training: 0.9637145353481174 0.9628325058147311 0.8820269107818604 	Train per: 0.521820068359375
	Val per: {'acc': 0.4955390334572491, 'mcc': 0.015062042067366395} 	Val loss: 1.0030291
	Test per: {'acc': 0.5302784536361179, 'mcc': 0.027115764323475677} 	Test loss: 0.95416015
epoch: 12 time: 332.7814 
----->>>>> Training: 0.962734492495656 0.9618410356342793 0.8934587631374598 0.0
Training: 0.9618975771591067 0.9609995139762759 0.8980434536933899 	Train per: 0.5232086181640625
	Val per: {'acc': 0.49578686493184637, 'mcc': 0.012113286683359899} 	Val loss: 1.0021363
	Test per: {'acc': 0.5259529602595296, 'mcc': 0.01799842747638411} 	Test loss: 0.95534295
epoch: 13 time: 319.1885 
----->>>>> Training: 0.961299498565495 0.9603904811665416 0.9090175228193402 0.0
Training: 0.9599685315042734 0.9590580109506845 0.9104910492897034 	Train per: 0.5229034423828125
	Val per: {'acc': 0.49615861214374224, 'mcc': 0.01773519699432011} 	Val loss: 1.0065393
	Test per: {'acc': 0.5308191403081914, 'mcc': 0.028699109362456825} 	Test loss: 0.95411
epoch: 14 time: 300.3737 
----->>>>> Training: 0.959818072617054 0.958896815776825 0.9212567675858736 0.0
Training: 0.9593853047117591 0.9584580948576331 0.9271854162216187 	Train per: 0.5239715576171875
	Val per: {'acc': 0.5, 'mcc': 0.02191238432428129} 	Val loss: 1.0008591
	Test per: {'acc': 0.5247364152473641, 'mcc': 0.018601848378841594} 	Test loss: 0.9570118
epoch: 15 time: 324.3398 
----->>>>> Training: 0.9581450745463371 0.957202753983438 0.9423202853649855 0.0
Training: 0.9572714157402515 0.9563166685402393 0.9547216296195984 	Train per: 0.525390625
	Val per: {'acc': 0.5007434944237918, 'mcc': 0.023390469872017743} 	Val loss: 1.0014251
	Test per: {'acc': 0.524330900243309, 'mcc': 0.01838904315839345} 	Test loss: 0.95719504
epoch: 16 time: 306.1851 
----->>>>> Training: 0.9564036633819342 0.955437745898962 0.965920340269804 0.0
Training: 0.9549020687118173 0.9539260426536202 0.9760466814041138 	Train per: 0.5267181396484375
	Val per: {'acc': 0.49739776951672865, 'mcc': 0.016986888845382186} 	Val loss: 1.0052273
	Test per: {'acc': 0.5264936469316032, 'mcc': 0.02007392074909242} 	Test loss: 0.95562965
epoch: 17 time: 324.3809 
----->>>>> Training: 0.9548461772501469 0.9538531079888344 0.9930669041350484 0.0
Training: 0.9533981243148446 0.952390686608851 1.0074223279953003 	Train per: 0.5277252197265625
	Val per: {'acc': 0.4969021065675341, 'mcc': 0.014603382363128796} 	Val loss: 1.0050625
	Test per: {'acc': 0.5266288185996215, 'mcc': 0.021234008786143385} 	Test loss: 0.9560445
epoch: 18 time: 313.2215 
----->>>>> Training: 0.9535547289997339 0.9525367524474859 1.0179739631712437 0.0
Training: 0.9521493269130588 0.9511155439540744 1.033807396888733 	Train per: 0.5280914306640625
	Val per: {'acc': 0.49318463444857497, 'mcc': 0.0036730160273740686} 	Val loss: 1.0066962
	Test per: {'acc': 0.5270343336036767, 'mcc': 0.021582967161059046} 	Test loss: 0.9557328
epoch: 19 time: 306.7778 
----->>>>> Training: 0.9519370272755623 0.9508947748690844 1.0422529932111502 0.0
Training: 0.950925244949758 0.949874653480947 1.0505751371383667 	Train per: 0.5282745361328125
	Val per: {'acc': 0.4924411400247832, 'mcc': 0.00196293919774225} 	Val loss: 1.0090042
	Test per: {'acc': 0.5291970802919708, 'mcc': 0.026105263120599524} 	Test loss: 0.9539867
epoch: 20 time: 313.5436 
----->>>>> Training: 0.9503482868894935 0.9492885274812579 1.0597592443227768 0.0
Training: 0.9491021959111094 0.9480271069332957 1.0750821828842163 	Train per: 0.5318450927734375
	Val per: {'acc': 0.49677819083023544, 'mcc': 0.010533495211873568} 	Val loss: 1.0024655
	Test per: {'acc': 0.5233846985671803, 'mcc': 0.01731006597495074} 	Test loss: 0.9573048
epoch: 21 time: 332.5508 
----->>>>> Training: 0.9486182648688555 0.9475261652842164 1.09210149012506 0.0
Training: 0.9471935788169503 0.9460925618186593 1.1010191440582275 	Train per: 0.5333709716796875
	Val per: {'acc': 0.4955390334572491, 'mcc': 0.007376407167575701} 	Val loss: 1.0034499
	Test per: {'acc': 0.5273046769397134, 'mcc': 0.0268141014699971} 	Test loss: 0.9567853
epoch: 22 time: 301.2477 
----->>>>> Training: 0.947009515017271 0.9458936080336571 1.11590182967484 0.0
Training: 0.9468036582693458 0.9456749260425568 1.1287204027175903 	Train per: 0.53314208984375
	Val per: {'acc': 0.4964064436183395, 'mcc': 0.006995416658225414} 	Val loss: 0.9988117
	Test per: {'acc': 0.5198702351987023, 'mcc': 0.013692517192122448} 	Test loss: 0.9600234
epoch: 23 time: 307.9508 
----->>>>> Training: 0.9465104034170508 0.9453665437176824 1.1438578255474567 0.0
Training: 0.9448583452031016 0.9437039820477366 1.154378890991211 	Train per: 0.534759521484375
	Val per: {'acc': 0.49454770755885996, 'mcc': 0.0033668629525975277} 	Val loss: 1.0029827
	Test per: {'acc': 0.5220329818869965, 'mcc': 0.0162419412164576} 	Test loss: 0.9581252
epoch: 24 time: 322.2744 
----->>>>> Training: 0.9441226981580257 0.9429569775238633 1.1657211761921644 0.0
Training: 0.9426514422520995 0.941471747122705 1.179674506187439 	Train per: 0.5355072021484375
	Val per: {'acc': 0.4944237918215613, 'mcc': 0.0038359009748212} 	Val loss: 1.0060742
	Test per: {'acc': 0.5235198702351987, 'mcc': 0.018096153463472615} 	Test loss: 0.95653373
epoch: 25 time: 307.7090 
----->>>>> Training: 0.9428855450823903 0.9416932500898838 1.192292146384716 0.0
Training: 0.9416291136294603 0.940432908013463 1.1962093114852905 	Train per: 0.536834716796875
	Val per: {'acc': 0.49541511771995045, 'mcc': 0.0065141369419275605} 	Val loss: 1.0086087
	Test per: {'acc': 0.5236550419032171, 'mcc': 0.017999274113300906} 	Test loss: 0.9568204
epoch: 26 time: 316.6916 
----->>>>> Training: 0.9420905252918601 0.9408758608624339 1.214664788916707 0.0
Training: 0.9412086047232151 0.9399855770170689 1.22301185131073 	Train per: 0.53680419921875
	Val per: {'acc': 0.49454770755885996, 'mcc': 0.00437845364533161} 	Val loss: 1.0112174
	Test per: {'acc': 0.5251419302514193, 'mcc': 0.021083745503469906} 	Test loss: 0.9567615
epoch: 27 time: 306.0232 
----->>>>> Training: 0.9407061943784356 0.9394775182008743 1.2286784388124943 0.0
Training: 0.9393679341301322 0.9381279787048697 1.2399413585662842 	Train per: 0.53948974609375
	Val per: {'acc': 0.4935563816604709, 'mcc': -0.00038126440409095013} 	Val loss: 1.0059259
	Test per: {'acc': 0.5195998918626655, 'mcc': 0.012731901521247375} 	Test loss: 0.9593294
epoch: 28 time: 317.0147 
----->>>>> Training: 0.9400541428476572 0.9388004587963223 1.2536843735724688 0.0
Training: 0.938399069942534 0.9371418291702867 1.2572152614593506 	Train per: 0.53948974609375
	Val per: {'acc': 0.4950433705080545, 'mcc': 0.0030792796555400375} 	Val loss: 1.0056403
	Test per: {'acc': 0.5193295485266288, 'mcc': 0.013132117753459472} 	Test loss: 0.9597813
epoch: 29 time: 307.1342 
----->>>>> Training: 0.939330599270761 0.93806491792202 1.265682214871049 0.0
Training: 0.9373282063752413 0.9360560644418001 1.2721132040023804 	Train per: 0.53961181640625
	Val per: {'acc': 0.49405204460966545, 'mcc': 0.0009976938806252856} 	Val loss: 1.0079665
	Test per: {'acc': 0.5213571235469046, 'mcc': 0.016497198020213023} 	Test loss: 0.95997006
epoch: 30 time: 309.3234 
----->>>>> Training: 0.9379708534106612 0.9366828631609678 1.2879909798502922 0.0
Training: 0.9367582499980927 0.9354526102542877 1.3056504726409912 	Train per: 0.5397186279296875
	Val per: {'acc': 0.4952912019826518, 'mcc': 0.004184337701614749} 	Val loss: 1.0087339
	Test per: {'acc': 0.5195998918626655, 'mcc': 0.012824913207239753} 	Test loss: 0.96037585
epoch: 31 time: 319.0437 
----->>>>> Training: 0.9365224391222 0.935218752361834 1.303684452548623 0.0
Training: 0.9350500963628292 0.933736052364111 1.3140366077423096 	Train per: 0.541168212890625
	Val per: {'acc': 0.49591078066914496, 'mcc': 0.005064229525419357} 	Val loss: 1.0088754
	Test per: {'acc': 0.5182481751824818, 'mcc': 0.010795758971136108} 	Test loss: 0.96116954
epoch: 32 time: 313.7204 
----->>>>> Training: 0.9350125966593623 0.9336877651512623 1.3248297329992056 0.0
Training: 0.9347749333828688 0.9334434848278761 1.3314239978790283 	Train per: 0.540771484375
	Val per: {'acc': 0.4950433705080545, 'mcc': 0.00357260094961547} 	Val loss: 1.014468
	Test per: {'acc': 0.5202757502027575, 'mcc': 0.013321073070020898} 	Test loss: 0.9607729
epoch: 33 time: 307.8487 
----->>>>> Training: 0.9349316461011767 0.9335897676646709 1.3418782893568277 0.0
Training: 0.9336128560826182 0.9322586981579661 1.3541865348815918 	Train per: 0.5427703857421875
	Val per: {'acc': 0.4955390334572491, 'mcc': 0.004151046966949363} 	Val loss: 1.013204
	Test per: {'acc': 0.5185185185185185, 'mcc': 0.010844551709290664} 	Test loss: 0.9617438
epoch: 34 time: 320.0542 
----->>>>> Training: 0.933620092459023 0.9322494631633162 1.370630545541644 0.0
Training: 0.9323172233998775 0.9309327267110348 1.3844815492630005 	Train per: 0.5431365966796875
	Val per: {'acc': 0.49714993804213137, 'mcc': 0.007744045070386668} 	Val loss: 1.0120448
	Test per: {'acc': 0.5151392268180589, 'mcc': 0.004980596210313274} 	Test loss: 0.9633871
epoch: 35 time: 310.7908 
----->>>>> Training: 0.9327096976339817 0.9313167035579681 1.3929918110370636 0.0
Training: 0.9313058145344257 0.9299095161259174 1.3962808847427368 	Train per: 0.5436553955078125
	Val per: {'acc': 0.49814126394052044, 'mcc': 0.008487763640375236} 	Val loss: 1.0072259
	Test per: {'acc': 0.5178426601784266, 'mcc': 0.013906835772354976} 	Test loss: 0.9646786
epoch: 36 time: 312.6872 
----->>>>> Training: 0.9318831246346235 0.9304772764444351 1.4058440886437893 0.0
Training: 0.9314311472699046 0.9300150601193309 1.416113018989563 	Train per: 0.5426483154296875
	Val per: {'acc': 0.5014869888475837, 'mcc': 0.01430244745550374} 	Val loss: 1.003619
	Test per: {'acc': 0.5155447418221141, 'mcc': 0.012677795563890976} 	Test loss: 0.9674409
epoch: 37 time: 317.0830 
----->>>>> Training: 0.9312573727220297 0.9298291448503733 1.428228709846735 0.0
Training: 0.9297291003167629 0.9282881580293179 1.4409379959106445 	Train per: 0.5455169677734375
	Val per: {'acc': 0.4970260223048327, 'mcc': 0.005987243997193669} 	Val loss: 1.0133065
	Test per: {'acc': 0.5167612868342796, 'mcc': 0.011231972977366333} 	Test loss: 0.96540093
epoch: 38 time: 320.3125 
----->>>>> Training: 0.9308294057846069 0.9293785085901618 1.4509001094847918 0.0
Training: 0.9293032651767135 0.9278501039370894 1.4531373977661133 	Train per: 0.5453948974609375
	Val per: {'acc': 0.5019826517967781, 'mcc': 0.01570021157607855} 	Val loss: 1.0090288
	Test per: {'acc': 0.517977831846445, 'mcc': 0.016917374928896618} 	Test loss: 0.96827734
epoch: 39 time: 309.3364 
----->>>>> Training: 0.9297574106603861 0.9282815959304571 1.4758130386471748 0.0
Training: 0.9295544549822807 0.9280629670247436 1.4915024042129517 	Train per: 0.54510498046875
	Val per: {'acc': 0.49454770755885996, 'mcc': 0.0007653281878847855} 	Val loss: 1.0175055
	Test per: {'acc': 0.5177074885104083, 'mcc': 0.011204838605114958} 	Test loss: 0.96636015
epoch: 40 time: 329.1801 
----->>>>> Training: 0.9297412596642971 0.9282492147758603 1.4920478612184525 0.0
Training: 0.9283920880407095 0.926888620480895 1.5034655332565308 	Train per: 0.5447998046875
	Val per: {'acc': 0.49653035935563816, 'mcc': 0.004365332755892184} 	Val loss: 1.0161779
	Test per: {'acc': 0.5152743984860774, 'mcc': 0.008333113620736932} 	Test loss: 0.9680472
epoch: 41 time: 313.6951 
----->>>>> Training: 0.9284430695697665 0.926928692497313 1.5143789313733578 0.0
Training: 0.9268374070525169 0.9253077134490013 1.5296822786331177 	Train per: 0.5450439453125
	Val per: {'acc': 0.5017348203221809, 'mcc': 0.015088481162055476} 	Val loss: 1.0087909
	Test per: {'acc': 0.5170316301703163, 'mcc': 0.014757139455874575} 	Test loss: 0.97020125
epoch: 42 time: 322.0737 
----->>>>> Training: 0.9275342617183924 0.9260010160505772 1.5332475993782282 0.0
Training: 0.9261576663702726 0.924621595069766 1.5360519886016846 	Train per: 0.5473785400390625
	Val per: {'acc': 0.5023543990086741, 'mcc': 0.01599348423969964} 	Val loss: 1.0095143
	Test per: {'acc': 0.5150040551500406, 'mcc': 0.010978527156704207} 	Test loss: 0.97039706
epoch: 43 time: 314.8894 
----->>>>> Training: 0.9265899052843451 0.9250373505055904 1.5525535587221384 0.0
Training: 0.9261320186778903 0.9245630456134677 1.5689899921417236 	Train per: 0.5461273193359375
	Val per: {'acc': 0.5032218091697646, 'mcc': 0.016415946242422576} 	Val loss: 1.0051026
	Test per: {'acc': 0.5159502568261692, 'mcc': 0.01605496029696368} 	Test loss: 0.9722159
epoch: 44 time: 320.9699 
----->>>>> Training: 0.9257949842140079 0.9242242593318224 1.570725103840232 0.0
Training: 0.9249857254326344 0.9234106726944447 1.5750818252563477 	Train per: 0.548370361328125
	Val per: {'acc': 0.5043370508054523, 'mcc': 0.018444749144130426} 	Val loss: 1.0064548
	Test per: {'acc': 0.5164909434982428, 'mcc': 0.01821135792183911} 	Test loss: 0.97404164
epoch: 45 time: 277.7912 
----->>>>> Training: 0.9248944940045476 0.9233071291819215 1.5873641930520535 0.0
Training: 0.9236545832827687 0.92206069547683 1.5938752889633179 	Train per: 0.548248291015625
	Val per: {'acc': 0.5021065675340768, 'mcc': 0.014714579787924053} 	Val loss: 1.0083313
	Test per: {'acc': 0.5155447418221141, 'mcc': 0.01399980752608766} 	Test loss: 0.97231925
epoch: 46 time: 268.4625 
----->>>>> Training: 0.9247758975252509 0.9231789698824286 1.596927147358656 0.0
Training: 0.9238613983616233 0.9222604176029563 1.6009800434112549 	Train per: 0.5485992431640625
	Val per: {'acc': 0.5014869888475837, 'mcc': 0.012241313302563407} 	Val loss: 1.0097443
	Test per: {'acc': 0.5124357934576913, 'mcc': 0.009679299308818452} 	Test loss: 0.97398895
epoch: 47 time: 263.7976 
----->>>>> Training: 0.9236162584275007 0.9220117935910821 1.6044631879776716 0.0
Training: 0.9229532461613417 0.9213420134037733 1.611208438873291 	Train per: 0.5486907958984375
	Val per: {'acc': 0.49653035935563816, 'mcc': 0.0034311896368313718} 	Val loss: 1.0151279
	Test per: {'acc': 0.51338199513382, 'mcc': 0.0059352039882309355} 	Test loss: 0.97246516
epoch: 48 time: 256.5885 
----->>>>> Training: 0.9229717012494802 0.9213636973872781 1.6080052368342876 0.0
Training: 0.9218318713828921 0.9202208174392581 1.6110559701919556 	Train per: 0.549041748046875
	Val per: {'acc': 0.5001239157372986, 'mcc': 0.011395082889895644} 	Val loss: 1.0131739
	Test per: {'acc': 0.5151392268180589, 'mcc': 0.010208356183728243} 	Test loss: 0.9722198
epoch: 49 time: 225.5955 
----->>>>> Training: 0.9231538809835911 0.9215478003025055 1.606077279895544 0.0
Training: 0.921807112172246 0.9201975483447313 1.6095638275146484 	Train per: 0.54827880859375
	Val per: {'acc': 0.49950433705080544, 'mcc': 0.00880495145087917} 	Val loss: 1.0122081
	Test per: {'acc': 0.5145985401459854, 'mcc': 0.01244279008897825} 	Test loss: 0.97373724
epoch: 50 time: 226.2682 
----->>>>> Training: 0.9230077136307955 0.9213997470214963 1.607970591634512 0.0
Training: 0.9216050254181027 0.9199979649856687 1.6070657968521118 	Train per: 0.5494384765625
	Val per: {'acc': 0.4997521685254027, 'mcc': 0.00938169648802572} 	Val loss: 1.0113666
	Test per: {'acc': 0.5105433901054339, 'mcc': 0.0029261099107148227} 	Test loss: 0.974081
epoch: 51 time: 226.9945 
----->>>>> Training: 0.9219989646226168 0.9203916396945715 1.6073254384100437 0.0
Training: 0.9210442984476686 0.9194403374567628 1.603983759880066 	Train per: 0.549713134765625
	Val per: {'acc': 0.4952912019826518, 'mcc': 0.00018392690334992853} 	Val loss: 1.0148739
	Test per: {'acc': 0.5117599351175993, 'mcc': 0.003988356370169338} 	Test loss: 0.97321355
epoch: 52 time: 225.5993 
----->>>>> Training: 0.9223472531884909 0.9207396823912859 1.6075719762593508 0.0
Training: 0.9211668651551008 0.9195682685822248 1.598591923713684 	Train per: 0.5498504638671875
	Val per: {'acc': 0.5016109045848823, 'mcc': 0.01284730114498328} 	Val loss: 1.0082288
	Test per: {'acc': 0.512706136793728, 'mcc': 0.00923287301817128} 	Test loss: 0.975434
epoch: 53 time: 227.6159 
----->>>>> Training: 0.9214797634631395 0.9198773643001914 1.602400965988636 0.0
Training: 0.9198093460872769 0.9182072328403592 1.6021389961242676 	Train per: 0.549835205078125
	Val per: {'acc': 0.49950433705080544, 'mcc': 0.008411145257130987} 	Val loss: 1.0104144
	Test per: {'acc': 0.511624763449581, 'mcc': 0.007217157617814962} 	Test loss: 0.97452104
epoch: 54 time: 253.2971 
----->>>>> Training: 0.9207250336185098 0.9191256025806069 1.599432585760951 0.0
Training: 0.9199607502669096 0.9183539282530546 1.6068065166473389 	Train per: 0.5503082275390625
	Val per: {'acc': 0.5, 'mcc': 0.009310128998643679} 	Val loss: 1.0090898
	Test per: {'acc': 0.5128413084617465, 'mcc': 0.009500568389779605} 	Test loss: 0.97508115
epoch: 55 time: 269.1646 
----->>>>> Training: 0.9208777621388435 0.9192765671759844 1.6011976338922977 0.0
Training: 0.9192456239834428 0.9176492923870683 1.5963414907455444 	Train per: 0.550537109375
	Val per: {'acc': 0.4980173482032218, 'mcc': 0.005588415567084943} 	Val loss: 1.0123388
	Test per: {'acc': 0.5095971884293052, 'mcc': 0.0010380547164863154} 	Test loss: 0.9750919
epoch: 56 time: 272.2139 
----->>>>> Training: 0.9201042931526899 0.9185112528502941 1.593040445819497 0.0
Training: 0.9189914930611849 0.9173966515809298 1.5948419570922852 	Train per: 0.5509490966796875
	Val per: {'acc': 0.5003717472118959, 'mcc': 0.010214415735500512} 	Val loss: 1.0104929
	Test per: {'acc': 0.5108137334414706, 'mcc': 0.0057715586239018984} 	Test loss: 0.97678596
epoch: 57 time: 267.0361 
----->>>>> Training: 0.9197517046704888 0.9181567234918475 1.594981536269188 0.0
Training: 0.918624859303236 0.9170309118926525 1.5939401388168335 	Train per: 0.55096435546875
	Val per: {'acc': 0.4966542750929368, 'mcc': 0.003223865528825086} 	Val loss: 1.015572
	Test per: {'acc': 0.5118951067856178, 'mcc': 0.004899320560070587} 	Test loss: 0.97353727
epoch: 58 time: 268.4357 
----->>>>> Training: 0.9202025849372149 0.9186150785535574 1.5875068940222263 0.0
Training: 0.9192017018795013 0.9176174104213715 1.5842722654342651 	Train per: 0.5503997802734375
	Val per: {'acc': 0.49714993804213137, 'mcc': 0.004198909676956791} 	Val loss: 1.0151743
	Test per: {'acc': 0.5120302784536361, 'mcc': 0.005234449905880804} 	Test loss: 0.9753682
epoch: 59 time: 267.1562 
----->>>>> Training: 0.9190051844343543 0.9174175309017301 1.5876554865390062 0.0
Training: 0.918288592249155 0.916698757559061 1.589815378189087 	Train per: 0.5508575439453125
	Val per: {'acc': 0.49417596034696404, 'mcc': -0.0022576819995269357} 	Val loss: 1.0160695
	Test per: {'acc': 0.511624763449581, 'mcc': 0.003844193157617339} 	Test loss: 0.9747076
epoch: 60 time: 265.7413 
----->>>>> Training: 0.9193479372188449 0.9177612569183111 1.586680956184864 0.0
Training: 0.9177036080509424 0.9161170516163111 1.5865461826324463 	Train per: 0.551513671875
	Val per: {'acc': 0.4996282527881041, 'mcc': 0.009141644311401865} 	Val loss: 1.0131363
	Test per: {'acc': 0.5094620167612869, 'mcc': 0.0019931401737305144} 	Test loss: 0.9751513
epoch: 61 time: 270.4219 
----->>>>> Training: 0.9186388403177261 0.9170535253360868 1.5853175912052393 0.0
Training: 0.9175796061754227 0.9159927517175674 1.5868706703186035 	Train per: 0.5509033203125
	Val per: {'acc': 0.49739776951672865, 'mcc': 0.004007692691768802} 	Val loss: 1.0131083
	Test per: {'acc': 0.511624763449581, 'mcc': 0.006688527891490388} 	Test loss: 0.9767839
epoch: 62 time: 266.7800 
----->>>>> Training: 0.9177482295781374 0.9161636093631387 1.584616981446743 0.0
Training: 0.9166385708376765 0.9150541005656123 1.584471344947815 	Train per: 0.551239013671875
	Val per: {'acc': 0.49925650557620815, 'mcc': 0.007588947350464109} 	Val loss: 1.009397
	Test per: {'acc': 0.5118951067856178, 'mcc': 0.008399550583793202} 	Test loss: 0.9762291
epoch: 63 time: 267.2718 
----->>>>> Training: 0.9181108037009835 0.9165287110954523 1.5820920635014772 0.0
Training: 0.9174769287928939 0.9158967500552535 1.5801771879196167 	Train per: 0.549774169921875
	Val per: {'acc': 0.49739776951672865, 'mcc': 0.0027307669887576625} 	Val loss: 1.0100436
	Test per: {'acc': 0.5100027034333604, 'mcc': 0.005985561473626344} 	Test loss: 0.97878015
epoch: 64 time: 267.0959 
----->>>>> Training: 0.9177465960383415 0.9161670412868261 1.5795538648962975 0.0
Training: 0.9165714122354984 0.9149996973574162 1.5716981887817383 	Train per: 0.5510101318359375
	Val per: {'acc': 0.49913258983890957, 'mcc': 0.007026619698751652} 	Val loss: 1.009339
	Test per: {'acc': 0.5113544201135442, 'mcc': 0.007643773801370337} 	Test loss: 0.9771705
epoch: 65 time: 274.2137 
----->>>>> Training: 0.9177935300394893 0.916219281964004 1.5742441266775131 0.0
Training: 0.9173129787668586 0.9157310118898749 1.5819464921951294 	Train per: 0.5506591796875
	Val per: {'acc': 0.5028500619578686, 'mcc': 0.014155631110578874} 	Val loss: 1.0057918
	Test per: {'acc': 0.5124357934576913, 'mcc': 0.012859546744654267} 	Test loss: 0.9778951
epoch: 66 time: 275.0298 
----->>>>> Training: 0.9174472009763122 0.915872149169445 1.575048053637147 0.0
Training: 0.9157322440296412 0.9141604695469141 1.5717692375183105 	Train per: 0.5514068603515625
	Val per: {'acc': 0.49739776951672865, 'mcc': 0.0033596514727157922} 	Val loss: 1.0097337
	Test per: {'acc': 0.5098675317653419, 'mcc': 0.004785908346213153} 	Test loss: 0.97676617
epoch: 67 time: 271.4344 
----->>>>> Training: 0.9163847751915455 0.9148142831400037 1.5704922191798687 0.0
Training: 0.9151345835998654 0.9135620938614011 1.5724974870681763 	Train per: 0.552520751953125
	Val per: {'acc': 0.4982651796778191, 'mcc': 0.005917462350359542} 	Val loss: 1.009759
	Test per: {'acc': 0.5131116517977832, 'mcc': 0.010371917738512657} 	Test loss: 0.9757206
epoch: 68 time: 274.3117 
----->>>>> Training: 0.916189156472683 0.9146213550120592 1.5678000543266535 0.0
Training: 0.9148766966536641 0.9133061142638326 1.5705782175064087 	Train per: 0.5524139404296875
	Val per: {'acc': 0.49727385377943, 'mcc': 0.0036784248247945434} 	Val loss: 1.0092404
	Test per: {'acc': 0.5139226818058935, 'mcc': 0.011916208501707201} 	Test loss: 0.97577727
epoch: 69 time: 272.8469 
----->>>>> Training: 0.9155675303190947 0.9140005698427558 1.5669620856642723 0.0
Training: 0.9140714565292001 0.912504211999476 1.5672578811645508 	Train per: 0.5530853271484375
	Val per: {'acc': 0.49739776951672865, 'mcc': 0.004207518329455586} 	Val loss: 1.0107414
	Test per: {'acc': 0.512706136793728, 'mcc': 0.008802307112201235} 	Test loss: 0.97531796
epoch: 70 time: 274.9191 
----->>>>> Training: 0.9155921395868063 0.914025136269629 1.567001523450017 0.0
Training: 0.9140453189611435 0.9124809950590134 1.5643329620361328 	Train per: 0.5533905029296875
	Val per: {'acc': 0.49566294919454773, 'mcc': 0.00014093749910864994} 	Val loss: 1.0130185
	Test per: {'acc': 0.5113544201135442, 'mcc': 0.006433826361785691} 	Test loss: 0.9762556
epoch: 71 time: 269.7505 
----->>>>> Training: 0.9150501824915409 0.913484962657094 1.5652211736887693 0.0
Training: 0.9137809164822102 0.9122242219746113 1.5566813945770264 	Train per: 0.5531768798828125
	Val per: {'acc': 0.49727385377943, 'mcc': 0.003913917920618997} 	Val loss: 1.00933
	Test per: {'acc': 0.5135171668018383, 'mcc': 0.010137996789514362} 	Test loss: 0.975662
epoch: 72 time: 271.6481 
----->>>>> Training: 0.9154905145987868 0.9139300370588899 1.5604791194200516 0.0
Training: 0.9153411304578185 0.9137794887647033 1.5616202354431152 	Train per: 0.552276611328125
	Val per: {'acc': 0.49417596034696404, 'mcc': -0.0019366713254349173} 	Val loss: 1.0184394
	Test per: {'acc': 0.513787510137875, 'mcc': 0.006921537554097313} 	Test loss: 0.9753072
epoch: 73 time: 274.1445 
----->>>>> Training: 0.9152004774659872 0.9136407868936658 1.5596867706626654 0.0
Training: 0.9133395850658417 0.9117778837680817 1.5616917610168457 	Train per: 0.55255126953125
	Val per: {'acc': 0.4970260223048327, 'mcc': 0.0029255172837051153} 	Val loss: 1.0095229
	Test per: {'acc': 0.5123006217896728, 'mcc': 0.00873805881936895} 	Test loss: 0.9761334
epoch: 74 time: 268.4370 
----->>>>> Training: 0.9144391287118196 0.9128825711086392 1.5565573442727327 0.0
Training: 0.9134910348802805 0.9119277838617563 1.5632449388504028 	Train per: 0.5530853271484375
	Val per: {'acc': 0.4983890954151177, 'mcc': 0.005685083307811733} 	Val loss: 1.0124985
	Test per: {'acc': 0.5117599351175993, 'mcc': 0.008410396329324608} 	Test loss: 0.97691524
epoch: 75 time: 271.3468 
----->>>>> Training: 0.9140390623360872 0.9124773545190692 1.5617036204785109 0.0
Training: 0.9130300981923938 0.9114713771268725 1.55874502658844 	Train per: 0.5535125732421875
	Val per: {'acc': 0.4982651796778191, 'mcc': 0.005943305082608575} 	Val loss: 1.0097306
	Test per: {'acc': 0.5104082184374156, 'mcc': 0.004374176421970799} 	Test loss: 0.97535217
epoch: 76 time: 267.6998 
----->>>>> Training: 0.9140480346977711 0.9124895567074418 1.5584778375923634 0.0
Training: 0.9128545923158526 0.9112893147394061 1.565289855003357 	Train per: 0.55316162109375
	Val per: {'acc': 0.49987608426270136, 'mcc': 0.009031844969977587} 	Val loss: 1.0107752
	Test per: {'acc': 0.5102730467693971, 'mcc': 0.004925052990540916} 	Test loss: 0.9766706
epoch: 77 time: 267.2616 
----->>>>> Training: 0.9138678126037121 0.9123048102483153 1.5630031190812588 0.0
Training: 0.912679704837501 0.9111233679577708 1.5563645362854004 	Train per: 0.5536041259765625
	Val per: {'acc': 0.49950433705080544, 'mcc': 0.00805184400150567} 	Val loss: 1.0073309
	Test per: {'acc': 0.5118951067856178, 'mcc': 0.00928942572285479} 	Test loss: 0.97633487
epoch: 78 time: 265.2967 
----->>>>> Training: 0.9126273030415177 0.9110682001337409 1.5591019298881292 0.0
Training: 0.9112501870840788 0.9096912872046232 1.558878779411316 	Train per: 0.5546417236328125
	Val per: {'acc': 0.4993804213135068, 'mcc': 0.008105284806067993} 	Val loss: 1.0115784
	Test per: {'acc': 0.5114895917815626, 'mcc': 0.007105306258963401} 	Test loss: 0.976004
epoch: 79 time: 264.4506 
----->>>>> Training: 0.9129713010042906 0.9114090166985989 1.5622852891683578 0.0
Training: 0.9121024385094643 0.9105481877923012 1.5542739629745483 	Train per: 0.5530548095703125
	Val per: {'acc': 0.5024783147459727, 'mcc': 0.015254279437788093} 	Val loss: 1.0067773
	Test per: {'acc': 0.5100027034333604, 'mcc': 0.004204029944483819} 	Test loss: 0.9748605
epoch: 80 time: 263.8423 
----->>>>> Training: 0.9128699116408825 0.9113105470314622 1.559365639463067 0.0
Training: 0.9118889225646853 0.9103262675926089 1.5626683235168457 	Train per: 0.553985595703125
	Val per: {'acc': 0.5007434944237918, 'mcc': 0.010814117841754498} 	Val loss: 1.0077384
	Test per: {'acc': 0.5113544201135442, 'mcc': 0.007859742796823437} 	Test loss: 0.9752512
epoch: 81 time: 269.2125 
----->>>>> Training: 0.9127617469057441 0.9112003520131111 1.5613967832177877 0.0
Training: 0.9117345530539751 0.9101728517562151 1.5617012977600098 	Train per: 0.5530853271484375
	Val per: {'acc': 0.5002478314745973, 'mcc': 0.009035616090075993} 	Val loss: 1.0067874
	Test per: {'acc': 0.5104082184374156, 'mcc': 0.006901665525607838} 	Test loss: 0.97674096
epoch: 82 time: 268.3814 
----->>>>> Training: 0.9121518405154347 0.9105884777382016 1.5633629839867353 0.0
Training: 0.9106483664363623 0.9090916709974408 1.556713342666626 	Train per: 0.5547332763671875
	Val per: {'acc': 0.5001239157372986, 'mcc': 0.010030120539488006} 	Val loss: 1.0099847
	Test per: {'acc': 0.5101378751013788, 'mcc': 0.004123916830600288} 	Test loss: 0.9759813
epoch: 83 time: 268.8679 
----->>>>> Training: 0.9122130554169416 0.9106497820466757 1.563272774219513 0.0
Training: 0.910859102383256 0.9092935267835855 1.5655639171600342 	Train per: 0.555023193359375
	Val per: {'acc': 0.4980173482032218, 'mcc': 0.006086017023171797} 	Val loss: 1.0128416
	Test per: {'acc': 0.514463368477967, 'mcc': 0.011355086554049853} 	Test loss: 0.97428477
epoch: 84 time: 263.6531 
----->>>>> Training: 0.9108260190114379 0.9092606529593468 1.5653677005320787 0.0
Training: 0.9095701882615685 0.9080077717080712 1.5623990297317505 	Train per: 0.5551300048828125
	Val per: {'acc': 0.5021065675340768, 'mcc': 0.014140463982163865} 	Val loss: 1.0086544
	Test per: {'acc': 0.5104082184374156, 'mcc': 0.004971847198723329} 	Test loss: 0.9761254
epoch: 85 time: 263.7116 
----->>>>> Training: 0.9106072578579187 0.9090399816632271 1.5672721210867167 0.0
Training: 0.9092548470944166 0.9076844435185194 1.570396900177002 	Train per: 0.5554962158203125
	Val per: {'acc': 0.5007434944237918, 'mcc': 0.011651261883218742} 	Val loss: 1.0111091
	Test per: {'acc': 0.5110840767775074, 'mcc': 0.005711382445399432} 	Test loss: 0.9753998
epoch: 86 time: 263.3770 
----->>>>> Training: 0.910309387370944 0.9087383300065994 1.5710565578192472 0.0
Training: 0.908995857462287 0.9074364807456732 1.559371829032898 	Train per: 0.555419921875
	Val per: {'acc': 0.49925650557620815, 'mcc': 0.00824238985644773} 	Val loss: 1.0106661
	Test per: {'acc': 0.5100027034333604, 'mcc': 0.0033504488026808036} 	Test loss: 0.9762318
epoch: 87 time: 264.3486 
----->>>>> Training: 0.9103984320536256 0.9088302375748754 1.5681940130889416 0.0
Training: 0.9092240380123258 0.9076571511104703 1.5668752193450928 	Train per: 0.5550994873046875
	Val per: {'acc': 0.49789343246592316, 'mcc': 0.00542301522724304} 	Val loss: 1.0126226
	Test per: {'acc': 0.5110840767775074, 'mcc': 0.005020111684735867} 	Test loss: 0.97637874
epoch: 88 time: 265.1840 
----->>>>> Training: 0.9103961186483502 0.9088239064440131 1.5722130853682756 0.0
Training: 0.9091777252033353 0.9076101230457425 1.5676289796829224 	Train per: 0.5548095703125
	Val per: {'acc': 0.501363073110285, 'mcc': 0.012034540858188152} 	Val loss: 1.0093615
	Test per: {'acc': 0.5093268450932684, 'mcc': 0.0038512428704362547} 	Test loss: 0.9777301
epoch: 89 time: 263.6607 
----->>>>> Training: 0.9097082735970616 0.9081374043598771 1.5708686280995607 0.0
Training: 0.9083834793418646 0.906812122091651 1.5713578462600708 	Train per: 0.555938720703125
	Val per: {'acc': 0.5, 'mcc': 0.010414735059492086} 	Val loss: 1.0112774
	Test per: {'acc': 0.5114895917815626, 'mcc': 0.005794638909118067} 	Test loss: 0.9753818
epoch: 90 time: 261.6813 
----->>>>> Training: 0.9090179111808538 0.9074474694207311 1.57044074870646 0.0
Training: 0.9079692717641592 0.9064011927694082 1.568074345588684 	Train per: 0.5549163818359375
	Val per: {'acc': 0.5004956629491946, 'mcc': 0.010759422172267698} 	Val loss: 1.007181
	Test per: {'acc': 0.5118951067856178, 'mcc': 0.007627680635753952} 	Test loss: 0.9749224
epoch: 91 time: 270.9460 
----->>>>> Training: 0.9090324202552438 0.9074577623978257 1.5746560599654913 0.0
Training: 0.9077620599418879 0.9061887953430414 1.5732365846633911 	Train per: 0.55584716796875
	Val per: {'acc': 0.4988847583643123, 'mcc': 0.008514003397284902} 	Val loss: 1.0125803
	Test per: {'acc': 0.5124357934576913, 'mcc': 0.005796601756025267} 	Test loss: 0.974288
epoch: 92 time: 267.2128 
----->>>>> Training: 0.9089325563982129 0.9073584228754044 1.5741324909031391 0.0
Training: 0.9081294983625412 0.9065596908330917 1.5697932243347168 	Train per: 0.5550994873046875
	Val per: {'acc': 0.5003717472118959, 'mcc': 0.010159175900052164} 	Val loss: 1.0049503
	Test per: {'acc': 0.5110840767775074, 'mcc': 0.007545115711442223} 	Test loss: 0.9755855
epoch: 93 time: 272.4456 
----->>>>> Training: 0.9089200766757131 0.9073432255536318 1.5768510829657316 0.0
Training: 0.9085485078394413 0.9069716073572636 1.5768954753875732 	Train per: 0.5552825927734375
	Val per: {'acc': 0.50272614622057, 'mcc': 0.015000861824740402} 	Val loss: 1.0036869
	Test per: {'acc': 0.5120302784536361, 'mcc': 0.01025577704079003} 	Test loss: 0.97507167
epoch: 94 time: 268.6617 
----->>>>> Training: 0.9093792494386435 0.9078051932156086 1.5740561578422785 0.0
Training: 0.9088624762371182 0.9072861718013883 1.5762912034988403 	Train per: 0.555084228515625
	Val per: {'acc': 0.5024783147459727, 'mcc': 0.014504262632768857} 	Val loss: 1.0040717
	Test per: {'acc': 0.5113544201135442, 'mcc': 0.008934769238517987} 	Test loss: 0.9751657
epoch: 95 time: 266.9125 
----->>>>> Training: 0.9084467850625515 0.906872883439064 1.5739009138196707 0.0
Training: 0.9070760160684586 0.9054962545633316 1.579755425453186 	Train per: 0.556396484375
	Val per: {'acc': 0.5001239157372986, 'mcc': 0.009304283839974076} 	Val loss: 1.0066847
	Test per: {'acc': 0.5101378751013788, 'mcc': 0.005752734614631566} 	Test loss: 0.9762016
epoch: 96 time: 263.4996 
----->>>>> Training: 0.9080456923693419 0.906469932757318 1.5757591910660267 0.0
Training: 0.9068312803283334 0.9052503863349557 1.580902099609375 	Train per: 0.5560455322265625
	Val per: {'acc': 0.5001239157372986, 'mcc': 0.009304283839974076} 	Val loss: 1.0083926
	Test per: {'acc': 0.5102730467693971, 'mcc': 0.006265875388978996} 	Test loss: 0.9765135
epoch: 97 time: 263.8742 
----->>>>> Training: 0.9080154048278928 0.9064389951527119 1.5764075927436352 0.0
Training: 0.9066625367850065 0.9050843846052885 1.578143835067749 	Train per: 0.5565948486328125
	Val per: {'acc': 0.49987608426270136, 'mcc': 0.009427392572310051} 	Val loss: 1.0092139
	Test per: {'acc': 0.5100027034333604, 'mcc': 0.004109521243152421} 	Test loss: 0.975342
epoch: 98 time: 262.7746 
----->>>>> Training: 0.907029839232564 0.905451575294137 1.5782645791769028 0.0
Training: 0.9073454067111015 0.9057690426707268 1.5763535499572754 	Train per: 0.5563812255859375
	Val per: {'acc': 0.49566294919454773, 'mcc': 9.528496077603003e-05} 	Val loss: 1.0144463
	Test per: {'acc': 0.5102730467693971, 'mcc': 0.0035049739028509778} 	Test loss: 0.9768417
epoch: 99 time: 263.6267 
----->>>>> Training: 0.9080217620357871 0.9064411222934723 1.580640321597457 0.0
Training: 0.906391660682857 0.904820422641933 1.571250557899475 	Train per: 0.555908203125
	Val per: {'acc': 0.49925650557620815, 'mcc': 0.008460879859455856} 	Val loss: 1.0090173
	Test per: {'acc': 0.5145985401459854, 'mcc': 0.012472961257655912} 	Test loss: 0.97349924
epoch: 100 time: 264.3512 
----->>>>> Training: 0.9073715126141906 0.9057945869863033 1.5769272241741419 0.0
Training: 0.9075836539268494 0.9059981107711792 1.5855470895767212 	Train per: 0.5561676025390625
	Val per: {'acc': 0.4980173482032218, 'mcc': 0.004325118079195916} 	Val loss: 1.0114614
	Test per: {'acc': 0.5100027034333604, 'mcc': 0.0053945294469627085} 	Test loss: 0.97704446
epoch: 101 time: 224.5235 
----->>>>> Training: 0.9067143574357033 0.9051346154883504 1.5797425583004951 0.0
Training: 0.9052818911150098 0.903699685819447 1.5821913480758667 	Train per: 0.5576019287109375
	Val per: {'acc': 0.49727385377943, 'mcc': 0.0031674180326907862} 	Val loss: 1.0094357
	Test per: {'acc': 0.5112192484455258, 'mcc': 0.007563443644586585} 	Test loss: 0.97543174
epoch: 102 time: 223.3754 
----->>>>> Training: 0.9057606961578131 0.9041787320747972 1.5819649137556553 0.0
Training: 0.9051565583795309 0.9035749491304159 1.581599235534668 	Train per: 0.5571746826171875
	Val per: {'acc': 0.5006195786864932, 'mcc': 0.010453676158528574} 	Val loss: 1.003671
	Test per: {'acc': 0.51338199513382, 'mcc': 0.013080891768114203} 	Test loss: 0.9745195
epoch: 103 time: 243.3231 
----->>>>> Training: 0.9069060562178493 0.905323282815516 1.582776714116335 0.0
Training: 0.9049956565722823 0.9034047489985824 1.5909053087234497 	Train per: 0.5581512451171875
	Val per: {'acc': 0.49814126394052044, 'mcc': 0.004734038774205248} 	Val loss: 1.0087475
	Test per: {'acc': 0.5112192484455258, 'mcc': 0.008701324769465139} 	Test loss: 0.97672224
epoch: 104 time: 305.2740 
----->>>>> Training: 0.905713333748281 0.9041295582428575 1.5837738793343306 0.0
Training: 0.905223960056901 0.903642887249589 1.5810472965240479 	Train per: 0.5573883056640625
	Val per: {'acc': 0.5004956629491946, 'mcc': 0.009851148244099233} 	Val loss: 1.003838
	Test per: {'acc': 0.5140578534739119, 'mcc': 0.015623869199349381} 	Test loss: 0.975597
epoch: 105 time: 305.1409 
----->>>>> Training: 0.9060444552451372 0.9044647254049778 1.579729987308383 0.0
Training: 0.9046117318794131 0.9030306590721011 1.58109712600708 	Train per: 0.5573883056640625
	Val per: {'acc': 0.49814126394052044, 'mcc': 0.005779077029333323} 	Val loss: 1.0093501
	Test per: {'acc': 0.51338199513382, 'mcc': 0.010541339945954482} 	Test loss: 0.97470385
epoch: 106 time: 315.5458 
----->>>>> Training: 0.9055327298119664 0.9039509883150458 1.58173949085176 0.0
Training: 0.904368506744504 0.9027811754494905 1.5873570442199707 	Train per: 0.5581512451171875
	Val per: {'acc': 0.5022304832713754, 'mcc': 0.014691398253902983} 	Val loss: 1.0078062
	Test per: {'acc': 0.5132468234658015, 'mcc': 0.011277257410441268} 	Test loss: 0.9757527
epoch: 107 time: 317.2439 
----->>>>> Training: 0.9061876852065325 0.9046024521812797 1.5852335654199123 0.0
Training: 0.9051437648013234 0.9035660894587636 1.5776923894882202 	Train per: 0.557830810546875
	Val per: {'acc': 0.49925650557620815, 'mcc': 0.007879508275401351} 	Val loss: 1.0082834
	Test per: {'acc': 0.5124357934576913, 'mcc': 0.009648727534464724} 	Test loss: 0.9761421
epoch: 108 time: 322.4503 
----->>>>> Training: 0.905212877318263 0.9036307521164417 1.5821259263902903 0.0
Training: 0.9045343706384301 0.9029560992494226 1.5782824754714966 	Train per: 0.558013916015625
	Val per: {'acc': 0.5006195786864932, 'mcc': 0.012319332115265131} 	Val loss: 1.0063686
	Test per: {'acc': 0.513787510137875, 'mcc': 0.01009532638654146} 	Test loss: 0.9725331
epoch: 109 time: 308.7865 
----->>>>> Training: 0.9055248033255339 0.9039426492527127 1.582156041637063 0.0
Training: 0.9044536529108882 0.9028728781268001 1.5807664394378662 	Train per: 0.55755615234375
	Val per: {'acc': 0.5023543990086741, 'mcc': 0.013807384310427755} 	Val loss: 1.0037475
	Test per: {'acc': 0.5131116517977832, 'mcc': 0.013722704156220992} 	Test loss: 0.9759924
epoch: 110 time: 314.7335 
----->>>>> Training: 0.9050832903012633 0.9035035567358136 1.5797343757003546 0.0
Training: 0.9035384440794587 0.9019551062956452 1.5833460092544556 	Train per: 0.55853271484375
	Val per: {'acc': 0.5003717472118959, 'mcc': 0.01067666116560259} 	Val loss: 1.0089809
	Test per: {'acc': 0.5123006217896728, 'mcc': 0.008891779413503501} 	Test loss: 0.9753254
epoch: 111 time: 312.8356 
----->>>>> Training: 0.9050466129556298 0.9034672267735004 1.5793855506926775 0.0
Training: 0.9034353056922555 0.9018575707450509 1.5777336359024048 	Train per: 0.558624267578125
	Val per: {'acc': 0.5011152416356878, 'mcc': 0.011761027902279324} 	Val loss: 1.0049007
	Test per: {'acc': 0.5129764801297648, 'mcc': 0.012106811117680078} 	Test loss: 0.97490895
epoch: 112 time: 314.5444 
----->>>>> Training: 0.9045306611806154 0.9029513467103243 1.579312413930893 0.0
Training: 0.9036531439051032 0.902072130702436 1.581018328666687 	Train per: 0.55926513671875
	Val per: {'acc': 0.5002478314745973, 'mcc': 0.010838331126820169} 	Val loss: 1.0093322
	Test per: {'acc': 0.5132468234658015, 'mcc': 0.009692072534565046} 	Test loss: 0.9746737
epoch: 113 time: 316.0979 
----->>>>> Training: 0.9044718537479639 0.9028909113258123 1.580941854044795 0.0
Training: 0.9030646570026875 0.9014838822185993 1.580751657485962 	Train per: 0.55902099609375
	Val per: {'acc': 0.5016109045848823, 'mcc': 0.013255930155862973} 	Val loss: 1.0057697
	Test per: {'acc': 0.5121654501216545, 'mcc': 0.009544917088539526} 	Test loss: 0.9744543
epoch: 114 time: 321.6046 
----->>>>> Training: 0.9039543578401208 0.9023735970258713 1.5807594694197178 0.0
Training: 0.903008347377181 0.9014311488717794 1.5771687030792236 	Train per: 0.558258056640625
	Val per: {'acc': 0.5012391573729864, 'mcc': 0.01349300927181473} 	Val loss: 1.0065541
	Test per: {'acc': 0.513787510137875, 'mcc': 0.010187221646949981} 	Test loss: 0.9732996
epoch: 115 time: 308.3166 
----->>>>> Training: 0.9044579705223441 0.9028787333518267 1.5792323853820562 0.0
Training: 0.9038652880117297 0.9022845728322864 1.5806962251663208 	Train per: 0.5586700439453125
	Val per: {'acc': 0.5021065675340768, 'mcc': 0.013498110579395987} 	Val loss: 1.0078306
	Test per: {'acc': 0.5124357934576913, 'mcc': 0.010897226708542545} 	Test loss: 0.97589326
epoch: 116 time: 313.1361 
----->>>>> Training: 0.9043330205604434 0.90275061968714 1.5824053008109331 0.0
Training: 0.9025578498840332 0.9009731411933899 1.5846816301345825 	Train per: 0.5583648681640625
	Val per: {'acc': 0.5023543990086741, 'mcc': 0.014851248076262301} 	Val loss: 1.0055052
	Test per: {'acc': 0.5139226818058935, 'mcc': 0.013151116091789775} 	Test loss: 0.9753099
epoch: 117 time: 310.2415 
----->>>>> Training: 0.9029175546020269 0.9013313734903932 1.5861824471503496 0.0
Training: 0.9011270077899098 0.899544027633965 1.5830081701278687 	Train per: 0.5598907470703125
	Val per: {'acc': 0.5002478314745973, 'mcc': 0.010254793167311663} 	Val loss: 1.0064108
	Test per: {'acc': 0.5139226818058935, 'mcc': 0.01297095813132342} 	Test loss: 0.9749816
epoch: 118 time: 303.8862 
----->>>>> Training: 0.9020243752747774 0.9004415636882186 1.58281359821558 0.0
Training: 0.9031243612989783 0.9015369107946754 1.5874295234680176 	Train per: 0.5578460693359375
	Val per: {'acc': 0.5032218091697646, 'mcc': 0.014388925511447713} 	Val loss: 1.0004355
	Test per: {'acc': 0.5098675317653419, 'mcc': 0.009896180193047254} 	Test loss: 0.97749233
epoch: 119 time: 309.8551 
----->>>>> Training: 0.9036440188065171 0.9020575117319822 1.5865071788430214 0.0
Training: 0.9019737560302019 0.9003850538283587 1.5886995792388916 	Train per: 0.559173583984375
	Val per: {'acc': 0.5039653035935564, 'mcc': 0.017023359484731448} 	Val loss: 1.0038925
	Test per: {'acc': 0.5098675317653419, 'mcc': 0.007605282252706909} 	Test loss: 0.97690606
epoch: 120 time: 318.6325 
----->>>>> Training: 0.9033386306837201 0.901753063313663 1.5855638645589352 0.0
Training: 0.9041892644017935 0.9026012774556875 1.5880038738250732 	Train per: 0.5575714111328125
	Val per: {'acc': 0.5039653035935564, 'mcc': 0.015499719068387824} 	Val loss: 1.0035694
	Test per: {'acc': 0.5091916734252501, 'mcc': 0.009115958659680892} 	Test loss: 0.9795661
epoch: 121 time: 307.6145 
----->>>>> Training: 0.9031267389655113 0.9015437169000506 1.5830194912850857 0.0
Training: 0.901786713860929 0.9002089789137244 1.5777300596237183 	Train per: 0.560333251953125
	Val per: {'acc': 0.5001239157372986, 'mcc': 0.009024287609051182} 	Val loss: 1.0050858
	Test per: {'acc': 0.5114895917815626, 'mcc': 0.009991936524853886} 	Test loss: 0.9754382
epoch: 122 time: 313.9564 
----->>>>> Training: 0.9018987128511071 0.9003129648044705 1.5857499912381172 0.0
Training: 0.9008778221905231 0.8992903716862202 1.587475061416626 	Train per: 0.561370849609375
	Val per: {'acc': 0.49987608426270136, 'mcc': 0.01004454609867972} 	Val loss: 1.0089087
	Test per: {'acc': 0.512706136793728, 'mcc': 0.008987017329933} 	Test loss: 0.9748959
epoch: 123 time: 313.1543 
----->>>>> Training: 0.9032764239236712 0.9016912197694182 1.5852069072425365 0.0
Training: 0.902036220766604 0.9004513928666711 1.5848180055618286 	Train per: 0.5597686767578125
	Val per: {'acc': 0.4993804213135068, 'mcc': 0.008212342435166666} 	Val loss: 1.0052011
	Test per: {'acc': 0.5114895917815626, 'mcc': 0.007786122068222586} 	Test loss: 0.9754215
epoch: 124 time: 318.5630 
----->>>>> Training: 0.9022719440981746 0.9006882132962346 1.583730785176158 0.0
Training: 0.9004709729924798 0.8988869795575738 1.5839881896972656 	Train per: 0.560333251953125
	Val per: {'acc': 0.5011152416356878, 'mcc': 0.012147583853081359} 	Val loss: 1.0057096
	Test per: {'acc': 0.5145985401459854, 'mcc': 0.014362001068688892} 	Test loss: 0.97518337
epoch: 125 time: 316.1421 
----->>>>> Training: 0.9015012830495834 0.8999188104644418 1.5824699606746435 0.0
Training: 0.9003921151161194 0.898810088634491 1.5820246934890747 	Train per: 0.5606536865234375
	Val per: {'acc': 0.5029739776951673, 'mcc': 0.015526572502069525} 	Val loss: 1.0045716
	Test per: {'acc': 0.5128413084617465, 'mcc': 0.01217415493593238} 	Test loss: 0.97619176
epoch: 126 time: 316.1828 
----->>>>> Training: 0.9017334599047899 0.9001524792984128 1.5809774082154036 0.0
Training: 0.9007939826697111 0.8992114793509245 1.5825220346450806 	Train per: 0.5608062744140625
	Val per: {'acc': 0.5004956629491946, 'mcc': 0.011910823935220654} 	Val loss: 1.0062698
	Test per: {'acc': 0.5108137334414706, 'mcc': 0.004071194299117876} 	Test loss: 0.97481215
epoch: 127 time: 315.1086 
----->>>>> Training: 0.9012061823159456 0.8996207667514682 1.5854140035808086 0.0
Training: 0.9006151081994176 0.8990354062989354 1.579675316810608 	Train per: 0.56060791015625
	Val per: {'acc': 0.5014869888475837, 'mcc': 0.013019234720841133} 	Val loss: 1.0015815
	Test per: {'acc': 0.5114895917815626, 'mcc': 0.008494195072085334} 	Test loss: 0.97451156
epoch: 128 time: 312.1529 
----->>>>> Training: 0.9022335764020681 0.9006517603993416 1.5818157363682985 0.0
Training: 0.9010907802730799 0.8995098266750574 1.5809422731399536 	Train per: 0.560302734375
	Val per: {'acc': 0.50272614622057, 'mcc': 0.014361934198242853} 	Val loss: 1.0057659
	Test per: {'acc': 0.5091916734252501, 'mcc': 0.005491399835524099} 	Test loss: 0.9789785
epoch: 129 time: 324.8863 
----->>>>> Training: 0.9014107380062342 0.8998273108154535 1.583427108824253 0.0
Training: 0.9022366786375642 0.9006525659933686 1.5840893983840942 	Train per: 0.5590972900390625
	Val per: {'acc': 0.5035935563816605, 'mcc': 0.017130565810194388} 	Val loss: 0.99895006
	Test per: {'acc': 0.5123006217896728, 'mcc': 0.011117979484029346} 	Test loss: 0.97449666
epoch: 130 time: 322.2494 
----->>>>> Training: 0.9015036225318909 0.8999202931299806 1.5833302214741707 0.0
Training: 0.900130189023912 0.8985523944720626 1.5777713060379028 	Train per: 0.5608367919921875
	Val per: {'acc': 0.5050805452292441, 'mcc': 0.01990636932992979} 	Val loss: 1.0002428
	Test per: {'acc': 0.5148688834820222, 'mcc': 0.017586692432574758} 	Test loss: 0.97539544
epoch: 131 time: 321.2598 
----->>>>> Training: 0.9001676999032497 0.8985868282616138 1.580872954800725 0.0
Training: 0.8997290963307023 0.8981403345242143 1.5887855291366577 	Train per: 0.5618438720703125
	Val per: {'acc': 0.5026022304832714, 'mcc': 0.015079773981720494} 	Val loss: 1.0066737
	Test per: {'acc': 0.5118951067856178, 'mcc': 0.00895253416716221} 	Test loss: 0.97672933
epoch: 132 time: 319.9722 
----->>>>> Training: 0.9008197905495763 0.8992383144795895 1.5814770627766848 0.0
Training: 0.8996577272191644 0.8980728397145867 1.584899663925171 	Train per: 0.5616607666015625
	Val per: {'acc': 0.5030978934324659, 'mcc': 0.016243637423309976} 	Val loss: 1.0059972
	Test per: {'acc': 0.5104082184374156, 'mcc': 0.0059092711847589015} 	Test loss: 0.97771794
epoch: 133 time: 317.0036 
----->>>>> Training: 0.9007712043821812 0.8991888957098126 1.5823117848485708 0.0
Training: 0.8990432322025299 0.8974638283252716 1.5793827772140503 	Train per: 0.56195068359375
	Val per: {'acc': 0.5032218091697646, 'mcc': 0.01646196447932691} 	Val loss: 0.9997448
	Test per: {'acc': 0.5143281968099487, 'mcc': 0.015289853148341213} 	Test loss: 0.97560054
epoch: 134 time: 320.1890 
----->>>>> Training: 0.900444800965488 0.8988627335056663 1.582071477547288 0.0
Training: 0.900178617797792 0.8985957568511367 1.582861065864563 	Train per: 0.5605621337890625
	Val per: {'acc': 0.5012391573729864, 'mcc': 0.013947786921708602} 	Val loss: 1.0078828
	Test per: {'acc': 0.5100027034333604, 'mcc': 0.0011344456309737732} 	Test loss: 0.9748763
epoch: 135 time: 324.6552 
----->>>>> Training: 0.9011205341666937 0.8995402622967958 1.580271489918232 0.0
Training: 0.899979455396533 0.8983949851244688 1.5844483375549316 	Train per: 0.5610504150390625
	Val per: {'acc': 0.5037174721189591, 'mcc': 0.016710451005505465} 	Val loss: 1.003405
	Test per: {'acc': 0.5110840767775074, 'mcc': 0.009049696278255298} 	Test loss: 0.9779715
epoch: 136 time: 318.5723 
----->>>>> Training: 0.8997935820370913 0.8982100216671824 1.5835608933120966 0.0
Training: 0.8992043072357774 0.8976253205910325 1.5789674520492554 	Train per: 0.56170654296875
	Val per: {'acc': 0.5016109045848823, 'mcc': 0.01408741097297143} 	Val loss: 1.0020901
	Test per: {'acc': 0.5139226818058935, 'mcc': 0.011976669549308393} 	Test loss: 0.9749716
epoch: 137 time: 325.4476 
----->>>>> Training: 0.9008378935977817 0.8992557339370251 1.5821616165339947 0.0
Training: 0.8991405740380287 0.8975583091378212 1.5822550058364868 	Train per: 0.5616607666015625
	Val per: {'acc': 0.5028500619578686, 'mcc': 0.015775492485539024} 	Val loss: 1.003952
	Test per: {'acc': 0.5118951067856178, 'mcc': 0.008768448395295112} 	Test loss: 0.9770958
epoch: 138 time: 318.1657 
----->>>>> Training: 0.8995011560618877 0.897917584516108 1.583572631701827 0.0
Training: 0.8980849087238312 0.8965069949626923 1.5779376029968262 	Train per: 0.5624847412109375
	Val per: {'acc': 0.5006195786864932, 'mcc': 0.01144143030364909} 	Val loss: 1.0043626
	Test per: {'acc': 0.5141930251419302, 'mcc': 0.012481819373615517} 	Test loss: 0.97548693
epoch: 139 time: 310.7132 
----->>>>> Training: 0.8993639824911952 0.897782051935792 1.5819295402616262 0.0
Training: 0.8984654769301414 0.8968829736113548 1.5825031995773315 	Train per: 0.5620574951171875
	Val per: {'acc': 0.5018587360594795, 'mcc': 0.012537125356091253} 	Val loss: 1.0015366
	Test per: {'acc': 0.5152743984860774, 'mcc': 0.018522422996411457} 	Test loss: 0.97800016
epoch: 140 time: 317.1605 
----->>>>> Training: 0.8985883155837655 0.8970035938546062 1.5847188029438257 0.0
Training: 0.8976518968120217 0.8960652807727456 1.5865974426269531 	Train per: 0.5623779296875
	Val per: {'acc': 0.5014869888475837, 'mcc': 0.011481440917191827} 	Val loss: 1.0020361
	Test per: {'acc': 0.5118951067856178, 'mcc': 0.01217260820429437} 	Test loss: 0.9783249
epoch: 141 time: 310.4466 
----->>>>> Training: 0.8993518212810159 0.8977674953639507 1.5843249671161175 0.0
Training: 0.897621818818152 0.8960397923365235 1.5820345878601074 	Train per: 0.56243896484375
	Val per: {'acc': 0.5023543990086741, 'mcc': 0.014866396271927106} 	Val loss: 1.0036062
	Test per: {'acc': 0.5124357934576913, 'mcc': 0.009832062100250866} 	Test loss: 0.97592485
epoch: 142 time: 314.3062 
----->>>>> Training: 0.8987372601404786 0.8971550669521093 1.58219613134861 0.0
Training: 0.8992609921842813 0.8976791445165873 1.5818179845809937 	Train per: 0.5604095458984375
	Val per: {'acc': 0.4977695167286245, 'mcc': 0.005982171943209209} 	Val loss: 1.0082204
	Test per: {'acc': 0.5108137334414706, 'mcc': 0.0024375567248879834} 	Test loss: 0.976457
epoch: 143 time: 320.9658 
----->>>>> Training: 0.8991230418905616 0.8975410079583526 1.5820346549153328 0.0
Training: 0.8974730623885989 0.8958910955116153 1.581956148147583 	Train per: 0.563079833984375
	Val per: {'acc': 0.5021065675340768, 'mcc': 0.01433476282028665} 	Val loss: 1.0033989
	Test per: {'acc': 0.5117599351175993, 'mcc': 0.00850265133801647} 	Test loss: 0.976978
epoch: 144 time: 320.9023 
----->>>>> Training: 0.8993899999186397 0.8978081718087196 1.5818255227059126 0.0
Training: 0.8998315958306193 0.8982537416741252 1.5778782367706299 	Train per: 0.5609130859375
	Val per: {'acc': 0.5023543990086741, 'mcc': 0.014655499346078222} 	Val loss: 1.0058815
	Test per: {'acc': 0.5118951067856178, 'mcc': 0.008522626595801726} 	Test loss: 0.9766083
epoch: 145 time: 313.2190 
----->>>>> Training: 0.898534239269793 0.8969551688060164 1.579070033505559 0.0
Training: 0.8975454354658723 0.8959710383787751 1.5744158029556274 	Train per: 0.5618743896484375
	Val per: {'acc': 0.5007434944237918, 'mcc': 0.012212229188573735} 	Val loss: 1.003792
	Test per: {'acc': 0.5123006217896728, 'mcc': 0.007563523339214645} 	Test loss: 0.97585034
epoch: 146 time: 318.6866 
----->>>>> Training: 0.8987046359106898 0.8971251817420125 1.5794521104544401 0.0
Training: 0.8974711764603853 0.8958901632577181 1.5810035467147827 	Train per: 0.5631103515625
	Val per: {'acc': 0.5021065675340768, 'mcc': 0.014410068065101974} 	Val loss: 1.0041637
	Test per: {'acc': 0.51338199513382, 'mcc': 0.011452887442177675} 	Test loss: 0.97626895
epoch: 147 time: 319.3747 
----->>>>> Training: 0.8983929678797722 0.8968100808560848 1.5828862749040127 0.0
Training: 0.8976880460977554 0.8961050063371658 1.5830228328704834 	Train per: 0.5626220703125
	Val per: {'acc': 0.4993804213135068, 'mcc': 0.009021900068721576} 	Val loss: 1.0052336
	Test per: {'acc': 0.5117599351175993, 'mcc': 0.0068941734297316495} 	Test loss: 0.97694504
epoch: 148 time: 319.1337 
----->>>>> Training: 0.8982326723635197 0.8966523893177509 1.5802861284464598 0.0
Training: 0.8978468077257276 0.8962730066850781 1.5737863779067993 	Train per: 0.5621795654296875
	Val per: {'acc': 0.5023543990086741, 'mcc': 0.015961150018457246} 	Val loss: 1.0014946
	Test per: {'acc': 0.5129764801297648, 'mcc': 0.009093056783026627} 	Test loss: 0.974108
epoch: 149 time: 313.4628 

Best Valid performance: {'acc': 0.5050805452292441, 'mcc': 0.01990636932992979}
	Best Test performance: {'acc': 0.5148688834820222, 'mcc': 0.017586692432574758}
