Namespace(path='./data/kdd17/ourpped/', seq=5, unit=4, alpha_l2=0.001, beta_adv=0.05, epsilon_adv=0.001, step=1, batch_size=1024, epoch=150, learning_rate=0.001, gpu=0, model_path='./saved_model/acl18_alstm/exp', model_save_path='./tmp/model', action='train', model='pure_lstm', fix_init=1, att=1, week=0, adv=1, hinge_lose=1, reload=0, resnet=0)
50  tickers selected
2518 trading dates:
0 2014 2266
64644  training instances
8070  validation instances
7398  testing instances
Tensor("Shape:0", shape=(3,), dtype=int32)
is pred_lstm
device name: /cpu:0
Shape of self.combined_features: [None, 5, 4]
adversarial scope
adversial part
gradient noise
adversial part
Metal device set to: Apple M1 Pro

systemMemory: 16.00 GB
maxCacheSize: 5.33 GB

----->>>>> Training: 1.051425602287054 0.9997791927307844 1.2200986482203007 1.008526112884283
Training: 1.0499883070588112 0.9985301531851292 1.1688841581344604 	Train per: 0.509918212890625
	Val per: {'acc': 0.48736059479553906, 'mcc': -0.019640531274333035} 	Val loss: 1.0013474
	Test per: {'acc': 0.5164909434982428, 'mcc': 0.012175827908115467} 	Test loss: 0.9988249
epoch: 0 time: 6.6728 
----->>>>> Training: 1.048950705677271 0.9975672941654921 1.120530478656292 1.0052576884627342
Training: 1.0474538337439299 0.9961883667856455 1.0721853971481323 	Train per: 0.515899658203125
	Val per: {'acc': 0.4982651796778191, 'mcc': 0.017442081471438085} 	Val loss: 1.000101
	Test per: {'acc': 0.5123006217896728, 'mcc': -0.029116850905186595} 	Test loss: 0.99604833
epoch: 1 time: 5.8076 
----->>>>> Training: 1.0455601681023836 0.9943661130964756 1.0300440760329366 1.0032800734043121
Training: 1.0433021560311317 0.9921903610229492 0.9905186891555786 	Train per: 0.51947021484375
	Val per: {'acc': 0.501363073110285, 'mcc': 0.024949316555470755} 	Val loss: 0.9966802
	Test per: {'acc': 0.5151392268180589, 'mcc': -0.01041446182192053} 	Test loss: 0.9917369
epoch: 2 time: 6.0364 
----->>>>> Training: 1.0410119090229273 0.9899440510198474 0.9617889169603586 1.002121347002685
Training: 1.037543572485447 0.9865762703120708 0.9392423629760742 	Train per: 0.5201873779296875
	Val per: {'acc': 0.5029739776951673, 'mcc': 0.027824197028229695} 	Val loss: 0.99327856
	Test per: {'acc': 0.519735063530684, 'mcc': 0.005735643084977861} 	Test loss: 0.98404115
epoch: 3 time: 5.8854 
----->>>>> Training: 1.0329766646027565 0.9821215942502022 0.9313182197511196 0.9984750133007765
Training: 1.0275685787200928 0.9768510842695832 0.9392012357711792 	Train per: 0.518951416015625
	Val per: {'acc': 0.4993804213135068, 'mcc': 0.023397256541758782} 	Val loss: 0.98986167
	Test per: {'acc': 0.5233846985671803, 'mcc': 0.009453642802286173} 	Test loss: 0.96936923
epoch: 4 time: 5.5547 
----->>>>> Training: 1.0244908956810832 0.9739164086058736 0.9479770008474588 0.9925303347408772
Training: 1.0215889243409038 0.9711714424192905 0.9420363306999207 	Train per: 0.51953125
	Val per: {'acc': 0.4952912019826518, 'mcc': 0.015233989253736646} 	Val loss: 0.99520296
	Test per: {'acc': 0.5229791835631251, 'mcc': 0.0002137029314154181} 	Test loss: 0.9615697
epoch: 5 time: 5.5893 
----->>>>> Training: 1.02045361045748 0.9701528800651431 0.9505582144483924 0.9870033944025636
Training: 1.0184864429757 0.9683639695867896 0.9520623683929443 	Train per: 0.5202178955078125
	Val per: {'acc': 0.4962825278810409, 'mcc': 0.01521634440150772} 	Val loss: 0.9962999
	Test per: {'acc': 0.5229791835631251, 'mcc': 0.004857782888082252} 	Test loss: 0.9605622
epoch: 6 time: 5.6077 
----->>>>> Training: 1.0169876832515001 0.9670206140726805 0.9648115793243051 0.9800450932234526
Training: 1.0154666788876057 0.9656648291274905 0.9756148457527161 	Train per: 0.522705078125
	Val per: {'acc': 0.5004956629491946, 'mcc': 0.025804699042435424} 	Val loss: 0.996696
	Test per: {'acc': 0.5233846985671803, 'mcc': 0.008977916258744355} 	Test loss: 0.9601133
epoch: 7 time: 5.7645 
----->>>>> Training: 1.0150439282879233 0.9653254952281713 0.9988336162641644 0.9743920024484396
Training: 1.013369144871831 0.9637761618942022 1.0110212564468384 	Train per: 0.52447509765625
	Val per: {'acc': 0.5003717472118959, 'mcc': 0.023105782021245403} 	Val loss: 0.998348
	Test per: {'acc': 0.519735063530684, 'mcc': 0.0005826218984234045} 	Test loss: 0.95989215
epoch: 8 time: 5.5442 
----->>>>> Training: 1.0129464464262128 0.9634134601801634 1.0132118556648493 0.9703954048454762
Training: 1.011343658901751 0.9618882779031992 1.021035075187683 	Train per: 0.5249481201171875
	Val per: {'acc': 0.5028500619578686, 'mcc': 0.026721786266593713} 	Val loss: 0.9975139
	Test per: {'acc': 0.5202757502027575, 'mcc': 0.0059587272752882345} 	Test loss: 0.9601184
epoch: 9 time: 5.5852 
----->>>>> Training: 1.0105136269703507 0.96109155472368 1.0200037825852633 0.9680412886664271
Training: 1.0090891728177667 0.9597193403169513 1.0198267698287964 	Train per: 0.525299072265625
	Val per: {'acc': 0.5076827757125155, 'mcc': 0.034255559670141336} 	Val loss: 0.9936176
	Test per: {'acc': 0.5178426601784266, 'mcc': 0.006414811077312926} 	Test loss: 0.9617872
epoch: 10 time: 5.9050 
----->>>>> Training: 1.0081602297723293 0.9588058283552527 1.0389875881373882 0.9663083190098405
Training: 1.006323334760964 0.9570143753662705 1.0594770908355713 	Train per: 0.5277252197265625
	Val per: {'acc': 0.5097893432465923, 'mcc': 0.037116977382653855} 	Val loss: 0.99277866
	Test per: {'acc': 0.519735063530684, 'mcc': 0.013213030341791795} 	Test loss: 0.9616237
epoch: 11 time: 5.8310 
----->>>>> Training: 1.0055251559242606 0.9562208019196987 1.0820284821093082 0.96444649156183
Training: 1.0038015963509679 0.9545259233564138 1.1097464561462402 	Train per: 0.5279998779296875
	Val per: {'acc': 0.5102850061957869, 'mcc': 0.03595209225631561} 	Val loss: 0.9904793
	Test per: {'acc': 0.5175723168423898, 'mcc': 0.010855566147811845} 	Test loss: 0.9626984
epoch: 12 time: 5.8422 
----->>>>> Training: 1.0031117601320148 0.9538607653230429 1.1329004000872374 0.9623618694022298
Training: 1.0023538367822766 0.9531205119565129 1.1583958864212036 	Train per: 0.5280914306640625
	Val per: {'acc': 0.5092936802973977, 'mcc': 0.03220941876489748} 	Val loss: 0.98850465
	Test per: {'acc': 0.5151392268180589, 'mcc': 0.008021552151400919} 	Test loss: 0.96392447
epoch: 13 time: 5.6135 
----->>>>> Training: 1.0017387419939041 0.9525020476430655 1.170269126072526 0.9613285902887583
Training: 1.0003000255674124 0.9510939046740532 1.1853255033493042 	Train per: 0.52978515625
	Val per: {'acc': 0.50545229244114, 'mcc': 0.02543272849201426} 	Val loss: 0.9936406
	Test per: {'acc': 0.519735063530684, 'mcc': 0.01458638622208378} 	Test loss: 0.9624367
epoch: 14 time: 5.6078 
----->>>>> Training: 1.0004054885357618 0.9511825926601887 1.2080467883497477 0.9602968841791153
Training: 0.9993348838761449 0.9501377204433084 1.2281420230865479 	Train per: 0.5291290283203125
	Val per: {'acc': 0.5076827757125155, 'mcc': 0.029719371720046753} 	Val loss: 0.99220246
	Test per: {'acc': 0.5201405785347392, 'mcc': 0.016825155081570016} 	Test loss: 0.96335804
epoch: 15 time: 5.5675 
----->>>>> Training: 0.9987254543229938 0.9495422849431634 1.237413451075554 0.9589150166139007
Training: 0.9978015925735235 0.9486427623778582 1.2549723386764526 	Train per: 0.529815673828125
	Val per: {'acc': 0.507187112763321, 'mcc': 0.028617973677693937} 	Val loss: 0.9928674
	Test per: {'acc': 0.5209516085428494, 'mcc': 0.018578576367407687} 	Test loss: 0.9634102
epoch: 16 time: 5.5626 
----->>>>> Training: 0.9972441447898746 0.948100259527564 1.2643647529184818 0.9575904756784439
Training: 0.9963011229410768 0.9471859112381935 1.2775323390960693 	Train per: 0.530670166015625
	Val per: {'acc': 0.5060718711276332, 'mcc': 0.026405033156262754} 	Val loss: 0.99419355
	Test per: {'acc': 0.5205460935387942, 'mcc': 0.017130715172226352} 	Test loss: 0.96371055
epoch: 17 time: 5.5925 
----->>>>> Training: 0.9972290294244885 0.9480800163000822 1.2908640205860138 0.9571630470454693
Training: 0.9962683077901602 0.9471581457182765 1.2962535619735718 	Train per: 0.5301361083984375
	Val per: {'acc': 0.5029739776951673, 'mcc': 0.020092620172196245} 	Val loss: 0.99644756
	Test per: {'acc': 0.5216274668829414, 'mcc': 0.018059737946165468} 	Test loss: 0.96361285
epoch: 18 time: 5.5903 
----->>>>> Training: 0.9963558102026582 0.9472348177805543 1.3016965724527836 0.9563859812915325
Training: 0.995264420285821 0.9461805280297995 1.31242835521698 	Train per: 0.530120849609375
	Val per: {'acc': 0.5011152416356878, 'mcc': 0.01600174094106256} 	Val loss: 0.9980483
	Test per: {'acc': 0.5225736685590701, 'mcc': 0.019752259682981346} 	Test loss: 0.9635807
epoch: 19 time: 5.5850 
----->>>>> Training: 0.9960057102143764 0.9468973875045776 1.3338066507130861 0.9554902790114284
Training: 0.9948762757703662 0.9458180842921138 1.3379677534103394 	Train per: 0.5302581787109375
	Val per: {'acc': 0.5006195786864932, 'mcc': 0.014877535506432298} 	Val loss: 0.99887204
	Test per: {'acc': 0.5218978102189781, 'mcc': 0.01815531785063533} 	Test loss: 0.9643205
epoch: 20 time: 5.5761 
----->>>>> Training: 0.99456178676337 0.945513041689992 1.3466044776141644 0.9540427858009934
Training: 0.9937068857252598 0.944690334610641 1.3538297414779663 	Train per: 0.53125
	Val per: {'acc': 0.5028500619578686, 'mcc': 0.01890140598428835} 	Val loss: 0.99656314
	Test per: {'acc': 0.5218978102189781, 'mcc': 0.02036710096367968} 	Test loss: 0.96534747
epoch: 21 time: 5.5924 
----->>>>> Training: 0.9933119406923652 0.944309564307332 1.3696802407503128 0.9526538159698248
Training: 0.9923788150772452 0.9434106647968292 1.3759465217590332 	Train per: 0.5314788818359375
	Val per: {'acc': 0.5043370508054523, 'mcc': 0.022257384673054863} 	Val loss: 0.99661595
	Test per: {'acc': 0.5217626385509597, 'mcc': 0.020476010686549244} 	Test loss: 0.9658264
epoch: 22 time: 5.5847 
----->>>>> Training: 0.9921237882226706 0.9431807724758983 1.3950939550995827 0.9509585034102201
Training: 0.9912287322804332 0.9423249121755362 1.404394507408142 	Train per: 0.5323638916015625
	Val per: {'acc': 0.5063197026022305, 'mcc': 0.02607444983102094} 	Val loss: 0.99580014
	Test per: {'acc': 0.5191943768586105, 'mcc': 0.015861812669218905} 	Test loss: 0.9668497
epoch: 23 time: 5.5745 
----->>>>> Training: 0.9919214425608516 0.9429864184930921 1.4203183762729168 0.9502941910177469
Training: 0.9911717362701893 0.9422678323462605 1.422885775566101 	Train per: 0.532623291015625
	Val per: {'acc': 0.506815365551425, 'mcc': 0.02720952504193222} 	Val loss: 0.9960578
	Test per: {'acc': 0.5168964585022979, 'mcc': 0.010988031057841812} 	Test loss: 0.96749616
epoch: 24 time: 5.5785 
----->>>>> Training: 0.9908564127981663 0.9419634770601988 1.4431242886930704 0.9489961322396994
Training: 0.989788887090981 0.9409418851137161 1.4628785848617554 	Train per: 0.533416748046875
	Val per: {'acc': 0.5029739776951673, 'mcc': 0.019235507685051344} 	Val loss: 1.0011809
	Test per: {'acc': 0.5193295485266288, 'mcc': 0.014321362153293944} 	Test loss: 0.9673307
epoch: 25 time: 5.5779 
----->>>>> Training: 0.9895817190408707 0.9407432191073895 1.463097620755434 0.9475078685209155
Training: 0.9883409198373556 0.9395518181845546 1.4724605083465576 	Train per: 0.5350494384765625
	Val per: {'acc': 0.5017348203221809, 'mcc': 0.016180390441842822} 	Val loss: 1.0012399
	Test per: {'acc': 0.5175723168423898, 'mcc': 0.01079304210165128} 	Test loss: 0.96788156
epoch: 26 time: 5.5835 
----->>>>> Training: 0.9886122979223728 0.9398025469854474 1.499371713027358 0.9462075307965279
Training: 0.9879756299778819 0.9392054509371519 1.5009925365447998 	Train per: 0.535064697265625
	Val per: {'acc': 0.5014869888475837, 'mcc': 0.01683862496234038} 	Val loss: 1.0057027
	Test per: {'acc': 0.5174371451743714, 'mcc': 0.008273029203222445} 	Test loss: 0.96849936
epoch: 27 time: 5.6772 
----->>>>> Training: 0.9876557076349854 0.9388951854780316 1.505625868216157 0.945097922347486
Training: 0.9864685861393809 0.937749370932579 1.5267012119293213 	Train per: 0.535919189453125
	Val per: {'acc': 0.5065675340768278, 'mcc': 0.026222197047404153} 	Val loss: 0.99908656
	Test per: {'acc': 0.5139226818058935, 'mcc': 0.0054404505080092105} 	Test loss: 0.9701192
epoch: 28 time: 5.6860 
----->>>>> Training: 0.9866414070129395 0.9379163552075624 1.5385596211999655 0.9437298187986016
Training: 0.9849242372438312 0.9362704083323479 1.5507882833480835 	Train per: 0.537322998046875
	Val per: {'acc': 0.5059479553903345, 'mcc': 0.0244022936209034} 	Val loss: 1.0003412
	Test per: {'acc': 0.513787510137875, 'mcc': 0.005805916447591205} 	Test loss: 0.97104514
epoch: 29 time: 5.5576 
----->>>>> Training: 0.9860833110287786 0.9373728847131133 1.5640767700970173 0.9429269656538963
Training: 0.9841568702831864 0.9355292767286301 1.573679804801941 	Train per: 0.5372161865234375
	Val per: {'acc': 0.5032218091697646, 'mcc': 0.01808721838329311} 	Val loss: 1.0018393
	Test per: {'acc': 0.5147337118140037, 'mcc': 0.008006288938310851} 	Test loss: 0.97118217
epoch: 30 time: 5.5536 
----->>>>> Training: 0.9842756595462561 0.9356386102735996 1.5960923843085766 0.9408190762624145
Training: 0.982908234000206 0.9343339186161757 1.600752830505371 	Train per: 0.5379638671875
	Val per: {'acc': 0.5028500619578686, 'mcc': 0.01739114265827155} 	Val loss: 1.0020062
	Test per: {'acc': 0.5124357934576913, 'mcc': 0.0029310752909337957} 	Test loss: 0.9723361
epoch: 31 time: 5.5603 
----->>>>> Training: 0.9829662432894111 0.9343871297314763 1.6086842771619558 0.9394086338579655
Training: 0.9813697822391987 0.9328546086326241 1.621924638748169 	Train per: 0.5389404296875
	Val per: {'acc': 0.5007434944237918, 'mcc': 0.012653055092201545} 	Val loss: 1.0034932
	Test per: {'acc': 0.5113544201135442, 'mcc': 0.0009129145023633213} 	Test loss: 0.9730881
epoch: 32 time: 5.5474 
----->>>>> Training: 0.9808461153879762 0.9323561722412705 1.625105394050479 0.9372967630624771
Training: 0.9804139388725162 0.9319539200514555 1.6339890956878662 	Train per: 0.539703369140625
	Val per: {'acc': 0.5002478314745973, 'mcc': 0.011382248018646453} 	Val loss: 1.0079622
	Test per: {'acc': 0.5102730467693971, 'mcc': -0.0017034560945168764} 	Test loss: 0.9737045
epoch: 33 time: 5.5495 
----->>>>> Training: 0.9813211169093847 0.9328137496486306 1.6449053902179003 0.9372492106631398
Training: 0.9803864089772105 0.9319304209202528 1.658046841621399 	Train per: 0.5394439697265625
	Val per: {'acc': 0.501363073110285, 'mcc': 0.013920129081812012} 	Val loss: 1.0089622
	Test per: {'acc': 0.5123006217896728, 'mcc': 0.0029488233633515083} 	Test loss: 0.9748165
epoch: 34 time: 5.5481 
----->>>>> Training: 0.9802126483991742 0.9317502863705158 1.6596852708607912 0.9360535852611065
Training: 0.9788267221301794 0.9304327927529812 1.663211464881897 	Train per: 0.5401611328125
	Val per: {'acc': 0.5012391573729864, 'mcc': 0.013110557586248347} 	Val loss: 1.0058196
	Test per: {'acc': 0.5104082184374156, 'mcc': 0.0006092032749307216} 	Test loss: 0.97511405
epoch: 35 time: 5.5682 
----->>>>> Training: 0.9790792455896735 0.9306741757318377 1.671353243291378 0.9346742937341332
Training: 0.9782123761251569 0.9298471678048372 1.6664077043533325 	Train per: 0.540679931640625
	Val per: {'acc': 0.5023543990086741, 'mcc': 0.014805881751131244} 	Val loss: 1.0015863
	Test per: {'acc': 0.5106785617734523, 'mcc': 0.003035878852526084} 	Test loss: 0.97556585
epoch: 36 time: 5.5521 
----->>>>> Training: 0.9785809041932225 0.9301962498575449 1.6685068905353546 0.9343229439109564
Training: 0.9779678229242563 0.9296051915735006 1.6801273822784424 	Train per: 0.5408782958984375
	Val per: {'acc': 0.5052044609665427, 'mcc': 0.020633131259709704} 	Val loss: 0.9995202
	Test per: {'acc': 0.5114895917815626, 'mcc': 0.00585740648800487} 	Test loss: 0.9767967
epoch: 37 time: 5.5563 
----->>>>> Training: 0.9783270200714469 0.9299502186477184 1.6853043120354414 0.9338300516828895
Training: 0.9770429972559214 0.9287315998226404 1.6918292045593262 	Train per: 0.5410003662109375
	Val per: {'acc': 0.5008674101610905, 'mcc': 0.011860682971852068} 	Val loss: 1.0072159
	Test per: {'acc': 0.5093268450932684, 'mcc': -0.0008110722857930134} 	Test loss: 0.9765192
epoch: 38 time: 5.5650 
----->>>>> Training: 0.977932813577354 0.9295796006917953 1.6992808748036623 0.9330787099897861
Training: 0.977165930904448 0.9288450637832284 1.6875910758972168 	Train per: 0.5408782958984375
	Val per: {'acc': 0.5001239157372986, 'mcc': 0.009479706635098782} 	Val loss: 1.0033994
	Test per: {'acc': 0.5079751284130846, 'mcc': -0.0016667459679229417} 	Test loss: 0.9770922
epoch: 39 time: 5.5763 
----->>>>> Training: 0.9773933542892337 0.9290590938180685 1.7044720575213432 0.9325958285480738
Training: 0.9767536213621497 0.9284677151590586 1.696897268295288 	Train per: 0.541015625
	Val per: {'acc': 0.498636926889715, 'mcc': 0.007468097828266025} 	Val loss: 1.0104556
	Test per: {'acc': 0.5112192484455258, 'mcc': 0.0012330555184513604} 	Test loss: 0.9767034
epoch: 40 time: 5.5536 
----->>>>> Training: 0.9766105329617858 0.9283215394243598 1.7064443342387676 0.931650947779417
Training: 0.9753655381500721 0.9271274767816067 1.6965198516845703 	Train per: 0.5423583984375
	Val per: {'acc': 0.5006195786864932, 'mcc': 0.010674754659575368} 	Val loss: 1.0039421
	Test per: {'acc': 0.5075696134090295, 'mcc': -0.0031982157795924144} 	Test loss: 0.97750646
epoch: 41 time: 5.5538 
----->>>>> Training: 0.9760157335549593 0.927747474052012 1.7098532170057297 0.9311680616810918
Training: 0.9749249871820211 0.9267155388370156 1.7079076766967773 	Train per: 0.542327880859375
	Val per: {'acc': 0.4980173482032218, 'mcc': 0.005653127918881654} 	Val loss: 1.0049607
	Test per: {'acc': 0.5095971884293052, 'mcc': -0.0006640352156657802} 	Test loss: 0.97738266
epoch: 42 time: 5.5636 
----->>>>> Training: 0.9754614699631929 0.9272262239828706 1.7127977032214403 0.9304490312933922
Training: 0.9744013333693147 0.9262142786756158 1.7185403108596802 	Train per: 0.54193115234375
	Val per: {'acc': 0.49752168525402723, 'mcc': 0.0041879443797942315} 	Val loss: 1.0067916
	Test per: {'acc': 0.5078399567450662, 'mcc': -0.0034920472837435875} 	Test loss: 0.9775643
epoch: 43 time: 5.5721 
----->>>>> Training: 0.9745000638067722 0.9263048646971583 1.7263748329132795 0.9293765304610133
Training: 0.973962907679379 0.9257892183959484 1.730070948600769 	Train per: 0.54248046875
	Val per: {'acc': 0.5032218091697646, 'mcc': 0.015710115573360703} 	Val loss: 1.0012319
	Test per: {'acc': 0.5072992700729927, 'mcc': -0.002153369719862725} 	Test loss: 0.978336
epoch: 44 time: 5.5842 
----->>>>> Training: 0.974075248464942 0.9259007526561618 1.7169882282614708 0.9291501343250275
Training: 0.9725926639512181 0.9244846617802978 1.7211459875106812 	Train per: 0.5431671142578125
	Val per: {'acc': 0.5001239157372986, 'mcc': 0.009534014636665738} 	Val loss: 1.0038275
	Test per: {'acc': 0.5068937550689375, 'mcc': -0.004309129813597237} 	Test loss: 0.97838944
epoch: 45 time: 5.5613 
----->>>>> Training: 0.973226516507566 0.9250826360657811 1.7316206376999617 0.9282451178878546
Training: 0.9721084358170629 0.9240192789584398 1.7201024293899536 	Train per: 0.54345703125
	Val per: {'acc': 0.4988847583643123, 'mcc': 0.006795093807976281} 	Val loss: 1.0040407
	Test per: {'acc': 0.5067585834009192, 'mcc': -0.0045108328688130556} 	Test loss: 0.9784091
epoch: 46 time: 5.5741 
----->>>>> Training: 0.9732669610530138 0.9251284589990973 1.7327361889183521 0.9281152570620179
Training: 0.972524187527597 0.9244153704494238 1.7438703775405884 	Train per: 0.5437469482421875
	Val per: {'acc': 0.5, 'mcc': 0.008748793643030292} 	Val loss: 1.0051057
	Test per: {'acc': 0.5064882400648824, 'mcc': -0.004050111140043467} 	Test loss: 0.97931504
epoch: 47 time: 5.5690 
----->>>>> Training: 0.9725011428818107 0.9243901642039418 1.7422702871263027 0.9273740369826555
Training: 0.972002575173974 0.9239201555028558 1.742275357246399 	Train per: 0.542999267578125
	Val per: {'acc': 0.4966542750929368, 'mcc': 0.0021146421830743147} 	Val loss: 1.0080117
	Test per: {'acc': 0.5071640984049743, 'mcc': -0.004406326815368584} 	Test loss: 0.9785447
epoch: 48 time: 5.5529 
----->>>>> Training: 0.9713544100522995 0.9233008455485106 1.7474505603313446 0.9261223431676626
Training: 0.970450603403151 0.9224405689164996 1.7431479692459106 	Train per: 0.5443878173828125
	Val per: {'acc': 0.49851301115241636, 'mcc': 0.005899003125349598} 	Val loss: 1.004674
	Test per: {'acc': 0.5078399567450662, 'mcc': -0.0022636989869743037} 	Test loss: 0.97860616
epoch: 49 time: 5.5686 
----->>>>> Training: 0.9716873364523053 0.9236073335632682 1.7487256564199924 0.9266255190595984
Training: 0.9711922975257039 0.9231466371566057 1.7534343004226685 	Train per: 0.5435638427734375
	Val per: {'acc': 0.4976456009913259, 'mcc': 0.004255891479218524} 	Val loss: 1.007363
	Test per: {'acc': 0.5071640984049743, 'mcc': -0.004708595086219594} 	Test loss: 0.97857046
epoch: 50 time: 5.5598 
----->>>>> Training: 0.9721003426238894 0.9240085622295737 1.7572172153741121 0.926691128872335
Training: 0.9713199604302645 0.9232610957697034 1.7598921060562134 	Train per: 0.5433807373046875
	Val per: {'acc': 0.4996282527881041, 'mcc': 0.007728995994645508} 	Val loss: 1.002963
	Test per: {'acc': 0.5075696134090295, 'mcc': -0.0013918973564235628} 	Test loss: 0.9789486
epoch: 51 time: 5.5857 
----->>>>> Training: 0.9710155222564936 0.9229717627167702 1.7540904730558395 0.9257934670895338
Training: 0.9708552556112409 0.9228218495845795 1.7578725814819336 	Train per: 0.5430755615234375
	Val per: {'acc': 0.49591078066914496, 'mcc': 0.0005037552834716926} 	Val loss: 1.0098068
	Test per: {'acc': 0.5079751284130846, 'mcc': -0.0030880992771015647} 	Test loss: 0.97820103
epoch: 52 time: 5.5899 
----->>>>> Training: 0.9714596020057797 0.9233956011012197 1.7607086040079594 0.9260658239945769
Training: 0.9701464753597975 0.9221392003819346 1.7583316564559937 	Train per: 0.543487548828125
	Val per: {'acc': 0.4997521685254027, 'mcc': 0.007977532317911052} 	Val loss: 1.0007603
	Test per: {'acc': 0.5089213300892133, 'mcc': 0.0013402848666914616} 	Test loss: 0.9793474
epoch: 53 time: 5.5759 
----->>>>> Training: 0.9703443124890327 0.922328919172287 1.7627321723848581 0.9250531271100044
Training: 0.9691010396927595 0.9211355615407228 1.766238808631897 	Train per: 0.5438995361328125
	Val per: {'acc': 0.5012391573729864, 'mcc': 0.011028653024092493} 	Val loss: 1.003027
	Test per: {'acc': 0.5090565017572317, 'mcc': 0.002086254675107543} 	Test loss: 0.97947276
epoch: 54 time: 5.5873 
----->>>>> Training: 0.9698694450780749 0.9218747345730662 1.761364210397005 0.924666915088892
Training: 0.9691717745736241 0.9212020030245185 1.774560570716858 	Train per: 0.5439910888671875
	Val per: {'acc': 0.4983890954151177, 'mcc': 0.004879101121778167} 	Val loss: 1.0040765
	Test per: {'acc': 0.5079751284130846, 'mcc': -0.00010756620251334766} 	Test loss: 0.9796993
epoch: 55 time: 5.5719 
----->>>>> Training: 0.9695692444220185 0.9215842885896564 1.7708659209311008 0.9242817834019661
Training: 0.9687962513417006 0.9208403760567307 1.775147795677185 	Train per: 0.544281005859375
	Val per: {'acc': 0.5004956629491946, 'mcc': 0.009281973490420042} 	Val loss: 1.0015042
	Test per: {'acc': 0.5089213300892133, 'mcc': 0.0022973213765919687} 	Test loss: 0.9796886
epoch: 56 time: 5.5872 
----->>>>> Training: 0.9694677786901593 0.9214859381318092 1.7801956422626972 0.9240329870954156
Training: 0.9689267762005329 0.9209518898278475 1.7862757444381714 	Train per: 0.544036865234375
	Val per: {'acc': 0.5007434944237918, 'mcc': 0.009566480483821884} 	Val loss: 1.0004506
	Test per: {'acc': 0.5078399567450662, 'mcc': 0.0011627809364717072} 	Test loss: 0.98027307
epoch: 57 time: 5.5671 
----->>>>> Training: 0.9689804753288627 0.9210043642669916 1.7840107288211584 0.9238419523462653
Training: 0.968125649727881 0.9201967278495431 1.7937777042388916 	Train per: 0.5446624755859375
	Val per: {'acc': 0.49752168525402723, 'mcc': 0.003015433203403688} 	Val loss: 1.0054659
	Test per: {'acc': 0.5079751284130846, 'mcc': -0.000301027981979204} 	Test loss: 0.97982866
epoch: 58 time: 5.5587 
----->>>>> Training: 0.9689310025423765 0.9209655243903399 1.788979658856988 0.9235299341380596
Training: 0.968081190250814 0.9201517812907696 1.7871413230895996 	Train per: 0.5440673828125
	Val per: {'acc': 0.4966542750929368, 'mcc': 0.0014948844285813342} 	Val loss: 1.0049531
	Test per: {'acc': 0.507434441741011, 'mcc': -0.0024430044657382504} 	Test loss: 0.9794237
epoch: 59 time: 5.5747 
----->>>>> Training: 0.9681752873584628 0.9202402345836163 1.787845803424716 0.9229441937059164
Training: 0.9680316112935543 0.9201123220846057 1.7897288799285889 	Train per: 0.54339599609375
	Val per: {'acc': 0.4950433705080545, 'mcc': -0.001594962336079837} 	Val loss: 1.0100626
	Test per: {'acc': 0.5089213300892133, 'mcc': -0.0007672392569378212} 	Test loss: 0.9786542
epoch: 60 time: 5.5620 
----->>>>> Training: 0.9692040896043181 0.9212225843220949 1.7922927383333445 0.9237843658775091
Training: 0.9677605526521802 0.9198399698361754 1.7995392084121704 	Train per: 0.5434112548828125
	Val per: {'acc': 0.49727385377943, 'mcc': 0.0029521703157438894} 	Val loss: 1.0071982
	Test per: {'acc': 0.5066234117329008, 'mcc': -0.004346064136790706} 	Test loss: 0.97934806
epoch: 61 time: 5.6168 
----->>>>> Training: 0.9681017948314548 0.9201651504263282 1.8012671265751123 0.9227074654772878
Training: 0.967715666629374 0.9197924071922898 1.8078019618988037 	Train per: 0.544036865234375
	Val per: {'acc': 0.49950433705080544, 'mcc': 0.006999461548438096} 	Val loss: 1.0005482
	Test per: {'acc': 0.5102730467693971, 'mcc': 0.00551928260844548} 	Test loss: 0.98037136
epoch: 62 time: 5.6183 
----->>>>> Training: 0.9673998970538378 0.9194925706833601 1.8080164659768343 0.9219861440360546
Training: 0.9665342876687646 0.9186610709875822 1.8055516481399536 	Train per: 0.5446624755859375
	Val per: {'acc': 0.4980173482032218, 'mcc': 0.0040598821393454726} 	Val loss: 1.0033634
	Test per: {'acc': 0.5087861584211949, 'mcc': 0.0013618033940491394} 	Test loss: 0.979953
epoch: 63 time: 5.6012 
----->>>>> Training: 0.9676111489534378 0.9196881763637066 1.812494294717908 0.9222095599398017
Training: 0.9670962551608682 0.919194950722158 1.8124216794967651 	Train per: 0.544677734375
	Val per: {'acc': 0.5009913258983891, 'mcc': 0.009953729820403169} 	Val loss: 0.9988912
	Test per: {'acc': 0.5097323600973236, 'mcc': 0.005021174101647404} 	Test loss: 0.98012817
epoch: 64 time: 5.5855 
----->>>>> Training: 0.9672643579542637 0.919357392936945 1.8147907964885235 0.9218433750793338
Training: 0.9665034404024482 0.9186230432242155 1.8200407028198242 	Train per: 0.544158935546875
	Val per: {'acc': 0.4988847583643123, 'mcc': 0.005811519853990041} 	Val loss: 1.0019385
	Test per: {'acc': 0.5093268450932684, 'mcc': 0.002936313289278229} 	Test loss: 0.9804096
epoch: 65 time: 5.5695 
----->>>>> Training: 0.9671918731182814 0.9192789774388075 1.8225898407399654 0.921806126832962
Training: 0.966090134344995 0.9182299626991153 1.8322874307632446 	Train per: 0.544891357421875
	Val per: {'acc': 0.4996282527881041, 'mcc': 0.007397610515293521} 	Val loss: 1.0010966
	Test per: {'acc': 0.5089213300892133, 'mcc': 0.002329071433155246} 	Test loss: 0.9806063
epoch: 66 time: 5.5845 
----->>>>> Training: 0.9667301205918193 0.9188383566215634 1.8226788975298405 0.9213817985728383
Training: 0.965868828818202 0.9180222563445568 1.8262665271759033 	Train per: 0.544708251953125
	Val per: {'acc': 0.49925650557620815, 'mcc': 0.006505050645017149} 	Val loss: 1.002879
	Test per: {'acc': 0.5083806434171397, 'mcc': 0.00085118968503012} 	Test loss: 0.98000014
epoch: 67 time: 5.5850 
----->>>>> Training: 0.9661436900496483 0.9182836711406708 1.8255537059158087 0.9206892661750317
Training: 0.9653740981593728 0.9175420207902789 1.8297327756881714 	Train per: 0.544921875
	Val per: {'acc': 0.49851301115241636, 'mcc': 0.005079061964611807} 	Val loss: 1.0047518
	Test per: {'acc': 0.507028926736956, 'mcc': -0.002490525083376479} 	Test loss: 0.9800861
epoch: 68 time: 5.5792 
----->>>>> Training: 0.9659532159566879 0.9180911015719175 1.8320298604667187 0.920601605437696
Training: 0.9653976298868656 0.9175596088171005 1.8452237844467163 	Train per: 0.54486083984375
	Val per: {'acc': 0.5012391573729864, 'mcc': 0.010549124442167495} 	Val loss: 0.99963665
	Test per: {'acc': 0.5094620167612869, 'mcc': 0.004021938785657589} 	Test loss: 0.9810021
epoch: 69 time: 5.5563 
----->>>>> Training: 0.9652580264955759 0.9174344157800078 1.8341375347226858 0.9197894278913736
Training: 0.9642422236502171 0.9164596274495125 1.8374078273773193 	Train per: 0.5457916259765625
	Val per: {'acc': 0.4988847583643123, 'mcc': 0.005762316742138986} 	Val loss: 1.0038341
	Test per: {'acc': 0.5091916734252501, 'mcc': 0.002638583711352437} 	Test loss: 0.9805686
epoch: 70 time: 5.5565 
----->>>>> Training: 0.9658727077767253 0.9180129673331976 1.8415577430278063 0.9203636692836881
Training: 0.9654352068901062 0.9175940845161676 1.8465524911880493 	Train per: 0.5448760986328125
	Val per: {'acc': 0.49516728624535317, 'mcc': -0.0017967530893532686} 	Val loss: 1.0087321
	Test per: {'acc': 0.5097323600973236, 'mcc': 0.002176842182081148} 	Test loss: 0.9798639
epoch: 71 time: 5.5867 
----->>>>> Training: 0.9652428701519966 0.9174086768180132 1.8474013824015856 0.9197358749806881
Training: 0.9643181189894676 0.9165300857275724 1.8389244079589844 	Train per: 0.5454559326171875
	Val per: {'acc': 0.49752168525402723, 'mcc': 0.003121588623985617} 	Val loss: 1.0033073
	Test per: {'acc': 0.5091916734252501, 'mcc': 0.001618205586033258} 	Test loss: 0.98025554
epoch: 72 time: 5.5417 
----->>>>> Training: 0.9656272316351533 0.9177775699645281 1.8401428125798702 0.9201904181391001
Training: 0.9645840497687459 0.9167836802080274 1.8380367755889893 	Train per: 0.5452117919921875
	Val per: {'acc': 0.49615861214374224, 'mcc': 0.00018327998110510824} 	Val loss: 1.0062138
	Test per: {'acc': 0.5085158150851582, 'mcc': 0.0003141019713419301} 	Test loss: 0.97985387
epoch: 73 time: 5.5777 
----->>>>> Training: 0.9646743563935161 0.9168618889525533 1.8535559121519327 0.9191782474517822
Training: 0.9641115320846438 0.9163271673023701 1.8561407327651978 	Train per: 0.545166015625
	Val per: {'acc': 0.5011152416356878, 'mcc': 0.010042988574520984} 	Val loss: 1.0000852
	Test per: {'acc': 0.5091916734252501, 'mcc': 0.003900611627922291} 	Test loss: 0.9808628
epoch: 74 time: 5.5592 
----->>>>> Training: 0.964657542295754 0.9168491223827004 1.8484895825386047 0.9191985158249736
Training: 0.9643063647672534 0.9165092119947076 1.8592567443847656 	Train per: 0.54498291015625
	Val per: {'acc': 0.49479553903345724, 'mcc': -0.0028714341100245086} 	Val loss: 1.0080494
	Test per: {'acc': 0.5089213300892133, 'mcc': 0.0014684144453771073} 	Test loss: 0.9800424
epoch: 75 time: 5.5983 
----->>>>> Training: 0.9651807537302375 0.917341373860836 1.862514240667224 0.9195373393595219
Training: 0.964790360070765 0.9169690310955048 1.861557126045227 	Train per: 0.5450439453125
	Val per: {'acc': 0.4997521685254027, 'mcc': 0.007417850023646911} 	Val loss: 0.99995583
	Test per: {'acc': 0.5095971884293052, 'mcc': 0.004067182391874201} 	Test loss: 0.9804394
epoch: 76 time: 5.5769 
----->>>>> Training: 0.9645878206938505 0.9167739870026708 1.8548847753554583 0.9191790157929063
Training: 0.9636609610170126 0.9158968068659306 1.864292860031128 	Train per: 0.545684814453125
	Val per: {'acc': 0.49876084262701365, 'mcc': 0.0054533164944636755} 	Val loss: 1.0037857
	Test per: {'acc': 0.5101378751013788, 'mcc': 0.004250030036516195} 	Test loss: 0.98053384
epoch: 77 time: 5.5638 
----->>>>> Training: 0.9644399015232921 0.9166421750560403 1.8596898317337036 0.918760814704001
Training: 0.9635810470208526 0.9158107191324234 1.8623322248458862 	Train per: 0.5465850830078125
	Val per: {'acc': 0.49814126394052044, 'mcc': 0.00384443249229181} 	Val loss: 1.0025256
	Test per: {'acc': 0.5087861584211949, 'mcc': 0.002412518928613668} 	Test loss: 0.9807795
epoch: 78 time: 5.5724 
----->>>>> Training: 0.9634854551404715 0.9157201582565904 1.8668096754699945 0.9179697558283806
Training: 0.9625282678753138 0.91481195949018 1.8591256141662598 	Train per: 0.545867919921875
	Val per: {'acc': 0.49851301115241636, 'mcc': 0.005006078450432982} 	Val loss: 1.0032706
	Test per: {'acc': 0.5104082184374156, 'mcc': 0.0047205914783844585} 	Test loss: 0.9801781
epoch: 79 time: 5.5659 
----->>>>> Training: 0.9635267565026879 0.9157618023455143 1.8660677652806044 0.9179777568206191
Training: 0.9626110065728426 0.9148888112977147 1.8605388402938843 	Train per: 0.546630859375
	Val per: {'acc': 0.4977695167286245, 'mcc': 0.003219345816079041} 	Val loss: 1.00319
	Test per: {'acc': 0.5097323600973236, 'mcc': 0.0037661392968760814} 	Test loss: 0.9806306
epoch: 80 time: 5.5824 
----->>>>> Training: 0.9637254513800144 0.9159455373883247 1.8703017961233854 0.9181923530995846
Training: 0.9632278960198164 0.9154666662216187 1.8667346239089966 	Train per: 0.5457000732421875
	Val per: {'acc': 0.4982651796778191, 'mcc': 0.003973432580036027} 	Val loss: 1.0008018
	Test per: {'acc': 0.5083806434171397, 'mcc': 0.002251394197450259} 	Test loss: 0.9805601
epoch: 81 time: 5.5992 
----->>>>> Training: 0.9637339627370238 0.9159506559371948 1.8713671639561653 0.9182388326153159
Training: 0.9627468772232533 0.9150053067132831 1.8809655904769897 	Train per: 0.5458221435546875
	Val per: {'acc': 0.49814126394052044, 'mcc': 0.003797327495799606} 	Val loss: 1.0035354
	Test per: {'acc': 0.508110300081103, 'mcc': 0.0010233948373290231} 	Test loss: 0.9806104
epoch: 82 time: 5.5451 
----->>>>> Training: 0.9633494708687067 0.915580851957202 1.8778636865317822 0.9178150855004787
Training: 0.9624265860766172 0.9147049346938729 1.8726660013198853 	Train per: 0.5458221435546875
	Val per: {'acc': 0.49950433705080544, 'mcc': 0.006787880274164862} 	Val loss: 1.0027645
	Test per: {'acc': 0.5102730467693971, 'mcc': 0.005269439080602643} 	Test loss: 0.9805286
epoch: 83 time: 5.5481 
----->>>>> Training: 0.9631556421518326 0.915398770943284 1.876517504453659 0.9176070671528578
Training: 0.9632321866229177 0.9154736399650574 1.8691695928573608 	Train per: 0.5457916259765625
	Val per: {'acc': 0.4939281288723668, 'mcc': -0.005067780210507366} 	Val loss: 1.0097455
	Test per: {'acc': 0.507028926736956, 'mcc': -0.0022946333471231717} 	Test loss: 0.97961557
epoch: 84 time: 5.5688 
----->>>>> Training: 0.9628527257591486 0.9151102630421519 1.876869510859251 0.9173118202015758
Training: 0.9620054680854082 0.9143013134598732 1.8753972053527832 	Train per: 0.54644775390625
	Val per: {'acc': 0.4988847583643123, 'mcc': 0.005420973019609863} 	Val loss: 1.0015632
	Test per: {'acc': 0.5089213300892133, 'mcc': 0.0028674205742958946} 	Test loss: 0.9807082
epoch: 85 time: 5.5551 
----->>>>> Training: 0.9622830934822559 0.9145662831142545 1.8791661765426397 0.9167528478428721
Training: 0.9613510584458709 0.9136729249730706 1.8879331350326538 	Train per: 0.54669189453125
	Val per: {'acc': 0.49578686493184637, 'mcc': -0.0010944211816253631} 	Val loss: 1.0053543
	Test per: {'acc': 0.5086509867531765, 'mcc': 0.0015429364005453995} 	Test loss: 0.9805009
epoch: 86 time: 5.5781 
----->>>>> Training: 0.9620897592976689 0.9143731147050858 1.8889104425907135 0.9165546642616391
Training: 0.9611380333080888 0.9134644381701946 1.8768327236175537 	Train per: 0.547332763671875
	Val per: {'acc': 0.4955390334572491, 'mcc': -0.0014529367519836673} 	Val loss: 1.0045727
	Test per: {'acc': 0.5105433901054339, 'mcc': 0.004924643072923763} 	Test loss: 0.9804044
epoch: 87 time: 5.5825 
----->>>>> Training: 0.9622906986624002 0.9145643580704927 1.8885548878461123 0.9167557032778859
Training: 0.9614112377166748 0.9137260774150491 1.8924362659454346 	Train per: 0.5467681884765625
	Val per: {'acc': 0.49541511771995045, 'mcc': -0.0016707425935174817} 	Val loss: 1.0054287
	Test per: {'acc': 0.5110840767775074, 'mcc': 0.005992916763952635} 	Test loss: 0.9805835
epoch: 88 time: 5.5713 
----->>>>> Training: 0.9617655398324132 0.9140645079314709 1.8888945206999779 0.9162427075207233
Training: 0.961093514226377 0.9134159814566374 1.8941088914871216 	Train per: 0.5476837158203125
	Val per: {'acc': 0.49516728624535317, 'mcc': -0.0023730141851186375} 	Val loss: 1.0069848
	Test per: {'acc': 0.5083806434171397, 'mcc': 0.0006908838619282852} 	Test loss: 0.9804854
epoch: 89 time: 5.5846 
----->>>>> Training: 0.9616654179990292 0.9139584535732865 1.8978827893733978 0.9161818502470851
Training: 0.96077945176512 0.9131234968081117 1.896017074584961 	Train per: 0.547332763671875
	Val per: {'acc': 0.49541511771995045, 'mcc': -0.0018954251916267909} 	Val loss: 1.0075198
	Test per: {'acc': 0.5097323600973236, 'mcc': 0.003576700443272604} 	Test loss: 0.98031616
epoch: 90 time: 5.5532 
----->>>>> Training: 0.9608807191252708 0.9132162826135755 1.8941652588546276 0.915405360981822
Training: 0.9599606413394213 0.9123348891735077 1.8994568586349487 	Train per: 0.547332763671875
	Val per: {'acc': 0.4962825278810409, 'mcc': 4.383912072897134e-05} 	Val loss: 1.0055783
	Test per: {'acc': 0.5112192484455258, 'mcc': 0.006447142349886481} 	Test loss: 0.9804805
epoch: 91 time: 5.5714 
----->>>>> Training: 0.9608217868953943 0.9131581149995327 1.899665417149663 0.9152801614254713
Training: 0.9602742372080684 0.9126389063894749 1.898659586906433 	Train per: 0.547027587890625
	Val per: {'acc': 0.49541511771995045, 'mcc': -0.001422658615548772} 	Val loss: 1.0090783
	Test per: {'acc': 0.5091916734252501, 'mcc': 0.0014257095955246208} 	Test loss: 0.98010826
epoch: 92 time: 5.5744 
----->>>>> Training: 0.9613579846918583 0.913665784522891 1.9044385980814695 0.915755313821137
Training: 0.9605634640902281 0.9129058811813593 1.9090635776519775 	Train per: 0.5472564697265625
	Val per: {'acc': 0.49318463444857497, 'mcc': -0.006785227245149309} 	Val loss: 1.0089405
	Test per: {'acc': 0.5097323600973236, 'mcc': 0.003955254830261026} 	Test loss: 0.979997
epoch: 93 time: 5.5719 
----->>>>> Training: 0.9615717437118292 0.9138701241463423 1.9044321030378342 0.9159438451752067
Training: 0.9605687651783228 0.9129122905433178 1.9049164056777954 	Train per: 0.547210693359375
	Val per: {'acc': 0.4969021065675341, 'mcc': 0.0012079617619399764} 	Val loss: 1.0042293
	Test per: {'acc': 0.5091916734252501, 'mcc': 0.0031450754256712316} 	Test loss: 0.98043483
epoch: 94 time: 5.5763 
----->>>>> Training: 0.9612496737390757 0.9135590465739369 1.9075305499136448 0.9156620502471924
Training: 0.9607574976980686 0.9130962388589978 1.900901198387146 	Train per: 0.5472869873046875
	Val per: {'acc': 0.4976456009913259, 'mcc': 0.0027044292704786086} 	Val loss: 1.0031931
	Test per: {'acc': 0.5089213300892133, 'mcc': 0.002962156075391702} 	Test loss: 0.98057187
epoch: 95 time: 5.5812 
----->>>>> Training: 0.9610019233077765 0.9133216245099902 1.8981900475919247 0.9156421236693859
Training: 0.9598660757765174 0.9122366392984986 1.914718747138977 	Train per: 0.547576904296875
	Val per: {'acc': 0.4966542750929368, 'mcc': 0.000600293985671147} 	Val loss: 1.0032043
	Test per: {'acc': 0.5093268450932684, 'mcc': 0.0038826633167668143} 	Test loss: 0.98081064
epoch: 96 time: 5.5784 
----->>>>> Training: 0.9609055835753679 0.9132266212254763 1.911298681050539 0.9153532339259982
Training: 0.960019345395267 0.9123735604807734 1.9170081615447998 	Train per: 0.547607421875
	Val per: {'acc': 0.49727385377943, 'mcc': 0.0018373177243603894} 	Val loss: 1.0031813
	Test per: {'acc': 0.5100027034333604, 'mcc': 0.005425702485579237} 	Test loss: 0.98063534
epoch: 97 time: 5.5621 
----->>>>> Training: 0.9611151982098818 0.9134279265999794 1.9126534182578325 0.9154923614114523
Training: 0.960296674631536 0.9126408491283655 1.916342854499817 	Train per: 0.54730224609375
	Val per: {'acc': 0.4970260223048327, 'mcc': 0.001320423431682475} 	Val loss: 1.0034363
	Test per: {'acc': 0.5100027034333604, 'mcc': 0.00520733108135941} 	Test loss: 0.98056364
epoch: 98 time: 5.5626 
----->>>>> Training: 0.960266962647438 0.9126132065430284 1.913505993783474 0.9148050062358379
Training: 0.9598239557817578 0.9121895367279649 1.9106227159500122 	Train per: 0.54754638671875
	Val per: {'acc': 0.4930607187112763, 'mcc': -0.007054603115747501} 	Val loss: 1.0081878
	Test per: {'acc': 0.5085158150851582, 'mcc': 0.0014047643224644058} 	Test loss: 0.9798058
epoch: 99 time: 5.5721 
----->>>>> Training: 0.9604079760611057 0.9127489011734724 1.9162821043282747 0.9148559328168631
Training: 0.9592648120597005 0.9116541892290115 1.9134681224822998 	Train per: 0.5482025146484375
	Val per: {'acc': 0.4966542750929368, 'mcc': 0.0005114072282750812} 	Val loss: 1.0037755
	Test per: {'acc': 0.5098675317653419, 'mcc': 0.005098527162264531} 	Test loss: 0.9803427
epoch: 100 time: 5.5727 
----->>>>> Training: 0.960323041304946 0.9126639775931835 1.918197825551033 0.9148174338042736
Training: 0.9594468446448445 0.9118322087451816 1.9240564107894897 	Train per: 0.54815673828125
	Val per: {'acc': 0.49615861214374224, 'mcc': -0.0003590860465122669} 	Val loss: 1.0044384
	Test per: {'acc': 0.5102730467693971, 'mcc': 0.005238172508564258} 	Test loss: 0.9805421
epoch: 101 time: 5.5973 
----->>>>> Training: 0.9598744390532374 0.9122387375682592 1.9155245423316956 0.9144035652279854
Training: 0.9590381113812327 0.9114356264472008 1.9352844953536987 	Train per: 0.5480194091796875
	Val per: {'acc': 0.49256505576208176, 'mcc': -0.008216253279312677} 	Val loss: 1.0074942
	Test per: {'acc': 0.5093268450932684, 'mcc': 0.003505065082520492} 	Test loss: 0.9805741
epoch: 102 time: 5.5454 
----->>>>> Training: 0.9591259071603417 0.911521933041513 1.9236002638936043 0.9136075992137194
Training: 0.9582202630117536 0.9106470216065645 1.9299496412277222 	Train per: 0.54888916015625
	Val per: {'acc': 0.49615861214374224, 'mcc': -0.0006968256739308436} 	Val loss: 1.0036902
	Test per: {'acc': 0.5100027034333604, 'mcc': 0.005799200927148968} 	Test loss: 0.98050845
epoch: 103 time: 5.5810 
----->>>>> Training: 0.9601383786648512 0.9124772781506181 1.9288092460483313 0.9146458674222231
Training: 0.9592574164271355 0.9116400461643934 1.9362126588821411 	Train per: 0.54779052734375
	Val per: {'acc': 0.4977695167286245, 'mcc': 0.0030210539921972455} 	Val loss: 1.0023382
	Test per: {'acc': 0.5100027034333604, 'mcc': 0.005300964783397775} 	Test loss: 0.980701
epoch: 104 time: 5.5934 
----->>>>> Training: 0.959692913107574 0.9120563054457307 1.9282506089657545 0.9141671527177095
Training: 0.9589602248743176 0.9113511638715863 1.9331003427505493 	Train per: 0.5478363037109375
	Val per: {'acc': 0.49479553903345724, 'mcc': -0.0036192823847973937} 	Val loss: 1.0064974
	Test per: {'acc': 0.5083806434171397, 'mcc': 0.0021881329982254404} 	Test loss: 0.9800979
epoch: 105 time: 5.5905 
----->>>>> Training: 0.9594629593193531 0.9118342837318778 1.9254314806312323 0.914064884185791
Training: 0.9585387576371431 0.910955267958343 1.9291205406188965 	Train per: 0.5482177734375
	Val per: {'acc': 0.49417596034696404, 'mcc': -0.004719156184098801} 	Val loss: 1.0061147
	Test per: {'acc': 0.5106785617734523, 'mcc': 0.006470952604031775} 	Test loss: 0.9798565
epoch: 106 time: 5.5861 
----->>>>> Training: 0.9591982029378414 0.9115821877494454 1.9315303936600685 0.9136898079887033
Training: 0.9582970403134823 0.9107159581035376 1.9426158666610718 	Train per: 0.548675537109375
	Val per: {'acc': 0.4955390334572491, 'mcc': -0.001795830696228967} 	Val loss: 1.0049307
	Test per: {'acc': 0.5091916734252501, 'mcc': 0.0034604732775567696} 	Test loss: 0.9802512
epoch: 107 time: 5.5759 
----->>>>> Training: 0.9598297476768494 0.9121827920898795 1.9318845756351948 0.9143014652654529
Training: 0.9592140093445778 0.911591898649931 1.9365712404251099 	Train per: 0.5480194091796875
	Val per: {'acc': 0.49380421313506817, 'mcc': -0.005027924128115792} 	Val loss: 1.0094429
	Test per: {'acc': 0.5095971884293052, 'mcc': 0.0025481756250630193} 	Test loss: 0.9791841
epoch: 108 time: 5.5714 
----->>>>> Training: 0.9587904894724488 0.9111841097474098 1.9337347522377968 0.9134528888389468
Training: 0.958841166459024 0.9112435253337026 1.9356589317321777 	Train per: 0.5484466552734375
	Val per: {'acc': 0.4924411400247832, 'mcc': -0.007836978536738396} 	Val loss: 1.0120108
	Test per: {'acc': 0.507028926736956, 'mcc': -0.0034766280313589253} 	Test loss: 0.9789493
epoch: 109 time: 5.5545 
----->>>>> Training: 0.9593308633193374 0.9117040345445275 1.9389381241053343 0.9137578373774886
Training: 0.9583627115935087 0.9107737988233566 1.935023546218872 	Train per: 0.5479278564453125
	Val per: {'acc': 0.49591078066914496, 'mcc': -0.0012342391472350395} 	Val loss: 1.0038235
	Test per: {'acc': 0.5086509867531765, 'mcc': 0.0030951086095874943} 	Test loss: 0.9799452
epoch: 110 time: 5.5685 
----->>>>> Training: 0.9592107916250825 0.9115852983668447 1.9318280797451735 0.9138732543215156
Training: 0.9587427107617259 0.9111389489844441 1.9410938024520874 	Train per: 0.54876708984375
	Val per: {'acc': 0.4939281288723668, 'mcc': -0.00510784229733009} 	Val loss: 1.0085402
	Test per: {'acc': 0.5083806434171397, 'mcc': 0.0008832200622812736} 	Test loss: 0.979479
epoch: 111 time: 5.5926 
----->>>>> Training: 0.958822900429368 0.9112157020717859 1.9400694482028484 0.9133424675092101
Training: 0.9581561796367168 0.9105726145207882 1.9487669467926025 	Train per: 0.548492431640625
	Val per: {'acc': 0.49653035935563816, 'mcc': 0.00017568046460051274} 	Val loss: 1.0043756
	Test per: {'acc': 0.5102730467693971, 'mcc': 0.006389901888316608} 	Test loss: 0.9799762
epoch: 112 time: 5.5621 
----->>>>> Training: 0.9578913766890764 0.910324496217072 1.9396537728607655 0.9125444712117314
Training: 0.9569479040801525 0.9094247911125422 1.945900559425354 	Train per: 0.54949951171875
	Val per: {'acc': 0.49566294919454773, 'mcc': -0.0013327124486421473} 	Val loss: 1.0055301
	Test per: {'acc': 0.5104082184374156, 'mcc': 0.005316423139048557} 	Test loss: 0.97970825
epoch: 113 time: 5.5745 
----->>>>> Training: 0.9588494384661317 0.9112395215779543 1.941411780193448 0.9133701454848051
Training: 0.9578423360362649 0.9102714946493506 1.9474157094955444 	Train per: 0.5485992431640625
	Val per: {'acc': 0.49318463444857497, 'mcc': -0.006698069809364881} 	Val loss: 1.0072755
	Test per: {'acc': 0.5105433901054339, 'mcc': 0.005519997227352981} 	Test loss: 0.9790649
epoch: 114 time: 5.5863 
----->>>>> Training: 0.9586435547098517 0.9110335353761911 1.9495363347232342 0.9132096683606505
Training: 0.9577807486057281 0.9102108795195818 1.9406721591949463 	Train per: 0.5480804443359375
	Val per: {'acc': 0.49653035935563816, 'mcc': 0.0004746494946885035} 	Val loss: 1.0037482
	Test per: {'acc': 0.508110300081103, 'mcc': 0.0008637848764117174} 	Test loss: 0.9793407
epoch: 115 time: 5.5770 
----->>>>> Training: 0.9587492728605866 0.9111366979777813 1.9475106429308653 0.9133011279627681
Training: 0.957782463170588 0.9102125652134418 1.9484893083572388 	Train per: 0.5485992431640625
	Val per: {'acc': 0.49516728624535317, 'mcc': -0.0028765240952967203} 	Val loss: 1.0059863
	Test per: {'acc': 0.5095971884293052, 'mcc': 0.004850384976805323} 	Test loss: 0.9789867
epoch: 116 time: 5.5626 
----->>>>> Training: 0.9583615316078067 0.9107671659439802 1.9479752276092768 0.9129278566688299
Training: 0.9573006816208363 0.9097561249509454 1.9507975578308105 	Train per: 0.5487060546875
	Val per: {'acc': 0.49578686493184637, 'mcc': -0.0011268690317089952} 	Val loss: 1.0053723
	Test per: {'acc': 0.5104082184374156, 'mcc': 0.005285140077164174} 	Test loss: 0.9792686
epoch: 117 time: 5.5525 
----->>>>> Training: 0.9576687142252922 0.9101025490090251 1.953394453972578 0.912255521863699
Training: 0.9567154413089156 0.9092037165537477 1.9366594552993774 	Train per: 0.5489959716796875
	Val per: {'acc': 0.4950433705080545, 'mcc': -0.0022948290302611195} 	Val loss: 1.0069518
	Test per: {'acc': 0.5123006217896728, 'mcc': 0.008152224169753228} 	Test loss: 0.9783828
epoch: 118 time: 5.5832 
----->>>>> Training: 0.9575550695881248 0.9099971828982234 1.9488801769912243 0.9121802570298314
Training: 0.9569047847762704 0.9093636479228735 1.9589520692825317 	Train per: 0.548797607421875
	Val per: {'acc': 0.49925650557620815, 'mcc': 0.005965328237686172} 	Val loss: 1.0022229
	Test per: {'acc': 0.5100027034333604, 'mcc': 0.005861349276122746} 	Test loss: 0.97964925
epoch: 119 time: 5.7116 
----->>>>> Training: 0.9578251093626022 0.9102501664310694 1.9524919986724854 0.9124490721151233
Training: 0.9569228840991855 0.9093873668462038 1.9561223983764648 	Train per: 0.549102783203125
	Val per: {'acc': 0.4976456009913259, 'mcc': 0.0025663393180486082} 	Val loss: 1.0034057
	Test per: {'acc': 0.5097323600973236, 'mcc': 0.005052385431261811} 	Test loss: 0.979412
epoch: 120 time: 5.7306 
----->>>>> Training: 0.9580691894516349 0.9104815786704421 1.9509883355349302 0.9127324232831597
Training: 0.9568843357264996 0.9093410614877939 1.9606379270553589 	Train per: 0.5488128662109375
	Val per: {'acc': 0.49578686493184637, 'mcc': -0.0012239991517011169} 	Val loss: 1.0065968
	Test per: {'acc': 0.5102730467693971, 'mcc': 0.005238172508564258} 	Test loss: 0.97901464
epoch: 121 time: 5.5722 
----->>>>> Training: 0.9580622129142284 0.9104711385443807 1.9583050068467855 0.9126555155962706
Training: 0.9571495316922665 0.9095929507166147 1.96409010887146 	Train per: 0.5489654541015625
	Val per: {'acc': 0.4964064436183395, 'mcc': 0.0001376034775007412} 	Val loss: 1.0091312
	Test per: {'acc': 0.5090565017572317, 'mcc': 0.0024043473487876557} 	Test loss: 0.97813535
epoch: 122 time: 5.5709 
----->>>>> Training: 0.9568576477468014 0.9093210808932781 1.959992816671729 0.911531450226903
Training: 0.9560175845399499 0.9085288820788264 1.9483805894851685 	Train per: 0.5488128662109375
	Val per: {'acc': 0.49752168525402723, 'mcc': 0.002354012167912281} 	Val loss: 1.0051094
	Test per: {'acc': 0.5117599351175993, 'mcc': 0.008779055375365446} 	Test loss: 0.9785894
epoch: 123 time: 5.6892 
----->>>>> Training: 0.9575695553794503 0.9099985249340534 1.9589403998106718 0.9122417671605945
Training: 0.956654530018568 0.90912383235991 1.9623117446899414 	Train per: 0.5487518310546875
	Val per: {'acc': 0.49752168525402723, 'mcc': 0.0020693837813702837} 	Val loss: 1.0032868
	Test per: {'acc': 0.5093268450932684, 'mcc': 0.004946289980799714} 	Test loss: 0.97892493
epoch: 124 time: 5.6846 
----->>>>> Training: 0.9576846146956086 0.9101074682548642 1.9601758662611246 0.9123394228518009
Training: 0.9562915321439505 0.9087805273011327 1.9544397592544556 	Train per: 0.54925537109375
	Val per: {'acc': 0.49714993804213137, 'mcc': 0.0018630186937681162} 	Val loss: 1.0046742
	Test per: {'acc': 0.5108137334414706, 'mcc': 0.006208178701085716} 	Test loss: 0.9782533
epoch: 125 time: 5.8171 
----->>>>> Training: 0.9572357386350632 0.9096798291429877 1.96078628487885 0.9119025077670813
Training: 0.956945862621069 0.9093920290470123 1.9695451259613037 	Train per: 0.5485076904296875
	Val per: {'acc': 0.4990086741016109, 'mcc': 0.005210790083502812} 	Val loss: 1.0009632
	Test per: {'acc': 0.5083806434171397, 'mcc': 0.003353141836499109} 	Test loss: 0.97958916
epoch: 126 time: 5.5822 
----->>>>> Training: 0.9567464580759406 0.9092097533866763 1.9656258448958397 0.9114216063171625
Training: 0.9559388514608145 0.9084382690489292 1.9658318758010864 	Train per: 0.549468994140625
	Val per: {'acc': 0.49591078066914496, 'mcc': -0.001018897556300324} 	Val loss: 1.0071926
	Test per: {'acc': 0.5109489051094891, 'mcc': 0.006691688268352592} 	Test loss: 0.97822905
epoch: 127 time: 5.5947 
----->>>>> Training: 0.9568946277722716 0.9093459816649556 1.972424017265439 0.9115244382992387
Training: 0.9560060044750571 0.908491363748908 1.9713033437728882 	Train per: 0.5491485595703125
	Val per: {'acc': 0.49789343246592316, 'mcc': 0.00282905447388454} 	Val loss: 1.001657
	Test per: {'acc': 0.5098675317653419, 'mcc': 0.006248791566206112} 	Test loss: 0.97897846
epoch: 128 time: 5.5927 
----->>>>> Training: 0.956864120438695 0.9093168638646603 1.9681838303804398 0.9115814073011279
Training: 0.9558463059365749 0.9083425495773554 1.9744007587432861 	Train per: 0.549102783203125
	Val per: {'acc': 0.49913258983890957, 'mcc': 0.0053959793163673555} 	Val loss: 1.0025911
	Test per: {'acc': 0.5093268450932684, 'mcc': 0.005164214141803673} 	Test loss: 0.9788919
epoch: 129 time: 5.5897 
----->>>>> Training: 0.9568549115210772 0.9093011636286974 1.9745016265660524 0.9115848718211055
Training: 0.9558380078524351 0.9083351418375969 1.9744054079055786 	Train per: 0.5493927001953125
	Val per: {'acc': 0.49727385377943, 'mcc': 0.002180158544575314} 	Val loss: 1.0062203
	Test per: {'acc': 0.5114895917815626, 'mcc': 0.007105306258963401} 	Test loss: 0.977954
epoch: 130 time: 5.5937 
----->>>>> Training: 0.9567547272890806 0.9092056667432189 1.9759726747870445 0.91146185901016
Training: 0.9554783767089248 0.9079904686659575 1.9739598035812378 	Train per: 0.54986572265625
	Val per: {'acc': 0.49578686493184637, 'mcc': -0.0012778244676983172} 	Val loss: 1.0046368
	Test per: {'acc': 0.5112192484455258, 'mcc': 0.007594315442577524} 	Test loss: 0.9778469
epoch: 131 time: 5.5818 
----->>>>> Training: 0.9562535081058741 0.9087286200374365 1.9760536272078753 0.9109767824411392
Training: 0.9552818378433585 0.9077968476340175 1.9772331714630127 	Train per: 0.549468994140625
	Val per: {'acc': 0.4966542750929368, 'mcc': 0.00033448335513457865} 	Val loss: 1.0049267
	Test per: {'acc': 0.5095971884293052, 'mcc': 0.004756660853882807} 	Test loss: 0.9776371
epoch: 132 time: 5.5923 
----->>>>> Training: 0.9561846861615777 0.9086616290733218 1.9754502307623625 0.910952185280621
Training: 0.9551996914669871 0.9077174616977572 1.9889299869537354 	Train per: 0.5495452880859375
	Val per: {'acc': 0.49814126394052044, 'mcc': 0.0036799725504861407} 	Val loss: 1.0046823
	Test per: {'acc': 0.5102730467693971, 'mcc': 0.0057374838675770075} 	Test loss: 0.9782112
epoch: 133 time: 5.6161 
----->>>>> Training: 0.9556364538148046 0.9081381047144532 1.9828963819891214 0.9103089701384306
Training: 0.955302688293159 0.9078160291537642 1.9807535409927368 	Train per: 0.549957275390625
	Val per: {'acc': 0.5, 'mcc': 0.007784615093610253} 	Val loss: 1.000258
	Test per: {'acc': 0.5089213300892133, 'mcc': 0.003025269838696687} 	Test loss: 0.97883415
epoch: 134 time: 5.5820 
----->>>>> Training: 0.9561572941020131 0.9086313154548407 1.9784534610807896 0.9109504073858261
Training: 0.9545857822522521 0.9071379983797669 1.9755793809890747 	Train per: 0.549774169921875
	Val per: {'acc': 0.5, 'mcc': 0.00768438304537855} 	Val loss: 1.0029868
	Test per: {'acc': 0.5101378751013788, 'mcc': 0.005752734614631566} 	Test loss: 0.9778464
epoch: 135 time: 5.5870 
----->>>>> Training: 0.9564076540991664 0.9088679263368249 1.9787099529057741 0.9112203996628523
Training: 0.9557095738127828 0.9082076959311962 1.996722936630249 	Train per: 0.5498504638671875
	Val per: {'acc': 0.49851301115241636, 'mcc': 0.0047405198569862575} 	Val loss: 1.0061964
	Test per: {'acc': 0.5120302784536361, 'mcc': 0.008696624678798283} 	Test loss: 0.9777047
epoch: 136 time: 5.6039 
----->>>>> Training: 0.9560816781595349 0.9085575146600604 1.983780836686492 0.9108076887205243
Training: 0.9550726395100355 0.9075876781716943 1.9833046197891235 	Train per: 0.549560546875
	Val per: {'acc': 0.4997521685254027, 'mcc': 0.007131150579731915} 	Val loss: 1.0021328
	Test per: {'acc': 0.5104082184374156, 'mcc': 0.0063443366547853005} 	Test loss: 0.97816473
epoch: 137 time: 5.5871 
----->>>>> Training: 0.956121139228344 0.9085886096581817 1.9907512608915567 0.9108355725184083
Training: 0.955157931894064 0.9076661514118314 1.992024540901184 	Train per: 0.54974365234375
	Val per: {'acc': 0.4982651796778191, 'mcc': 0.003949899335187253} 	Val loss: 1.0050427
	Test per: {'acc': 0.5113544201135442, 'mcc': 0.007705514205150544} 	Test loss: 0.9769366
epoch: 138 time: 5.5710 
----->>>>> Training: 0.9554730579257011 0.9079681150615215 1.9896502625197172 0.9103059247136116
Training: 0.9546079710125923 0.907154118642211 1.9846382141113281 	Train per: 0.55084228515625
	Val per: {'acc': 0.4970260223048327, 'mcc': 0.0017974691966808622} 	Val loss: 1.005949
	Test per: {'acc': 0.5108137334414706, 'mcc': 0.005333297955049861} 	Test loss: 0.9767689
epoch: 139 time: 5.5645 
----->>>>> Training: 0.9562700930982828 0.9087313199415803 1.9927098099142313 0.9109212793409824
Training: 0.9552051378414035 0.907702493481338 1.9987788200378418 	Train per: 0.5498809814453125
	Val per: {'acc': 0.49727385377943, 'mcc': 0.0017240532304343213} 	Val loss: 1.0048188
	Test per: {'acc': 0.5113544201135442, 'mcc': 0.008075375549976404} 	Test loss: 0.97708046
epoch: 140 time: 5.5894 
----->>>>> Training: 0.9553537219762802 0.9078529831022024 1.9931241441518068 0.9101523160934448
Training: 0.9544339189305902 0.9069735910743475 1.9869462251663208 	Train per: 0.5503387451171875
	Val per: {'acc': 0.5002478314745973, 'mcc': 0.007999664280168064} 	Val loss: 1.0020746
	Test per: {'acc': 0.5114895917815626, 'mcc': 0.008739670325915308} 	Test loss: 0.9774377
epoch: 141 time: 5.5915 
----->>>>> Training: 0.9549164231866598 0.9074294092133641 1.9944828245788813 0.9098506039008498
Training: 0.9541069958359003 0.906667803414166 1.994408130645752 	Train per: 0.550384521484375
	Val per: {'acc': 0.5008674101610905, 'mcc': 0.00948900897453975} 	Val loss: 1.0025707
	Test per: {'acc': 0.5094620167612869, 'mcc': 0.0043043037319245685} 	Test loss: 0.977011
epoch: 142 time: 5.5681 
----->>>>> Training: 0.9551136428490281 0.9076216900721192 1.9944881182163954 0.909949230030179
Training: 0.9538830062374473 0.9064516741782427 1.9957162141799927 	Train per: 0.5503387451171875
	Val per: {'acc': 0.49752168525402723, 'mcc': 0.002584034058021746} 	Val loss: 1.005395
	Test per: {'acc': 0.5113544201135442, 'mcc': 0.00724175726186202} 	Test loss: 0.97638005
epoch: 143 time: 5.5724 
----->>>>> Training: 0.9552994128316641 0.9077922673895955 2.0013441033661366 0.9101159581914544
Training: 0.9545599250122905 0.9070953503251076 1.995840072631836 	Train per: 0.5502166748046875
	Val per: {'acc': 0.49739776951672865, 'mcc': 0.0021413298894020086} 	Val loss: 1.0055232
	Test per: {'acc': 0.5108137334414706, 'mcc': 0.00642590371757609} 	Test loss: 0.97603714
epoch: 144 time: 5.5362 
----->>>>> Training: 0.9555896325036883 0.9080729288980365 2.000900963321328 0.9103161254897714
Training: 0.9546355418860912 0.9071563659235835 1.9960827827453613 	Train per: 0.5500640869140625
	Val per: {'acc': 0.5003717472118959, 'mcc': 0.00829437083693986} 	Val loss: 1.0024992
	Test per: {'acc': 0.511624763449581, 'mcc': 0.008881863654814123} 	Test loss: 0.9763534
epoch: 145 time: 5.5478 
----->>>>> Training: 0.9551324117928743 0.9076300980523229 2.0020280312746763 0.9100056299939752
Training: 0.9541007596999407 0.9066460207104683 2.002788543701172 	Train per: 0.5501251220703125
	Val per: {'acc': 0.5016109045848823, 'mcc': 0.011431245326417379} 	Val loss: 1.0030459
	Test per: {'acc': 0.5106785617734523, 'mcc': 0.005817397691916252} 	Test loss: 0.9764519
epoch: 146 time: 5.5575 
----->>>>> Training: 0.9548187162727118 0.9073310559615493 2.0054179336875677 0.9096448328346014
Training: 0.9540954707190394 0.9066384853795171 2.006808042526245 	Train per: 0.5505828857421875
	Val per: {'acc': 0.498636926889715, 'mcc': 0.004712350463128894} 	Val loss: 1.005541
	Test per: {'acc': 0.5117599351175993, 'mcc': 0.008656275106027967} 	Test loss: 0.9755655
epoch: 147 time: 5.5466 
----->>>>> Training: 0.9546010280027986 0.9071160582825541 2.009893611073494 0.9095014650374651
Training: 0.9538130024448037 0.9063762752339244 2.00842022895813 	Train per: 0.550750732421875
	Val per: {'acc': 0.4997521685254027, 'mcc': 0.007305204338001834} 	Val loss: 1.0041584
	Test per: {'acc': 0.5132468234658015, 'mcc': 0.01161039150078374} 	Test loss: 0.97575724
epoch: 148 time: 5.5768 
----->>>>> Training: 0.9544629268348217 0.9069904088973999 2.0124741196632385 0.9092009738087654
Training: 0.9542503645643592 0.9067694563418627 2.009028196334839 	Train per: 0.5511474609375
	Val per: {'acc': 0.5021065675340768, 'mcc': 0.011654788390312818} 	Val loss: 0.9993549
	Test per: {'acc': 0.5108137334414706, 'mcc': 0.008768109939592247} 	Test loss: 0.9774038
epoch: 149 time: 5.5508 

Best Valid performance: {'acc': 0.5102850061957869, 'mcc': 0.03595209225631561}
	Best Test performance: {'acc': 0.5175723168423898, 'mcc': 0.010855566147811845}
