Namespace(path='./data/kdd17/ourpped/', seq=5, unit=4, alpha_l2=0.001, beta_adv=0.05, epsilon_adv=0.001, step=1, batch_size=1024, epoch=150, learning_rate=0.001, gpu=1, model_path='./saved_model/acl18_alstm/exp', model_save_path='./saved_model/kdd_resnet34_lstm/exp', action='train', model='pure_lstm', fix_init=1, att=0, week=0, adv=0, hinge_lose=1, reload=0, resnet=1)
50  tickers selected
2518 trading dates:
0 2014 2266
64644  training instances
8070  validation instances
7398  testing instances
Tensor("Shape:0", shape=(3,), dtype=int32)
is pred_lstm
device name: /gpu:0
outputs_shape: [None, 5, 4]
resshape: [None, 5, 4]
Shape of self.output: Tensor("Shape:0", shape=(3,), dtype=int32)
Shape of self.resnet_features: Tensor("Shape_1:0", shape=(3,), dtype=int32)
Shape of self.combined_features: [None, 5, 4]
adversarial scope
adversial part
Metal device set to: Apple M1 Pro

systemMemory: 16.00 GB
maxCacheSize: 5.33 GB

----->>>>> Training: 0.9977532550692558 0.9972593318670988 0.4939309163019061 0.0
Training: 0.996731954626739 0.9962276639416814 0.5043129920959473 	Train per: 0.51287841796875
	Val per: {'acc': 0.48451053283767037, 'mcc': -0.02376666118309092} 	Val loss: 1.0019321
	Test per: {'acc': 0.5187888618545553, 'mcc': -0.01021891958256392} 	Test loss: 0.9954184
epoch: 0 time: 44.4895 
----->>>>> Training: 0.9968785000964999 0.9963617967441678 0.5167020326480269 0.0
Training: 0.9957074839621782 0.995177791453898 0.5296998023986816 	Train per: 0.511566162109375
	Val per: {'acc': 0.48674101610904585, 'mcc': -0.024667011412618997} 	Val loss: 1.001449
	Test per: {'acc': 0.5263584752635847, 'mcc': -0.006842619264003857} 	Test loss: 0.99123245
epoch: 1 time: 40.7640 
----->>>>> Training: 0.9941159021109343 0.9935638783499599 0.5520263258367777 0.0
Training: 0.9926520651206374 0.9920717068016529 0.5803691744804382 	Train per: 0.5086212158203125
	Val per: {'acc': 0.49479553903345724, 'mcc': 0.020876870852259474} 	Val loss: 0.9973975
	Test per: {'acc': 0.5297377669640443, 'mcc': 0.018873184762751086} 	Test loss: 0.98321307
epoch: 2 time: 40.7042 
----->>>>> Training: 0.9886296633630991 0.9880152707919478 0.6143951527774334 0.0
Training: 0.9840562716126442 0.9833936542272568 0.6626016497612 	Train per: 0.511444091796875
	Val per: {'acc': 0.4895910780669145, 'mcc': -0.0009280770940291233} 	Val loss: 0.9943208
	Test per: {'acc': 0.5283860502838605, 'mcc': 0.0007587247682534573} 	Test loss: 0.970124
epoch: 3 time: 39.0843 
----->>>>> Training: 0.9796942006796598 0.9789711348712444 0.7230678582563996 0.0
Training: 0.976065986789763 0.9752824893221259 0.7834957242012024 	Train per: 0.5116424560546875
	Val per: {'acc': 0.4895910780669145, 'mcc': -0.0004636932373695575} 	Val loss: 0.9936815
	Test per: {'acc': 0.5286563936198972, 'mcc': 0.0066955646115456225} 	Test loss: 0.95505434
epoch: 4 time: 38.6858 
----->>>>> Training: 0.975496775470674 0.9747188594192266 0.7779167350381613 0.0
Training: 0.9742244454100728 0.9734518500044942 0.7725769281387329 	Train per: 0.5113067626953125
	Val per: {'acc': 0.48971499380421313, 'mcc': 0.01090304390997249} 	Val loss: 0.99713755
	Test per: {'acc': 0.5285212219518789, 'mcc': 0.0} 	Test loss: 0.9521618
epoch: 5 time: 38.4966 
----->>>>> Training: 0.9735565539449453 0.9727836977690458 0.7728563165292144 0.0
Training: 0.9726854059845209 0.9719140687957406 0.7713167071342468 	Train per: 0.51153564453125
	Val per: {'acc': 0.4895910780669145, 'mcc': -0.0003278399903733666} 	Val loss: 0.9979015
	Test per: {'acc': 0.5287915652879156, 'mcc': 0.017410718233092325} 	Test loss: 0.9507204
epoch: 6 time: 38.5581 
----->>>>> Training: 0.9720800034701824 0.9713096506893635 0.7703549135476351 0.0
Training: 0.9713828573003411 0.9706158125773072 0.7670322060585022 	Train per: 0.51153564453125
	Val per: {'acc': 0.48971499380421313, 'mcc': 0.01090304390997249} 	Val loss: 0.99918574
	Test per: {'acc': 0.5289267369559341, 'mcc': 0.017114956070572656} 	Test loss: 0.94984865
epoch: 7 time: 38.0647 
----->>>>> Training: 0.9709616946056485 0.9701943239197135 0.7673703180626035 0.0
Training: 0.9702528268098831 0.9694864302873611 0.7664216160774231 	Train per: 0.5119781494140625
	Val per: {'acc': 0.4899628252788104, 'mcc': 0.0120169043982713} 	Val loss: 0.9997244
	Test per: {'acc': 0.5293322519599892, 'mcc': 0.01861972375344862} 	Test loss: 0.94937783
epoch: 8 time: 38.1024 
----->>>>> Training: 0.9704692726954818 0.9697044100612402 0.7648654337972403 0.0
Training: 0.9697866411879659 0.969019410200417 0.7672349810600281 	Train per: 0.512664794921875
	Val per: {'acc': 0.4899628252788104, 'mcc': 0.0030315705555418464} 	Val loss: 0.9999697
	Test per: {'acc': 0.5312246553122466, 'mcc': 0.031680683409924644} 	Test loss: 0.94915134
epoch: 9 time: 38.2823 
----->>>>> Training: 0.9694999074563384 0.968736001290381 0.7639047903940082 0.0
Training: 0.9688565712422132 0.9680927423760295 0.7638329863548279 	Train per: 0.5144805908203125
	Val per: {'acc': 0.4888475836431227, 'mcc': -0.008702497094207005} 	Val loss: 0.9997861
	Test per: {'acc': 0.5321708569883752, 'mcc': 0.03294771490523675} 	Test loss: 0.94948816
epoch: 10 time: 37.8776 
----->>>>> Training: 0.9688513688743114 0.9680842161178589 0.7671540267765522 0.0
Training: 0.9681813763454556 0.9674108074977994 0.7705591917037964 	Train per: 0.5158233642578125
	Val per: {'acc': 0.49120198265179676, 'mcc': 0.006438696223694483} 	Val loss: 0.9993427
	Test per: {'acc': 0.5321708569883752, 'mcc': 0.030154418694690047} 	Test loss: 0.94960105
epoch: 11 time: 37.5746 
----->>>>> Training: 0.9684073710814118 0.9676346415653825 0.7727270610630512 0.0
Training: 0.9676397647708654 0.9668606128543615 0.7791593670845032 	Train per: 0.5166015625
	Val per: {'acc': 0.4939281288723668, 'mcc': 0.01870724825364335} 	Val loss: 0.999356
	Test per: {'acc': 0.530683968640173, 'mcc': 0.02340768980811187} 	Test loss: 0.9497697
epoch: 12 time: 37.7396 
----->>>>> Training: 0.9667241368442774 0.9659418594092131 0.7822792511433363 0.0
Training: 0.9661199524998665 0.9653284028172493 0.791564404964447 	Train per: 0.5200042724609375
	Val per: {'acc': 0.49405204460966545, 'mcc': 0.013532242792737197} 	Val loss: 0.99825054
	Test per: {'acc': 0.5286563936198972, 'mcc': 0.018196338296972488} 	Test loss: 0.9504479
epoch: 13 time: 38.3145 
----->>>>> Training: 0.9663257049396634 0.9655267670750618 0.7989385798573494 0.0
Training: 0.9655574671924114 0.9647514307871461 0.8060500025749207 	Train per: 0.5205535888671875
	Val per: {'acc': 0.49479553903345724, 'mcc': 0.014621280106634493} 	Val loss: 0.99823827
	Test per: {'acc': 0.5273046769397134, 'mcc': 0.015434577805560052} 	Test loss: 0.95087767
epoch: 14 time: 37.6458 
----->>>>> Training: 0.9652888802811503 0.9644715487957001 0.8173329886049032 0.0
Training: 0.9644679576158524 0.9636423764750361 0.825579047203064 	Train per: 0.5220184326171875
	Val per: {'acc': 0.4960346964064436, 'mcc': 0.017829386282410323} 	Val loss: 0.9980919
	Test per: {'acc': 0.5239253852392538, 'mcc': 0.006192379972781252} 	Test loss: 0.9512068
epoch: 15 time: 40.6858 
----->>>>> Training: 0.9638649085536599 0.96302380412817 0.8411051360890269 0.0
Training: 0.9629861572757363 0.9621305922046304 0.855536162853241 	Train per: 0.5223846435546875
	Val per: {'acc': 0.49950433705080544, 'mcc': 0.025770038180476365} 	Val loss: 0.996738
	Test per: {'acc': 0.5240605569072723, 'mcc': 0.010809454881515678} 	Test loss: 0.9524123
epoch: 16 time: 41.3730 
----->>>>> Training: 0.962701546959579 0.9618295710533857 0.8719764919951558 0.0
Training: 0.9617899721488357 0.9609027588739991 0.887202262878418 	Train per: 0.5224761962890625
	Val per: {'acc': 0.5004956629491946, 'mcc': 0.026519915277141565} 	Val loss: 0.99590117
	Test per: {'acc': 0.5229791835631251, 'mcc': 0.009746644608014192} 	Test loss: 0.95298874
epoch: 17 time: 40.7346 
----->>>>> Training: 0.9617161611095071 0.9608081839978695 0.9079796951264143 0.0
Training: 0.9607851216569543 0.9598569581285119 0.9281723499298096 	Train per: 0.5224761962890625
	Val per: {'acc': 0.5026022304832714, 'mcc': 0.03302999990331692} 	Val loss: 0.9964347
	Test per: {'acc': 0.5198702351987023, 'mcc': 0.001265314910173677} 	Test loss: 0.95345056
epoch: 18 time: 40.5420 
----->>>>> Training: 0.9609940489754081 0.9600441241636872 0.9499268271028996 0.0
Training: 0.9600805062800646 0.9591076392680407 0.9728529453277588 	Train per: 0.5230255126953125
	Val per: {'acc': 0.5053283767038413, 'mcc': 0.03852607446409521} 	Val loss: 0.9952566
	Test per: {'acc': 0.5220329818869965, 'mcc': 0.009023911251894976} 	Test loss: 0.9534031
epoch: 19 time: 40.3812 
----->>>>> Training: 0.9598211664706469 0.9588183034211397 1.0028624925762415 0.0
Training: 0.9582837335765362 0.9572566878050566 1.0270224809646606 	Train per: 0.5257720947265625
	Val per: {'acc': 0.5094175960346964, 'mcc': 0.04507314810179792} 	Val loss: 0.99271464
	Test per: {'acc': 0.5206812652068127, 'mcc': 0.00945079226428768} 	Test loss: 0.95497614
epoch: 20 time: 40.3207 
----->>>>> Training: 0.9581310050562024 0.9570780359208584 1.05296734534204 0.0
Training: 0.9570419732481241 0.9559681359678507 1.0738235712051392 	Train per: 0.526092529296875
	Val per: {'acc': 0.5060718711276332, 'mcc': 0.03250148315085828} 	Val loss: 0.98898685
	Test per: {'acc': 0.5182481751824818, 'mcc': 0.007423291761183736} 	Test loss: 0.9567487
epoch: 21 time: 39.0580 
----->>>>> Training: 0.9565055519342422 0.9554068278521299 1.0987225640565157 0.0
Training: 0.9552596462890506 0.954133833758533 1.125829815864563 	Train per: 0.5268096923828125
	Val per: {'acc': 0.5092936802973977, 'mcc': 0.041248318795830984} 	Val loss: 0.98959947
	Test per: {'acc': 0.517977831846445, 'mcc': 0.0061399285319684955} 	Test loss: 0.9568737
epoch: 22 time: 39.6958 
----->>>>> Training: 0.9545088475570083 0.9533599903807044 1.1488569639623165 0.0
Training: 0.9536677422001958 0.952500743791461 1.1669918298721313 	Train per: 0.5277252197265625
	Val per: {'acc': 0.5084262701363073, 'mcc': 0.03566826079476551} 	Val loss: 0.9858947
	Test per: {'acc': 0.5171668018383346, 'mcc': 0.007522920199094222} 	Test loss: 0.95832103
epoch: 23 time: 38.3836 
----->>>>> Training: 0.9541318165138364 0.9529453935101628 1.186425108462572 0.0
Training: 0.95337572414428 0.9521793397143483 1.1964061260223389 	Train per: 0.5286407470703125
	Val per: {'acc': 0.5086741016109045, 'mcc': 0.03577139953804971} 	Val loss: 0.9849171
	Test per: {'acc': 0.5175723168423898, 'mcc': 0.009146559581906992} 	Test loss: 0.95880365
epoch: 24 time: 37.8306 
----->>>>> Training: 0.953274835832417 0.9520709756761789 1.2038607448339462 0.0
Training: 0.9521637074649334 0.9509459845721722 1.217721700668335 	Train per: 0.5284271240234375
	Val per: {'acc': 0.5078066914498142, 'mcc': 0.034804745102809106} 	Val loss: 0.9869444
	Test per: {'acc': 0.5182481751824818, 'mcc': 0.00913488034405252} 	Test loss: 0.95819885
epoch: 25 time: 38.2109 
----->>>>> Training: 0.9521742844954133 0.9509506244212389 1.2236608173698187 0.0
Training: 0.9514102842658758 0.9501843359321356 1.2259594202041626 	Train per: 0.5287017822265625
	Val per: {'acc': 0.507187112763321, 'mcc': 0.03381802170679106} 	Val loss: 0.98776716
	Test per: {'acc': 0.5181130035144633, 'mcc': 0.007887366400929609} 	Test loss: 0.9579463
epoch: 26 time: 38.4112 
----->>>>> Training: 0.9519015392288566 0.9506622003391385 1.2393406610935926 0.0
Training: 0.9510646583512425 0.9498264314606786 1.2382547855377197 	Train per: 0.5291290283203125
	Val per: {'acc': 0.5055762081784386, 'mcc': 0.03036517919077678} 	Val loss: 0.98921716
	Test per: {'acc': 0.5170316301703163, 'mcc': 0.004010753114495371} 	Test loss: 0.95824295
epoch: 27 time: 38.6499 
----->>>>> Training: 0.9506588848307729 0.9494130397215486 1.2458437234163284 0.0
Training: 0.9496112428605556 0.9483529888093472 1.2582327127456665 	Train per: 0.53045654296875
	Val per: {'acc': 0.5069392812887237, 'mcc': 0.03222307416046361} 	Val loss: 0.98694396
	Test per: {'acc': 0.517977831846445, 'mcc': 0.008736814761979664} 	Test loss: 0.9595372
epoch: 28 time: 38.1913 
----->>>>> Training: 0.9502353304997087 0.9489703653380275 1.2649685367941856 0.0
Training: 0.9489232264459133 0.947653946466744 1.2692675590515137 	Train per: 0.53009033203125
	Val per: {'acc': 0.5079306071871128, 'mcc': 0.03382102820957436} 	Val loss: 0.9865369
	Test per: {'acc': 0.519059205190592, 'mcc': 0.012454541319363507} 	Test loss: 0.9598707
epoch: 29 time: 37.9121 
----->>>>> Training: 0.9498837711289525 0.9486075099557638 1.2762598060071468 0.0
Training: 0.9486749991774559 0.9473889088258147 1.286108374595642 	Train per: 0.531341552734375
	Val per: {'acc': 0.5073110285006196, 'mcc': 0.032219658766217345} 	Val loss: 0.98662883
	Test per: {'acc': 0.5177074885104083, 'mcc': 0.009085521743931239} 	Test loss: 0.9606876
epoch: 30 time: 37.4867 
----->>>>> Training: 0.9490459132939577 0.9477467956021428 1.2991156857460737 0.0
Training: 0.9478356121107936 0.9465307472273707 1.3048585653305054 	Train per: 0.5310211181640625
	Val per: {'acc': 0.507187112763321, 'mcc': 0.03198293831907445} 	Val loss: 0.9870728
	Test per: {'acc': 0.5178426601784266, 'mcc': 0.00944255085860159} 	Test loss: 0.96060896
epoch: 31 time: 38.0035 
----->>>>> Training: 0.947451607324183 0.946138815023005 1.312793679535389 0.0
Training: 0.9463226171210408 0.9449981423094869 1.324502944946289 	Train per: 0.5316009521484375
	Val per: {'acc': 0.5061957868649318, 'mcc': 0.029542887090182116} 	Val loss: 0.9876126
	Test per: {'acc': 0.5183833468505001, 'mcc': 0.010740945918719604} 	Test loss: 0.96079177
epoch: 32 time: 37.6674 
----->>>>> Training: 0.9458338469266891 0.9444981347769499 1.3357139062136412 0.0
Training: 0.9451419711112976 0.9438037881627679 1.3381584882736206 	Train per: 0.5315399169921875
	Val per: {'acc': 0.5053283767038413, 'mcc': 0.028434583616788408} 	Val loss: 0.99131674
	Test per: {'acc': 0.5182481751824818, 'mcc': 0.007856467118866539} 	Test loss: 0.96096075
epoch: 33 time: 38.3355 
----->>>>> Training: 0.9454960972070694 0.9441427383571863 1.3533561751246452 0.0
Training: 0.9444153644144535 0.9430470801889896 1.368279218673706 	Train per: 0.5321044921875
	Val per: {'acc': 0.5052044609665427, 'mcc': 0.026108196811294015} 	Val loss: 0.9889815
	Test per: {'acc': 0.5171668018383346, 'mcc': 0.008915527969741868} 	Test loss: 0.96295345
epoch: 34 time: 38.6098 
----->>>>> Training: 0.9446812514215708 0.9433043748140335 1.3768766056746244 0.0
Training: 0.94358148612082 0.9421957973390818 1.3856706619262695 	Train per: 0.5321502685546875
	Val per: {'acc': 0.5045848822800496, 'mcc': 0.025171962395034886} 	Val loss: 0.99018794
	Test per: {'acc': 0.5189240335225737, 'mcc': 0.012037614304944374} 	Test loss: 0.9615401
epoch: 35 time: 38.0747 
----->>>>> Training: 0.9440994216129184 0.9427081272006035 1.3912911210209131 0.0
Training: 0.9425302967429161 0.9411338791251183 1.39640474319458 	Train per: 0.532135009765625
	Val per: {'acc': 0.5066914498141264, 'mcc': 0.02912508651660192} 	Val loss: 0.9887013
	Test per: {'acc': 0.519059205190592, 'mcc': 0.013926120492109983} 	Test loss: 0.9627693
epoch: 36 time: 38.2124 
----->>>>> Training: 0.9433396430686116 0.9419311247766018 1.4085227455943823 0.0
Training: 0.9424399463459849 0.9410196868702769 1.420276403427124 	Train per: 0.5319366455078125
	Val per: {'acc': 0.5069392812887237, 'mcc': 0.02878128860514781} 	Val loss: 0.98697543
	Test per: {'acc': 0.5159502568261692, 'mcc': 0.008728039583017677} 	Test loss: 0.964763
epoch: 37 time: 38.0703 
----->>>>> Training: 0.942297643981874 0.9408708354458213 1.4268130827695131 0.0
Training: 0.9412622824311256 0.9398295059800148 1.4327671527862549 	Train per: 0.5326690673828125
	Val per: {'acc': 0.5084262701363073, 'mcc': 0.03321446792755371} 	Val loss: 0.990204
	Test per: {'acc': 0.5160854284941876, 'mcc': 0.007123096338321011} 	Test loss: 0.9643323
epoch: 38 time: 39.3286 
----->>>>> Training: 0.9421512242406607 0.940709076821804 1.4421466402709484 0.0
Training: 0.9413755368441343 0.939936799928546 1.438730001449585 	Train per: 0.5330810546875
	Val per: {'acc': 0.5070631970260223, 'mcc': 0.028729938515629258} 	Val loss: 0.98878914
	Test per: {'acc': 0.5167612868342796, 'mcc': 0.010612276886646742} 	Test loss: 0.96530586
epoch: 39 time: 38.8363 
----->>>>> Training: 0.9414909202605486 0.9400437762960792 1.4471495598554611 0.0
Training: 0.9408323112875223 0.9393851105123758 1.4472041130065918 	Train per: 0.5344390869140625
	Val per: {'acc': 0.5060718711276332, 'mcc': 0.02898259288795882} 	Val loss: 0.9946986
	Test per: {'acc': 0.5189240335225737, 'mcc': 0.01122268567514533} 	Test loss: 0.9640853
epoch: 40 time: 37.6174 
----->>>>> Training: 0.9407122200354934 0.9392593605443835 1.4528608843684196 0.0
Training: 0.9394198562949896 0.937961271032691 1.4585767984390259 	Train per: 0.5347137451171875
	Val per: {'acc': 0.5069392812887237, 'mcc': 0.028914477133707872} 	Val loss: 0.99180233
	Test per: {'acc': 0.5163557718302244, 'mcc': 0.008276744332855308} 	Test loss: 0.9667964
epoch: 41 time: 38.0327 
----->>>>> Training: 0.9405593052506447 0.9391007265076041 1.4585793446749449 0.0
Training: 0.939605699852109 0.9381444323807955 1.4612478017807007 	Train per: 0.5345611572265625
	Val per: {'acc': 0.5070631970260223, 'mcc': 0.029971510729950836} 	Val loss: 0.99337643
	Test per: {'acc': 0.517977831846445, 'mcc': 0.010434135174670855} 	Test loss: 0.96508133
epoch: 42 time: 37.6548 
----->>>>> Training: 0.9395044846460223 0.9380489401519299 1.4555433429777622 0.0
Training: 0.9384104767814279 0.9369509974494576 1.4594652652740479 	Train per: 0.53570556640625
	Val per: {'acc': 0.5060718711276332, 'mcc': 0.027735008160625303} 	Val loss: 0.9950331
	Test per: {'acc': 0.5194647201946472, 'mcc': 0.01409583818843162} 	Test loss: 0.9652041
epoch: 43 time: 37.3235 
----->>>>> Training: 0.9383611846715212 0.9368977900594473 1.4633945673704147 0.0
Training: 0.9377111550420523 0.9362480994313955 1.4630833864212036 	Train per: 0.5354156494140625
	Val per: {'acc': 0.5074349442379182, 'mcc': 0.028451913308119886} 	Val loss: 0.990577
	Test per: {'acc': 0.518653690186537, 'mcc': 0.015978230650383857} 	Test loss: 0.96669275
epoch: 44 time: 37.4877 
----->>>>> Training: 0.9378800513222814 0.9364191899076104 1.4608608447015285 0.0
Training: 0.9368165452033281 0.935355456545949 1.4610682725906372 	Train per: 0.535980224609375
	Val per: {'acc': 0.5061957868649318, 'mcc': 0.026410950679989355} 	Val loss: 0.99186146
	Test per: {'acc': 0.5175723168423898, 'mcc': 0.012371035385559632} 	Test loss: 0.96685934
epoch: 45 time: 37.4751 
----->>>>> Training: 0.93734912853688 0.935886631719768 1.4624991603195667 0.0
Training: 0.9361708853393793 0.9347158158197999 1.4550927877426147 	Train per: 0.5367279052734375
	Val per: {'acc': 0.5058240396530359, 'mcc': 0.026378104187213897} 	Val loss: 0.99501145
	Test per: {'acc': 0.5189240335225737, 'mcc': 0.014032626441418977} 	Test loss: 0.9665591
epoch: 46 time: 37.3371 
----->>>>> Training: 0.9368589464575052 0.9353984948247671 1.4604497533291578 0.0
Training: 0.9365612147375941 0.9351001856848598 1.4610095024108887 	Train per: 0.5365142822265625
	Val per: {'acc': 0.5073110285006196, 'mcc': 0.027572670030677683} 	Val loss: 0.9922501
	Test per: {'acc': 0.5160854284941876, 'mcc': 0.011588240264257286} 	Test loss: 0.96982366
epoch: 47 time: 37.3587 
----->>>>> Training: 0.9363401522859931 0.9348751921206713 1.4649598896503448 0.0
Training: 0.9355554953217506 0.9340905919671059 1.4649120569229126 	Train per: 0.5367279052734375
	Val per: {'acc': 0.5048327137546469, 'mcc': 0.024074708027036124} 	Val loss: 0.9968175
	Test per: {'acc': 0.5182481751824818, 'mcc': 0.012506764485441415} 	Test loss: 0.96653473
epoch: 48 time: 37.3301 
----->>>>> Training: 0.9349355176091194 0.9334690887480974 1.4664262346923351 0.0
Training: 0.9338396554812789 0.9323743348941207 1.4653193950653076 	Train per: 0.538482666015625
	Val per: {'acc': 0.50545229244114, 'mcc': 0.024651179726887833} 	Val loss: 0.996575
	Test per: {'acc': 0.5177074885104083, 'mcc': 0.012347993127134943} 	Test loss: 0.96735144
epoch: 49 time: 37.5129 
----->>>>> Training: 0.9357641693204641 0.9343021027743816 1.4620670638978481 0.0
Training: 0.9346490409225225 0.933186998590827 1.462013840675354 	Train per: 0.5371856689453125
	Val per: {'acc': 0.5069392812887237, 'mcc': 0.027730767740617435} 	Val loss: 0.9962023
	Test per: {'acc': 0.5158150851581509, 'mcc': 0.008540506077558623} 	Test loss: 0.9697386
epoch: 50 time: 37.4890 
----->>>>> Training: 0.9354526540264487 0.9339831471443176 1.4695072323083878 0.0
Training: 0.9344937251880765 0.9330228017643094 1.4709135293960571 	Train per: 0.536773681640625
	Val per: {'acc': 0.5075588599752169, 'mcc': 0.02795428366157695} 	Val loss: 0.9943463
	Test per: {'acc': 0.5166261151662611, 'mcc': 0.012544717524052465} 	Test loss: 0.9691854
epoch: 51 time: 37.3233 
----->>>>> Training: 0.9348332257941365 0.9333635736256838 1.4696519039571285 0.0
Training: 0.9338623248040676 0.9323988519608974 1.4634788036346436 	Train per: 0.53857421875
	Val per: {'acc': 0.5060718711276332, 'mcc': 0.02542758115678172} 	Val loss: 0.99688905
	Test per: {'acc': 0.5158150851581509, 'mcc': 0.009453475543708392} 	Test loss: 0.96915454
epoch: 52 time: 37.7791 
----->>>>> Training: 0.9346039164811373 0.9331418368965387 1.4620798006653786 0.0
Training: 0.9331870228052139 0.9317260533571243 1.4609715938568115 	Train per: 0.538299560546875
	Val per: {'acc': 0.5078066914498142, 'mcc': 0.02889777564203131} 	Val loss: 0.9953706
	Test per: {'acc': 0.5158150851581509, 'mcc': 0.01010804144921448} 	Test loss: 0.96874446
epoch: 53 time: 37.4283 
----->>>>> Training: 0.9331230334937572 0.9316578647121787 1.4651709161698818 0.0
Training: 0.9321372890844941 0.9306717896834016 1.4655194282531738 	Train per: 0.539276123046875
	Val per: {'acc': 0.5080545229244114, 'mcc': 0.028674799820498073} 	Val loss: 0.99550116
	Test per: {'acc': 0.5154095701540957, 'mcc': 0.010482201445255282} 	Test loss: 0.9711204
epoch: 54 time: 38.0623 
----->>>>> Training: 0.9327881261706352 0.9313237397000194 1.4643848631531 0.0
Training: 0.9322224166244268 0.9307502415031195 1.4721826314926147 	Train per: 0.538360595703125
	Val per: {'acc': 0.5090458488228005, 'mcc': 0.030798546954147278} 	Val loss: 0.99434745
	Test per: {'acc': 0.5139226818058935, 'mcc': 0.0075756090841507945} 	Test loss: 0.971132
epoch: 55 time: 37.9777 
----->>>>> Training: 0.9328073803335428 0.9313402092084289 1.467171909287572 0.0
Training: 0.9318121513351798 0.9303486784920096 1.463488221168518 	Train per: 0.5393829345703125
	Val per: {'acc': 0.5091697645600991, 'mcc': 0.03086456490716061} 	Val loss: 0.99446744
	Test per: {'acc': 0.5140578534739119, 'mcc': 0.008132821888103532} 	Test loss: 0.96995187
epoch: 56 time: 38.1913 
----->>>>> Training: 0.9325830275192857 0.9311201181262732 1.462913440540433 0.0
Training: 0.9319808837026358 0.9305110331624746 1.469862699508667 	Train per: 0.53955078125
	Val per: {'acc': 0.5075588599752169, 'mcc': 0.027065550234730583} 	Val loss: 0.99585
	Test per: {'acc': 0.5120302784536361, 'mcc': 0.0045977282828591265} 	Test loss: 0.9745819
epoch: 57 time: 37.3813 
----->>>>> Training: 0.9317094758152962 0.9302428215742111 1.4666559733450413 0.0
Training: 0.9306140225380659 0.9291391652077436 1.4748514890670776 	Train per: 0.540618896484375
	Val per: {'acc': 0.5081784386617101, 'mcc': 0.029302473488767387} 	Val loss: 0.99799603
	Test per: {'acc': 0.5148688834820222, 'mcc': 0.008629715597359911} 	Test loss: 0.9710413
epoch: 58 time: 37.3485 
----->>>>> Training: 0.9320902535691857 0.930620152503252 1.4701013956218958 0.0
Training: 0.9312980491667986 0.9298340398818254 1.4640328884124756 	Train per: 0.540283203125
	Val per: {'acc': 0.5083023543990087, 'mcc': 0.028974872472745546} 	Val loss: 0.9951282
	Test per: {'acc': 0.5141930251419302, 'mcc': 0.008251152311551005} 	Test loss: 0.96965104
epoch: 59 time: 37.2777 
----->>>>> Training: 0.9305930156260729 0.929124197922647 1.468817999586463 0.0
Training: 0.9299203185364604 0.9284486202523112 1.4716875553131104 	Train per: 0.5401611328125
	Val per: {'acc': 0.5064436183395291, 'mcc': 0.026048748349388647} 	Val loss: 0.99990237
	Test per: {'acc': 0.5148688834820222, 'mcc': 0.007588918533489346} 	Test loss: 0.971229
epoch: 60 time: 37.3843 
----->>>>> Training: 0.930923524312675 0.9294564090669155 1.4671141877770424 0.0
Training: 0.931021049618721 0.9295583516359329 1.4627069234848022 	Train per: 0.5407867431640625
	Val per: {'acc': 0.5069392812887237, 'mcc': 0.02505946335534823} 	Val loss: 0.99697155
	Test per: {'acc': 0.5071640984049743, 'mcc': -0.004708595086219594} 	Test loss: 0.97813284
epoch: 61 time: 37.4198 
----->>>>> Training: 0.9312859941273928 0.9298196602612734 1.4663350973278284 0.0
Training: 0.9301998121663928 0.9287306172773242 1.4691662788391113 	Train per: 0.5405731201171875
	Val per: {'acc': 0.5097893432465923, 'mcc': 0.0321169632190901} 	Val loss: 0.99462396
	Test per: {'acc': 0.5166261151662611, 'mcc': 0.013872916702155727} 	Test loss: 0.97087777
epoch: 62 time: 40.0194 
----->>>>> Training: 0.9297257279977202 0.9282569289207458 1.4687967859208584 0.0
Training: 0.9287058673799038 0.9272375665605068 1.468308448791504 	Train per: 0.5413055419921875
	Val per: {'acc': 0.5084262701363073, 'mcc': 0.028568336823193714} 	Val loss: 0.9953511
	Test per: {'acc': 0.5124357934576913, 'mcc': 0.0057332803595325455} 	Test loss: 0.9734559
epoch: 63 time: 37.4447 
----->>>>> Training: 0.930043532513082 0.9285768354311585 1.466692604124546 0.0
Training: 0.92916707880795 0.9277015794068575 1.4654955863952637 	Train per: 0.5417327880859375
	Val per: {'acc': 0.5089219330855018, 'mcc': 0.029532605764676114} 	Val loss: 0.9941172
	Test per: {'acc': 0.5155447418221141, 'mcc': 0.012556921569497352} 	Test loss: 0.97173685
epoch: 64 time: 37.7218 
----->>>>> Training: 0.9293547496199608 0.927890706807375 1.4640436600893736 0.0
Training: 0.9286496313288808 0.927186575718224 1.4630659818649292 	Train per: 0.5423736572265625
	Val per: {'acc': 0.5033457249070632, 'mcc': 0.018139107429891773} 	Val loss: 0.99842125
	Test per: {'acc': 0.5120302784536361, 'mcc': 0.0037305623693716008} 	Test loss: 0.9733528
epoch: 65 time: 37.3971 
----->>>>> Training: 0.928788517601788 0.9273182405158877 1.4702763985842466 0.0
Training: 0.9287662180140615 0.927293804474175 1.4724066257476807 	Train per: 0.5413970947265625
	Val per: {'acc': 0.5087980173482032, 'mcc': 0.028580017128586297} 	Val loss: 0.9947271
	Test per: {'acc': 0.5105433901054339, 'mcc': 0.0035331335110009776} 	Test loss: 0.9768589
epoch: 66 time: 37.4790 
----->>>>> Training: 0.9286896921694279 0.9272212544456124 1.468441667035222 0.0
Training: 0.9275000561028719 0.9260328877717257 1.4671801328659058 	Train per: 0.542205810546875
	Val per: {'acc': 0.5083023543990087, 'mcc': 0.028435526076931016} 	Val loss: 0.9948215
	Test per: {'acc': 0.5125709651257097, 'mcc': 0.005625394644350373} 	Test loss: 0.9726795
epoch: 67 time: 37.3999 
----->>>>> Training: 0.9278469523414969 0.9263798482716084 1.4671043138951063 0.0
Training: 0.9270388232544065 0.9255673633888364 1.4714301824569702 	Train per: 0.542724609375
	Val per: {'acc': 0.5038413878562578, 'mcc': 0.018964819001837392} 	Val loss: 0.9985543
	Test per: {'acc': 0.5098675317653419, 'mcc': -0.00018544946453374284} 	Test loss: 0.97469115
epoch: 68 time: 37.4929 
----->>>>> Training: 0.9270953880622983 0.9256272260099649 1.4681604523211718 0.0
Training: 0.9265956105664372 0.9251227201893926 1.472886562347412 	Train per: 0.5433349609375
	Val per: {'acc': 0.5092936802973977, 'mcc': 0.029889439798772278} 	Val loss: 0.9942182
	Test per: {'acc': 0.5118951067856178, 'mcc': 0.005627803918322553} 	Test loss: 0.9737772
epoch: 69 time: 37.4167 
----->>>>> Training: 0.9273113254457712 0.9258404104039073 1.470916423946619 0.0
Training: 0.9262230126187205 0.9247482139617205 1.4748163223266602 	Train per: 0.54339599609375
	Val per: {'acc': 0.5055762081784386, 'mcc': 0.022489331158182985} 	Val loss: 0.9977982
	Test per: {'acc': 0.5102730467693971, 'mcc': 0.0013513569541493357} 	Test loss: 0.97587085
epoch: 70 time: 37.3708 
----->>>>> Training: 0.9270554343238473 0.9255833867937326 1.472049118950963 0.0
Training: 0.925958052277565 0.9244865328073502 1.4714906215667725 	Train per: 0.5432586669921875
	Val per: {'acc': 0.5059479553903345, 'mcc': 0.02375482722386692} 	Val loss: 0.99955904
	Test per: {'acc': 0.5118951067856178, 'mcc': 0.004100740948764797} 	Test loss: 0.97294146
epoch: 71 time: 37.3728 
----->>>>> Training: 0.9264225950464606 0.9249478466808796 1.4747516699135303 0.0
Training: 0.9253824735060334 0.9239174500107765 1.4650459289550781 	Train per: 0.543701171875
	Val per: {'acc': 0.5060718711276332, 'mcc': 0.024169418563049105} 	Val loss: 0.99740416
	Test per: {'acc': 0.5113544201135442, 'mcc': 0.0027178442938668745} 	Test loss: 0.97386366
epoch: 72 time: 37.4981 
----->>>>> Training: 0.9266599211841822 0.9251916455104947 1.4682779908180237 0.0
Training: 0.9263660069555044 0.9248961564153433 1.469854712486267 	Train per: 0.542633056640625
	Val per: {'acc': 0.5030978934324659, 'mcc': 0.01796823665038209} 	Val loss: 1.0017511
	Test per: {'acc': 0.51338199513382, 'mcc': 0.005583499284771815} 	Test loss: 0.97170025
epoch: 73 time: 37.3383 
----->>>>> Training: 0.9260303527116776 0.9245556211099029 1.474729409441352 0.0
Training: 0.9249113071709871 0.9234352577477694 1.4760535955429077 	Train per: 0.5437164306640625
	Val per: {'acc': 0.509913258983891, 'mcc': 0.031471670779448006} 	Val loss: 0.99467945
	Test per: {'acc': 0.5095971884293052, 'mcc': 0.0011351975352412707} 	Test loss: 0.97371167
epoch: 74 time: 39.9065 
----->>>>> Training: 0.9256246918812394 0.9241519514471292 1.472743060439825 0.0
Training: 0.9248763797804713 0.9233982441946864 1.47813081741333 	Train per: 0.543548583984375
	Val per: {'acc': 0.5063197026022305, 'mcc': 0.024340364684122005} 	Val loss: 0.99838537
	Test per: {'acc': 0.5109489051094891, 'mcc': 0.0025476988082645652} 	Test loss: 0.97446996
epoch: 75 time: 37.4513 
----->>>>> Training: 0.9258328732103109 0.9243552936241031 1.4775804094970226 0.0
Training: 0.9250531867146492 0.9235743954777718 1.4787685871124268 	Train per: 0.54345703125
	Val per: {'acc': 0.5104089219330855, 'mcc': 0.03227258515023566} 	Val loss: 0.99475396
	Test per: {'acc': 0.5098675317653419, 'mcc': 0.0021246735171370403} 	Test loss: 0.9745301
epoch: 76 time: 39.9088 
----->>>>> Training: 0.9257683074101806 0.9242924880236387 1.475816499441862 0.0
Training: 0.925189970061183 0.9237099271267653 1.480038046836853 	Train per: 0.5434417724609375
	Val per: {'acc': 0.5114002478314746, 'mcc': 0.03440955342125722} 	Val loss: 0.99403596
	Test per: {'acc': 0.5128413084617465, 'mcc': 0.00820615704046778} 	Test loss: 0.97328746
epoch: 77 time: 39.9476 
----->>>>> Training: 0.9253597669303417 0.9238825030624866 1.4772643633186817 0.0
Training: 0.9244529707357287 0.9229741198942065 1.4788259267807007 	Train per: 0.54437255859375
	Val per: {'acc': 0.5087980173482032, 'mcc': 0.029593528006241546} 	Val loss: 0.9956217
	Test per: {'acc': 0.5113544201135442, 'mcc': 0.003845241882698763} 	Test loss: 0.9726887
epoch: 78 time: 37.5121 
----->>>>> Training: 0.9239106681197882 0.9224294265732169 1.4812379349023104 0.0
Training: 0.9238827861845493 0.9224036373198032 1.4791208505630493 	Train per: 0.5441741943359375
	Val per: {'acc': 0.5055762081784386, 'mcc': 0.02226365430260586} 	Val loss: 0.9991409
	Test per: {'acc': 0.5097323600973236, 'mcc': 0.0008860424205804302} 	Test loss: 0.9765693
epoch: 79 time: 37.3418 
----->>>>> Training: 0.9244502633810043 0.9229653896763921 1.4848720710724592 0.0
Training: 0.9233306404203176 0.9218507762998343 1.4798903465270996 	Train per: 0.5449981689453125
	Val per: {'acc': 0.5078066914498142, 'mcc': 0.02757990476020057} 	Val loss: 0.9972277
	Test per: {'acc': 0.5109489051094891, 'mcc': 0.0028382637795576074} 	Test loss: 0.9727134
epoch: 80 time: 37.5272 
----->>>>> Training: 0.9246996231377125 0.9232143722474575 1.4852514788508415 0.0
Training: 0.9240430295467377 0.9225547611713409 1.4882839918136597 	Train per: 0.5439605712890625
	Val per: {'acc': 0.5097893432465923, 'mcc': 0.030827250102621516} 	Val loss: 0.99527746
	Test per: {'acc': 0.5109489051094891, 'mcc': 0.0045619646833928214} 	Test loss: 0.9751421
epoch: 81 time: 37.4439 
----->>>>> Training: 0.924393150024116 0.9229082725942135 1.484880082309246 0.0
Training: 0.9235482718795538 0.9220629241317511 1.4853476285934448 	Train per: 0.5441436767578125
	Val per: {'acc': 0.5097893432465923, 'mcc': 0.030902786280382795} 	Val loss: 0.99488425
	Test per: {'acc': 0.5112192484455258, 'mcc': 0.004878664762723811} 	Test loss: 0.973572
epoch: 82 time: 37.3437 
----->>>>> Training: 0.9237204929813743 0.9222348975017667 1.4855966288596392 0.0
Training: 0.9230135958641768 0.9215278308838606 1.485743761062622 	Train per: 0.544586181640625
	Val per: {'acc': 0.5039653035935564, 'mcc': 0.0193855667054112} 	Val loss: 0.9990982
	Test per: {'acc': 0.5118951067856178, 'mcc': 0.004036531991616105} 	Test loss: 0.97166926
epoch: 83 time: 37.4749 
----->>>>> Training: 0.9238763609901071 0.9223885769024491 1.487784206867218 0.0
Training: 0.9226230261847377 0.921135532669723 1.4875125885009766 	Train per: 0.5445709228515625
	Val per: {'acc': 0.5033457249070632, 'mcc': 0.017514701218931398} 	Val loss: 0.99953824
	Test per: {'acc': 0.5113544201135442, 'mcc': 0.003845241882698763} 	Test loss: 0.9733406
epoch: 84 time: 37.4702 
----->>>>> Training: 0.9234668593853712 0.9219787595793605 1.4880999010056257 0.0
Training: 0.9221020825207233 0.92061423137784 1.487873911857605 	Train per: 0.54583740234375
	Val per: {'acc': 0.5107806691449814, 'mcc': 0.03302077000597} 	Val loss: 0.99460727
	Test per: {'acc': 0.5121654501216545, 'mcc': 0.007388022209071362} 	Test loss: 0.97406894
epoch: 85 time: 37.3118 
----->>>>> Training: 0.9233219595625997 0.9218338141217828 1.488148272037506 0.0
Training: 0.9221370499581099 0.9206449668854475 1.4920967817306519 	Train per: 0.5451202392578125
	Val per: {'acc': 0.5084262701363073, 'mcc': 0.027577116534762976} 	Val loss: 0.9968053
	Test per: {'acc': 0.5104082184374156, 'mcc': 0.004153144668192604} 	Test loss: 0.9750257
epoch: 86 time: 37.2871 
----->>>>> Training: 0.9225233420729637 0.9210335938259959 1.4897456523030996 0.0
Training: 0.9219854502007365 0.9205066589638591 1.4787755012512207 	Train per: 0.5450897216796875
	Val per: {'acc': 0.5045848822800496, 'mcc': 0.020747657120393226} 	Val loss: 0.9969644
	Test per: {'acc': 0.5118951067856178, 'mcc': 0.004132826990737933} 	Test loss: 0.9717903
epoch: 87 time: 37.4299 
----->>>>> Training: 0.9221848826855421 0.9206967288628221 1.488150218501687 0.0
Training: 0.9212732575833797 0.9197877906262875 1.485480546951294 	Train per: 0.545867919921875
	Val per: {'acc': 0.5083023543990087, 'mcc': 0.028041681370271253} 	Val loss: 0.9966276
	Test per: {'acc': 0.5106785617734523, 'mcc': 0.0033878660008493933} 	Test loss: 0.97366345
epoch: 88 time: 37.3950 
----->>>>> Training: 0.9222900224849582 0.920801917091012 1.4881042074412107 0.0
Training: 0.9211139874532819 0.9196291165426373 1.4848432540893555 	Train per: 0.54595947265625
	Val per: {'acc': 0.5065675340768278, 'mcc': 0.02440649407838361} 	Val loss: 0.9959825
	Test per: {'acc': 0.5106785617734523, 'mcc': 0.003164031602276158} 	Test loss: 0.9730149
epoch: 89 time: 37.4318 
----->>>>> Training: 0.9215712053701282 0.9200849998742342 1.4862036406993866 0.0
Training: 0.9209962794557214 0.9195090243592858 1.4872673749923706 	Train per: 0.5452728271484375
	Val per: {'acc': 0.5008674101610905, 'mcc': 0.012392328519317748} 	Val loss: 0.99981266
	Test per: {'acc': 0.5128413084617465, 'mcc': 0.005918068509748802} 	Test loss: 0.9713286
epoch: 90 time: 37.3776 
----->>>>> Training: 0.9206771086901426 0.9191924445331097 1.4846637696027756 0.0
Training: 0.9199753385037184 0.9184930305927992 1.4822804927825928 	Train per: 0.546875
	Val per: {'acc': 0.5105328376703842, 'mcc': 0.032846931869007966} 	Val loss: 0.9951909
	Test per: {'acc': 0.5125709651257097, 'mcc': 0.007666859266560896} 	Test loss: 0.9733069
epoch: 91 time: 37.2559 
----->>>>> Training: 0.9213013928383589 0.9198151286691427 1.486261872574687 0.0
Training: 0.9220758192241192 0.9205951802432537 1.4806265830993652 	Train per: 0.5442352294921875
	Val per: {'acc': 0.5033457249070632, 'mcc': 0.01870072132897623} 	Val loss: 1.0003252
	Test per: {'acc': 0.512706136793728, 'mcc': 0.0038447349088939044} 	Test loss: 0.97026145
epoch: 92 time: 37.4058 
----->>>>> Training: 0.9215966742485762 0.9201158918440342 1.4807788468897343 0.0
Training: 0.921002852730453 0.9195195315405726 1.4833171367645264 	Train per: 0.54583740234375
	Val per: {'acc': 0.5066914498141264, 'mcc': 0.02423182833467433} 	Val loss: 0.9969792
	Test per: {'acc': 0.5078399567450662, 'mcc': -0.0015746831722651953} 	Test loss: 0.97725195
epoch: 93 time: 37.3765 
----->>>>> Training: 0.9209673749282956 0.9194846376776695 1.482730694115162 0.0
Training: 0.9202535208314657 0.918774550780654 1.4789714813232422 	Train per: 0.546661376953125
	Val per: {'acc': 0.5100371747211896, 'mcc': 0.03138977036740186} 	Val loss: 0.99447125
	Test per: {'acc': 0.5118951067856178, 'mcc': 0.006694854196633717} 	Test loss: 0.97378486
epoch: 94 time: 37.4690 
----->>>>> Training: 0.9212409118190408 0.9197610076516867 1.4799072202295065 0.0
Training: 0.9204739108681679 0.918994702398777 1.4791878461837769 	Train per: 0.5466461181640625
	Val per: {'acc': 0.5090458488228005, 'mcc': 0.028723496788084578} 	Val loss: 0.99431705
	Test per: {'acc': 0.5114895917815626, 'mcc': 0.006887899563015436} 	Test loss: 0.97459835
epoch: 95 time: 37.2967 
----->>>>> Training: 0.920888558961451 0.9194113090634346 1.4772511385381222 0.0
Training: 0.9200833020731807 0.9185980735346675 1.485228180885315 	Train per: 0.5462799072265625
	Val per: {'acc': 0.5084262701363073, 'mcc': 0.027846873999637516} 	Val loss: 0.9973948
	Test per: {'acc': 0.5123006217896728, 'mcc': 0.007749753225725082} 	Test loss: 0.97440225
epoch: 96 time: 37.3970 
----->>>>> Training: 0.9205846274271607 0.9191067377105355 1.4778881594538689 0.0
Training: 0.9196723969653249 0.918191877193749 1.4805173873901367 	Train per: 0.5468902587890625
	Val per: {'acc': 0.5094175960346964, 'mcc': 0.029688658719323524} 	Val loss: 0.9955927
	Test per: {'acc': 0.5106785617734523, 'mcc': 0.004625453398009095} 	Test loss: 0.97403926
epoch: 97 time: 37.3319 
----->>>>> Training: 0.9203337663784623 0.9188576135784388 1.4761538989841938 0.0
Training: 0.9200575882568955 0.9185832673683763 1.4743123054504395 	Train per: 0.5466156005859375
	Val per: {'acc': 0.5100371747211896, 'mcc': 0.03140877740012048} 	Val loss: 0.9942799
	Test per: {'acc': 0.5125709651257097, 'mcc': 0.008101264305960443} 	Test loss: 0.9722871
epoch: 98 time: 37.4380 
----->>>>> Training: 0.9196937028318644 0.9182218974456191 1.471807835623622 0.0
Training: 0.9187246188521385 0.9172590002417564 1.4656426906585693 	Train per: 0.5467681884765625
	Val per: {'acc': 0.5050805452292441, 'mcc': 0.021114740872247423} 	Val loss: 0.99787736
	Test per: {'acc': 0.5105433901054339, 'mcc': 0.0027335802092958725} 	Test loss: 0.97185457
epoch: 99 time: 37.5327 
----->>>>> Training: 0.9200128428637981 0.9185418765991926 1.470969719812274 0.0
Training: 0.9191995793953538 0.9177320534363389 1.4675016403198242 	Train per: 0.546905517578125
	Val per: {'acc': 0.5104089219330855, 'mcc': 0.03181606140465936} 	Val loss: 0.99504226
	Test per: {'acc': 0.5104082184374156, 'mcc': 0.004405714699092693} 	Test loss: 0.97297174
epoch: 100 time: 37.4954 
----->>>>> Training: 0.9194963881745934 0.9180251089856029 1.4712778963148594 0.0
Training: 0.9187642056494951 0.9172896463423967 1.474579095840454 	Train per: 0.5473175048828125
	Val per: {'acc': 0.5053283767038413, 'mcc': 0.021663366406603452} 	Val loss: 0.9978621
	Test per: {'acc': 0.5101378751013788, 'mcc': 0.002019969735529383} 	Test loss: 0.9715961
epoch: 101 time: 37.3543 
----->>>>> Training: 0.9197138426825404 0.9182484820485115 1.4653560370206833 0.0
Training: 0.9183079274371266 0.9168377788737416 1.4701722860336304 	Train per: 0.5476531982421875
	Val per: {'acc': 0.5080545229244114, 'mcc': 0.026951002782035573} 	Val loss: 0.99666
	Test per: {'acc': 0.5121654501216545, 'mcc': 0.007512295071430526} 	Test loss: 0.97197807
epoch: 102 time: 37.3502 
----->>>>> Training: 0.9184734541922808 0.9170095939189196 1.4638591762632132 0.0
Training: 0.9178233966231346 0.9163614138960838 1.4620108604431152 	Train per: 0.547119140625
	Val per: {'acc': 0.50545229244114, 'mcc': 0.021894922804293414} 	Val loss: 0.99746585
	Test per: {'acc': 0.5117599351175993, 'mcc': 0.005420579092293811} 	Test loss: 0.97084004
epoch: 103 time: 37.3022 
----->>>>> Training: 0.9195605264976621 0.9181019002571702 1.4586271531879902 0.0
Training: 0.9180406956002116 0.9165756134316325 1.465055227279663 	Train per: 0.5471649169921875
	Val per: {'acc': 0.5061957868649318, 'mcc': 0.023365539892391735} 	Val loss: 0.9974865
	Test per: {'acc': 0.5109489051094891, 'mcc': 0.004149902170299427} 	Test loss: 0.97209704
epoch: 104 time: 37.4257 
----->>>>> Training: 0.9190184026956558 0.9175619604066014 1.4564385134726763 0.0
Training: 0.9181436644867063 0.916687642224133 1.4560511112213135 	Train per: 0.54730224609375
	Val per: {'acc': 0.5105328376703842, 'mcc': 0.0320019710604148} 	Val loss: 0.9938534
	Test per: {'acc': 0.5131116517977832, 'mcc': 0.010310921224326537} 	Test loss: 0.9725021
epoch: 105 time: 37.3352 
----->>>>> Training: 0.9183897813782096 0.9169381577521563 1.451625145971775 0.0
Training: 0.9172754995524883 0.9158171527087688 1.4583197832107544 	Train per: 0.5482025146484375
	Val per: {'acc': 0.5064436183395291, 'mcc': 0.02356644725181176} 	Val loss: 0.9966263
	Test per: {'acc': 0.511624763449581, 'mcc': 0.0060947648848333254} 	Test loss: 0.9714107
epoch: 106 time: 37.3771 
----->>>>> Training: 0.9178724400699139 0.916418319568038 1.4541245251893997 0.0
Training: 0.9177296217530966 0.9162716325372458 1.4579781293869019 	Train per: 0.5467681884765625
	Val per: {'acc': 0.5043370508054523, 'mcc': 0.019584625933532558} 	Val loss: 0.9997796
	Test per: {'acc': 0.511624763449581, 'mcc': 0.004769980897110923} 	Test loss: 0.9721694
epoch: 107 time: 37.5520 
----->>>>> Training: 0.918280971236527 0.9168331995606422 1.4477698411792517 0.0
Training: 0.9170310087502003 0.9155868478119373 1.4441710710525513 	Train per: 0.548095703125
	Val per: {'acc': 0.5052044609665427, 'mcc': 0.02104439773769124} 	Val loss: 0.99816227
	Test per: {'acc': 0.5118951067856178, 'mcc': 0.006382161427200972} 	Test loss: 0.9711967
epoch: 108 time: 37.5072 
----->>>>> Training: 0.9170121680945158 0.9155659899115562 1.446177076548338 0.0
Training: 0.9162656618282199 0.9148196531459689 1.4459960460662842 	Train per: 0.5483856201171875
	Val per: {'acc': 0.5069392812887237, 'mcc': 0.024706977270327758} 	Val loss: 0.99738044
	Test per: {'acc': 0.512706136793728, 'mcc': 0.008617315569509404} 	Test loss: 0.971869
epoch: 109 time: 37.3640 
----->>>>> Training: 0.9179328233003616 0.9164868649095297 1.445955241099 0.0
Training: 0.9175411928445101 0.9160972107201815 1.4439589977264404 	Train per: 0.5473175048828125
	Val per: {'acc': 0.509913258983891, 'mcc': 0.03007955666920591} 	Val loss: 0.99444515
	Test per: {'acc': 0.5106785617734523, 'mcc': 0.0060667753049224475} 	Test loss: 0.97362864
epoch: 110 time: 37.3625 
----->>>>> Training: 0.9177561886608601 0.9163179211318493 1.4382644910365343 0.0
Training: 0.9168802322819829 0.9154407801106572 1.4394687414169312 	Train per: 0.5482177734375
	Val per: {'acc': 0.5064436183395291, 'mcc': 0.024017549419133522} 	Val loss: 0.9969032
	Test per: {'acc': 0.5135171668018383, 'mcc': 0.00958604402666138} 	Test loss: 0.9702538
epoch: 111 time: 37.6007 
----->>>>> Training: 0.9171410277485847 0.9157032631337643 1.4377595894038677 0.0
Training: 0.9161952082067728 0.9147547427564859 1.4404921531677246 	Train per: 0.54864501953125
	Val per: {'acc': 0.5086741016109045, 'mcc': 0.028136736821263705} 	Val loss: 0.99628085
	Test per: {'acc': 0.5135171668018383, 'mcc': 0.010991819391410989} 	Test loss: 0.97159034
epoch: 112 time: 37.4451 
----->>>>> Training: 0.9169358210638165 0.9155034013092518 1.4324228428304195 0.0
Training: 0.9158286778256297 0.914400371722877 1.4282851219177246 	Train per: 0.5487518310546875
	Val per: {'acc': 0.5063197026022305, 'mcc': 0.023928504101962147} 	Val loss: 0.9971106
	Test per: {'acc': 0.5123006217896728, 'mcc': 0.0068779659063669864} 	Test loss: 0.9700661
epoch: 113 time: 37.3056 
----->>>>> Training: 0.9170622117817402 0.9156312579289079 1.430953161790967 0.0
Training: 0.9160445313900709 0.9146170597523451 1.4274725914001465 	Train per: 0.5489501953125
	Val per: {'acc': 0.5078066914498142, 'mcc': 0.0266397534160912} 	Val loss: 0.99640775
	Test per: {'acc': 0.51338199513382, 'mcc': 0.009899630491283572} 	Test loss: 0.97082376
epoch: 114 time: 38.6151 
----->>>>> Training: 0.9168540481477976 0.9154259404167533 1.428110582754016 0.0
Training: 0.9159165937453508 0.9144922215491533 1.4243431091308594 	Train per: 0.5483856201171875
	Val per: {'acc': 0.5057001239157373, 'mcc': 0.022254766066181746} 	Val loss: 0.99673486
	Test per: {'acc': 0.5131116517977832, 'mcc': 0.008869164721695496} 	Test loss: 0.97034234
epoch: 115 time: 37.5784 
----->>>>> Training: 0.9174645235762 0.9160431316122413 1.4213912766426802 0.0
Training: 0.916000435128808 0.914583096280694 1.4173619747161865 	Train per: 0.548797607421875
	Val per: {'acc': 0.5080545229244114, 'mcc': 0.027076340474358033} 	Val loss: 0.99539804
	Test per: {'acc': 0.5136523384698567, 'mcc': 0.010773085040442994} 	Test loss: 0.97024304
epoch: 116 time: 37.4594 
----->>>>> Training: 0.9161227587610483 0.9147017868235707 1.4209726825356483 0.0
Training: 0.9153050053864717 0.9138861168175936 1.4188942909240723 	Train per: 0.548980712890625
	Val per: {'acc': 0.5066914498141264, 'mcc': 0.0246897275395577} 	Val loss: 0.9956398
	Test per: {'acc': 0.5136523384698567, 'mcc': 0.00973317160381177} 	Test loss: 0.9706629
epoch: 117 time: 37.4306 
----->>>>> Training: 0.9155737003311515 0.9141584811732173 1.4152210783213377 0.0
Training: 0.9150712992995977 0.9136601593345404 1.411132574081421 	Train per: 0.548431396484375
	Val per: {'acc': 0.504089219330855, 'mcc': 0.018822479572447176} 	Val loss: 0.99821746
	Test per: {'acc': 0.5113544201135442, 'mcc': 0.004800181011926047} 	Test loss: 0.9714093
epoch: 118 time: 37.8201 
----->>>>> Training: 0.9154277183115482 0.9140161974355578 1.411520404741168 0.0
Training: 0.9149030270054936 0.9134915294125676 1.4115012884140015 	Train per: 0.548309326171875
	Val per: {'acc': 0.5109045848822801, 'mcc': 0.032936157578911204} 	Val loss: 0.9938286
	Test per: {'acc': 0.5123006217896728, 'mcc': 0.00873805881936895} 	Test loss: 0.9715216
epoch: 119 time: 37.9226 
----->>>>> Training: 0.915998118929565 0.9145872695371509 1.4108527544885874 0.0
Training: 0.9148497339338064 0.9134374018758535 1.4123576879501343 	Train per: 0.5494384765625
	Val per: {'acc': 0.5085501858736059, 'mcc': 0.027910734224778733} 	Val loss: 0.9953637
	Test per: {'acc': 0.5139226818058935, 'mcc': 0.011885968779591105} 	Test loss: 0.9710138
epoch: 120 time: 38.2815 
----->>>>> Training: 0.9155754167586565 0.9141696086153388 1.4058073237538338 0.0
Training: 0.9146693684160709 0.9132666327059269 1.4027618169784546 	Train per: 0.549468994140625
	Val per: {'acc': 0.5089219330855018, 'mcc': 0.028915695104247036} 	Val loss: 0.9945139
	Test per: {'acc': 0.51338199513382, 'mcc': 0.01041935274684647} 	Test loss: 0.9708571
epoch: 121 time: 37.6560 
----->>>>> Training: 0.9156281808391213 0.9142265068367124 1.4016714785248041 0.0
Training: 0.9146848684176803 0.9132841592654586 1.4006894826889038 	Train per: 0.549652099609375
	Val per: {'acc': 0.5042131350681537, 'mcc': 0.01884526975654893} 	Val loss: 0.9982435
	Test per: {'acc': 0.5121654501216545, 'mcc': 0.0067019961327833945} 	Test loss: 0.9701857
epoch: 122 time: 38.3871 
----->>>>> Training: 0.9146260796114802 0.9132243357598782 1.4017370473593473 0.0
Training: 0.9138603219762444 0.9124625334516168 1.397762656211853 	Train per: 0.549530029296875
	Val per: {'acc': 0.5049566294919455, 'mcc': 0.020564801755132023} 	Val loss: 0.9979192
	Test per: {'acc': 0.5148688834820222, 'mcc': 0.01255954513185641} 	Test loss: 0.97052056
epoch: 123 time: 37.5918 
----->>>>> Training: 0.9151400728151202 0.9137443182989955 1.3957554083317518 0.0
Training: 0.9138273727148771 0.9124289285391569 1.3984497785568237 	Train per: 0.5499114990234375
	Val per: {'acc': 0.5050805452292441, 'mcc': 0.02059831555106938} 	Val loss: 0.99607074
	Test per: {'acc': 0.514463368477967, 'mcc': 0.012505682523552298} 	Test loss: 0.96990293
epoch: 124 time: 37.7328 
----->>>>> Training: 0.9149067485705018 0.9135100087150931 1.3967401944100857 0.0
Training: 0.9139494141563773 0.9125561555847526 1.393243670463562 	Train per: 0.5499420166015625
	Val per: {'acc': 0.5059479553903345, 'mcc': 0.0229394451173064} 	Val loss: 0.99705
	Test per: {'acc': 0.5136523384698567, 'mcc': 0.009917334383761672} 	Test loss: 0.96961534
epoch: 125 time: 38.4436 
----->>>>> Training: 0.9154546894133091 0.9140644399449229 1.3902512528002262 0.0
Training: 0.9143972843885422 0.9130101650953293 1.3871164321899414 	Train per: 0.5494232177734375
	Val per: {'acc': 0.5101610904584882, 'mcc': 0.03136856735507246} 	Val loss: 0.9938594
	Test per: {'acc': 0.5131116517977832, 'mcc': 0.010219375885982259} 	Test loss: 0.9707045
epoch: 126 time: 38.4492 
----->>>>> Training: 0.9144854787737131 0.9130980940535665 1.3873837515711784 0.0
Training: 0.9140121405944228 0.9126265710219741 1.3855897188186646 	Train per: 0.549713134765625
	Val per: {'acc': 0.504460966542751, 'mcc': 0.019229441496728544} 	Val loss: 0.99592465
	Test per: {'acc': 0.5156799134901324, 'mcc': 0.014746751790013569} 	Test loss: 0.9703115
epoch: 127 time: 37.6130 
----->>>>> Training: 0.9143413603305817 0.9129562089219689 1.3851548805832863 0.0
Training: 0.9134609904140234 0.9120751228183508 1.3858380317687988 	Train per: 0.549407958984375
	Val per: {'acc': 0.5091697645600991, 'mcc': 0.029348499319030934} 	Val loss: 0.9943019
	Test per: {'acc': 0.51338199513382, 'mcc': 0.010784986757890573} 	Test loss: 0.9706701
epoch: 128 time: 37.5838 
----->>>>> Training: 0.9147396255284548 0.9133593812584877 1.3802438229322433 0.0
Training: 0.914227114059031 0.9128477433696389 1.3793491125106812 	Train per: 0.5489501953125
	Val per: {'acc': 0.5104089219330855, 'mcc': 0.031316187200483646} 	Val loss: 0.9932265
	Test per: {'acc': 0.5110840767775074, 'mcc': 0.006926516646574004} 	Test loss: 0.97286606
epoch: 129 time: 37.6087 
----->>>>> Training: 0.9146934486925602 0.9133147662505507 1.3786811735481024 0.0
Training: 0.9132192647084594 0.9118402516469359 1.3790234327316284 	Train per: 0.5500640869140625
	Val per: {'acc': 0.5081784386617101, 'mcc': 0.027321273250089196} 	Val loss: 0.9951824
	Test per: {'acc': 0.5159502568261692, 'mcc': 0.015611474050671955} 	Test loss: 0.97009546
epoch: 130 time: 37.5172 
----->>>>> Training: 0.9138951301574707 0.9125180561095476 1.3770734630525112 0.0
Training: 0.9131887517869473 0.9118128381669521 1.3759127855300903 	Train per: 0.549652099609375
	Val per: {'acc': 0.5086741016109045, 'mcc': 0.027886615432688774} 	Val loss: 0.9944704
	Test per: {'acc': 0.5156799134901324, 'mcc': 0.015548257111123488} 	Test loss: 0.97116953
epoch: 131 time: 39.8742 
----->>>>> Training: 0.9135364517569542 0.9121618717908859 1.3745811600238085 0.0
Training: 0.9126581996679306 0.911285862326622 1.3723604679107666 	Train per: 0.550262451171875
	Val per: {'acc': 0.5079306071871128, 'mcc': 0.026813327696115677} 	Val loss: 0.99609584
	Test per: {'acc': 0.5148688834820222, 'mcc': 0.013311744675099265} 	Test loss: 0.9700235
epoch: 132 time: 38.1055 
----->>>>> Training: 0.9136178605258465 0.9122515190392733 1.3663451112806797 0.0
Training: 0.9121626345440745 0.9107976881787181 1.3649356365203857 	Train per: 0.5503692626953125
	Val per: {'acc': 0.5090458488228005, 'mcc': 0.028741461364935193} 	Val loss: 0.9939274
	Test per: {'acc': 0.5147337118140037, 'mcc': 0.013822545145127286} 	Test loss: 0.9704238
epoch: 133 time: 37.8726 
----->>>>> Training: 0.9125066054984927 0.9111403506249189 1.3662571180611849 0.0
Training: 0.9128672266378999 0.9114988232031465 1.3683905601501465 	Train per: 0.548919677734375
	Val per: {'acc': 0.509913258983891, 'mcc': 0.030133181352609485} 	Val loss: 0.9918195
	Test per: {'acc': 0.5117599351175993, 'mcc': 0.008717678281123274} 	Test loss: 0.9726002
epoch: 134 time: 37.4334 
----->>>>> Training: 0.9134591491892934 0.9120920682325959 1.3670840412378311 0.0
Training: 0.9128606170415878 0.9114931067451835 1.3675225973129272 	Train per: 0.550018310546875
	Val per: {'acc': 0.504460966542751, 'mcc': 0.01980121109021396} 	Val loss: 0.99944085
	Test per: {'acc': 0.5158150851581509, 'mcc': 0.01412230385692551} 	Test loss: 0.9703776
epoch: 135 time: 37.3945 
----->>>>> Training: 0.9138500029221177 0.9124914379790425 1.3585642408579588 0.0
Training: 0.9127603592351079 0.9113956512883306 1.3647098541259766 	Train per: 0.550262451171875
	Val per: {'acc': 0.5034696406443618, 'mcc': 0.017021330478826622} 	Val loss: 0.9979532
	Test per: {'acc': 0.5155447418221141, 'mcc': 0.014417809912147542} 	Test loss: 0.9700833
epoch: 136 time: 37.4061 
----->>>>> Training: 0.9125981070101261 0.9112392729148269 1.3588350359350443 0.0
Training: 0.9121664240956306 0.9108115509152412 1.3548580408096313 	Train per: 0.550079345703125
	Val per: {'acc': 0.5091697645600991, 'mcc': 0.029293427955757966} 	Val loss: 0.9930043
	Test per: {'acc': 0.513787510137875, 'mcc': 0.011497057806053309} 	Test loss: 0.9714152
epoch: 137 time: 37.5279 
----->>>>> Training: 0.9132712539285421 0.9119149819016457 1.3562690671533346 0.0
Training: 0.9137352667748928 0.9123808108270168 1.3544422388076782 	Train per: 0.5480804443359375
	Val per: {'acc': 0.49925650557620815, 'mcc': 0.008695982154735908} 	Val loss: 1.0017091
	Test per: {'acc': 0.5141930251419302, 'mcc': 0.009401699832736766} 	Test loss: 0.9695631
epoch: 138 time: 37.4302 
----->>>>> Training: 0.9130240688100457 0.9116709437221289 1.3531236909329891 0.0
Training: 0.9120198851451278 0.9106724625453353 1.3473936319351196 	Train per: 0.550140380859375
	Val per: {'acc': 0.5052044609665427, 'mcc': 0.02168881621162494} 	Val loss: 0.9966198
	Test per: {'acc': 0.5155447418221141, 'mcc': 0.012798546957853912} 	Test loss: 0.96987164
epoch: 139 time: 37.4576 
----->>>>> Training: 0.9124466106295586 0.9110987028107047 1.3479075133800507 0.0
Training: 0.9118097294121981 0.9104610551148653 1.3486627340316772 	Train per: 0.550140380859375
	Val per: {'acc': 0.5063197026022305, 'mcc': 0.022600343948710848} 	Val loss: 0.99543154
	Test per: {'acc': 0.5160854284941876, 'mcc': 0.01682381180160891} 	Test loss: 0.97136414
epoch: 140 time: 37.4617 
----->>>>> Training: 0.9120877264067531 0.910737787373364 1.3499398417770863 0.0
Training: 0.9109592447057366 0.9096148023381829 1.3444288969039917 	Train per: 0.55133056640625
	Val per: {'acc': 0.5066914498141264, 'mcc': 0.0239217362917558} 	Val loss: 0.9954712
	Test per: {'acc': 0.5139226818058935, 'mcc': 0.011704399613731046} 	Test loss: 0.97073925
epoch: 141 time: 37.3545 
----->>>>> Training: 0.9114623311907053 0.9101161304861307 1.346197448670864 0.0
Training: 0.9108754601329565 0.9095271434634924 1.3483353853225708 	Train per: 0.551025390625
	Val per: {'acc': 0.5035935563816605, 'mcc': 0.017269985933583226} 	Val loss: 0.9959386
	Test per: {'acc': 0.5163557718302244, 'mcc': 0.016300567257660305} 	Test loss: 0.9701642
epoch: 142 time: 37.4358 
----->>>>> Training: 0.9116066340357065 0.9102620864287019 1.3445506561547518 0.0
Training: 0.9117257222533226 0.9103829488158226 1.342780351638794 	Train per: 0.550201416015625
	Val per: {'acc': 0.5030978934324659, 'mcc': 0.016931958526574833} 	Val loss: 0.99973696
	Test per: {'acc': 0.5129764801297648, 'mcc': 0.007512347075515109} 	Test loss: 0.97014683
epoch: 143 time: 37.3178 
----->>>>> Training: 0.912757433950901 0.9114183075726032 1.3391246236860752 0.0
Training: 0.911487028002739 0.9101509302854538 1.336103081703186 	Train per: 0.550384521484375
	Val per: {'acc': 0.5052044609665427, 'mcc': 0.020439106326393296} 	Val loss: 0.9966638
	Test per: {'acc': 0.5141930251419302, 'mcc': 0.012692659294958766} 	Test loss: 0.9704788
epoch: 144 time: 37.4970 
----->>>>> Training: 0.911871668882668 0.910534180700779 1.337486770004034 0.0
Training: 0.9121306110173464 0.9107979703694582 1.3326200246810913 	Train per: 0.5500030517578125
	Val per: {'acc': 0.5073110285006196, 'mcc': 0.025656655216299395} 	Val loss: 0.9942844
	Test per: {'acc': 0.5136523384698567, 'mcc': 0.010376501226238156} 	Test loss: 0.9709207
epoch: 145 time: 37.4657 
----->>>>> Training: 0.9117354182526469 0.9104014113545418 1.3340067770332098 0.0
Training: 0.9105302467942238 0.9091973081231117 1.3329516649246216 	Train per: 0.55084228515625
	Val per: {'acc': 0.509913258983891, 'mcc': 0.030845561855592916} 	Val loss: 0.99270284
	Test per: {'acc': 0.5143281968099487, 'mcc': 0.012779670241815925} 	Test loss: 0.97143745
epoch: 146 time: 37.7170 
----->>>>> Training: 0.9117412706837058 0.9104100652039051 1.3312056101858616 0.0
Training: 0.9109438797459006 0.9096111198887229 1.3327515125274658 	Train per: 0.55059814453125
	Val per: {'acc': 0.50272614622057, 'mcc': 0.015740233144738408} 	Val loss: 0.9980915
	Test per: {'acc': 0.5145985401459854, 'mcc': 0.012019692980819539} 	Test loss: 0.9704444
epoch: 147 time: 37.3662 
----->>>>> Training: 0.9109748052433133 0.9096432030200958 1.3316005654633045 0.0
Training: 0.9099604617804289 0.9086299072951078 1.3305476903915405 	Train per: 0.55133056640625
	Val per: {'acc': 0.504089219330855, 'mcc': 0.01829442257156357} 	Val loss: 0.9981889
	Test per: {'acc': 0.5150040551500406, 'mcc': 0.013580529723099118} 	Test loss: 0.9703606
epoch: 148 time: 37.3433 
----->>>>> Training: 0.9108351664617658 0.9095050739124417 1.3300914913415909 0.0
Training: 0.9115055594593287 0.9101782236248255 1.327309250831604 	Train per: 0.54998779296875
	Val per: {'acc': 0.5104089219330855, 'mcc': 0.03115265827712299} 	Val loss: 0.99130934
	Test per: {'acc': 0.5128413084617465, 'mcc': 0.010934052621092642} 	Test loss: 0.9730115
epoch: 149 time: 37.2918 

Best Valid performance: {'acc': 0.5114002478314746, 'mcc': 0.03440955342125722}
	Best Test performance: {'acc': 0.5128413084617465, 'mcc': 0.00820615704046778}
