Namespace(path='./data/kdd17/ourpped/', seq=5, unit=4, alpha_l2=0.001, beta_adv=0.05, epsilon_adv=0.001, step=1, batch_size=1024, epoch=150, learning_rate=0.001, gpu=0, model_path='./saved_model/acl18_alstm/exp', model_save_path='./tmp/model', action='train', model='pure_lstm', fix_init=1, att=1, week=0, adv=0, hinge_lose=1, reload=0, resnet=0)
50  tickers selected
2518 trading dates:
0 2014 2266
64644  training instances
8070  validation instances
7398  testing instances
Tensor("Shape:0", shape=(3,), dtype=int32)
is pred_lstm
device name: /cpu:0
Shape of self.combined_features: [None, 5, 4]
adversarial scope
adversial part
Metal device set to: Apple M1 Pro

systemMemory: 16.00 GB
maxCacheSize: 5.33 GB

----->>>>> Training: 1.0034281238913536 1.002760355360806 0.6677689058706164 0.0
Training: 1.0003473432734609 0.9996890686452389 0.6582961678504944 	Train per: 0.5022430419921875
	Val per: {'acc': 0.4983890954151177, 'mcc': 0.0064066195693128795} 	Val loss: 1.001084
	Test per: {'acc': 0.5098675317653419, 'mcc': -0.00648109341954301} 	Test loss: 0.9971533
epoch: 0 time: 6.2201 
----->>>>> Training: 0.998537422157824 0.9978815857321024 0.6558418702334166 0.0
Training: 0.9960316903889179 0.9953747289255261 0.6569512486457825 	Train per: 0.5117340087890625
	Val per: {'acc': 0.490458488228005, 'mcc': 0.0014801711079293017} 	Val loss: 0.99803334
	Test per: {'acc': 0.5237902135712355, 'mcc': -0.014216843671152963} 	Test loss: 0.99007887
epoch: 1 time: 5.0278 
----->>>>> Training: 0.993333819322288 0.9926642775535583 0.6695423442870378 0.0
Training: 0.9898470053449273 0.9891611458733678 0.685853123664856 	Train per: 0.513763427734375
	Val per: {'acc': 0.48921933085501856, 'mcc': -0.005778544367564276} 	Val loss: 0.99325335
	Test per: {'acc': 0.5266288185996215, 'mcc': 0.0007730708520552916} 	Test loss: 0.98076904
epoch: 2 time: 5.1833 
----->>>>> Training: 0.9865443585440516 0.9858309384435415 0.7134164329618216 0.0
Training: 0.9817530699074268 0.9810025282204151 0.7505465745925903 	Train per: 0.515655517578125
	Val per: {'acc': 0.4983890954151177, 'mcc': 0.02761187932361756} 	Val loss: 0.98696476
	Test per: {'acc': 0.5286563936198972, 'mcc': 0.021478586563400563} 	Test loss: 0.968726
epoch: 3 time: 4.9811 
----->>>>> Training: 0.979742175899446 0.9789705257862806 0.7716513425111771 0.0
Training: 0.9782698322087526 0.977489011362195 0.7808229327201843 	Train per: 0.517913818359375
	Val per: {'acc': 0.49739776951672865, 'mcc': 0.024766435365527945} 	Val loss: 0.9891799
	Test per: {'acc': 0.5297377669640443, 'mcc': 0.02418356288793611} 	Test loss: 0.9616785
epoch: 4 time: 5.3257 
----->>>>> Training: 0.9783958708867431 0.9776123519986868 0.7835166705772281 0.0
Training: 0.9771922491490841 0.9764104746282101 0.7817819118499756 	Train per: 0.5180206298828125
	Val per: {'acc': 0.4988847583643123, 'mcc': 0.026478851885901305} 	Val loss: 0.99122244
	Test per: {'acc': 0.5277101919437686, 'mcc': 0.0197881564038363} 	Test loss: 0.96117014
epoch: 5 time: 5.4398 
----->>>>> Training: 0.97636603936553 0.9755710894241929 0.79495067615062 0.0
Training: 0.9751465357840061 0.9743464579805732 0.8000897169113159 	Train per: 0.5187225341796875
	Val per: {'acc': 0.49752168525402723, 'mcc': 0.016362854914900523} 	Val loss: 0.9908652
	Test per: {'acc': 0.5246012435793458, 'mcc': 0.01641726159631026} 	Test loss: 0.9610252
epoch: 6 time: 4.9241 
----->>>>> Training: 0.9745609192177653 0.9737485693767667 0.8123521097004414 0.0
Training: 0.9734434373676777 0.9726265603676438 0.8168660998344421 	Train per: 0.518310546875
	Val per: {'acc': 0.4976456009913259, 'mcc': 0.0159360458487113} 	Val loss: 0.99219376
	Test per: {'acc': 0.5241957285752906, 'mcc': 0.016481965630347137} 	Test loss: 0.96062654
epoch: 7 time: 4.7963 
----->>>>> Training: 0.9733559945598245 0.9725319296121597 0.8240663576871157 0.0
Training: 0.9725055256858468 0.9716841038316488 0.8214249610900879 	Train per: 0.5190887451171875
	Val per: {'acc': 0.4970260223048327, 'mcc': 0.021360043287240726} 	Val loss: 0.99814117
	Test per: {'acc': 0.530683968640173, 'mcc': 0.02805522208128802} 	Test loss: 0.9577994
epoch: 8 time: 5.2050 
----->>>>> Training: 0.9728537686169147 0.9720284687355161 0.8252989668399096 0.0
Training: 0.9716195072978735 0.970787426456809 0.8321021795272827 	Train per: 0.5184478759765625
	Val per: {'acc': 0.49653035935563816, 'mcc': 0.013288656770683185} 	Val loss: 0.99539065
	Test per: {'acc': 0.5267639902676399, 'mcc': 0.022260684402611565} 	Test loss: 0.9604522
epoch: 9 time: 4.9073 
----->>>>> Training: 0.971739481203258 0.9709072932600975 0.8321872409433126 0.0
Training: 0.97097750287503 0.9701482187956572 0.829285740852356 	Train per: 0.5190887451171875
	Val per: {'acc': 0.49677819083023544, 'mcc': 0.01313333904726004} 	Val loss: 0.9948094
	Test per: {'acc': 0.5233846985671803, 'mcc': 0.014751508245842563} 	Test loss: 0.9625437
epoch: 10 time: 5.2305 
----->>>>> Training: 0.971508976072073 0.9706807285547256 0.8282473245635629 0.0
Training: 0.9704408189281821 0.9696083813905716 0.8324285745620728 	Train per: 0.519775390625
	Val per: {'acc': 0.49851301115241636, 'mcc': 0.016405071404986357} 	Val loss: 0.9934493
	Test per: {'acc': 0.5206812652068127, 'mcc': 0.010547975199810555} 	Test loss: 0.96357304
epoch: 11 time: 4.9728 
----->>>>> Training: 0.9709180379286408 0.9701001048088074 0.8179331198334694 0.0
Training: 0.9699502671137452 0.9691264778375626 0.8237852454185486 	Train per: 0.5199432373046875
	Val per: {'acc': 0.5003717472118959, 'mcc': 0.02173739541259784} 	Val loss: 0.99357307
	Test per: {'acc': 0.5202757502027575, 'mcc': 0.009104107477902555} 	Test loss: 0.9638985
epoch: 12 time: 5.1058 
----->>>>> Training: 0.969231691211462 0.9684137245640159 0.8179692439734936 0.0
Training: 0.9684299686923623 0.9676108816638589 0.819115161895752 	Train per: 0.520538330078125
	Val per: {'acc': 0.5, 'mcc': 0.02076153926900974} 	Val loss: 0.9939569
	Test per: {'acc': 0.5202757502027575, 'mcc': 0.00890178116871493} 	Test loss: 0.9643786
epoch: 13 time: 4.8613 
----->>>>> Training: 0.9683669861406088 0.9675486069172621 0.8183813793584704 0.0
Training: 0.9675729041919112 0.9667591219767928 0.8137657642364502 	Train per: 0.52069091796875
	Val per: {'acc': 0.4996282527881041, 'mcc': 0.0251117076019302} 	Val loss: 0.9981768
	Test per: {'acc': 0.5239253852392538, 'mcc': 0.012384733991680056} 	Test loss: 0.9619258
epoch: 14 time: 5.0851 
----->>>>> Training: 0.9675394473597407 0.9667163118720055 0.8231335850432515 0.0
Training: 0.9671193286776543 0.966291181743145 0.828141450881958 	Train per: 0.520355224609375
	Val per: {'acc': 0.4996282527881041, 'mcc': 0.02084820576269631} 	Val loss: 0.9953841
	Test per: {'acc': 0.518653690186537, 'mcc': 0.00336800955719325} 	Test loss: 0.96482444
epoch: 15 time: 5.2034 
----->>>>> Training: 0.9663834813982248 0.9655603915452957 0.8230882091447711 0.0
Training: 0.9654464377090335 0.9646209133788943 0.825512170791626 	Train per: 0.5218658447265625
	Val per: {'acc': 0.5006195786864932, 'mcc': 0.025554196481028416} 	Val loss: 0.99701476
	Test per: {'acc': 0.5218978102189781, 'mcc': 0.009559159892569957} 	Test loss: 0.9634079
epoch: 16 time: 5.0197 
----->>>>> Training: 0.9654531665146351 0.9646286368370056 0.8245261628180742 0.0
Training: 0.9646074920892715 0.9637813111767173 0.8261959552764893 	Train per: 0.522979736328125
	Val per: {'acc': 0.4996282527881041, 'mcc': 0.026293520216873673} 	Val loss: 0.9997393
	Test per: {'acc': 0.5214922952149229, 'mcc': 0.004728193966007351} 	Test loss: 0.9616923
epoch: 17 time: 5.2432 
----->>>>> Training: 0.9648014940321445 0.9639709675684571 0.8305261703208089 0.0
Training: 0.9639197280630469 0.9630910456180573 0.8286741971969604 	Train per: 0.523193359375
	Val per: {'acc': 0.5003717472118959, 'mcc': 0.027375761527412} 	Val loss: 0.9990067
	Test per: {'acc': 0.5224384968910516, 'mcc': 0.008304518943567476} 	Test loss: 0.96226835
epoch: 18 time: 4.9717 
----->>>>> Training: 0.9642651807516813 0.963433001190424 0.8321821298450232 0.0
Training: 0.9637145064771175 0.9628842137753963 0.8302704095840454 	Train per: 0.5233306884765625
	Val per: {'acc': 0.49752168525402723, 'mcc': 0.022336633825383378} 	Val loss: 1.0019934
	Test per: {'acc': 0.5236550419032171, 'mcc': 0.007637106393132115} 	Test loss: 0.96078604
epoch: 19 time: 4.9637 
----->>>>> Training: 0.9636343391612172 0.9627970764413476 0.8372647659853101 0.0
Training: 0.9625981012359262 0.9617561865597963 0.8419110178947449 	Train per: 0.5243377685546875
	Val per: {'acc': 0.4980173482032218, 'mcc': 0.022770131403615786} 	Val loss: 1.0016783
	Test per: {'acc': 0.5231143552311436, 'mcc': 0.00721838423182209} 	Test loss: 0.96117014
epoch: 20 time: 4.8936 
----->>>>> Training: 0.9626221330836415 0.9617756213992834 0.8465095469728112 0.0
Training: 0.9616187624633312 0.9607665920630097 0.8521746397018433 	Train per: 0.52435302734375
	Val per: {'acc': 0.5017348203221809, 'mcc': 0.029612664483065154} 	Val loss: 0.99809223
	Test per: {'acc': 0.5212219518788862, 'mcc': 0.007314845289956296} 	Test loss: 0.963271
epoch: 21 time: 5.3350 
----->>>>> Training: 0.9614567905664444 0.9606002606451511 0.8565308814868331 0.0
Training: 0.9605869501829147 0.9597241133451462 0.8628300428390503 	Train per: 0.524871826171875
	Val per: {'acc': 0.5002478314745973, 'mcc': 0.025468390300023003} 	Val loss: 0.9990312
	Test per: {'acc': 0.5200054068667207, 'mcc': 0.003448983835753509} 	Test loss: 0.96304303
epoch: 22 time: 5.1179 
----->>>>> Training: 0.9602997004985809 0.9594334391877055 0.8662607604637742 0.0
Training: 0.9594335146248341 0.9585594721138477 0.8740531206130981 	Train per: 0.5256500244140625
	Val per: {'acc': 0.5019826517967781, 'mcc': 0.027742110858525647} 	Val loss: 0.99642617
	Test per: {'acc': 0.517977831846445, 'mcc': 0.0017209910441140367} 	Test loss: 0.9647335
epoch: 23 time: 5.3488 
----->>>>> Training: 0.959886179305613 0.9590052980929613 0.8808795725926757 0.0
Training: 0.9587361924350262 0.9578537475317717 0.8824346661567688 	Train per: 0.526275634765625
	Val per: {'acc': 0.4988847583643123, 'mcc': 0.019593358139310787} 	Val loss: 0.9975338
	Test per: {'acc': 0.5151392268180589, 'mcc': -0.007421702896858773} 	Test loss: 0.9636436
epoch: 24 time: 5.1987 
----->>>>> Training: 0.9584303656592965 0.9575380338355899 0.8923362633213401 0.0
Training: 0.9575058594346046 0.9565985575318336 0.9072737693786621 	Train per: 0.5269622802734375
	Val per: {'acc': 0.49727385377943, 'mcc': 0.015934002681551672} 	Val loss: 1.0001427
	Test per: {'acc': 0.5158150851581509, 'mcc': -0.007465956140088381} 	Test loss: 0.96296495
epoch: 25 time: 5.1500 
----->>>>> Training: 0.9575983472168446 0.9566891882568598 0.9091579113155603 0.0
Training: 0.9565898878499866 0.9556756131350994 0.9142647385597229 	Train per: 0.5271148681640625
	Val per: {'acc': 0.4950433705080545, 'mcc': 0.009364957494569393} 	Val loss: 1.000784
	Test per: {'acc': 0.5178426601784266, 'mcc': -0.003366752816488243} 	Test loss: 0.96287686
epoch: 26 time: 5.7745 
----->>>>> Training: 0.9565353048965335 0.9556075325235724 0.9277734281495214 0.0
Training: 0.9565023956820369 0.9555707750841975 0.9316174387931824 	Train per: 0.525909423828125
	Val per: {'acc': 0.49380421313506817, 'mcc': 0.006678191640011525} 	Val loss: 1.0042558
	Test per: {'acc': 0.5167612868342796, 'mcc': -0.009711731019668992} 	Test loss: 0.96243817
epoch: 27 time: 5.5488 
----->>>>> Training: 0.9552210550755262 0.9542806968092918 0.9403620911762118 0.0
Training: 0.9540759976953268 0.9531186884269118 0.9572843909263611 	Train per: 0.5289306640625
	Val per: {'acc': 0.5009913258983891, 'mcc': 0.021949088675928013} 	Val loss: 0.99720234
	Test per: {'acc': 0.5145985401459854, 'mcc': -0.00451131430549549} 	Test loss: 0.965006
epoch: 28 time: 5.1687 
----->>>>> Training: 0.9546041302382946 0.9536366667598486 0.9674633946269751 0.0
Training: 0.9530426524579525 0.9520623348653316 0.9803221225738525 	Train per: 0.528350830078125
	Val per: {'acc': 0.5, 'mcc': 0.018074234816884416} 	Val loss: 0.9967114
	Test per: {'acc': 0.5174371451743714, 'mcc': 0.0039773382182764425} 	Test loss: 0.96559364
epoch: 29 time: 4.9845 
----->>>>> Training: 0.9537863275036216 0.9527941271662712 0.9922018377110362 0.0
Training: 0.9522415185347199 0.9512395644560456 1.0019758939743042 	Train per: 0.5304718017578125
	Val per: {'acc': 0.4996282527881041, 'mcc': 0.01626054419769125} 	Val loss: 0.9969719
	Test per: {'acc': 0.5168964585022979, 'mcc': 0.003106060131974051} 	Test loss: 0.966297
epoch: 30 time: 4.9262 
----->>>>> Training: 0.9520164560526609 0.9509883662685752 1.0280916709452868 0.0
Training: 0.9505125228315592 0.9494678918272257 1.044613242149353 	Train per: 0.5303192138671875
	Val per: {'acc': 0.4983890954151177, 'mcc': 0.01345641979236248} 	Val loss: 0.9996683
	Test per: {'acc': 0.5175723168423898, 'mcc': 0.00396645340470854} 	Test loss: 0.9661623
epoch: 31 time: 5.2835 
----->>>>> Training: 0.9500403441488743 0.9489789046347141 1.0614404268562794 0.0
Training: 0.9486035341396928 0.9475226635113358 1.0808690786361694 	Train per: 0.53265380859375
	Val per: {'acc': 0.49950433705080544, 'mcc': 0.014714181900671213} 	Val loss: 0.9985427
	Test per: {'acc': 0.5160854284941876, 'mcc': 0.003090219995637329} 	Test loss: 0.9670439
epoch: 32 time: 5.3669 
----->>>>> Training: 0.947644142434001 0.9465552242472768 1.088919285684824 0.0
Training: 0.9463447201997042 0.9452344048768282 1.1103084087371826 	Train per: 0.5347137451171875
	Val per: {'acc': 0.5004956629491946, 'mcc': 0.01597108874461078} 	Val loss: 1.0001376
	Test per: {'acc': 0.5141930251419302, 'mcc': -0.0008308691311280667} 	Test loss: 0.9679732
epoch: 33 time: 5.5523 
----->>>>> Training: 0.9470276683568954 0.9459046591073275 1.123009154573083 0.0
Training: 0.945602348074317 0.944472124800086 1.1302059888839722 	Train per: 0.534820556640625
	Val per: {'acc': 0.4980173482032218, 'mcc': 0.010081968313634934} 	Val loss: 1.0016396
	Test per: {'acc': 0.5150040551500406, 'mcc': 0.0006299525126321083} 	Test loss: 0.96809024
epoch: 34 time: 5.0469 
----->>>>> Training: 0.9451846312731504 0.944042606279254 1.14202849753201 0.0
Training: 0.9437196552753448 0.9425613582134247 1.1582883596420288 	Train per: 0.5366668701171875
	Val per: {'acc': 0.4988847583643123, 'mcc': 0.011835499128934878} 	Val loss: 1.0014901
	Test per: {'acc': 0.5162206001622061, 'mcc': 0.004796911317145094} 	Test loss: 0.96855915
epoch: 35 time: 5.0807 
----->>>>> Training: 0.9439014820381999 0.9427312081679702 1.1702737268060446 0.0
Training: 0.9421720718964934 0.9409980988129973 1.173988938331604 	Train per: 0.536834716796875
	Val per: {'acc': 0.501363073110285, 'mcc': 0.01642484639365663} 	Val loss: 0.99877983
	Test per: {'acc': 0.514463368477967, 'mcc': 0.0035121895561494197} 	Test loss: 0.96974057
epoch: 36 time: 4.9804 
----->>>>> Training: 0.9426005529239774 0.9414191301912069 1.1814229562878609 0.0
Training: 0.941842146217823 0.940656908787787 1.1852338314056396 	Train per: 0.537567138671875
	Val per: {'acc': 0.5029739776951673, 'mcc': 0.018456842261152257} 	Val loss: 0.99385816
	Test per: {'acc': 0.5152743984860774, 'mcc': 0.008962157945184956} 	Test loss: 0.97131747
epoch: 37 time: 5.3253 
----->>>>> Training: 0.9415836688131094 0.9403924271464348 1.1912376675754786 0.0
Training: 0.9404274746775627 0.9392362758517265 1.1912083625793457 	Train per: 0.5383148193359375
	Val per: {'acc': 0.4996282527881041, 'mcc': 0.012587370223903483} 	Val loss: 1.0022684
	Test per: {'acc': 0.5143281968099487, 'mcc': 0.0035608676402761447} 	Test loss: 0.97031796
epoch: 38 time: 5.3290 
----->>>>> Training: 0.9410077249631286 0.9398045800626278 1.2031426150351763 0.0
Training: 0.9400471309199929 0.9388508656993508 1.1962687969207764 	Train per: 0.5387725830078125
	Val per: {'acc': 0.5009913258983891, 'mcc': 0.015267888326827019} 	Val loss: 1.0014036
	Test per: {'acc': 0.5106785617734523, 'mcc': -0.0034201566102689098} 	Test loss: 0.97052664
epoch: 39 time: 5.1690 
----->>>>> Training: 0.9399323612451553 0.9387225154787302 1.2098460886627436 0.0
Training: 0.9394735796377063 0.9382693273946643 1.2042635679244995 	Train per: 0.5387115478515625
	Val per: {'acc': 0.49789343246592316, 'mcc': 0.009201952766501355} 	Val loss: 1.0051668
	Test per: {'acc': 0.5120302784536361, 'mcc': -0.003345003222288985} 	Test loss: 0.96938056
epoch: 40 time: 5.0752 
----->>>>> Training: 0.9389131926000118 0.9377016862854362 1.2115073520690203 0.0
Training: 0.9372195200994611 0.9360092477872968 1.2102898359298706 	Train per: 0.5403594970703125
	Val per: {'acc': 0.5, 'mcc': 0.012782602878064108} 	Val loss: 1.0008949
	Test per: {'acc': 0.5114895917815626, 'mcc': -0.0016220101231246406} 	Test loss: 0.96978277
epoch: 41 time: 4.7682 
----->>>>> Training: 0.9379222970455885 0.9367047799751163 1.2175145782530308 0.0
Training: 0.9367933990433812 0.935580980964005 1.2124379873275757 	Train per: 0.5398101806640625
	Val per: {'acc': 0.5009913258983891, 'mcc': 0.01507457205723027} 	Val loss: 0.9994295
	Test per: {'acc': 0.5139226818058935, 'mcc': 0.004135720932433436} 	Test loss: 0.9694063
epoch: 42 time: 4.8120 
----->>>>> Training: 0.9372615749016404 0.9360445300117135 1.2170426677912474 0.0
Training: 0.9359576590359211 0.9347379691898823 1.2196828126907349 	Train per: 0.539642333984375
	Val per: {'acc': 0.5021065675340768, 'mcc': 0.01677007481560855} 	Val loss: 0.9993608
	Test per: {'acc': 0.5141930251419302, 'mcc': 0.0060637654670459284} 	Test loss: 0.9693534
epoch: 43 time: 5.2416 
----->>>>> Training: 0.9356892118230462 0.9344674106687307 1.2218013275414705 0.0
Training: 0.9357191445305943 0.9344939710572362 1.22517991065979 	Train per: 0.540435791015625
	Val per: {'acc': 0.5021065675340768, 'mcc': 0.015613287922405872} 	Val loss: 0.99605
	Test per: {'acc': 0.5151392268180589, 'mcc': 0.010915423004694497} 	Test loss: 0.9708152
epoch: 44 time: 4.8182 
----->>>>> Training: 0.9351198840886354 0.9339050380513072 1.2148492243140936 0.0
Training: 0.9345149071887136 0.9333061845973134 1.2086987495422363 	Train per: 0.5412139892578125
	Val per: {'acc': 0.504460966542751, 'mcc': 0.020375419532266743} 	Val loss: 0.99473304
	Test per: {'acc': 0.5155447418221141, 'mcc': 0.012556921569497352} 	Test loss: 0.9706172
epoch: 45 time: 5.0623 
----->>>>> Training: 0.934093713760376 0.9328843243420124 1.2093874979764223 0.0
Training: 0.9329168265685439 0.9317140635102987 1.2027758359909058 	Train per: 0.541534423828125
	Val per: {'acc': 0.5007434944237918, 'mcc': 0.013603987770109922} 	Val loss: 1.001568
	Test per: {'acc': 0.5167612868342796, 'mcc': 0.012000094940449664} 	Test loss: 0.96915615
epoch: 46 time: 4.7782 
----->>>>> Training: 0.9337408635765314 0.9325305270031095 1.210336808115244 0.0
Training: 0.9328464036807418 0.9316370254382491 1.2093899250030518 	Train per: 0.5410003662109375
	Val per: {'acc': 0.5024783147459727, 'mcc': 0.01594203940270292} 	Val loss: 0.99965966
	Test per: {'acc': 0.5155447418221141, 'mcc': 0.012435922695664504} 	Test loss: 0.97037077
epoch: 47 time: 4.7802 
----->>>>> Training: 0.9330412400886416 0.9318385366350412 1.2027042489498854 0.0
Training: 0.9318766258656979 0.9306779764592648 1.198623538017273 	Train per: 0.54180908203125
	Val per: {'acc': 0.5016109045848823, 'mcc': 0.01491270291190426} 	Val loss: 1.0017667
	Test per: {'acc': 0.5162206001622061, 'mcc': 0.011926252530555556} 	Test loss: 0.96929795
epoch: 48 time: 4.7921 
----->>>>> Training: 0.9316070219501853 0.930414579808712 1.1924405321478844 0.0
Training: 0.9309285013005137 0.9297375408932567 1.1909881830215454 	Train per: 0.54278564453125
	Val per: {'acc': 0.5008674101610905, 'mcc': 0.013540360540467155} 	Val loss: 1.0043309
	Test per: {'acc': 0.5159502568261692, 'mcc': 0.01078864466634049} 	Test loss: 0.9686005
epoch: 49 time: 4.7926 
----->>>>> Training: 0.9318205043673515 0.9306387798860669 1.1817269008606672 0.0
Training: 0.9308828236535192 0.9297057511284947 1.1770614385604858 	Train per: 0.5420074462890625
	Val per: {'acc': 0.5021065675340768, 'mcc': 0.015244914203559775} 	Val loss: 0.9990554
	Test per: {'acc': 0.5159502568261692, 'mcc': 0.01280238863841635} 	Test loss: 0.9694628
epoch: 50 time: 4.7755 
----->>>>> Training: 0.9313660971820354 0.9301887005567551 1.177395537495613 0.0
Training: 0.9305826537311077 0.9294113032519817 1.1713446378707886 	Train per: 0.5423583984375
	Val per: {'acc': 0.5018587360594795, 'mcc': 0.014626795030850234} 	Val loss: 0.9999453
	Test per: {'acc': 0.5159502568261692, 'mcc': 0.012892997593451184} 	Test loss: 0.96907544
epoch: 51 time: 4.8176 
----->>>>> Training: 0.9306647889316082 0.9295015698298812 1.1632221527397633 0.0
Training: 0.9302495885640383 0.9290855694562197 1.16399085521698 	Train per: 0.542266845703125
	Val per: {'acc': 0.49925650557620815, 'mcc': 0.00920450583117931} 	Val loss: 1.0059552
	Test per: {'acc': 0.5159502568261692, 'mcc': 0.011525710005418138} 	Test loss: 0.9688476
epoch: 52 time: 4.8313 
----->>>>> Training: 0.9304753458127379 0.9293184950947762 1.1568541135638952 0.0
Training: 0.9295816700905561 0.928432134911418 1.1495311260223389 	Train per: 0.5422515869140625
	Val per: {'acc': 0.5021065675340768, 'mcc': 0.014592134789037314} 	Val loss: 0.9977538
	Test per: {'acc': 0.5162206001622061, 'mcc': 0.015024424690975417} 	Test loss: 0.97008824
epoch: 53 time: 5.2993 
----->>>>> Training: 0.9297042898833752 0.9285572376102209 1.1470510568469763 0.0
Training: 0.9287263341248035 0.9275844283401966 1.1418826580047607 	Train per: 0.5423736572265625
	Val per: {'acc': 0.5029739776951673, 'mcc': 0.016086386135514257} 	Val loss: 0.9980104
	Test per: {'acc': 0.5154095701540957, 'mcc': 0.01408870031301886} 	Test loss: 0.9698926
epoch: 54 time: 5.2073 
----->>>>> Training: 0.9291189536452293 0.9279849026352167 1.1340466942638159 0.0
Training: 0.9284654427319765 0.9273276496678591 1.1378225088119507 	Train per: 0.5427093505859375
	Val per: {'acc': 0.5033457249070632, 'mcc': 0.016757052091523682} 	Val loss: 0.9999054
	Test per: {'acc': 0.5177074885104083, 'mcc': 0.01893763568061315} 	Test loss: 0.970396
epoch: 55 time: 4.8907 
----->>>>> Training: 0.928877049125731 0.9277462046593428 1.1308476123958826 0.0
Training: 0.9280319279059768 0.9269107049331069 1.1212269067764282 	Train per: 0.54241943359375
	Val per: {'acc': 0.5029739776951673, 'mcc': 0.016101765237745945} 	Val loss: 0.99880886
	Test per: {'acc': 0.5159502568261692, 'mcc': 0.015196542910721533} 	Test loss: 0.970105
epoch: 56 time: 4.8173 
----->>>>> Training: 0.9285882283002138 0.9274688242003322 1.119405111297965 0.0
Training: 0.9280530149117112 0.9269326264038682 1.1204164028167725 	Train per: 0.54302978515625
	Val per: {'acc': 0.5039653035935564, 'mcc': 0.017827671568252875} 	Val loss: 0.9977497
	Test per: {'acc': 0.5151392268180589, 'mcc': 0.014476358611281747} 	Test loss: 0.97097874
epoch: 57 time: 4.8629 
----->>>>> Training: 0.9280624678358436 0.92695536557585 1.1070990040898323 0.0
Training: 0.9271672731265426 0.9260561233386397 1.1111537218093872 	Train per: 0.5431060791015625
	Val per: {'acc': 0.5012391573729864, 'mcc': 0.012589009873930771} 	Val loss: 1.0037736
	Test per: {'acc': 0.5177074885104083, 'mcc': 0.018065960335626855} 	Test loss: 0.96973646
epoch: 58 time: 4.7964 
----->>>>> Training: 0.9282898511737585 0.9271835526451468 1.106299988925457 0.0
Training: 0.9274850888177752 0.9263849658891559 1.1001439094543457 	Train per: 0.542816162109375
	Val per: {'acc': 0.5012391573729864, 'mcc': 0.01273643650274553} 	Val loss: 1.0038632
	Test per: {'acc': 0.5177074885104083, 'mcc': 0.017307099378532673} 	Test loss: 0.9692582
epoch: 59 time: 4.8856 
----->>>>> Training: 0.927132879383862 0.9260395169258118 1.0933632478117943 0.0
Training: 0.9271185453981161 0.9260292705148458 1.0892815589904785 	Train per: 0.5436248779296875
	Val per: {'acc': 0.498636926889715, 'mcc': 0.007399928594986561} 	Val loss: 1.0084801
	Test per: {'acc': 0.5177074885104083, 'mcc': 0.01642680182519903} 	Test loss: 0.96837544
epoch: 60 time: 4.8401 
----->>>>> Training: 0.9276834614574909 0.9265945972874761 1.0888680033385754 0.0
Training: 0.9265665952116251 0.925477840937674 1.0887682437896729 	Train per: 0.543243408203125
	Val per: {'acc': 0.4993804213135068, 'mcc': 0.008688183249741082} 	Val loss: 1.0047246
	Test per: {'acc': 0.5166261151662611, 'mcc': 0.014948083105164468} 	Test loss: 0.96975875
epoch: 61 time: 5.1659 
----->>>>> Training: 0.9270534040406346 0.9259674688801169 1.0859382580965757 0.0
Training: 0.9265365079045296 0.9254520609974861 1.0844205617904663 	Train per: 0.54290771484375
	Val per: {'acc': 0.5045848822800496, 'mcc': 0.019031864077305817} 	Val loss: 0.9991246
	Test per: {'acc': 0.5170316301703163, 'mcc': 0.018435298140035333} 	Test loss: 0.9708687
epoch: 62 time: 5.5111 
----->>>>> Training: 0.926523027010262 0.9254451431334019 1.0778797212988138 0.0
Training: 0.9255966683849692 0.9245249768719077 1.0717052221298218 	Train per: 0.5434417724609375
	Val per: {'acc': 0.5009913258983891, 'mcc': 0.011440181329022987} 	Val loss: 1.0008047
	Test per: {'acc': 0.5164909434982428, 'mcc': 0.016805128132003286} 	Test loss: 0.969903
epoch: 63 time: 5.1239 
----->>>>> Training: 0.9265099121257663 0.9254377922043204 1.0721181835979223 0.0
Training: 0.9257604982703924 0.9246941115707159 1.066385269165039 	Train per: 0.543182373046875
	Val per: {'acc': 0.504460966542751, 'mcc': 0.01866022945808378} 	Val loss: 0.99861795
	Test per: {'acc': 0.5178426601784266, 'mcc': 0.02036261945890014} 	Test loss: 0.9701003
epoch: 64 time: 5.2803 
----->>>>> Training: 0.9265227857977152 0.9254564689472318 1.0663211289793253 0.0
Training: 0.925800384953618 0.9247363824397326 1.0640127658843994 	Train per: 0.5432281494140625
	Val per: {'acc': 0.504089219330855, 'mcc': 0.01773591038759685} 	Val loss: 0.9998937
	Test per: {'acc': 0.5141930251419302, 'mcc': 0.012843087925102425} 	Test loss: 0.9704485
epoch: 65 time: 5.2949 
----->>>>> Training: 0.9264414198696613 0.925379291176796 1.0621260087937117 0.0
Training: 0.9252538541331887 0.9241874674335122 1.0663979053497314 	Train per: 0.5435791015625
	Val per: {'acc': 0.5043370508054523, 'mcc': 0.018167134328193137} 	Val loss: 0.99881274
	Test per: {'acc': 0.5191943768586105, 'mcc': 0.023611684110344144} 	Test loss: 0.9708694
epoch: 66 time: 5.7409 
----->>>>> Training: 0.9257402811199427 0.9246814353391528 1.0588466823101044 0.0
Training: 0.9247747864574194 0.9237181153148413 1.0566465854644775 	Train per: 0.543487548828125
	Val per: {'acc': 0.5050805452292441, 'mcc': 0.019733634844559172} 	Val loss: 0.99994016
	Test per: {'acc': 0.5158150851581509, 'mcc': 0.01649535571935223} 	Test loss: 0.97041404
epoch: 67 time: 5.6314 
----->>>>> Training: 0.9249933641403913 0.9239390501752496 1.054315747693181 0.0
Training: 0.9242370557039976 0.9231842588633299 1.0527901649475098 	Train per: 0.5445098876953125
	Val per: {'acc': 0.5002478314745973, 'mcc': 0.010018307561919388} 	Val loss: 1.0053653
	Test per: {'acc': 0.513787510137875, 'mcc': 0.01009532638654146} 	Test loss: 0.9696963
epoch: 68 time: 5.3207 
----->>>>> Training: 0.924527620896697 0.923478034324944 1.0495898388326168 0.0
Training: 0.9244385426864028 0.9233822887763381 1.0562599897384644 	Train per: 0.544464111328125
	Val per: {'acc': 0.5043370508054523, 'mcc': 0.017908843573213526} 	Val loss: 0.99754226
	Test per: {'acc': 0.5154095701540957, 'mcc': 0.01610838460524531} 	Test loss: 0.9716245
epoch: 69 time: 5.7390 
----->>>>> Training: 0.9242456536740065 0.9231964722275734 1.0491801425814629 0.0
Training: 0.9233319908380508 0.9222852736711502 1.0467171669006348 	Train per: 0.5449066162109375
	Val per: {'acc': 0.5039653035935564, 'mcc': 0.0178432016908127} 	Val loss: 1.001242
	Test per: {'acc': 0.5155447418221141, 'mcc': 0.015042743118021005} 	Test loss: 0.9701288
epoch: 70 time: 5.1052 
----->>>>> Training: 0.9243043698370457 0.9232611879706383 1.0431806910783052 0.0
Training: 0.9239509012550116 0.9229078199714422 1.0430673360824585 	Train per: 0.5455169677734375
	Val per: {'acc': 0.49739776951672865, 'mcc': 0.00393328001972728} 	Val loss: 1.0083541
	Test per: {'acc': 0.5156799134901324, 'mcc': 0.013251333410155833} 	Test loss: 0.9697076
epoch: 71 time: 5.0231 
----->>>>> Training: 0.9238407770171762 0.9227982684969902 1.042512884363532 0.0
Training: 0.9230565428733826 0.9220232367515564 1.033277988433838 	Train per: 0.545166015625
	Val per: {'acc': 0.5012391573729864, 'mcc': 0.012370156773702267} 	Val loss: 1.0028188
	Test per: {'acc': 0.5159502568261692, 'mcc': 0.014780547926950273} 	Test loss: 0.9698707
epoch: 72 time: 4.9290 
----->>>>> Training: 0.9240070935338736 0.9229745008051395 1.0325938016176224 0.0
Training: 0.9235383523628116 0.9225048078224063 1.0335381031036377 	Train per: 0.54510498046875
	Val per: {'acc': 0.4980173482032218, 'mcc': 0.005293557683032143} 	Val loss: 1.0078017
	Test per: {'acc': 0.5148688834820222, 'mcc': 0.01159046188218806} 	Test loss: 0.96921426
epoch: 73 time: 5.3934 
----->>>>> Training: 0.9236196484416723 0.9225833797827363 1.0362688694149256 0.0
Training: 0.9226539954543114 0.9216180071234703 1.0359830856323242 	Train per: 0.5456390380859375
	Val per: {'acc': 0.5053283767038413, 'mcc': 0.02035000042008947} 	Val loss: 1.000358
	Test per: {'acc': 0.5150040551500406, 'mcc': 0.014834181292334528} 	Test loss: 0.9706498
epoch: 74 time: 5.3148 
----->>>>> Training: 0.9234872572124004 0.9224575962871313 1.0296603329479694 0.0
Training: 0.923126308247447 0.9220941942185163 1.0321239233016968 	Train per: 0.5457916259765625
	Val per: {'acc': 0.49677819083023544, 'mcc': 0.002560625438414366} 	Val loss: 1.0085934
	Test per: {'acc': 0.5143281968099487, 'mcc': 0.010473754433463264} 	Test loss: 0.9693919
epoch: 75 time: 5.3933 
----->>>>> Training: 0.9235006738454103 0.9224690729752183 1.0316007193177938 0.0
Training: 0.9231618475168943 0.9221305083483458 1.0313204526901245 	Train per: 0.54541015625
	Val per: {'acc': 0.5038413878562578, 'mcc': 0.01713674337056246} 	Val loss: 0.99899274
	Test per: {'acc': 0.5158150851581509, 'mcc': 0.016642679710073476} 	Test loss: 0.9707415
epoch: 76 time: 5.2489 
----->>>>> Training: 0.9233074290677905 0.9222838012501597 1.0236299969255924 0.0
Training: 0.9225887656211853 0.9215611219406128 1.027631163597107 	Train per: 0.54559326171875
	Val per: {'acc': 0.5045848822800496, 'mcc': 0.01870494884108384} 	Val loss: 1.0003577
	Test per: {'acc': 0.513787510137875, 'mcc': 0.012343437053639742} 	Test loss: 0.9701738
epoch: 77 time: 5.3524 
----->>>>> Training: 0.9230579296126962 0.9220342757180333 1.0236521493643522 0.0
Training: 0.922357645817101 0.9213310750201344 1.026581048965454 	Train per: 0.5456085205078125
	Val per: {'acc': 0.5021065675340768, 'mcc': 0.013729050928769122} 	Val loss: 1.001643
	Test per: {'acc': 0.5162206001622061, 'mcc': 0.016473686910775134} 	Test loss: 0.9710242
epoch: 78 time: 4.9947 
----->>>>> Training: 0.9219299349933863 0.9209049744531512 1.0249600727111101 0.0
Training: 0.9210255350917578 0.9200064148753881 1.0191445350646973 	Train per: 0.54730224609375
	Val per: {'acc': 0.5008674101610905, 'mcc': 0.011302281847684868} 	Val loss: 1.0031519
	Test per: {'acc': 0.5148688834820222, 'mcc': 0.013191656473740352} 	Test loss: 0.96921116
epoch: 79 time: 5.2048 
----->>>>> Training: 0.9222082318738103 0.9211869202554226 1.0213117972016335 0.0
Training: 0.9217015318572521 0.9206885509192944 1.013001561164856 	Train per: 0.5456695556640625
	Val per: {'acc': 0.5006195786864932, 'mcc': 0.010426225884101649} 	Val loss: 1.000782
	Test per: {'acc': 0.5171668018383346, 'mcc': 0.01864536817363912} 	Test loss: 0.9707332
epoch: 80 time: 5.6451 
----->>>>> Training: 0.922331789508462 0.9213153989985585 1.0163895040750504 0.0
Training: 0.9218228170648217 0.9208052465692163 1.0175526142120361 	Train per: 0.546173095703125
	Val per: {'acc': 0.5038413878562578, 'mcc': 0.01713674337056246} 	Val loss: 1.0007161
	Test per: {'acc': 0.5155447418221141, 'mcc': 0.016079493950002834} 	Test loss: 0.97075486
epoch: 81 time: 5.5378 
----->>>>> Training: 0.9221398895606399 0.9211250729858875 1.0148163177073002 0.0
Training: 0.9213701477274299 0.9203544249758124 1.0157439708709717 	Train per: 0.54669189453125
	Val per: {'acc': 0.5026022304832714, 'mcc': 0.014115637794678507} 	Val loss: 1.0014629
	Test per: {'acc': 0.5143281968099487, 'mcc': 0.01388928737964801} 	Test loss: 0.97032416
epoch: 82 time: 5.3932 
----->>>>> Training: 0.9217200875282288 0.9207096425816417 1.0104450210928917 0.0
Training: 0.9207973228767514 0.9197854744270444 1.0118627548217773 	Train per: 0.5467529296875
	Val per: {'acc': 0.4990086741016109, 'mcc': 0.0072424386922669455} 	Val loss: 1.0057412
	Test per: {'acc': 0.51338199513382, 'mcc': 0.00950072496891003} 	Test loss: 0.9697824
epoch: 83 time: 5.3112 
----->>>>> Training: 0.9215844385325909 0.9205721719190478 1.0122655257582664 0.0
Training: 0.921217480674386 0.9202102217823267 1.0072652101516724 	Train per: 0.546630859375
	Val per: {'acc': 0.49653035935563816, 'mcc': 0.0016369323171203268} 	Val loss: 1.0083333
	Test per: {'acc': 0.5148688834820222, 'mcc': 0.012348191251205379} 	Test loss: 0.9688821
epoch: 84 time: 5.3868 
----->>>>> Training: 0.9209813456982374 0.9199730353429914 1.0083112493157387 0.0
Training: 0.9201839389279485 0.9191789450123906 1.0049816370010376 	Train per: 0.5467376708984375
	Val per: {'acc': 0.5007434944237918, 'mcc': 0.010607279859879214} 	Val loss: 1.0026398
	Test per: {'acc': 0.5164909434982428, 'mcc': 0.01730417256039145} 	Test loss: 0.97055835
epoch: 85 time: 5.5435 
----->>>>> Training: 0.9206538563594222 0.9196463581174612 1.0075001269578934 0.0
Training: 0.919805845245719 0.9188008513301611 1.005021333694458 	Train per: 0.546905517578125
	Val per: {'acc': 0.5008674101610905, 'mcc': 0.011147862749781726} 	Val loss: 1.0028288
	Test per: {'acc': 0.5171668018383346, 'mcc': 0.018150336334051585} 	Test loss: 0.96992916
epoch: 86 time: 5.5015 
----->>>>> Training: 0.9204030409455299 0.9193993788212538 1.0036638714373112 0.0
Training: 0.9195028888061643 0.9185068355873227 0.9960339069366455 	Train per: 0.547393798828125
	Val per: {'acc': 0.5011152416356878, 'mcc': 0.011605880463793182} 	Val loss: 1.0032781
	Test per: {'acc': 0.5154095701540957, 'mcc': 0.014476612894260167} 	Test loss: 0.9695914
epoch: 87 time: 5.1690 
----->>>>> Training: 0.9204987622797489 0.9194974983111024 1.0012638503685594 0.0
Training: 0.9196597123518586 0.9186582947149873 1.0014246702194214 	Train per: 0.5470123291015625
	Val per: {'acc': 0.49950433705080544, 'mcc': 0.008478444471249007} 	Val loss: 1.0045024
	Test per: {'acc': 0.5145985401459854, 'mcc': 0.011959140700906302} 	Test loss: 0.9697423
epoch: 88 time: 5.5605 
----->>>>> Training: 0.9197864849120378 0.9187853364273906 1.0011502737179399 0.0
Training: 0.9190938528627157 0.9180930312722921 1.0007960796356201 	Train per: 0.5476531982421875
	Val per: {'acc': 0.5016109045848823, 'mcc': 0.01229312003273843} 	Val loss: 1.0029029
	Test per: {'acc': 0.5141930251419302, 'mcc': 0.012722756271644861} 	Test loss: 0.9700495
epoch: 89 time: 5.3830 
----->>>>> Training: 0.9196870839223266 0.918689020909369 0.9980632485821843 0.0
Training: 0.918882274068892 0.9178881281986833 0.9941696524620056 	Train per: 0.5480499267578125
	Val per: {'acc': 0.49752168525402723, 'mcc': 0.004150669988508949} 	Val loss: 1.0064229
	Test per: {'acc': 0.5148688834820222, 'mcc': 0.01180310015974433} 	Test loss: 0.96890134
epoch: 90 time: 5.2519 
----->>>>> Training: 0.9191414974629879 0.9181447019800544 0.9967946708202362 0.0
Training: 0.9183077048510313 0.9173133205622435 0.9943564534187317 	Train per: 0.548126220703125
	Val per: {'acc': 0.5011152416356878, 'mcc': 0.011535791444020728} 	Val loss: 1.002863
	Test per: {'acc': 0.5154095701540957, 'mcc': 0.014714865282010539} 	Test loss: 0.9697897
epoch: 91 time: 5.0705 
----->>>>> Training: 0.9191541522741318 0.9181574508547783 0.9967014966532588 0.0
Training: 0.9185415934771299 0.9175510238856077 0.9905924797058105 	Train per: 0.5479888916015625
	Val per: {'acc': 0.4977695167286245, 'mcc': 0.004609044263546755} 	Val loss: 1.0076389
	Test per: {'acc': 0.5166261151662611, 'mcc': 0.015630380752040138} 	Test loss: 0.9688689
epoch: 92 time: 5.2199 
----->>>>> Training: 0.9193319361656904 0.9183385269716382 0.9934130869805813 0.0
Training: 0.9184781406074762 0.9174842331558466 0.9938921332359314 	Train per: 0.5477142333984375
	Val per: {'acc': 0.5002478314745973, 'mcc': 0.009594747531373172} 	Val loss: 1.0034333
	Test per: {'acc': 0.5150040551500406, 'mcc': 0.013969559864928049} 	Test loss: 0.9702062
epoch: 93 time: 5.2340 
----->>>>> Training: 0.9194786045700312 0.9184891870245337 0.9894162276759744 0.0
Training: 0.9186499789357185 0.9176612570881844 0.9887067079544067 	Train per: 0.5480804443359375
	Val per: {'acc': 0.5016109045848823, 'mcc': 0.012349195064782376} 	Val loss: 1.0018209
	Test per: {'acc': 0.5155447418221141, 'mcc': 0.015635844625897448} 	Test loss: 0.969989
epoch: 94 time: 5.3119 
----->>>>> Training: 0.9192211590707302 0.9182335045188665 0.9876535227522254 0.0
Training: 0.9192367820069194 0.9182557491585612 0.9810146689414978 	Train per: 0.5469970703125
	Val per: {'acc': 0.5034696406443618, 'mcc': 0.015967697851708172} 	Val loss: 0.9988176
	Test per: {'acc': 0.5154095701540957, 'mcc': 0.016728133613160178} 	Test loss: 0.9703599
epoch: 95 time: 5.1005 
----->>>>> Training: 0.9192354334518313 0.9182553282007575 0.9801034685224295 0.0
Training: 0.9184024119749665 0.9174144649878144 0.98795485496521 	Train per: 0.547760009765625
	Val per: {'acc': 0.5043370508054523, 'mcc': 0.017491315571610353} 	Val loss: 1.0014334
	Test per: {'acc': 0.5160854284941876, 'mcc': 0.018260931030070336} 	Test loss: 0.96979535
epoch: 96 time: 5.4332 
----->>>>> Training: 0.9189141672104597 0.9179326798766851 0.9814888332039118 0.0
Training: 0.9180943854153156 0.9171103723347187 0.9840088486671448 	Train per: 0.5484771728515625
	Val per: {'acc': 0.5019826517967781, 'mcc': 0.01271445397041449} 	Val loss: 1.0018746
	Test per: {'acc': 0.5154095701540957, 'mcc': 0.016521719423620015} 	Test loss: 0.96974945
epoch: 97 time: 5.5013 
----->>>>> Training: 0.9189182175323367 0.917938812635839 0.9794084653258324 0.0
Training: 0.9181080413982272 0.9171270681545138 0.980988085269928 	Train per: 0.5482025146484375
	Val per: {'acc': 0.49950433705080544, 'mcc': 0.007881233821806902} 	Val loss: 1.0039091
	Test per: {'acc': 0.5145985401459854, 'mcc': 0.01343518811543863} 	Test loss: 0.9694355
epoch: 98 time: 5.3316 
----->>>>> Training: 0.9181512910872698 0.9171753171831369 0.9759747497737408 0.0
Training: 0.9174812668934464 0.9165131682530046 0.9680755138397217 	Train per: 0.5484619140625
	Val per: {'acc': 0.4990086741016109, 'mcc': 0.006994954938797209} 	Val loss: 1.0057076
	Test per: {'acc': 0.5166261151662611, 'mcc': 0.016868554279581473} 	Test loss: 0.96884716
epoch: 99 time: 5.5829 
----->>>>> Training: 0.9185146875679493 0.9175363564863801 0.9783300925046206 0.0
Training: 0.9176426501944661 0.9166721077635884 0.9705508351325989 	Train per: 0.5478363037109375
	Val per: {'acc': 0.5019826517967781, 'mcc': 0.013036686017519832} 	Val loss: 1.0011417
	Test per: {'acc': 0.5175723168423898, 'mcc': 0.020115695286968924} 	Test loss: 0.9698303
epoch: 100 time: 5.2896 
----->>>>> Training: 0.9182913601398468 0.9173195008188486 0.9718609191477299 0.0
Training: 0.9175403118133545 0.9165686368942261 0.9716562032699585 	Train per: 0.548553466796875
	Val per: {'acc': 0.5007434944237918, 'mcc': 0.010294496820279907} 	Val loss: 1.0027087
	Test per: {'acc': 0.5145985401459854, 'mcc': 0.013973916633344869} 	Test loss: 0.96972644
epoch: 101 time: 5.5243 
----->>>>> Training: 0.91785903647542 0.9168938873335719 0.9651499474421144 0.0
Training: 0.9169682962819934 0.9159934623166919 0.9748344421386719 	Train per: 0.5493927001953125
	Val per: {'acc': 0.5008674101610905, 'mcc': 0.010421346372641012} 	Val loss: 1.0040699
	Test per: {'acc': 0.5148688834820222, 'mcc': 0.014626867132238711} 	Test loss: 0.9697695
epoch: 102 time: 5.5534 
----->>>>> Training: 0.9170664921402931 0.9161002784967422 0.9662134600803256 0.0
Training: 0.9162140805274248 0.9152457434684038 0.9683530330657959 	Train per: 0.549560546875
	Val per: {'acc': 0.501363073110285, 'mcc': 0.011727209725667145} 	Val loss: 1.004115
	Test per: {'acc': 0.5159502568261692, 'mcc': 0.016526891647328037} 	Test loss: 0.96951723
epoch: 103 time: 5.3457 
----->>>>> Training: 0.9177848482504487 0.9168174071237445 0.9674447821453214 0.0
Training: 0.9171507675200701 0.9161832649260759 0.9674975275993347 	Train per: 0.54864501953125
	Val per: {'acc': 0.5034696406443618, 'mcc': 0.015620118904519026} 	Val loss: 0.99991477
	Test per: {'acc': 0.5154095701540957, 'mcc': 0.016934392135456378} 	Test loss: 0.96987146
epoch: 104 time: 5.3145 
----->>>>> Training: 0.9176010228693485 0.9166376339271665 0.963391337543726 0.0
Training: 0.9168289406225085 0.9158601863309741 0.9687348008155823 	Train per: 0.5486907958984375
	Val per: {'acc': 0.5019826517967781, 'mcc': 0.012797980014627137} 	Val loss: 1.0022377
	Test per: {'acc': 0.5168964585022979, 'mcc': 0.019157154174286775} 	Test loss: 0.97011733
epoch: 105 time: 5.0952 
----->>>>> Training: 0.9171290658414364 0.9161693453788757 0.9597206804901361 0.0
Training: 0.9162467531859875 0.9152839593589306 0.9628079533576965 	Train per: 0.5494842529296875
	Val per: {'acc': 0.49987608426270136, 'mcc': 0.008697454149179698} 	Val loss: 1.005612
	Test per: {'acc': 0.5166261151662611, 'mcc': 0.017367300241723557} 	Test loss: 0.9692434
epoch: 106 time: 4.9968 
----->>>>> Training: 0.9167665904387832 0.9158068401739001 0.9597475435584784 0.0
Training: 0.9159207502380013 0.9149608174338937 0.9599181413650513 	Train per: 0.5492095947265625
	Val per: {'acc': 0.5003717472118959, 'mcc': 0.00979055015255295} 	Val loss: 1.00581
	Test per: {'acc': 0.5167612868342796, 'mcc': 0.017548034827714585} 	Test loss: 0.96930707
epoch: 107 time: 5.0306 
----->>>>> Training: 0.9174169348552823 0.9164601285010576 0.9568064836785197 0.0
Training: 0.9166128542274237 0.9156573321670294 0.955503523349762 	Train per: 0.548736572265625
	Val per: {'acc': 0.4993804213135068, 'mcc': 0.007853439494832904} 	Val loss: 1.0063169
	Test per: {'acc': 0.5182481751824818, 'mcc': 0.020075046914753} 	Test loss: 0.96878207
epoch: 108 time: 5.1664 
----->>>>> Training: 0.9166040206328034 0.9156537000089884 0.9503239970654249 0.0
Training: 0.9159793220460415 0.9150307737290859 0.9485309720039368 	Train per: 0.5493927001953125
	Val per: {'acc': 0.4966542750929368, 'mcc': 0.0017967538745913409} 	Val loss: 1.0083741
	Test per: {'acc': 0.5178426601784266, 'mcc': 0.019236459198009464} 	Test loss: 0.9679836
epoch: 109 time: 5.3994 
----->>>>> Training: 0.9166608657687902 0.9157085213810205 0.9523440822958946 0.0
Training: 0.9159232722595334 0.9149756180122495 0.9476664066314697 	Train per: 0.549346923828125
	Val per: {'acc': 0.5032218091697646, 'mcc': 0.015432443300553066} 	Val loss: 1.0010763
	Test per: {'acc': 0.5173019735063531, 'mcc': 0.020217687602741428} 	Test loss: 0.9692836
epoch: 110 time: 5.4241 
----->>>>> Training: 0.916914508678019 0.915972008369863 0.94250354077667 0.0
Training: 0.9160263426601887 0.9150835163891315 0.9428216814994812 	Train per: 0.5491485595703125
	Val per: {'acc': 0.5003717472118959, 'mcc': 0.009495427607287898} 	Val loss: 1.0042417
	Test per: {'acc': 0.5163557718302244, 'mcc': 0.01756404641480042} 	Test loss: 0.9691004
epoch: 111 time: 5.0626 
----->>>>> Training: 0.9164495700970292 0.9155065324157476 0.943033535964787 0.0
Training: 0.915733146481216 0.9147887704893947 0.9443529844284058 	Train per: 0.5494842529296875
	Val per: {'acc': 0.49987608426270136, 'mcc': 0.008434083991423855} 	Val loss: 1.0057048
	Test per: {'acc': 0.5183833468505001, 'mcc': 0.021578102327819804} 	Test loss: 0.9689205
epoch: 112 time: 4.8676 
----->>>>> Training: 0.9157363260164857 0.914797592908144 0.9387346720322967 0.0
Training: 0.9148950930684805 0.9139530416578054 0.9420526027679443 	Train per: 0.5503387451171875
	Val per: {'acc': 0.5008674101610905, 'mcc': 0.010842861797868853} 	Val loss: 1.0038086
	Test per: {'acc': 0.5163557718302244, 'mcc': 0.017270880656967205} 	Test loss: 0.9690028
epoch: 113 time: 5.0780 
----->>>>> Training: 0.9159761527553201 0.9150366121903062 0.9395380672067404 0.0
Training: 0.915451823733747 0.9145131697878242 0.9386636018753052 	Train per: 0.5490264892578125
	Val per: {'acc': 0.49677819083023544, 'mcc': 0.0020027388079752392} 	Val loss: 1.0068576
	Test per: {'acc': 0.5182481751824818, 'mcc': 0.020276476411108482} 	Test loss: 0.96855634
epoch: 114 time: 4.8885 
----->>>>> Training: 0.9161250703036785 0.9151877192780375 0.9373519066721201 0.0
Training: 0.9152202242985368 0.9142891997471452 0.9310223460197449 	Train per: 0.5501861572265625
	Val per: {'acc': 0.49851301115241636, 'mcc': 0.005772643358315394} 	Val loss: 1.0053893
	Test per: {'acc': 0.5166261151662611, 'mcc': 0.017279375586881415} 	Test loss: 0.9686361
epoch: 115 time: 4.8980 
----->>>>> Training: 0.9162357812747359 0.9153031650930643 0.932612125761807 0.0
Training: 0.9153188597410917 0.9143842589110136 0.9345834255218506 	Train per: 0.5489349365234375
	Val per: {'acc': 0.4982651796778191, 'mcc': 0.004788300652223232} 	Val loss: 1.0055159
	Test per: {'acc': 0.5183833468505001, 'mcc': 0.022035837859757684} 	Test loss: 0.96878934
epoch: 116 time: 4.8984 
----->>>>> Training: 0.9155604913830757 0.9146312773227692 0.9292126577347517 0.0
Training: 0.9149162424728274 0.9139855755493045 0.9306727647781372 	Train per: 0.5496368408203125
	Val per: {'acc': 0.5002478314745973, 'mcc': 0.0092865473881119} 	Val loss: 1.001989
	Test per: {'acc': 0.5159502568261692, 'mcc': 0.016644707789283} 	Test loss: 0.96906126
epoch: 117 time: 5.6165 
----->>>>> Training: 0.9148791562765837 0.913948554545641 0.9306019712239504 0.0
Training: 0.9139921916648746 0.9130704654380679 0.9217526316642761 	Train per: 0.55023193359375
	Val per: {'acc': 0.5, 'mcc': 0.00929656819047576} 	Val loss: 1.0062153
	Test per: {'acc': 0.5181130035144633, 'mcc': 0.019862780487818296} 	Test loss: 0.96804684
epoch: 118 time: 5.1308 
----->>>>> Training: 0.9147651614621282 0.9138405052945018 0.9246568875387311 0.0
Training: 0.9143973346799612 0.9134715553373098 0.9257964491844177 	Train per: 0.550140380859375
	Val per: {'acc': 0.4996282527881041, 'mcc': 0.007384971380828191} 	Val loss: 1.0007417
	Test per: {'acc': 0.5154095701540957, 'mcc': 0.017140504747237807} 	Test loss: 0.96986765
epoch: 119 time: 5.1405 
----->>>>> Training: 0.9151935735717416 0.9142717672511935 0.9218040192499757 0.0
Training: 0.914383452385664 0.9134629182517529 0.9205095171928406 	Train per: 0.5503997802734375
	Val per: {'acc': 0.5014869888475837, 'mcc': 0.011576472489581229} 	Val loss: 1.001843
	Test per: {'acc': 0.5155447418221141, 'mcc': 0.016964202127551568} 	Test loss: 0.9688373
epoch: 120 time: 5.1104 
----->>>>> Training: 0.9155342821031809 0.9146190835162997 0.9151973249390721 0.0
Training: 0.9145591780543327 0.913640670478344 0.9184923768043518 	Train per: 0.549530029296875
	Val per: {'acc': 0.5006195786864932, 'mcc': 0.009712925103049844} 	Val loss: 1.0022275
	Test per: {'acc': 0.5167612868342796, 'mcc': 0.019210592393645424} 	Test loss: 0.9692508
epoch: 121 time: 4.8635 
----->>>>> Training: 0.9149299394339323 0.914016205817461 0.9137339433655143 0.0
Training: 0.9154828330501914 0.9145648023113608 0.9180296659469604 	Train per: 0.5489349365234375
	Val per: {'acc': 0.4955390334572491, 'mcc': -0.0008977989491012544} 	Val loss: 1.0105908
	Test per: {'acc': 0.5141930251419302, 'mcc': 0.01190804677792124} 	Test loss: 0.9683718
epoch: 122 time: 4.8469 
----->>>>> Training: 0.9143764721229672 0.9134611319750547 0.9153395891189575 0.0
Training: 0.9133807569742203 0.9124708920717239 0.9098542332649231 	Train per: 0.5511474609375
	Val per: {'acc': 0.4996282527881041, 'mcc': 0.008105201512192373} 	Val loss: 1.0059073
	Test per: {'acc': 0.5189240335225737, 'mcc': 0.022195000759429623} 	Test loss: 0.96819615
epoch: 123 time: 4.8588 
----->>>>> Training: 0.9145335890352726 0.9136254508048296 0.9081398732960224 0.0
Training: 0.9137186799198389 0.9128088746219873 0.9097810983657837 	Train per: 0.5504913330078125
	Val per: {'acc': 0.5006195786864932, 'mcc': 0.009633809699283126} 	Val loss: 1.0032688
	Test per: {'acc': 0.5170316301703163, 'mcc': 0.01988794581568669} 	Test loss: 0.9688796
epoch: 124 time: 4.8757 
----->>>>> Training: 0.9143952690064907 0.9134899452328682 0.9053232176229358 0.0
Training: 0.9132952429354191 0.9123956300318241 0.8996111750602722 	Train per: 0.5512847900390625
	Val per: {'acc': 0.498636926889715, 'mcc': 0.0060744325100691495} 	Val loss: 1.0050269
	Test per: {'acc': 0.5191943768586105, 'mcc': 0.022732869279813692} 	Test loss: 0.9675906
epoch: 125 time: 4.9071 
----->>>>> Training: 0.9143513888120651 0.9134509824216366 0.9004040649160743 0.0
Training: 0.9136625798419118 0.9127614768221974 0.901084303855896 	Train per: 0.5507659912109375
	Val per: {'acc': 0.5021065675340768, 'mcc': 0.012725617231976584} 	Val loss: 1.0025017
	Test per: {'acc': 0.5175723168423898, 'mcc': 0.021355739661986225} 	Test loss: 0.9689506
epoch: 126 time: 4.8656 
----->>>>> Training: 0.9138705544173717 0.912973016500473 0.8975373459979892 0.0
Training: 0.9130845405161381 0.9121898747980595 0.8946753740310669 	Train per: 0.551055908203125
	Val per: {'acc': 0.498636926889715, 'mcc': 0.006023779026608255} 	Val loss: 1.0062563
	Test per: {'acc': 0.518653690186537, 'mcc': 0.021342968167793748} 	Test loss: 0.96782386
epoch: 127 time: 4.9009 
----->>>>> Training: 0.9134190613403916 0.9125222275033593 0.8968342626467347 0.0
Training: 0.9133483860641718 0.9124559853225946 0.8923888206481934 	Train per: 0.55047607421875
	Val per: {'acc': 0.5018587360594795, 'mcc': 0.0120161991255617} 	Val loss: 0.9988587
	Test per: {'acc': 0.5143281968099487, 'mcc': 0.015052047812368945} 	Test loss: 0.96936554
epoch: 128 time: 4.8553 
----->>>>> Training: 0.9139991085976362 0.9131105914711952 0.8885194854810834 0.0
Training: 0.9130253680050373 0.9121355302631855 0.889819860458374 	Train per: 0.5511016845703125
	Val per: {'acc': 0.5007434944237918, 'mcc': 0.00964460901448211} 	Val loss: 1.0020204
	Test per: {'acc': 0.5167612868342796, 'mcc': 0.019995061498524723} 	Test loss: 0.96915245
epoch: 129 time: 5.4172 
----->>>>> Training: 0.9137879284098744 0.9129012580960989 0.8866700315847993 0.0
Training: 0.9129400439560413 0.9120576567947865 0.8823663592338562 	Train per: 0.55133056640625
	Val per: {'acc': 0.5, 'mcc': 0.008604445870627423} 	Val loss: 1.0031625
	Test per: {'acc': 0.5164909434982428, 'mcc': 0.018357381157476094} 	Test loss: 0.9684045
epoch: 130 time: 5.2462 
----->>>>> Training: 0.9138563834130764 0.9129757508635521 0.8806332061067224 0.0
Training: 0.9126993352547288 0.9118201667442918 0.8791661858558655 	Train per: 0.5515594482421875
	Val per: {'acc': 0.5009913258983891, 'mcc': 0.010642080550241519} 	Val loss: 1.0027727
	Test per: {'acc': 0.5167612868342796, 'mcc': 0.01900694592179485} 	Test loss: 0.96833605
epoch: 131 time: 4.9061 
----->>>>> Training: 0.9127030577510595 0.911825044080615 0.8780166804790497 0.0
Training: 0.9127656873315573 0.9118871744722128 0.8785021901130676 	Train per: 0.55096435546875
	Val per: {'acc': 0.49714993804213137, 'mcc': 0.002676762391677971} 	Val loss: 1.0093919
	Test per: {'acc': 0.5170316301703163, 'mcc': 0.017881196363495527} 	Test loss: 0.96787375
epoch: 132 time: 4.8752 
----->>>>> Training: 0.9128821026533842 0.9120091339573264 0.8729673316702247 0.0
Training: 0.9119309149682522 0.9110564552247524 0.8744721412658691 	Train per: 0.552032470703125
	Val per: {'acc': 0.4996282527881041, 'mcc': 0.00800070048404483} 	Val loss: 1.0061067
	Test per: {'acc': 0.5175723168423898, 'mcc': 0.019971245432710664} 	Test loss: 0.9690057
epoch: 133 time: 4.9311 
----->>>>> Training: 0.9126081448048353 0.9117383947595954 0.8697501616552472 0.0
Training: 0.9117418555542827 0.9108756212517619 0.8662179112434387 	Train per: 0.55206298828125
	Val per: {'acc': 0.5001239157372986, 'mcc': 0.008813648847699546} 	Val loss: 1.0019383
	Test per: {'acc': 0.5170316301703163, 'mcc': 0.019742973012480545} 	Test loss: 0.9693576
epoch: 134 time: 5.0712 
----->>>>> Training: 0.9128224840387702 0.9119556844234467 0.8668019212782383 0.0
Training: 0.9119520569220185 0.9110964322462678 0.8556513786315918 	Train per: 0.5517730712890625
	Val per: {'acc': 0.5, 'mcc': 0.008683048836812883} 	Val loss: 1.002
	Test per: {'acc': 0.5168964585022979, 'mcc': 0.019128083773122598} 	Test loss: 0.9678591
epoch: 135 time: 4.8546 
----->>>>> Training: 0.9128952845931053 0.9120399486273527 0.8553370032459497 0.0
Training: 0.9119987357407808 0.9111354816704988 0.8632371425628662 	Train per: 0.551910400390625
	Val per: {'acc': 0.5, 'mcc': 0.00888095541434995} 	Val loss: 1.0055733
	Test per: {'acc': 0.5166261151662611, 'mcc': 0.017747895585080574} 	Test loss: 0.9685534
epoch: 136 time: 4.7987 
----->>>>> Training: 0.9122741995379329 0.9114156235009432 0.8585819182917476 0.0
Training: 0.9118082113564014 0.9109589643776417 0.8492409586906433 	Train per: 0.55194091796875
	Val per: {'acc': 0.5002478314745973, 'mcc': 0.008983196145598086} 	Val loss: 1.0005155
	Test per: {'acc': 0.5177074885104083, 'mcc': 0.021448789132719567} 	Test loss: 0.96868986
epoch: 137 time: 4.8644 
----->>>>> Training: 0.9124657548964024 0.9116123458370566 0.8534091636538506 0.0
Training: 0.9117680601775646 0.910917978733778 0.8500635623931885 	Train per: 0.5524444580078125
	Val per: {'acc': 0.4976456009913259, 'mcc': 0.003887911470129007} 	Val loss: 1.0066346
	Test per: {'acc': 0.5168964585022979, 'mcc': 0.018108748070019217} 	Test loss: 0.9681954
epoch: 138 time: 4.8435 
----->>>>> Training: 0.9118504915386438 0.9110026508569717 0.847838182002306 0.0
Training: 0.9108507018536329 0.9100088458508253 0.8418328166007996 	Train per: 0.5521240234375
	Val per: {'acc': 0.4990086741016109, 'mcc': 0.006788966350397612} 	Val loss: 1.0045712
	Test per: {'acc': 0.5160854284941876, 'mcc': 0.016764977121796608} 	Test loss: 0.96850365
epoch: 139 time: 5.2416 
----->>>>> Training: 0.9125027423724532 0.9116610875353217 0.8416549311950803 0.0
Training: 0.9113263310864568 0.9104809584096074 0.8453906774520874 	Train per: 0.5518035888671875
	Val per: {'acc': 0.49876084262701365, 'mcc': 0.005884881049835929} 	Val loss: 1.0062157
	Test per: {'acc': 0.5166261151662611, 'mcc': 0.01856561382744374} 	Test loss: 0.9692829
epoch: 140 time: 5.2689 
----->>>>> Training: 0.9115834478288889 0.9107445953413844 0.8388527138158679 0.0
Training: 0.9105713935568929 0.9097408028319478 0.8305777311325073 	Train per: 0.5523223876953125
	Val per: {'acc': 0.5001239157372986, 'mcc': 0.008931853086319419} 	Val loss: 1.003351
	Test per: {'acc': 0.5150040551500406, 'mcc': 0.015250169620132448} 	Test loss: 0.9688179
epoch: 141 time: 4.9238 
----->>>>> Training: 0.91096949018538 0.910136753693223 0.8327362444251776 0.0
Training: 0.910195560194552 0.9093606183305383 0.8349297046661377 	Train per: 0.5532379150390625
	Val per: {'acc': 0.5, 'mcc': 0.008513137617546173} 	Val loss: 1.0044185
	Test per: {'acc': 0.5177074885104083, 'mcc': 0.020930701672485476} 	Test loss: 0.9687
epoch: 142 time: 5.2815 
----->>>>> Training: 0.9114234764128923 0.9105943953618407 0.8290828680619597 0.0
Training: 0.9099574666470289 0.9091303329914808 0.8271508812904358 	Train per: 0.552276611328125
	Val per: {'acc': 0.4996282527881041, 'mcc': 0.008368952320541993} 	Val loss: 1.0053833
	Test per: {'acc': 0.5145985401459854, 'mcc': 0.013195196396964832} 	Test loss: 0.9685383
epoch: 143 time: 5.0011 
----->>>>> Training: 0.911211533471942 0.9103852398693562 0.8262938829138875 0.0
Training: 0.9104287438094616 0.9096069745719433 0.8217626214027405 	Train per: 0.552978515625
	Val per: {'acc': 0.49727385377943, 'mcc': 0.002892756429334117} 	Val loss: 1.0054122
	Test per: {'acc': 0.5158150851581509, 'mcc': 0.016377426343795264} 	Test loss: 0.9679698
epoch: 144 time: 4.9957 
----->>>>> Training: 0.9115606034174562 0.9107398837804794 0.8207167303189635 0.0
Training: 0.9104747464880347 0.9096605470404029 0.8141787648200989 	Train per: 0.5525970458984375
	Val per: {'acc': 0.4990086741016109, 'mcc': 0.006559758614069913} 	Val loss: 1.0034381
	Test per: {'acc': 0.5145985401459854, 'mcc': 0.01421283147718729} 	Test loss: 0.96841055
epoch: 145 time: 4.8883 
----->>>>> Training: 0.9108747150748968 0.9100589901208878 0.8157224832102656 0.0
Training: 0.9100309032946825 0.9092190880328417 0.8118036389350891 	Train per: 0.55242919921875
	Val per: {'acc': 0.49950433705080544, 'mcc': 0.007920471840301818} 	Val loss: 1.0039462
	Test per: {'acc': 0.5155447418221141, 'mcc': 0.015813418336666517} 	Test loss: 0.96842587
epoch: 146 time: 4.8128 
----->>>>> Training: 0.9103855695575476 0.9095725752413273 0.8129941998049617 0.0
Training: 0.9096539104357362 0.908842452801764 0.8114665746688843 	Train per: 0.5529327392578125
	Val per: {'acc': 0.4988847583643123, 'mcc': 0.00637313595317573} 	Val loss: 1.0064163
	Test per: {'acc': 0.5131116517977832, 'mcc': 0.010919718456640274} 	Test loss: 0.96839356
epoch: 147 time: 4.9941 
----->>>>> Training: 0.9101846581324935 0.909373389557004 0.8112666057422757 0.0
Training: 0.9095879327505827 0.9087799917906523 0.8079241514205933 	Train per: 0.552581787109375
	Val per: {'acc': 0.49814126394052044, 'mcc': 0.004980914845604416} 	Val loss: 1.0075225
	Test per: {'acc': 0.5135171668018383, 'mcc': 0.011082981872350102} 	Test loss: 0.9683453
epoch: 148 time: 4.9909 
----->>>>> Training: 0.9101447211578488 0.909338797442615 0.8059209575876594 0.0
Training: 0.909421474672854 0.9086224148049951 0.7990893721580505 	Train per: 0.5528106689453125
	Val per: {'acc': 0.5011152416356878, 'mcc': 0.010822067281675682} 	Val loss: 1.0016247
	Test per: {'acc': 0.5140578534739119, 'mcc': 0.013985673891448308} 	Test loss: 0.96888256
epoch: 149 time: 5.3104 

Best Valid performance: {'acc': 0.5053283767038413, 'mcc': 0.02035000042008947}
	Best Test performance: {'acc': 0.5150040551500406, 'mcc': 0.014834181292334528}
