Namespace(path='./data/kdd17/ourpped/', seq=5, unit=4, alpha_l2=0.001, beta_adv=0.05, epsilon_adv=0.001, step=1, batch_size=1024, epoch=150, learning_rate=0.001, gpu=1, model_path='./saved_model/acl18_alstm/exp', model_save_path='./saved_model/kdd_resnet_alstm_1/exp', action='train', model='pure_lstm', fix_init=1, att=1, week=0, adv=0, hinge_lose=1, reload=0, resnet=1)
50  tickers selected
2518 trading dates:
0 2014 2266
64644  training instances
8070  validation instances
7398  testing instances
Tensor("Shape:0", shape=(3,), dtype=int32)
is pred_lstm
device name: /gpu:0
outputs_shape: [None, 5, 4]
resshape: [None, 5, 4]
Shape of self.output: Tensor("Shape:0", shape=(3,), dtype=int32)
Shape of self.resnet_features: Tensor("Shape_1:0", shape=(3,), dtype=int32)
Shape of self.combined_features: [None, 5, 4]
adversarial scope
adversial part
Metal device set to: Apple M1 Pro

systemMemory: 16.00 GB
maxCacheSize: 5.33 GB

----->>>>> Training: 0.9934840556234121 0.9925567302852869 0.9273286750540137 0.0
Training: 0.9916617991402745 0.9907059790566564 0.9558391571044922 	Train per: 0.514434814453125
	Val per: {'acc': 0.4933085501858736, 'mcc': 0.0065794917003074455} 	Val loss: 0.9910114
	Test per: {'acc': 0.5227088402270884, 'mcc': -0.0008016949207858259} 	Test loss: 0.9857127
epoch: 0 time: 28.4231 
----->>>>> Training: 0.9937461037188768 0.9927656659856439 0.9804356088861823 0.0
Training: 0.999723638407886 0.9987159613519907 1.0076972246170044 	Train per: 0.500244140625
	Val per: {'acc': 0.49727385377943, 'mcc': -0.009816274587192761} 	Val loss: 0.9992472
	Test per: {'acc': 0.49486347661530145, 'mcc': 0.0052570826409471414} 	Test loss: 0.9940347
epoch: 1 time: 25.9751 
----->>>>> Training: 0.9951270073652267 0.9941021306440234 1.0248738378286362 0.0
Training: 0.9917242350056767 0.9906854014843702 1.038835048675537 	Train per: 0.5054779052734375
	Val per: {'acc': 0.4939281288723668, 'mcc': -0.004451651003570178} 	Val loss: 0.9900611
	Test per: {'acc': 0.5174371451743714, 'mcc': 0.008661561223655573} 	Test loss: 0.9775171
epoch: 2 time: 24.4985 
----->>>>> Training: 0.9878877373412251 0.9868277097120881 1.0600281693041325 0.0
Training: 0.9898269400000572 0.988767527975142 1.0593914985656738 	Train per: 0.5086517333984375
	Val per: {'acc': 0.49739776951672865, 'mcc': 0.003191779015997767} 	Val loss: 0.9970911
	Test per: {'acc': 0.5014868883482022, 'mcc': -0.011111088697284886} 	Test loss: 0.982287
epoch: 3 time: 26.0308 
----->>>>> Training: 0.9823927385732532 0.9813430886715651 1.049645584076643 0.0
Training: 0.980194641277194 0.9791499562561512 1.0446763038635254 	Train per: 0.517364501953125
	Val per: {'acc': 0.5009913258983891, 'mcc': 0.020751206836811566} 	Val loss: 0.98554105
	Test per: {'acc': 0.5235198702351987, 'mcc': 0.0218017101442599} 	Test loss: 0.964499
epoch: 4 time: 25.9113 
----->>>>> Training: 0.9790857871994376 0.9780382458120584 1.0475414711982012 0.0
Training: 0.9770609522238374 0.9760088762268424 1.052077293395996 	Train per: 0.519622802734375
	Val per: {'acc': 0.50272614622057, 'mcc': 0.03501975416910815} 	Val loss: 0.989029
	Test per: {'acc': 0.5296025952960259, 'mcc': 0.02812457000543959} 	Test loss: 0.96061665
epoch: 5 time: 26.6313 
----->>>>> Training: 0.975266870111227 0.9742055861279368 1.0612852573394775 0.0
Training: 0.9732677638530731 0.972197026014328 1.0707608461380005 	Train per: 0.5184326171875
	Val per: {'acc': 0.49169764560099133, 'mcc': 0.005528917871142981} 	Val loss: 0.9941822
	Test per: {'acc': 0.5310894836442281, 'mcc': 0.026068138491818143} 	Test loss: 0.9573812
epoch: 6 time: 24.9134 
----->>>>> Training: 0.9715443914756179 0.9704602407291532 1.0841502659022808 0.0
Training: 0.9696460058912635 0.9685521945357323 1.093828797340393 	Train per: 0.518096923828125
	Val per: {'acc': 0.49231722428748453, 'mcc': 0.00861318161530151} 	Val loss: 0.99697715
	Test per: {'acc': 0.5314949986482833, 'mcc': 0.02732692822915855} 	Test loss: 0.9547864
epoch: 7 time: 24.4389 
----->>>>> Training: 0.9688261328265071 0.9677177304401994 1.1083993297070265 0.0
Training: 0.9671331811696291 0.9660091558471322 1.124048113822937 	Train per: 0.5194244384765625
	Val per: {'acc': 0.49281288723667904, 'mcc': 0.010383505132662316} 	Val loss: 0.99786854
	Test per: {'acc': 0.5294674236280076, 'mcc': 0.020126241917386118} 	Test loss: 0.95423055
epoch: 8 time: 24.3703 
----->>>>> Training: 0.9666911279782653 0.9655573712661862 1.1337576154619455 0.0
Training: 0.9650114169344306 0.9638583054766059 1.1530869007110596 	Train per: 0.52294921875
	Val per: {'acc': 0.4996282527881041, 'mcc': 0.0266168554100781} 	Val loss: 0.99417216
	Test per: {'acc': 0.5252771019194377, 'mcc': 0.013792846115643156} 	Test loss: 0.9550647
epoch: 9 time: 24.4993 
----->>>>> Training: 0.9643303202465177 0.9631625832989812 1.1677359640598297 0.0
Training: 0.9625271065160632 0.9613373391330242 1.189752459526062 	Train per: 0.5229644775390625
	Val per: {'acc': 0.5019826517967781, 'mcc': 0.027350035079709394} 	Val loss: 0.99146956
	Test per: {'acc': 0.520816436874831, 'mcc': 0.0065974348601374536} 	Test loss: 0.95611924
epoch: 10 time: 32.9766 
----->>>>> Training: 0.961675863713026 0.9604600500315428 1.2158134281635284 0.0
Training: 0.9598443573340774 0.9585981424897909 1.2462427616119385 	Train per: 0.524200439453125
	Val per: {'acc': 0.509541511771995, 'mcc': 0.03958539823376143} 	Val loss: 0.9875266
	Test per: {'acc': 0.5181130035144633, 'mcc': 0.008282829766790387} 	Test loss: 0.9583522
epoch: 11 time: 44.1235 
----->>>>> Training: 0.9592897472903132 0.9580112788826227 1.2784678675234318 0.0
Training: 0.9573266794905066 0.9560128152370453 1.313846468925476 	Train per: 0.5263519287109375
	Val per: {'acc': 0.5118959107806691, 'mcc': 0.041859711582185016} 	Val loss: 0.98565334
	Test per: {'acc': 0.5167612868342796, 'mcc': 0.009103811847228636} 	Test loss: 0.96035284
epoch: 12 time: 43.5901 
----->>>>> Training: 0.9561931705102324 0.9548588013276458 1.3343716114759445 0.0
Training: 0.955377172678709 0.9540187241509557 1.3584363460540771 	Train per: 0.5284881591796875
	Val per: {'acc': 0.512267657992565, 'mcc': 0.03967100327303998} 	Val loss: 0.9838994
	Test per: {'acc': 0.5171668018383346, 'mcc': 0.013414116180934674} 	Test loss: 0.9629476
epoch: 13 time: 42.3456 
----->>>>> Training: 0.9539938559755683 0.952619063667953 1.3747943099588156 0.0
Training: 0.9519652714952826 0.9505638470873237 1.4013993740081787 	Train per: 0.5299072265625
	Val per: {'acc': 0.5096654275092937, 'mcc': 0.03594727557713533} 	Val loss: 0.98972636
	Test per: {'acc': 0.5204109218707759, 'mcc': 0.01672376593806248} 	Test loss: 0.9633624
epoch: 14 time: 42.3259 
----->>>>> Training: 0.9514092318713665 0.9499807665124536 1.4284652825444937 0.0
Training: 0.9500637948513031 0.9486193954944611 1.4444166421890259 	Train per: 0.5309600830078125
	Val per: {'acc': 0.5100371747211896, 'mcc': 0.03367833192454794} 	Val loss: 0.9861928
	Test per: {'acc': 0.5210867802108679, 'mcc': 0.0229747335417304} 	Test loss: 0.96655977
epoch: 15 time: 41.1597 
----->>>>> Training: 0.9487459035590291 0.9472848577424884 1.4610479064285755 0.0
Training: 0.9468981679528952 0.945417171344161 1.4809677600860596 	Train per: 0.533416748046875
	Val per: {'acc': 0.5100371747211896, 'mcc': 0.03367833192454794} 	Val loss: 0.9895198
	Test per: {'acc': 0.514463368477967, 'mcc': 0.008488994048226658} 	Test loss: 0.9678483
epoch: 16 time: 41.1906 
----->>>>> Training: 0.9458713168278337 0.9443701030686498 1.5012113824486732 0.0
Training: 0.9441759707406163 0.9426548602059484 1.5211143493652344 	Train per: 0.5360870361328125
	Val per: {'acc': 0.509541511771995, 'mcc': 0.03180721711393903} 	Val loss: 0.99188304
	Test per: {'acc': 0.5147337118140037, 'mcc': 0.00975428400008747} 	Test loss: 0.97006845
epoch: 17 time: 40.2751 
----->>>>> Training: 0.9446020070463419 0.9430723879486322 1.5296171847730875 0.0
Training: 0.942808523774147 0.941275492310524 1.5330497026443481 	Train per: 0.536712646484375
	Val per: {'acc': 0.5073110285006196, 'mcc': 0.027238224425226595} 	Val loss: 0.99443185
	Test per: {'acc': 0.5125709651257097, 'mcc': 0.0044745501188796655} 	Test loss: 0.9706032
epoch: 18 time: 41.5013 
----->>>>> Training: 0.9425906846299767 0.9410409750416875 1.5497116316109896 0.0
Training: 0.9408937506377697 0.9393381290137768 1.5556204319000244 	Train per: 0.5380401611328125
	Val per: {'acc': 0.5048327137546469, 'mcc': 0.022109231266124085} 	Val loss: 0.9986666
	Test per: {'acc': 0.5101378751013788, 'mcc': -0.001912253006149198} 	Test loss: 0.9712264
epoch: 19 time: 41.0003 
----->>>>> Training: 0.941604683175683 0.9400344034656882 1.5702803898602724 0.0
Training: 0.9395011253654957 0.9379265503957868 1.574554204940796 	Train per: 0.538848876953125
	Val per: {'acc': 0.5060718711276332, 'mcc': 0.023662437317138366} 	Val loss: 0.99650925
	Test per: {'acc': 0.5085158150851582, 'mcc': -0.0030413744410547595} 	Test loss: 0.9720129
epoch: 20 time: 40.5814 
----->>>>> Training: 0.9387077242136002 0.9371218588203192 1.5858667735010386 0.0
Training: 0.9373180661350489 0.9357210788875818 1.5969583988189697 	Train per: 0.5399322509765625
	Val per: {'acc': 0.5063197026022305, 'mcc': 0.022567579638398384} 	Val loss: 0.995775
	Test per: {'acc': 0.5078399567450662, 'mcc': -0.00085865130214198} 	Test loss: 0.97391933
epoch: 21 time: 40.9995 
----->>>>> Training: 0.9374451329931617 0.9358391044661403 1.6060276553034782 0.0
Training: 0.9359787385910749 0.934368459507823 1.610264778137207 	Train per: 0.5413665771484375
	Val per: {'acc': 0.5042131350681537, 'mcc': 0.018637429805621494} 	Val loss: 0.9976181
	Test per: {'acc': 0.5079751284130846, 'mcc': -0.002556277731457717} 	Test loss: 0.9730125
epoch: 22 time: 40.6399 
----->>>>> Training: 0.9364289930090308 0.9348152177408338 1.6137771178036928 0.0
Training: 0.9355671415105462 0.9339597830548882 1.607364296913147 	Train per: 0.539947509765625
	Val per: {'acc': 0.50545229244114, 'mcc': 0.01998726604083004} 	Val loss: 0.9924347
	Test per: {'acc': 0.5128413084617465, 'mcc': 0.01047808248502755} 	Test loss: 0.9735749
epoch: 23 time: 40.3131 
----->>>>> Training: 0.9358663409948349 0.9342488143593073 1.6175275705754757 0.0
Training: 0.9347958490252495 0.9331751987338066 1.6206309795379639 	Train per: 0.54229736328125
	Val per: {'acc': 0.5030978934324659, 'mcc': 0.015478061763739621} 	Val loss: 0.99882007
	Test per: {'acc': 0.507434441741011, 'mcc': -0.0023773550369671353} 	Test loss: 0.97566485
epoch: 24 time: 40.9209 
----->>>>> Training: 0.9344072211533785 0.9327836371958256 1.6235814988613129 0.0
Training: 0.9332991633564234 0.9316713009029627 1.627833366394043 	Train per: 0.541839599609375
	Val per: {'acc': 0.5017348203221809, 'mcc': 0.013169671832774869} 	Val loss: 0.9996528
	Test per: {'acc': 0.5075696134090295, 'mcc': -0.0034642798889109876} 	Test loss: 0.97405916
epoch: 25 time: 40.6295 
----->>>>> Training: 0.9335637651383877 0.9319410091266036 1.6227578539401293 0.0
Training: 0.9324741959571838 0.9308478832244873 1.6263108253479004 	Train per: 0.542633056640625
	Val per: {'acc': 0.5011152416356878, 'mcc': 0.01134094695251454} 	Val loss: 1.0010097
	Test per: {'acc': 0.5075696134090295, 'mcc': -0.0028999545739151556} 	Test loss: 0.9756736
epoch: 26 time: 41.0758 
----->>>>> Training: 0.9330655010417104 0.9314373945817351 1.6281036790460348 0.0
Training: 0.932086163200438 0.9304676586762071 1.6184887886047363 	Train per: 0.54302978515625
	Val per: {'acc': 0.5018587360594795, 'mcc': 0.013743355423057086} 	Val loss: 1.002385
	Test per: {'acc': 0.5101378751013788, 'mcc': 0.0010799475323143844} 	Test loss: 0.97433597
epoch: 27 time: 40.4272 
----->>>>> Training: 0.9324925327673554 0.9308727635070682 1.6197697948664427 0.0
Training: 0.9314144859090447 0.929782391525805 1.632106900215149 	Train per: 0.54168701171875
	Val per: {'acc': 0.5030978934324659, 'mcc': 0.015536939703402232} 	Val loss: 0.9980477
	Test per: {'acc': 0.5089213300892133, 'mcc': 0.0007293273775417866} 	Test loss: 0.9753232
epoch: 28 time: 40.4806 
----->>>>> Training: 0.9322212068364024 0.930591712705791 1.6294914428144693 0.0
Training: 0.9307886771857738 0.929163496941328 1.6251674890518188 	Train per: 0.542755126953125
	Val per: {'acc': 0.5023543990086741, 'mcc': 0.013566101619887442} 	Val loss: 0.99795574
	Test per: {'acc': 0.5091916734252501, 'mcc': 0.0020020567117443734} 	Test loss: 0.9759493
epoch: 29 time: 40.7261 
----->>>>> Training: 0.9316993933171034 0.9300745818763971 1.624813962727785 0.0
Training: 0.9303720220923424 0.9287425503134727 1.6294755935668945 	Train per: 0.543304443359375
	Val per: {'acc': 0.5006195786864932, 'mcc': 0.010046074087125025} 	Val loss: 1.0015084
	Test per: {'acc': 0.507028926736956, 'mcc': -0.0036421051483181803} 	Test loss: 0.97655255
epoch: 30 time: 40.6206 
----->>>>> Training: 0.9307344686239958 0.9290985986590385 1.6358676217496395 0.0
Training: 0.9297148110345006 0.9280945183709264 1.6203018426895142 	Train per: 0.5427398681640625
	Val per: {'acc': 0.5019826517967781, 'mcc': 0.013350252876432739} 	Val loss: 0.99827933
	Test per: {'acc': 0.5105433901054339, 'mcc': 0.0035968036878588276} 	Test loss: 0.97572327
epoch: 31 time: 40.5533 
----->>>>> Training: 0.9299039877951145 0.9282777644693851 1.6262237075716257 0.0
Training: 0.9285142114385962 0.9268807461485267 1.633461594581604 	Train per: 0.5438690185546875
	Val per: {'acc': 0.49925650557620815, 'mcc': 0.007852908207258534} 	Val loss: 1.0034395
	Test per: {'acc': 0.508110300081103, 'mcc': -0.0032855008533220495} 	Test loss: 0.9766262
epoch: 32 time: 40.9775 
----->>>>> Training: 0.9287316240370274 0.9270993592217565 1.6322653871029615 0.0
Training: 0.9282738752663136 0.9266453571617603 1.6285417079925537 	Train per: 0.543853759765625
	Val per: {'acc': 0.49727385377943, 'mcc': 0.0028453405542477384} 	Val loss: 1.0054427
	Test per: {'acc': 0.5059475533928088, 'mcc': -0.0063894620544574406} 	Test loss: 0.97723585
epoch: 33 time: 40.5495 
----->>>>> Training: 0.9284454956650734 0.9268159074708819 1.62959280051291 0.0
Training: 0.9276366112753749 0.925997662357986 1.6389672756195068 	Train per: 0.5444793701171875
	Val per: {'acc': 0.49913258983890957, 'mcc': 0.007026619698751652} 	Val loss: 1.0051436
	Test per: {'acc': 0.5054068667207353, 'mcc': -0.00742873572368065} 	Test loss: 0.9777921
epoch: 34 time: 40.5355 
----->>>>> Training: 0.9276133812963963 0.925981224514544 1.6321594044566154 0.0
Training: 0.9263932714238763 0.9247642764821649 1.6289712190628052 	Train per: 0.5448760986328125
	Val per: {'acc': 0.50272614622057, 'mcc': 0.014649583180722521} 	Val loss: 1.0012323
	Test per: {'acc': 0.5058123817247905, 'mcc': -0.0058843818957939106} 	Test loss: 0.977231
epoch: 35 time: 40.5820 
----->>>>> Training: 0.9271967308595777 0.9255661722272635 1.6305571887642145 0.0
Training: 0.9267321024090052 0.9251128826290369 1.6192152500152588 	Train per: 0.5446624755859375
	Val per: {'acc': 0.5038413878562578, 'mcc': 0.01645522193365473} 	Val loss: 0.9962542
	Test per: {'acc': 0.5100027034333604, 'mcc': 0.00461265434128948} 	Test loss: 0.97683656
epoch: 36 time: 40.9173 
----->>>>> Training: 0.9266836456954479 0.9250581879168749 1.6254537347704172 0.0
Training: 0.9264151258394122 0.9247857136651874 1.6293963193893433 	Train per: 0.5436553955078125
	Val per: {'acc': 0.5042131350681537, 'mcc': 0.017159057159765102} 	Val loss: 0.9965595
	Test per: {'acc': 0.5087861584211949, 'mcc': 0.002507530179827499} 	Test loss: 0.9780322
epoch: 37 time: 42.3139 
----->>>>> Training: 0.926158094778657 0.924534136429429 1.6239576134830713 0.0
Training: 0.9251472912728786 0.9235168062150478 1.6304998397827148 	Train per: 0.5459136962890625
	Val per: {'acc': 0.49876084262701365, 'mcc': 0.00602236822937482} 	Val loss: 1.0049413
	Test per: {'acc': 0.5056772100567721, 'mcc': -0.006118172294113056} 	Test loss: 0.97872984
epoch: 38 time: 41.3785 
----->>>>> Training: 0.9266467494890094 0.9250206518918276 1.6260952074080706 0.0
Training: 0.9257015185430646 0.9240803318098187 1.6211618185043335 	Train per: 0.54461669921875
	Val per: {'acc': 0.498636926889715, 'mcc': 0.0053641969816816916} 	Val loss: 1.0039761
	Test per: {'acc': 0.5059475533928088, 'mcc': -0.004554594407100171} 	Test loss: 0.979067
epoch: 39 time: 41.3449 
----->>>>> Training: 0.9253229033201933 0.9237028947100043 1.620009247213602 0.0
Training: 0.9246313497424126 0.9230192825198174 1.612076997756958 	Train per: 0.545257568359375
	Val per: {'acc': 0.49615861214374224, 'mcc': 0.0007146385890991866} 	Val loss: 1.006033
	Test per: {'acc': 0.5060827250608273, 'mcc': -0.006154749749696918} 	Test loss: 0.97893214
epoch: 40 time: 40.7680 
----->>>>> Training: 0.925215951167047 0.9235982839018106 1.6176683604717255 0.0
Training: 0.9240172998979688 0.9224088089540601 1.608469009399414 	Train per: 0.5452728271484375
	Val per: {'acc': 0.49925650557620815, 'mcc': 0.006893663476521957} 	Val loss: 1.0015267
	Test per: {'acc': 0.5048661800486618, 'mcc': -0.007249540285296007} 	Test loss: 0.9788307
epoch: 41 time: 40.5813 
----->>>>> Training: 0.9244235660880804 0.9228116059675813 1.611959220841527 0.0
Training: 0.9233529334887862 0.9217407470569015 1.6122039556503296 	Train per: 0.5463409423828125
	Val per: {'acc': 0.49851301115241636, 'mcc': 0.005785243497461072} 	Val loss: 1.0040456
	Test per: {'acc': 0.505271695052717, 'mcc': -0.0075950339057445195} 	Test loss: 0.97935766
epoch: 42 time: 40.9096 
----->>>>> Training: 0.9244066989049315 0.9227948049083352 1.6118919122964144 0.0
Training: 0.9234521565958858 0.9218388376757503 1.6133023500442505 	Train per: 0.5456390380859375
	Val per: {'acc': 0.49752168525402723, 'mcc': 0.0033712561922142137} 	Val loss: 1.005348
	Test per: {'acc': 0.5059475533928088, 'mcc': -0.005617044820473954} 	Test loss: 0.980018
epoch: 43 time: 40.9260 
----->>>>> Training: 0.9230972044169903 0.9214887181296945 1.6084843408316374 0.0
Training: 0.9228183263912797 0.9212139481678605 1.60435950756073 	Train per: 0.5465850830078125
	Val per: {'acc': 0.5028500619578686, 'mcc': 0.014155631110578874} 	Val loss: 0.9997034
	Test per: {'acc': 0.5058123817247905, 'mcc': -0.003671919610433606} 	Test loss: 0.97982645
epoch: 44 time: 40.6789 
----->>>>> Training: 0.9229925749823451 0.9213933395221829 1.599235801026225 0.0
Training: 0.9215961582958698 0.9199951775372028 1.601000428199768 	Train per: 0.546417236328125
	Val per: {'acc': 0.5026022304832714, 'mcc': 0.01374931411582275} 	Val loss: 1.0010041
	Test per: {'acc': 0.5050013517166801, 'mcc': -0.005984016681788028} 	Test loss: 0.9797804
epoch: 45 time: 40.8440 
----->>>>> Training: 0.9218789394944906 0.9202769389376044 1.6019994039088488 0.0
Training: 0.9210103843361139 0.9194137547165155 1.5966296195983887 	Train per: 0.546844482421875
	Val per: {'acc': 0.5028500619578686, 'mcc': 0.014622398377835103} 	Val loss: 1.0013266
	Test per: {'acc': 0.5064882400648824, 'mcc': -0.0035887803569155767} 	Test loss: 0.9793596
epoch: 46 time: 40.7504 
----->>>>> Training: 0.9224614882841706 0.9208623291924596 1.5991573259234428 0.0
Training: 0.9217755785211921 0.9201802602037787 1.5953330993652344 	Train per: 0.5462188720703125
	Val per: {'acc': 0.5018587360594795, 'mcc': 0.011548490303690068} 	Val loss: 1.0016481
	Test per: {'acc': 0.5039199783725331, 'mcc': -0.006449167155402187} 	Test loss: 0.98046225
epoch: 47 time: 40.3341 
----->>>>> Training: 0.921560337767005 0.9199695056304336 1.5908333994448185 0.0
Training: 0.9207786396145821 0.9191895201802254 1.5891214609146118 	Train per: 0.5456085205078125
	Val per: {'acc': 0.49950433705080544, 'mcc': 0.007150099456162023} 	Val loss: 1.0045584
	Test per: {'acc': 0.5062178967288457, 'mcc': -0.0038581134321023104} 	Test loss: 0.9795669
epoch: 48 time: 40.3722 
----->>>>> Training: 0.9202698934823275 0.9186815228313208 1.5883687566965818 0.0
Training: 0.9197014225646853 0.9181180847808719 1.583336591720581 	Train per: 0.54754638671875
	Val per: {'acc': 0.5029739776951673, 'mcc': 0.014753874004128142} 	Val loss: 1.002816
	Test per: {'acc': 0.5060827250608273, 'mcc': -0.003926861912839617} 	Test loss: 0.97974986
epoch: 49 time: 41.1108 
----->>>>> Training: 0.9209962580353022 0.9194117831066251 1.5844737887382507 0.0
Training: 0.9202364897355437 0.9186535095795989 1.582960605621338 	Train per: 0.5464324951171875
	Val per: {'acc': 0.5007434944237918, 'mcc': 0.00989405350381356} 	Val loss: 1.0040843
	Test per: {'acc': 0.506353068396864, 'mcc': -0.0036906855324847616} 	Test loss: 0.9802567
epoch: 50 time: 41.6881 
----->>>>> Training: 0.9213731121271849 0.9197889678180218 1.584145674481988 0.0
Training: 0.9208080479875207 0.9192228624597192 1.5851777791976929 	Train per: 0.545562744140625
	Val per: {'acc': 0.5033457249070632, 'mcc': 0.01509132369726642} 	Val loss: 1.001393
	Test per: {'acc': 0.5043254933765883, 'mcc': -0.006579837699971056} 	Test loss: 0.9799636
epoch: 51 time: 40.2247 
----->>>>> Training: 0.9205734170973301 0.9189989725127816 1.5744449943304062 0.0
Training: 0.9201019229367375 0.9185291351750493 1.572759747505188 	Train per: 0.546173095703125
	Val per: {'acc': 0.49714993804213137, 'mcc': 0.0021735605942294124} 	Val loss: 1.0075122
	Test per: {'acc': 0.5082454717491214, 'mcc': 0.0003925559312588046} 	Test loss: 0.9803929
epoch: 52 time: 40.3709 
----->>>>> Training: 0.9203891046345234 0.9188159285113215 1.5731776785105467 0.0
Training: 0.9200574494898319 0.9184876419603825 1.569823145866394 	Train per: 0.54705810546875
	Val per: {'acc': 0.5022304832713754, 'mcc': 0.012833791343794572} 	Val loss: 0.999136
	Test per: {'acc': 0.5075696134090295, 'mcc': 0.0003155357043868574} 	Test loss: 0.98022825
epoch: 53 time: 40.8852 
----->>>>> Training: 0.9200800145044923 0.9185134079307318 1.566604908555746 0.0
Training: 0.9188612177968025 0.917297013103962 1.564204454421997 	Train per: 0.5468902587890625
	Val per: {'acc': 0.5029739776951673, 'mcc': 0.014316478163823828} 	Val loss: 1.002569
	Test per: {'acc': 0.5060827250608273, 'mcc': -0.002655866020058435} 	Test loss: 0.98010576
epoch: 54 time: 42.6404 
----->>>>> Training: 0.9194354163482785 0.9178731665015221 1.562250878661871 0.0
Training: 0.9186819735914469 0.917114133015275 1.5678677558898926 	Train per: 0.5471649169921875
	Val per: {'acc': 0.49876084262701365, 'mcc': 0.005090102996676767} 	Val loss: 1.0054567
	Test per: {'acc': 0.506353068396864, 'mcc': -0.00222453535034857} 	Test loss: 0.98045766
epoch: 55 time: 41.2803 
----->>>>> Training: 0.919387698173523 0.9178300257772207 1.5576706007122993 0.0
Training: 0.9184317337349057 0.9168738471344113 1.5578852891921997 	Train per: 0.5467071533203125
	Val per: {'acc': 0.4997521685254027, 'mcc': 0.007218001284446716} 	Val loss: 1.0039712
	Test per: {'acc': 0.5059475533928088, 'mcc': -0.0027903900234105355} 	Test loss: 0.9803014
epoch: 56 time: 40.7948 
----->>>>> Training: 0.9188947379589081 0.9173389915376902 1.5557464193552732 0.0
Training: 0.9181755818426609 0.916615430265665 1.5601478815078735 	Train per: 0.5475616455078125
	Val per: {'acc': 0.5007434944237918, 'mcc': 0.009193033842294392} 	Val loss: 1.0029745
	Test per: {'acc': 0.5058123817247905, 'mcc': -0.0021509905091649053} 	Test loss: 0.9805876
epoch: 57 time: 40.6693 
----->>>>> Training: 0.9187617441639304 0.9172108313068748 1.550916938111186 0.0
Training: 0.9179366128519177 0.9163846271112561 1.5519721508026123 	Train per: 0.546966552734375
	Val per: {'acc': 0.4982651796778191, 'mcc': 0.0040914517733116095} 	Val loss: 1.0056258
	Test per: {'acc': 0.5082454717491214, 'mcc': 0.0018921092279524344} 	Test loss: 0.9803981
epoch: 58 time: 40.7235 
----->>>>> Training: 0.9190189251676202 0.9174732910469174 1.5456338599324226 0.0
Training: 0.9180728113278747 0.9165286934003234 1.5441347360610962 	Train per: 0.5469970703125
	Val per: {'acc': 0.49727385377943, 'mcc': 0.001996728484685003} 	Val loss: 1.0067004
	Test per: {'acc': 0.507028926736956, 'mcc': -0.0009990703954571999} 	Test loss: 0.97965276
epoch: 59 time: 33.2227 
----->>>>> Training: 0.9181178892031312 0.9165788181126118 1.5390687622129917 0.0
Training: 0.9175037397071719 0.915966953150928 1.5367703437805176 	Train per: 0.5471343994140625
	Val per: {'acc': 0.4960346964064436, 'mcc': -0.0004544683616740187} 	Val loss: 1.0090326
	Test per: {'acc': 0.5075696134090295, 'mcc': -0.0005505929113883535} 	Test loss: 0.97924167
epoch: 60 time: 24.3945 
----->>>>> Training: 0.9184318911284208 0.9168957266956568 1.5361609049141407 0.0
Training: 0.9173912266269326 0.9158535460010171 1.5376948118209839 	Train per: 0.5474395751953125
	Val per: {'acc': 0.49752168525402723, 'mcc': 0.0029214842126018834} 	Val loss: 1.007011
	Test per: {'acc': 0.5101378751013788, 'mcc': 0.004658908688077988} 	Test loss: 0.97965765
epoch: 61 time: 24.3375 
----->>>>> Training: 0.9179464019834995 0.9164092801511288 1.537121182307601 0.0
Training: 0.9170862063765526 0.9155504330992699 1.5357593297958374 	Train per: 0.54779052734375
	Val per: {'acc': 0.49876084262701365, 'mcc': 0.0052105185365678725} 	Val loss: 1.0052297
	Test per: {'acc': 0.5077047850770479, 'mcc': 0.0006438142964172258} 	Test loss: 0.97997016
epoch: 62 time: 24.3607 
----->>>>> Training: 0.9169686771929264 0.9154354091733694 1.5332669764757156 0.0
Training: 0.9162559071555734 0.9147283593192697 1.5275559425354004 	Train per: 0.54803466796875
	Val per: {'acc': 0.49925650557620815, 'mcc': 0.006184520303950451} 	Val loss: 1.0032456
	Test per: {'acc': 0.507434441741011, 'mcc': 0.0003066551995817133} 	Test loss: 0.9801048
epoch: 63 time: 24.4207 
----->>>>> Training: 0.9175508357584476 0.9160199519246817 1.530885050073266 0.0
Training: 0.9167261151596904 0.9151999978348613 1.5261380672454834 	Train per: 0.5471343994140625
	Val per: {'acc': 0.49913258983890957, 'mcc': 0.005563305153512665} 	Val loss: 1.0028498
	Test per: {'acc': 0.5059475533928088, 'mcc': -0.0016636863904970639} 	Test loss: 0.9798491
epoch: 64 time: 24.3816 
----->>>>> Training: 0.9175873138010502 0.9160608146339655 1.5265004578977823 0.0
Training: 0.9165780805051327 0.9150545857846737 1.5235201120376587 	Train per: 0.5476226806640625
	Val per: {'acc': 0.4982651796778191, 'mcc': 0.004103286417542398} 	Val loss: 1.0049695
	Test per: {'acc': 0.5078399567450662, 'mcc': 0.0008764038305411032} 	Test loss: 0.97980505
epoch: 65 time: 24.3255 
----->>>>> Training: 0.9176330650225282 0.9161071069538593 1.5259572751820087 0.0
Training: 0.9166058050468564 0.9150727139785886 1.5330694913864136 	Train per: 0.547515869140625
	Val per: {'acc': 0.4983890954151177, 'mcc': 0.004255350405960006} 	Val loss: 1.0036508
	Test per: {'acc': 0.5071640984049743, 'mcc': 0.0002889824717892431} 	Test loss: 0.9805028
epoch: 66 time: 24.3786 
----->>>>> Training: 0.9169925507158041 0.9154716301709414 1.5209207609295845 0.0
Training: 0.9159786198288202 0.9144615028053522 1.5171289443969727 	Train per: 0.548065185546875
	Val per: {'acc': 0.49615861214374224, 'mcc': -0.0004793784956065839} 	Val loss: 1.0076547
	Test per: {'acc': 0.5083806434171397, 'mcc': 0.0018713008640694865} 	Test loss: 0.9789849
epoch: 67 time: 24.3998 
----->>>>> Training: 0.9162690788507462 0.9147506123408675 1.518463708460331 0.0
Training: 0.9156670495867729 0.9141475483775139 1.5194816589355469 	Train per: 0.548370361328125
	Val per: {'acc': 0.49516728624535317, 'mcc': -0.0025101315330643076} 	Val loss: 1.0104897
	Test per: {'acc': 0.507434441741011, 'mcc': -0.0005261968715057183} 	Test loss: 0.97835207
epoch: 68 time: 24.3746 
----->>>>> Training: 0.9159183306619525 0.9144027763977647 1.5155525468289852 0.0
Training: 0.9152773534879088 0.913757256232202 1.520103931427002 	Train per: 0.5482177734375
	Val per: {'acc': 0.4997521685254027, 'mcc': 0.007505881298146191} 	Val loss: 1.004346
	Test per: {'acc': 0.507028926736956, 'mcc': -0.0007740906431776858} 	Test loss: 0.9800428
epoch: 69 time: 24.3532 
----->>>>> Training: 0.9156420398503542 0.914127953350544 1.5140905231237411 0.0
Training: 0.9149120198562741 0.9133962737396359 1.5157604217529297 	Train per: 0.5481719970703125
	Val per: {'acc': 0.49876084262701365, 'mcc': 0.005563459826580037} 	Val loss: 1.0049031
	Test per: {'acc': 0.5072992700729927, 'mcc': -0.0007269037600732723} 	Test loss: 0.9798362
epoch: 70 time: 24.3915 
----->>>>> Training: 0.9154707528650761 0.9139608712866902 1.5098819378763437 0.0
Training: 0.9146963264793158 0.9131874348968267 1.508872628211975 	Train per: 0.5480499267578125
	Val per: {'acc': 0.49714993804213137, 'mcc': 0.0021042059045142175} 	Val loss: 1.0100043
	Test per: {'acc': 0.5105433901054339, 'mcc': 0.005488739088873502} 	Test loss: 0.97868776
epoch: 71 time: 24.3270 
----->>>>> Training: 0.9152482086792588 0.9137384556233883 1.509752992540598 0.0
Training: 0.9143896540626884 0.9128867825493217 1.5028506517410278 	Train per: 0.5484466552734375
	Val per: {'acc': 0.4980173482032218, 'mcc': 0.00413190135041741} 	Val loss: 1.0067052
	Test per: {'acc': 0.5072992700729927, 'mcc': -0.001340238576925961} 	Test loss: 0.97896314
epoch: 72 time: 24.3785 
----->>>>> Training: 0.9153808383271098 0.9138745749369264 1.5062591098248959 0.0
Training: 0.914738429710269 0.9132368098944426 1.5016053915023804 	Train per: 0.548187255859375
	Val per: {'acc': 0.49727385377943, 'mcc': 0.002691932556231267} 	Val loss: 1.0107689
	Test per: {'acc': 0.5106785617734523, 'mcc': 0.004751531304113368} 	Test loss: 0.97750294
epoch: 73 time: 24.4528 
----->>>>> Training: 0.9150310950353742 0.9135242970660329 1.506797892972827 0.0
Training: 0.9144714055582881 0.9129646001383662 1.506794810295105 	Train per: 0.5485687255859375
	Val per: {'acc': 0.4980173482032218, 'mcc': 0.0035972686626399675} 	Val loss: 1.0046299
	Test per: {'acc': 0.507028926736956, 'mcc': -0.0001658456490343529} 	Test loss: 0.9797314
epoch: 74 time: 24.3909 
----->>>>> Training: 0.9150370359420776 0.9135353518649936 1.5016833320260048 0.0
Training: 0.9147572489455342 0.913250264711678 1.5069600343704224 	Train per: 0.5475921630859375
	Val per: {'acc': 0.4942998760842627, 'mcc': -0.004052483101414923} 	Val loss: 1.0125774
	Test per: {'acc': 0.5109489051094891, 'mcc': 0.0059445752835419275} 	Test loss: 0.97684884
epoch: 75 time: 24.3609 
----->>>>> Training: 0.9151381552219391 0.9136356636881828 1.502491369843483 0.0
Training: 0.9149520099163055 0.9134493768215179 1.5026439428329468 	Train per: 0.548187255859375
	Val per: {'acc': 0.4988847583643123, 'mcc': 0.005885537281956216} 	Val loss: 1.0043527
	Test per: {'acc': 0.507028926736956, 'mcc': -0.001095642264816953} 	Test loss: 0.9794058
epoch: 76 time: 24.3825 
----->>>>> Training: 0.9150388408452272 0.9135428126901388 1.4960296787321568 0.0
Training: 0.9139338415116072 0.9124378245323896 1.4960027933120728 	Train per: 0.548187255859375
	Val per: {'acc': 0.49752168525402723, 'mcc': 0.0030507633592456447} 	Val loss: 1.0080155
	Test per: {'acc': 0.5087861584211949, 'mcc': 0.0017769821496463013} 	Test loss: 0.9783947
epoch: 77 time: 24.4187 
----->>>>> Training: 0.9145285943523049 0.9130337573587894 1.4948308430612087 0.0
Training: 0.9137091375887394 0.9122089482843876 1.5001881122589111 	Train per: 0.548248291015625
	Val per: {'acc': 0.49714993804213137, 'mcc': 0.0023711814796097096} 	Val loss: 1.0081267
	Test per: {'acc': 0.5095971884293052, 'mcc': 0.003689407228448714} 	Test loss: 0.97885776
epoch: 78 time: 24.3904 
----->>>>> Training: 0.9135430278256536 0.9120483184233308 1.4947103336453438 0.0
Training: 0.9124682080000639 0.9109771978110075 1.49098801612854 	Train per: 0.5492706298828125
	Val per: {'acc': 0.49814126394052044, 'mcc': 0.004770883675748801} 	Val loss: 1.0094463
	Test per: {'acc': 0.5101378751013788, 'mcc': 0.003839619844571925} 	Test loss: 0.97756666
epoch: 79 time: 24.3771 
----->>>>> Training: 0.9136847713962197 0.9121936811134219 1.4910923019051552 0.0
Training: 0.9129193127155304 0.9114314615726471 1.4878565073013306 	Train per: 0.548614501953125
	Val per: {'acc': 0.4970260223048327, 'mcc': 0.002460340108289252} 	Val loss: 1.0087175
	Test per: {'acc': 0.5094620167612869, 'mcc': 0.002504037236869297} 	Test loss: 0.97819895
epoch: 80 time: 24.3628 
----->>>>> Training: 0.9135985039174557 0.9121062392368913 1.4922611732035875 0.0
Training: 0.91315783187747 0.9116671197116375 1.4906983375549316 	Train per: 0.5489349365234375
	Val per: {'acc': 0.49752168525402723, 'mcc': 0.0030861483519054253} 	Val loss: 1.0072256
	Test per: {'acc': 0.5090565017572317, 'mcc': 0.002974548624856391} 	Test loss: 0.97880226
epoch: 81 time: 24.3840 
----->>>>> Training: 0.9140579784289002 0.912566832266748 1.4911425653845072 0.0
Training: 0.9129060059785843 0.9114125519990921 1.4934728145599365 	Train per: 0.5490264892578125
	Val per: {'acc': 0.49876084262701365, 'mcc': 0.005711201323780574} 	Val loss: 1.0079608
	Test per: {'acc': 0.5110840767775074, 'mcc': 0.007143353007468957} 	Test loss: 0.97745746
epoch: 82 time: 24.3747 
----->>>>> Training: 0.9134084014222026 0.9119184212759137 1.489980110898614 0.0
Training: 0.9124498758465052 0.9109603557735682 1.4895155429840088 	Train per: 0.5499267578125
	Val per: {'acc': 0.49417596034696404, 'mcc': -0.003686598090984017} 	Val loss: 1.0127718
	Test per: {'acc': 0.5156799134901324, 'mcc': 0.014359439592560957} 	Test loss: 0.9755527
epoch: 83 time: 24.3450 
----->>>>> Training: 0.9136363565921783 0.912147338502109 1.4890164695680141 0.0
Training: 0.9130114931613207 0.911529840901494 1.4816290140151978 	Train per: 0.5487518310546875
	Val per: {'acc': 0.49343246592317225, 'mcc': -0.00550665630795927} 	Val loss: 1.0137738
	Test per: {'acc': 0.5150040551500406, 'mcc': 0.013010145545469533} 	Test loss: 0.9738764
epoch: 84 time: 24.3918 
----->>>>> Training: 0.9128376161679626 0.9113543881103396 1.483230423182249 0.0
Training: 0.9118546526879072 0.9103703778237104 1.4843003749847412 	Train per: 0.5493927001953125
	Val per: {'acc': 0.4966542750929368, 'mcc': 0.0015295126153517015} 	Val loss: 1.0078759
	Test per: {'acc': 0.5109489051094891, 'mcc': 0.006131787070261895} 	Test loss: 0.97676116
epoch: 85 time: 24.3544 
----->>>>> Training: 0.9125295719131827 0.9110438721254468 1.485698027536273 0.0
Training: 0.9115195879712701 0.9100294122472405 1.490189552307129 	Train per: 0.5500640869140625
	Val per: {'acc': 0.49368029739776953, 'mcc': -0.004908478750144509} 	Val loss: 1.012363
	Test per: {'acc': 0.5141930251419302, 'mcc': 0.011938302176997411} 	Test loss: 0.97543365
epoch: 86 time: 24.3196 
----->>>>> Training: 0.9121503969654441 0.9106656415387988 1.4847533758729696 0.0
Training: 0.9111462142318487 0.9096634294837713 1.482768177986145 	Train per: 0.5503082275390625
	Val per: {'acc': 0.4950433705080545, 'mcc': -0.001331733863739133} 	Val loss: 1.0123273
	Test per: {'acc': 0.5104082184374156, 'mcc': 0.00249556873667921} 	Test loss: 0.97532594
epoch: 87 time: 24.4224 
----->>>>> Training: 0.9121106397360563 0.9106292193755507 1.481418289244175 0.0
Training: 0.9112055776640773 0.9097213027998805 1.4842864274978638 	Train per: 0.5504302978515625
	Val per: {'acc': 0.4942998760842627, 'mcc': -0.0032751374365941025} 	Val loss: 1.0123659
	Test per: {'acc': 0.5110840767775074, 'mcc': 0.004893934564211778} 	Test loss: 0.97524595
epoch: 88 time: 24.3468 
----->>>>> Training: 0.9116784231737256 0.9101931964978576 1.4852282404899597 0.0
Training: 0.9110554251819849 0.9095763359218836 1.4790949821472168 	Train per: 0.5502777099609375
	Val per: {'acc': 0.49727385377943, 'mcc': 0.002469568348809628} 	Val loss: 1.0078514
	Test per: {'acc': 0.5121654501216545, 'mcc': 0.009361394948552957} 	Test loss: 0.9760436
epoch: 89 time: 24.3673 
----->>>>> Training: 0.9115392919629812 0.9100583959370852 1.4808969367295504 0.0
Training: 0.9106687800958753 0.9091845052316785 1.4842497110366821 	Train per: 0.5506439208984375
	Val per: {'acc': 0.4946716232961586, 'mcc': -0.002188219669326188} 	Val loss: 1.01426
	Test per: {'acc': 0.5131116517977832, 'mcc': 0.007846039968124732} 	Test loss: 0.9738921
epoch: 90 time: 24.3935 
----->>>>> Training: 0.9109545918181539 0.9094734657555819 1.4811223670840263 0.0
Training: 0.9101071944460273 0.9086280455812812 1.4791595935821533 	Train per: 0.550567626953125
	Val per: {'acc': 0.49727385377943, 'mcc': 0.0028571849889394516} 	Val loss: 1.0083911
	Test per: {'acc': 0.5132468234658015, 'mcc': 0.010517419082528161} 	Test loss: 0.9754502
epoch: 91 time: 24.4095 
----->>>>> Training: 0.9109234157949686 0.9094448611140251 1.478552259504795 0.0
Training: 0.9100324288010597 0.9085566774010658 1.4757747650146484 	Train per: 0.5505828857421875
	Val per: {'acc': 0.49479553903345724, 'mcc': -0.0018229827737812102} 	Val loss: 1.0142374
	Test per: {'acc': 0.5125709651257097, 'mcc': 0.006541535835358977} 	Test loss: 0.9739233
epoch: 92 time: 24.4030 
----->>>>> Training: 0.9113295525312424 0.9098539492115378 1.4756015092134476 0.0
Training: 0.9100213767960668 0.9085440160706639 1.4773602485656738 	Train per: 0.550201416015625
	Val per: {'acc': 0.4930607187112763, 'mcc': -0.006522716668832968} 	Val loss: 1.010791
	Test per: {'acc': 0.5141930251419302, 'mcc': 0.013143534367256102} 	Test loss: 0.975083
epoch: 93 time: 24.3921 
----->>>>> Training: 0.9113592924550176 0.9098842823877931 1.4750072099268436 0.0
Training: 0.9109821179881692 0.9095113733783364 1.4707283973693848 	Train per: 0.5499114990234375
	Val per: {'acc': 0.49739776951672865, 'mcc': 0.0029069629311132892} 	Val loss: 1.0058105
	Test per: {'acc': 0.5113544201135442, 'mcc': 0.007458381212638464} 	Test loss: 0.9761183
epoch: 94 time: 24.3750 
----->>>>> Training: 0.9108831025660038 0.9094106256961823 1.4724745620042086 0.0
Training: 0.9107930064201355 0.9093213677406311 1.4716668128967285 	Train per: 0.550323486328125
	Val per: {'acc': 0.4969021065675341, 'mcc': 0.0017892185777589884} 	Val loss: 1.007443
	Test per: {'acc': 0.5097323600973236, 'mcc': 0.004426680069492982} 	Test loss: 0.97620714
epoch: 95 time: 24.3902 
----->>>>> Training: 0.9110850607976317 0.9096116675063968 1.4733958877623081 0.0
Training: 0.9102575201541185 0.9087848085910082 1.4727379083633423 	Train per: 0.54986572265625
	Val per: {'acc': 0.49913258983890957, 'mcc': 0.006171163993386153} 	Val loss: 1.0060759
	Test per: {'acc': 0.5105433901054339, 'mcc': 0.0065160967360791446} 	Test loss: 0.9751494
epoch: 96 time: 24.4438 
----->>>>> Training: 0.9110673936083913 0.9095992315560579 1.4681621231138706 0.0
Training: 0.9103314895182848 0.9088612217456102 1.4702666997909546 	Train per: 0.54998779296875
	Val per: {'acc': 0.49677819083023544, 'mcc': 0.0013671357556200106} 	Val loss: 1.0070715
	Test per: {'acc': 0.5102730467693971, 'mcc': 0.006079624383976245} 	Test loss: 0.97564656
epoch: 97 time: 24.4077 
----->>>>> Training: 0.9107427457347512 0.9092745361849666 1.4682070892304182 0.0
Training: 0.9098552074283361 0.9083821978420019 1.4729907512664795 	Train per: 0.55029296875
	Val per: {'acc': 0.4946716232961586, 'mcc': -0.003060032931279734} 	Val loss: 1.0116745
	Test per: {'acc': 0.5151392268180589, 'mcc': 0.014714606997913507} 	Test loss: 0.9740798
epoch: 98 time: 24.4080 
----->>>>> Training: 0.9100608360022306 0.9085942087695003 1.4666285701096058 0.0
Training: 0.9095160691067576 0.9080487219616771 1.4673341512680054 	Train per: 0.55078125
	Val per: {'acc': 0.4935563816604709, 'mcc': -0.005182705167706953} 	Val loss: 1.0139971
	Test per: {'acc': 0.5145985401459854, 'mcc': 0.01229183564840441} 	Test loss: 0.97275615
epoch: 99 time: 24.4032 
----->>>>> Training: 0.9110849667340517 0.9096177043393254 1.467256285250187 0.0
Training: 0.9094988387078047 0.9080351870507002 1.46366286277771 	Train per: 0.55059814453125
	Val per: {'acc': 0.49677819083023544, 'mcc': 0.0015617610516654814} 	Val loss: 1.0087442
	Test per: {'acc': 0.5135171668018383, 'mcc': 0.011568219827201718} 	Test loss: 0.9742969
epoch: 100 time: 24.3925 
----->>>>> Training: 0.9104397501796484 0.9089759718626738 1.46378068998456 0.0
Training: 0.9094768585637212 0.9080130280926824 1.46384596824646 	Train per: 0.5506134033203125
	Val per: {'acc': 0.4955390334572491, 'mcc': -0.0009746752127765904} 	Val loss: 1.008445
	Test per: {'acc': 0.5124357934576913, 'mcc': 0.009342647846793005} 	Test loss: 0.9748499
epoch: 101 time: 24.3926 
----->>>>> Training: 0.9098009616136551 0.9083393225446343 1.461636882275343 0.0
Training: 0.9089830256998539 0.9075177051126957 1.4653290510177612 	Train per: 0.55029296875
	Val per: {'acc': 0.4944237918215613, 'mcc': -0.0038529292434630736} 	Val loss: 1.0110426
	Test per: {'acc': 0.5141930251419302, 'mcc': 0.013413489307447936} 	Test loss: 0.97385526
epoch: 102 time: 24.3932 
----->>>>> Training: 0.9092179136350751 0.9077588533982635 1.459066255018115 0.0
Training: 0.9081990867853165 0.9067365676164627 1.462544560432434 	Train per: 0.55157470703125
	Val per: {'acc': 0.49405204460966545, 'mcc': -0.004218773258424231} 	Val loss: 1.0119284
	Test per: {'acc': 0.5139226818058935, 'mcc': 0.01140127101394308} 	Test loss: 0.97385216
epoch: 103 time: 24.5500 
----->>>>> Training: 0.9097619839012623 0.908302248455584 1.4597334302961826 0.0
Training: 0.9087891327217221 0.907329891808331 1.4592217206954956 	Train per: 0.551055908203125
	Val per: {'acc': 0.4946716232961586, 'mcc': -0.0032167424385651667} 	Val loss: 1.011514
	Test per: {'acc': 0.5139226818058935, 'mcc': 0.012248447138199971} 	Test loss: 0.9737314
epoch: 104 time: 24.3679 
----->>>>> Training: 0.909269810654223 0.9078112095594406 1.4586009811609983 0.0
Training: 0.9089889572933316 0.9075308488681912 1.4581060409545898 	Train per: 0.5504150390625
	Val per: {'acc': 0.4955390334572491, 'mcc': -0.0014852507824770886} 	Val loss: 1.0076097
	Test per: {'acc': 0.5123006217896728, 'mcc': 0.010237321619799566} 	Test loss: 0.9753149
epoch: 105 time: 24.3995 
----->>>>> Training: 0.9092577705159783 0.9078029878437519 1.45477987639606 0.0
Training: 0.908271593041718 0.9068185510113835 1.4530636072158813 	Train per: 0.5515289306640625
	Val per: {'acc': 0.49677819083023544, 'mcc': 0.0017116734781752827} 	Val loss: 1.0128759
	Test per: {'acc': 0.51338199513382, 'mcc': 0.010205604171703873} 	Test loss: 0.9729268
epoch: 106 time: 24.3507 
----->>>>> Training: 0.9090221608057618 0.9075679322704673 1.4542276598513126 0.0
Training: 0.9081886773929 0.9067292576655746 1.4593946933746338 	Train per: 0.5517425537109375
	Val per: {'acc': 0.49405204460966545, 'mcc': -0.0042596947841407485} 	Val loss: 1.0134805
	Test per: {'acc': 0.514463368477967, 'mcc': 0.01268648132393971} 	Test loss: 0.97277784
epoch: 107 time: 24.4102 
----->>>>> Training: 0.9096029419451952 0.9081496158614755 1.4533284977078438 0.0
Training: 0.9089344525709748 0.9074814701452851 1.4529670476913452 	Train per: 0.5509185791015625
	Val per: {'acc': 0.49479553903345724, 'mcc': -0.0022558133931684615} 	Val loss: 1.014675
	Test per: {'acc': 0.5145985401459854, 'mcc': 0.011777313117994423} 	Test loss: 0.9722418
epoch: 108 time: 24.4156 
----->>>>> Training: 0.9087133575230837 0.9072666941210628 1.446663610637188 0.0
Training: 0.9080690192058682 0.9066141294315457 1.4548821449279785 	Train per: 0.5517120361328125
	Val per: {'acc': 0.49368029739776953, 'mcc': -0.004999166806085896} 	Val loss: 1.014343
	Test per: {'acc': 0.5147337118140037, 'mcc': 0.012892645126133294} 	Test loss: 0.97252476
epoch: 109 time: 24.3322 
----->>>>> Training: 0.9088389528915286 0.9073880389332771 1.450914029031992 0.0
Training: 0.9089505691081285 0.9075059909373522 1.444606900215149 	Train per: 0.55010986328125
	Val per: {'acc': 0.4990086741016109, 'mcc': 0.005546406812082068} 	Val loss: 1.00449
	Test per: {'acc': 0.5105433901054339, 'mcc': 0.007474080108304907} 	Test loss: 0.9755598
epoch: 110 time: 24.3680 
----->>>>> Training: 0.9092937409877777 0.9078481746837497 1.4455674421042204 0.0
Training: 0.908336871303618 0.9068927699699998 1.4441170692443848 	Train per: 0.5508575439453125
	Val per: {'acc': 0.4950433705080545, 'mcc': -0.0022416119136394377} 	Val loss: 1.0109806
	Test per: {'acc': 0.5132468234658015, 'mcc': 0.010486941882164213} 	Test loss: 0.97345763
epoch: 111 time: 24.3639 
----->>>>> Training: 0.9087031586095691 0.9072590125724673 1.4441439043730497 0.0
Training: 0.9078988442197442 0.9064530143514276 1.4458221197128296 	Train per: 0.5507965087890625
	Val per: {'acc': 0.4955390334572491, 'mcc': -0.001517529138111506} 	Val loss: 1.0081714
	Test per: {'acc': 0.5125709651257097, 'mcc': 0.010615626527480779} 	Test loss: 0.9745233
epoch: 112 time: 24.3665 
----->>>>> Training: 0.9080173866823316 0.9065755791962147 1.4418131951242685 0.0
Training: 0.9067205702885985 0.90527921076864 1.4413681030273438 	Train per: 0.5520782470703125
	Val per: {'acc': 0.4942998760842627, 'mcc': -0.003929357307859943} 	Val loss: 1.0114052
	Test per: {'acc': 0.5143281968099487, 'mcc': 0.013110311057863783} 	Test loss: 0.97315705
epoch: 113 time: 24.3777 
----->>>>> Training: 0.9082254655659199 0.9067844497039914 1.441016547381878 0.0
Training: 0.9073985461145639 0.9059581402689219 1.4403972625732422 	Train per: 0.551788330078125
	Val per: {'acc': 0.49318463444857497, 'mcc': -0.006064003393445468} 	Val loss: 1.0132835
	Test per: {'acc': 0.513787510137875, 'mcc': 0.010950349362700118} 	Test loss: 0.97243434
epoch: 114 time: 24.4186 
----->>>>> Training: 0.9082056423649192 0.9067645203322172 1.4411211218684912 0.0
Training: 0.9072627564892173 0.9058286687359214 1.4340873956680298 	Train per: 0.55157470703125
	Val per: {'acc': 0.4952912019826518, 'mcc': -0.0016201856733886251} 	Val loss: 1.009958
	Test per: {'acc': 0.5129764801297648, 'mcc': 0.00982952069184851} 	Test loss: 0.97310984
epoch: 115 time: 24.4198 
----->>>>> Training: 0.9084313996136189 0.9069951204583049 1.4362786877900362 0.0
Training: 0.9075679332017899 0.9061330705881119 1.4348727464675903 	Train per: 0.551483154296875
	Val per: {'acc': 0.4944237918215613, 'mcc': -0.0034080207225437205} 	Val loss: 1.0137717
	Test per: {'acc': 0.5166261151662611, 'mcc': 0.017132751209767653} 	Test loss: 0.97089034
epoch: 116 time: 24.3269 
----->>>>> Training: 0.9080605786293745 0.9066257672384381 1.4348119143396616 0.0
Training: 0.9070647154003382 0.9056283626705408 1.4363490343093872 	Train per: 0.55145263671875
	Val per: {'acc': 0.49479553903345724, 'mcc': -0.0024695965941719774} 	Val loss: 1.008966
	Test per: {'acc': 0.5118951067856178, 'mcc': 0.007162218055948548} 	Test loss: 0.9739137
epoch: 117 time: 24.3969 
----->>>>> Training: 0.9072660896927118 0.9058304047212005 1.4356849696487188 0.0
Training: 0.9060065699741244 0.9045780850574374 1.428462028503418 	Train per: 0.552459716796875
	Val per: {'acc': 0.4930607187112763, 'mcc': -0.006200703331243574} 	Val loss: 1.0117693
	Test per: {'acc': 0.5121654501216545, 'mcc': 0.007139060882423551} 	Test loss: 0.9721994
epoch: 118 time: 24.4304 
----->>>>> Training: 0.9072414124384522 0.9058082224801183 1.4331884179264307 0.0
Training: 0.9070398006588221 0.9056119713932276 1.427834391593933 	Train per: 0.55072021484375
	Val per: {'acc': 0.49752168525402723, 'mcc': 0.00243427838683226} 	Val loss: 1.0060518
	Test per: {'acc': 0.5102730467693971, 'mcc': 0.006854037050256559} 	Test loss: 0.9745335
epoch: 119 time: 24.4443 
----->>>>> Training: 0.9076542016118765 0.9062242107465863 1.4299863744527102 0.0
Training: 0.9066855320706964 0.9052531728520989 1.432352066040039 	Train per: 0.5519866943359375
	Val per: {'acc': 0.4942998760842627, 'mcc': -0.003960179918387247} 	Val loss: 1.0098953
	Test per: {'acc': 0.5129764801297648, 'mcc': 0.010561913973866776} 	Test loss: 0.9730315
epoch: 120 time: 24.4111 
----->>>>> Training: 0.9074107026681304 0.9059824664145708 1.4282377138733864 0.0
Training: 0.9065635213628411 0.9051324734464288 1.4310611486434937 	Train per: 0.5518798828125
	Val per: {'acc': 0.4955390334572491, 'mcc': -0.0012799784878984749} 	Val loss: 1.0087926
	Test per: {'acc': 0.5114895917815626, 'mcc': 0.007538971428954614} 	Test loss: 0.9735234
epoch: 121 time: 24.4092 
----->>>>> Training: 0.9077374739572406 0.9063108693808317 1.426604075357318 0.0
Training: 0.906832542270422 0.905399527400732 1.433029294013977 	Train per: 0.5515594482421875
	Val per: {'acc': 0.4944237918215613, 'mcc': -0.0032513417300008827} 	Val loss: 1.0144037
	Test per: {'acc': 0.5147337118140037, 'mcc': 0.01235001811468579} 	Test loss: 0.97093767
epoch: 122 time: 24.4296 
----->>>>> Training: 0.9062487129122019 0.9048224538564682 1.426258748397231 0.0
Training: 0.9055356197059155 0.9041147641837597 1.420864462852478 	Train per: 0.553131103515625
	Val per: {'acc': 0.4944237918215613, 'mcc': -0.0034808648667035095} 	Val loss: 1.0121921
	Test per: {'acc': 0.5140578534739119, 'mcc': 0.011972428097587463} 	Test loss: 0.9713482
epoch: 123 time: 24.5756 
----->>>>> Training: 0.9070057207718492 0.9055796740576625 1.426048457622528 0.0
Training: 0.9060978442430496 0.9046753793954849 1.4224871397018433 	Train per: 0.55255126953125
	Val per: {'acc': 0.49615861214374224, 'mcc': -3.943192879664143e-05} 	Val loss: 1.0098408
	Test per: {'acc': 0.512706136793728, 'mcc': 0.01012029473799837} 	Test loss: 0.9724852
epoch: 124 time: 24.4039 
----->>>>> Training: 0.9070496037602425 0.9056285955011845 1.4210083931684494 0.0
Training: 0.9056362472474575 0.9042180739343166 1.4181629419326782 	Train per: 0.5523681640625
	Val per: {'acc': 0.4944237918215613, 'mcc': -0.003240867374079738} 	Val loss: 1.0111634
	Test per: {'acc': 0.513787510137875, 'mcc': 0.010462486015826097} 	Test loss: 0.97168916
epoch: 125 time: 24.3665 
----->>>>> Training: 0.9065769836306572 0.9051572596654296 1.4197240602225065 0.0
Training: 0.9060691259801388 0.9046463631093502 1.4227358102798462 	Train per: 0.55224609375
	Val per: {'acc': 0.49591078066914496, 'mcc': -0.0008237583351865692} 	Val loss: 1.0081435
	Test per: {'acc': 0.5100027034333604, 'mcc': 0.00536334883977507} 	Test loss: 0.973277
epoch: 126 time: 24.3936 
----->>>>> Training: 0.9065050939098 0.9050847152248025 1.4203786607831717 0.0
Training: 0.9056448899209499 0.9042246304452419 1.4202810525894165 	Train per: 0.5530548095703125
	Val per: {'acc': 0.49454770755885996, 'mcc': -0.0028710586366016166} 	Val loss: 1.0133675
	Test per: {'acc': 0.514463368477967, 'mcc': 0.011476682897105947} 	Test loss: 0.9705904
epoch: 127 time: 24.4066 
----->>>>> Training: 0.9064785586670041 0.9050581464543939 1.4204091411083937 0.0
Training: 0.9055878445506096 0.9041722938418388 1.4155281782150269 	Train per: 0.552490234375
	Val per: {'acc': 0.4949194547707559, 'mcc': -0.002872545918971736} 	Val loss: 1.0086514
	Test per: {'acc': 0.5114895917815626, 'mcc': 0.008094419982807742} 	Test loss: 0.9729021
epoch: 128 time: 24.3997 
----->>>>> Training: 0.9068310325965285 0.9054150022566319 1.4160313047468662 0.0
Training: 0.9058328280225396 0.9044198403134942 1.4129992723464966 	Train per: 0.5519256591796875
	Val per: {'acc': 0.4970260223048327, 'mcc': 0.0013880311763823088} 	Val loss: 1.0072817
	Test per: {'acc': 0.511624763449581, 'mcc': 0.009279749154998957} 	Test loss: 0.97294796
epoch: 129 time: 24.4010 
----->>>>> Training: 0.9065062580630183 0.9050921192392707 1.414138911291957 0.0
Training: 0.9053677385672927 0.9039549296721816 1.4128198623657227 	Train per: 0.5525665283203125
	Val per: {'acc': 0.4926889714993804, 'mcc': -0.006946856871399786} 	Val loss: 1.011131
	Test per: {'acc': 0.5129764801297648, 'mcc': 0.00896988377090607} 	Test loss: 0.9721458
epoch: 130 time: 24.4437 
----->>>>> Training: 0.9059263719245791 0.9045137166976929 1.4126545917242765 0.0
Training: 0.9050615699961782 0.9036510856822133 1.41047203540802 	Train per: 0.553009033203125
	Val per: {'acc': 0.49566294919454773, 'mcc': -0.0008435072294117698} 	Val loss: 1.0097739
	Test per: {'acc': 0.5148688834820222, 'mcc': 0.013401748105160436} 	Test loss: 0.9714945
epoch: 131 time: 24.4383 
----->>>>> Training: 0.9058417351916432 0.9044306138530374 1.41111789830029 0.0
Training: 0.9050000542774796 0.9035877222195268 1.4123135805130005 	Train per: 0.55322265625
	Val per: {'acc': 0.4955390334572491, 'mcc': -0.0010294488493271903} 	Val loss: 1.0117743
	Test per: {'acc': 0.5135171668018383, 'mcc': 0.010565598082791396} 	Test loss: 0.9709571
epoch: 132 time: 24.3973 
----->>>>> Training: 0.9055086150765419 0.9040981782600284 1.410437997430563 0.0
Training: 0.904700331389904 0.9032854959368706 1.4148492813110352 	Train per: 0.553009033203125
	Val per: {'acc': 0.4942998760842627, 'mcc': -0.0035780057650434587} 	Val loss: 1.0134674
	Test per: {'acc': 0.5140578534739119, 'mcc': 0.011092850303795957} 	Test loss: 0.97064215
epoch: 133 time: 24.4055 
----->>>>> Training: 0.9053230490535498 0.9039132110774517 1.409834684804082 0.0
Training: 0.9047550931572914 0.9033425226807594 1.4125752449035645 	Train per: 0.553009033203125
	Val per: {'acc': 0.49479553903345724, 'mcc': -0.0029029312198433606} 	Val loss: 1.0078675
	Test per: {'acc': 0.5113544201135442, 'mcc': 0.00693165088046506} 	Test loss: 0.9731048
epoch: 134 time: 24.3519 
----->>>>> Training: 0.9056057156994939 0.9041974879801273 1.4082248657941818 0.0
Training: 0.904307154007256 0.9029009016230702 1.4062714576721191 	Train per: 0.552764892578125
	Val per: {'acc': 0.49380421313506817, 'mcc': -0.004491752760648556} 	Val loss: 1.0118898
	Test per: {'acc': 0.5135171668018383, 'mcc': 0.009831670287439082} 	Test loss: 0.9709641
epoch: 135 time: 24.3962 
----->>>>> Training: 0.9060738291591406 0.904667129740119 1.4066977929323912 0.0
Training: 0.9049829794093966 0.9035688592121005 1.4141398668289185 	Train per: 0.5529327392578125
	Val per: {'acc': 0.49591078066914496, 'mcc': -0.00015204463056940466} 	Val loss: 1.011154
	Test per: {'acc': 0.512706136793728, 'mcc': 0.008617315569509404} 	Test loss: 0.97171533
epoch: 136 time: 24.3312 
----->>>>> Training: 0.9057522136718035 0.9043455179780722 1.4066986162215471 0.0
Training: 0.9050224460661411 0.9036205448210239 1.4018977880477905 	Train per: 0.552398681640625
	Val per: {'acc': 0.4955390334572491, 'mcc': -0.0013341411881095206} 	Val loss: 1.0077835
	Test per: {'acc': 0.511624763449581, 'mcc': 0.007712583846208836} 	Test loss: 0.9728398
epoch: 137 time: 24.3764 
----->>>>> Training: 0.9056189972907305 0.9042136408388615 1.405357088893652 0.0
Training: 0.9050189144909382 0.9036127217113972 1.4062188863754272 	Train per: 0.5531005859375
	Val per: {'acc': 0.4939281288723668, 'mcc': -0.0042575245064519224} 	Val loss: 1.0139191
	Test per: {'acc': 0.5148688834820222, 'mcc': 0.01265002284284096} 	Test loss: 0.9697703
epoch: 138 time: 24.3576 
----->>>>> Training: 0.905335777439177 0.9039314165711403 1.4043626729398966 0.0
Training: 0.903998488560319 0.9025928322225809 1.4056339263916016 	Train per: 0.553375244140625
	Val per: {'acc': 0.4952912019826518, 'mcc': -0.00130507667757023} 	Val loss: 1.0120248
	Test per: {'acc': 0.5147337118140037, 'mcc': 0.012047615303857184} 	Test loss: 0.97023535
epoch: 139 time: 24.4035 
----->>>>> Training: 0.9058223310858011 0.904419437982142 1.402890546247363 0.0
Training: 0.9043584484606981 0.9029529709368944 1.4054557085037231 	Train per: 0.553131103515625
	Val per: {'acc': 0.4950433705080545, 'mcc': -0.0021776230439347856} 	Val loss: 1.0116947
	Test per: {'acc': 0.5131116517977832, 'mcc': 0.00988317670603791} 	Test loss: 0.97128344
epoch: 140 time: 24.3997 
----->>>>> Training: 0.9047545567154884 0.9033522708341479 1.4022859316319227 0.0
Training: 0.9040711438283324 0.9026724612340331 1.3986661434173584 	Train per: 0.553985595703125
	Val per: {'acc': 0.4924411400247832, 'mcc': -0.007647962290560623} 	Val loss: 1.0135274
	Test per: {'acc': 0.5131116517977832, 'mcc': 0.009208117408665959} 	Test loss: 0.9706654
epoch: 141 time: 24.5039 
----->>>>> Training: 0.9043786767870188 0.9029777087271214 1.400965752080083 0.0
Training: 0.9036654364317656 0.9022646676748991 1.400742530822754 	Train per: 0.553253173828125
	Val per: {'acc': 0.49454770755885996, 'mcc': -0.003395142653147356} 	Val loss: 1.0090221
	Test per: {'acc': 0.512706136793728, 'mcc': 0.009539535018214248} 	Test loss: 0.971591
epoch: 142 time: 24.3771 
----->>>>> Training: 0.9049005853012204 0.9035020880401134 1.3984954487532377 0.0
Training: 0.903818647377193 0.902413765899837 1.4049009084701538 	Train per: 0.5528717041015625
	Val per: {'acc': 0.4942998760842627, 'mcc': -0.0033275796864845777} 	Val loss: 1.0149163
	Test per: {'acc': 0.5154095701540957, 'mcc': 0.01318960768092119} 	Test loss: 0.96928674
epoch: 143 time: 24.3917 
----->>>>> Training: 0.9051862740889192 0.9037827523425221 1.4035238660871983 0.0
Training: 0.9041192159056664 0.9027192816138268 1.3999418020248413 	Train per: 0.553131103515625
	Val per: {'acc': 0.49541511771995045, 'mcc': -0.0009526906126645882} 	Val loss: 1.0127624
	Test per: {'acc': 0.5151392268180589, 'mcc': 0.012858837289982996} 	Test loss: 0.96985024
epoch: 144 time: 24.4307 
----->>>>> Training: 0.9052040418609977 0.9038061667233706 1.3978758938610554 0.0
Training: 0.9048532024025917 0.9034557715058327 1.3974213600158691 	Train per: 0.552398681640625
	Val per: {'acc': 0.49516728624535317, 'mcc': -0.0016020348087741288} 	Val loss: 1.0141507
	Test per: {'acc': 0.5139226818058935, 'mcc': 0.010396005067172503} 	Test loss: 0.9693802
epoch: 145 time: 24.3926 
----->>>>> Training: 0.9048196151852608 0.903422137722373 1.3974802158772945 0.0
Training: 0.9035820458084345 0.9021852109581232 1.3968411684036255 	Train per: 0.552978515625
	Val per: {'acc': 0.4933085501858736, 'mcc': -0.005691345731404831} 	Val loss: 1.0115103
	Test per: {'acc': 0.5131116517977832, 'mcc': 0.009454020115914957} 	Test loss: 0.9708856
epoch: 146 time: 24.3682 
----->>>>> Training: 0.9045616397634149 0.9031649744138122 1.3966673910617828 0.0
Training: 0.9035268714651465 0.9021287253126502 1.3981471061706543 	Train per: 0.5538482666015625
	Val per: {'acc': 0.49454770755885996, 'mcc': -0.0032597430366820457} 	Val loss: 1.0128791
	Test per: {'acc': 0.5132468234658015, 'mcc': 0.010242879062399728} 	Test loss: 0.96985066
epoch: 147 time: 24.3776 
----->>>>> Training: 0.9040286066010594 0.9026311179623008 1.3974853605031967 0.0
Training: 0.9036595467478037 0.9022645000368357 1.395048975944519 	Train per: 0.5526275634765625
	Val per: {'acc': 0.4949194547707559, 'mcc': -0.002109108851203494} 	Val loss: 1.0126816
	Test per: {'acc': 0.5147337118140037, 'mcc': 0.011956756234569982} 	Test loss: 0.9691105
epoch: 148 time: 24.4090 
----->>>>> Training: 0.9042191840708256 0.9028231352567673 1.396048104390502 0.0
Training: 0.9031927809119225 0.9017992839217186 1.3934836387634277 	Train per: 0.553436279296875
	Val per: {'acc': 0.4952912019826518, 'mcc': -0.0015336274924860375} 	Val loss: 1.0091653
	Test per: {'acc': 0.5143281968099487, 'mcc': 0.01247848156117111} 	Test loss: 0.9717639
epoch: 149 time: 24.3827 

Best Valid performance: {'acc': 0.512267657992565, 'mcc': 0.03967100327303998}
	Best Test performance: {'acc': 0.5171668018383346, 'mcc': 0.013414116180934674}
