Namespace(path='./data/stocknet-dataset/price/ourpped', seq=5, unit=4, alpha_l2=1.0, beta_adv=0.05, epsilon_adv=0.001, step=1, batch_size=1024, epoch=150, learning_rate=0.001, gpu=0, model_path='./saved_model/acl18_alstm/exp', model_save_path='./tmp/model', action='train', model='pure_lstm', fix_init=1, att=1, week=0, adv=0, hinge_lose=1, reload=0, resnet=0)
87  tickers selected
652 trading dates:
148 546 588
20315  training instances
2555  validation instances
3720  testing instances
Tensor("Shape:0", shape=(3,), dtype=int32)
is pred_lstm
device name: /cpu:0
Shape of self.combined_features: [None, 5, 4]
adversarial scope
adversial part
----->>>>> Training: 2.008073461055756 0.9917171716690063 1.016356286406517 0.0
Training: 1.966694974899292 0.9896626830101013 0.9770323038101196 	Train per: 0.514501953125
	Val per: {'acc': 0.5350293542074364, 'mcc': 0.10095756849411722} 	Val loss: 0.9828704
	Test per: {'acc': 0.5303763440860215, 'mcc': 0.07012336179115554} 	Test loss: 0.9855074
epoch: 0 time: 0.5021 
----->>>>> Training: 1.9315985321998597 0.9888251572847366 0.9427733808755875 0.0
Training: 1.8924446761608125 0.9868105083703995 0.9056341648101807 	Train per: 0.515625
	Val per: {'acc': 0.5264187866927593, 'mcc': 0.0956060347176233} 	Val loss: 0.9831426
	Test per: {'acc': 0.5336021505376344, 'mcc': 0.0748739692095426} 	Test loss: 0.98158675
epoch: 1 time: 0.1446 
----->>>>> Training: 1.8587098181247712 0.9853032797574997 0.8734065383672714 0.0
Training: 1.8220448195934296 0.9834697991609573 0.838575005531311 	Train per: 0.517041015625
	Val per: {'acc': 0.5142857142857142, 'mcc': 0.07695436070513738} 	Val loss: 0.98402643
	Test per: {'acc': 0.5349462365591398, 'mcc': 0.07600127960490537} 	Test loss: 0.9772534
epoch: 2 time: 0.1594 
----->>>>> Training: 1.7901359140872954 0.981680017709732 0.808455890417099 0.0
Training: 1.7558026731014251 0.9799173325300217 0.7758853435516357 	Train per: 0.51796875
	Val per: {'acc': 0.5072407045009785, 'mcc': 0.0667588140287501} 	Val loss: 0.9858042
	Test per: {'acc': 0.5325268817204301, 'mcc': 0.07005649349750202} 	Test loss: 0.9725857
epoch: 3 time: 0.1641 
----->>>>> Training: 1.7262466430664063 0.9785016447305679 0.7477449983358383 0.0
Training: 1.6945012271404267 0.9771239221096039 0.7173773050308228 	Train per: 0.5171875
	Val per: {'acc': 0.5048923679060665, 'mcc': 0.0637129312041341} 	Val loss: 0.98818463
	Test per: {'acc': 0.5309139784946236, 'mcc': 0.06563611037101343} 	Test loss: 0.9685015
epoch: 4 time: 0.1489 
----->>>>> Training: 1.6676117062568665 0.9764368325471878 0.6911748766899108 0.0
Training: 1.637941348552704 0.9750582337379455 0.6628831028938293 	Train per: 0.51640625
	Val per: {'acc': 0.501761252446184, 'mcc': 0.058150344802316255} 	Val loss: 0.99131197
	Test per: {'acc': 0.5293010752688172, 'mcc': 0.06173797167296101} 	Test loss: 0.9647743
epoch: 5 time: 0.1441 
----->>>>> Training: 1.6133060693740844 0.9748195618391037 0.6384864985942841 0.0
Training: 1.5857251167297364 0.9735958397388458 0.612129271030426 	Train per: 0.516552734375
	Val per: {'acc': 0.5009784735812133, 'mcc': 0.05711357358603881} 	Val loss: 0.9929559
	Test per: {'acc': 0.5279569892473118, 'mcc': 0.05870638343255433} 	Test loss: 0.9625858
epoch: 6 time: 0.1448 
----->>>>> Training: 1.5613949656486512 0.9720251828432083 0.5893697768449784 0.0
Training: 1.5360817432403564 0.9712428033351899 0.5648389458656311 	Train per: 0.518408203125
	Val per: {'acc': 0.4986301369863014, 'mcc': 0.053981652373301} 	Val loss: 0.99647254
	Test per: {'acc': 0.5263440860215054, 'mcc': 0.05486899253498962} 	Test loss: 0.9609008
epoch: 7 time: 0.1440 
----->>>>> Training: 1.5148807883262634 0.971173545718193 0.5437072336673736 0.0
Training: 1.4914723694324494 0.9705303877592086 0.520941972732544 	Train per: 0.51767578125
	Val per: {'acc': 0.49510763209393344, 'mcc': 0.0482460593666698} 	Val loss: 0.99932337
	Test per: {'acc': 0.5271505376344086, 'mcc': 0.05614919615007279} 	Test loss: 0.95964056
epoch: 8 time: 0.1718 
----->>>>> Training: 1.4718560755252839 0.9705590575933456 0.5012970179319381 0.0
Training: 1.4503270447254182 0.9701601922512054 0.48016685247421265 	Train per: 0.51787109375
	Val per: {'acc': 0.4954990215264188, 'mcc': 0.04975060309217037} 	Val loss: 1.0013347
	Test per: {'acc': 0.5290322580645161, 'mcc': 0.05974672984405508} 	Test loss: 0.9588405
epoch: 9 time: 0.1647 
----->>>>> Training: 1.431685709953308 0.9697679787874222 0.46191774010658265 0.0
Training: 1.4117517292499542 0.9694590598344803 0.4422926604747772 	Train per: 0.518115234375
	Val per: {'acc': 0.4962818003913894, 'mcc': 0.05278606195768869} 	Val loss: 1.0031838
	Test per: {'acc': 0.5306451612903226, 'mcc': 0.06272673559273548} 	Test loss: 0.9582908
epoch: 10 time: 0.1441 
----->>>>> Training: 1.3954764187335968 0.970077446103096 0.4253989726305008 0.0
Training: 1.3770882427692412 0.9699155479669571 0.40717270970344543 	Train per: 0.517529296875
	Val per: {'acc': 0.49354207436399217, 'mcc': 0.04707070528037682} 	Val loss: 1.0049216
	Test per: {'acc': 0.5301075268817205, 'mcc': 0.06134115071036732} 	Test loss: 0.9580271
epoch: 11 time: 0.1404 
----->>>>> Training: 1.3606306433677673 0.9691121220588684 0.3915185108780861 0.0
Training: 1.3435897052288055 0.9689539253711701 0.3746357560157776 	Train per: 0.518408203125
	Val per: {'acc': 0.4919765166340509, 'mcc': 0.044905272592812386} 	Val loss: 1.0071232
	Test per: {'acc': 0.5284946236559139, 'mcc': 0.05775251839523982} 	Test loss: 0.9577415
epoch: 12 time: 0.1447 
----->>>>> Training: 1.3287010848522187 0.9685810625553131 0.36012000888586043 0.0
Training: 1.3131015479564667 0.9685602396726608 0.3445413112640381 	Train per: 0.518212890625
	Val per: {'acc': 0.4919765166340509, 'mcc': 0.04515072536702637} 	Val loss: 1.0077554
	Test per: {'acc': 0.5284946236559139, 'mcc': 0.05763504063138011} 	Test loss: 0.9578735
epoch: 13 time: 0.1477 
----->>>>> Training: 1.3008334279060363 0.9696388661861419 0.331194543838501 0.0
Training: 1.2864120125770568 0.9695781350135804 0.31683388352394104 	Train per: 0.51943359375
	Val per: {'acc': 0.4904109589041096, 'mcc': 0.04222981215520079} 	Val loss: 1.0098544
	Test per: {'acc': 0.5317204301075269, 'mcc': 0.06357361622470357} 	Test loss: 0.95759016
epoch: 14 time: 0.1512 
----->>>>> Training: 1.2736726880073548 0.9691677212715148 0.30450496077537537 0.0
Training: 1.2603959679603576 0.9691902965307235 0.29120567440986633 	Train per: 0.519677734375
	Val per: {'acc': 0.4900195694716243, 'mcc': 0.041924307113612905} 	Val loss: 1.0111393
	Test per: {'acc': 0.5311827956989247, 'mcc': 0.062221114908442496} 	Test loss: 0.9576775
epoch: 15 time: 0.1376 
----->>>>> Training: 1.2492638111114502 0.9694901406764984 0.2797736719250679 0.0
Training: 1.2369770288467408 0.9694490730762482 0.2675279676914215 	Train per: 0.519384765625
	Val per: {'acc': 0.4876712328767123, 'mcc': 0.03761984595465073} 	Val loss: 1.0134438
	Test per: {'acc': 0.5298387096774193, 'mcc': 0.05911630114515807} 	Test loss: 0.9575889
epoch: 16 time: 0.1508 
----->>>>> Training: 1.2271023750305177 0.9700481832027436 0.25705418512225153 0.0
Training: 1.2158917307853698 0.9700773864984512 0.24581435322761536 	Train per: 0.51904296875
	Val per: {'acc': 0.487279843444227, 'mcc': 0.036817599325731296} 	Val loss: 1.0141916
	Test per: {'acc': 0.5282258064516129, 'mcc': 0.05583593299833215} 	Test loss: 0.95769465
epoch: 17 time: 0.1674 
----->>>>> Training: 1.2055839717388153 0.9694663166999817 0.23611764311790467 0.0
Training: 1.1953041315078736 0.9695583194494247 0.2257458120584488 	Train per: 0.5193359375
	Val per: {'acc': 0.48649706457925634, 'mcc': 0.0352105204088393} 	Val loss: 1.0158501
	Test per: {'acc': 0.5282258064516129, 'mcc': 0.055525474722727806} 	Test loss: 0.9577812
epoch: 18 time: 0.1672 
----->>>>> Training: 1.187505942583084 0.970678523182869 0.21682742983102798 0.0
Training: 1.178027492761612 0.9707089632749557 0.2073185294866562 	Train per: 0.519677734375
	Val per: {'acc': 0.48414872798434444, 'mcc': 0.031557269100048045} 	Val loss: 1.017408
	Test per: {'acc': 0.5266129032258065, 'mcc': 0.05196798631618818} 	Test loss: 0.95796084
epoch: 19 time: 0.1574 
----->>>>> Training: 1.1699333131313323 0.970794853568077 0.19913846626877785 0.0
Training: 1.161278909444809 0.9708929866552353 0.19038589298725128 	Train per: 0.51962890625
	Val per: {'acc': 0.4806262230919765, 'mcc': 0.02419917485041648} 	Val loss: 1.0187502
	Test per: {'acc': 0.5255376344086021, 'mcc': 0.049566594967306005} 	Test loss: 0.958312
epoch: 20 time: 0.1454 
----->>>>> Training: 1.1541392266750337 0.9713470548391342 0.18279218375682832 0.0
Training: 1.1462017357349397 0.9715266466140747 0.17467506229877472 	Train per: 0.519287109375
	Val per: {'acc': 0.4802348336594912, 'mcc': 0.023376856009916923} 	Val loss: 1.0191029
	Test per: {'acc': 0.5255376344086021, 'mcc': 0.049566594967306005} 	Test loss: 0.9590025
epoch: 21 time: 0.1421 
----->>>>> Training: 1.1391696095466615 0.9713010966777802 0.1678685151040554 0.0
Training: 1.1319720268249511 0.9715036660432815 0.16046836972236633 	Train per: 0.5193359375
	Val per: {'acc': 0.47984344422700587, 'mcc': 0.024187865348698802} 	Val loss: 1.0204973
	Test per: {'acc': 0.5266129032258065, 'mcc': 0.05136398065625714} 	Test loss: 0.9593516
epoch: 22 time: 0.1437 
----->>>>> Training: 1.1256402492523194 0.97159443795681 0.15404581278562546 0.0
Training: 1.1190446257591247 0.9718371063470841 0.14720754325389862 	Train per: 0.51982421875
	Val per: {'acc': 0.4821917808219178, 'mcc': 0.02962999679889627} 	Val loss: 1.0205047
	Test per: {'acc': 0.5266129032258065, 'mcc': 0.05129387451875111} 	Test loss: 0.960331
epoch: 23 time: 0.1425 
----->>>>> Training: 1.1143134355545044 0.9728906959295273 0.1414227344095707 0.0
Training: 1.1082822144031526 0.9730862349271774 0.13519598543643951 	Train per: 0.519482421875
	Val per: {'acc': 0.48297455968688846, 'mcc': 0.03275595570399073} 	Val loss: 1.021516
	Test per: {'acc': 0.5260752688172043, 'mcc': 0.05000637140657636} 	Test loss: 0.960944
epoch: 24 time: 0.1696 
----->>>>> Training: 1.1028048694133759 0.9729200094938278 0.1298848483711481 0.0
Training: 1.0974280178546905 0.9732604384422302 0.12416761368513107 	Train per: 0.519580078125
	Val per: {'acc': 0.4821917808219178, 'mcc': 0.030116198772754798} 	Val loss: 1.0209981
	Test per: {'acc': 0.5266129032258065, 'mcc': 0.051109383862949664} 	Test loss: 0.9620052
epoch: 25 time: 0.1576 
----->>>>> Training: 1.09258531332016 0.9733139008283616 0.11927141323685646 0.0
Training: 1.0876516580581665 0.9736234664916992 0.11402817815542221 	Train per: 0.51982421875
	Val per: {'acc': 0.4806262230919765, 'mcc': 0.027283758590170987} 	Val loss: 1.0213791
	Test per: {'acc': 0.5239247311827957, 'mcc': 0.045477653182878455} 	Test loss: 0.96285707
epoch: 26 time: 0.1485 
----->>>>> Training: 1.0839071333408357 0.9743662327528 0.10954088978469372 0.0
Training: 1.079388177394867 0.974706944823265 0.10468123108148575 	Train per: 0.520263671875
	Val per: {'acc': 0.47906066536203523, 'mcc': 0.023945348953637004} 	Val loss: 1.0215486
	Test per: {'acc': 0.5252688172043011, 'mcc': 0.04799062352105272} 	Test loss: 0.963866
epoch: 27 time: 0.1490 
----->>>>> Training: 1.0753636121749879 0.9748114883899689 0.10055211782455445 0.0
Training: 1.0712648808956147 0.97513727247715 0.09612761437892914 	Train per: 0.520751953125
	Val per: {'acc': 0.47984344422700587, 'mcc': 0.026341240480353346} 	Val loss: 1.0215439
	Test per: {'acc': 0.5255376344086021, 'mcc': 0.04843294042794621} 	Test loss: 0.96497416
epoch: 28 time: 0.1440 
----->>>>> Training: 1.0676060378551484 0.9751905202865601 0.09241552241146564 0.0
Training: 1.063893586397171 0.9755308747291564 0.08836273849010468 	Train per: 0.521826171875
	Val per: {'acc': 0.47984344422700587, 'mcc': 0.026584325529728545} 	Val loss: 1.0213752
	Test per: {'acc': 0.5255376344086021, 'mcc': 0.04832436945847818} 	Test loss: 0.96600175
epoch: 29 time: 0.1472 
----->>>>> Training: 1.0611490428447723 0.9762918740510941 0.08485715612769126 0.0
Training: 1.0577782690525055 0.9766383588314056 0.08113988488912582 	Train per: 0.52099609375
	Val per: {'acc': 0.4786692759295499, 'mcc': 0.022634071097993473} 	Val loss: 1.0205803
	Test per: {'acc': 0.5263440860215054, 'mcc': 0.050024870641276094} 	Test loss: 0.96715814
epoch: 30 time: 0.1808 
----->>>>> Training: 1.054791796207428 0.9768309772014618 0.0779608130455017 0.0
Training: 1.05171839594841 0.9771612107753753 0.07455718517303467 	Train per: 0.522119140625
	Val per: {'acc': 0.47906066536203523, 'mcc': 0.022526812717828058} 	Val loss: 1.019934
	Test per: {'acc': 0.5271505376344086, 'mcc': 0.051660190946750666} 	Test loss: 0.9682995
epoch: 31 time: 0.1517 
----->>>>> Training: 1.049427443742752 0.9778316766023636 0.07159578241407871 0.0
Training: 1.046576189994812 0.9781147599220276 0.06846142560243607 	Train per: 0.52197265625
	Val per: {'acc': 0.47906066536203523, 'mcc': 0.02159541800712095} 	Val loss: 1.0191118
	Test per: {'acc': 0.5268817204301075, 'mcc': 0.05119408552731272} 	Test loss: 0.969455
epoch: 32 time: 0.1434 
----->>>>> Training: 1.0440369486808776 0.978230157494545 0.06580679416656494 0.0
Training: 1.0414118468761444 0.9784521907567978 0.06295962631702423 	Train per: 0.52177734375
	Val per: {'acc': 0.476320939334638, 'mcc': 0.015773264295082384} 	Val loss: 1.0191616
	Test per: {'acc': 0.5293010752688172, 'mcc': 0.05586841627802084} 	Test loss: 0.97043127
epoch: 33 time: 0.1412 
----->>>>> Training: 1.0393536388874054 0.9788162380456924 0.06053739506751299 0.0
Training: 1.0370256721973419 0.9790814876556396 0.05794417858123779 	Train per: 0.521875
	Val per: {'acc': 0.4771037181996086, 'mcc': 0.017214926458098512} 	Val loss: 1.0184758
	Test per: {'acc': 0.5303763440860215, 'mcc': 0.05815832817275704} 	Test loss: 0.97140497
epoch: 34 time: 0.1405 
----->>>>> Training: 1.0356593191623689 0.9799457848072052 0.055713532119989397 0.0
Training: 1.0335143685340882 0.980173921585083 0.053340453654527664 	Train per: 0.521484375
	Val per: {'acc': 0.4782778864970646, 'mcc': 0.01879635677474762} 	Val loss: 1.0176896
	Test per: {'acc': 0.5306451612903226, 'mcc': 0.05875125033305361} 	Test loss: 0.9723902
epoch: 35 time: 0.1511 
----->>>>> Training: 1.0315491437911988 0.9802342087030411 0.051314941979944705 0.0
Training: 1.029664582014084 0.9805028647184372 0.04916173219680786 	Train per: 0.521533203125
	Val per: {'acc': 0.4771037181996086, 'mcc': 0.015866986823692707} 	Val loss: 1.0173329
	Test per: {'acc': 0.5298387096774193, 'mcc': 0.05713765751757314} 	Test loss: 0.9732478
epoch: 36 time: 0.1388 
----->>>>> Training: 1.0276013731956481 0.9803203254938125 0.04728103931993246 0.0
Training: 1.0258839547634124 0.9806103527545929 0.04527360200881958 	Train per: 0.52333984375
	Val per: {'acc': 0.4774951076320939, 'mcc': 0.016025849219432085} 	Val loss: 1.016674
	Test per: {'acc': 0.5311827956989247, 'mcc': 0.05989576146713083} 	Test loss: 0.97418344
epoch: 37 time: 0.1386 
----->>>>> Training: 1.02466362118721 0.9811637431383133 0.04349987301975489 0.0
Training: 1.0230208814144135 0.9813883572816848 0.0416325218975544 	Train per: 0.522412109375
	Val per: {'acc': 0.4782778864970646, 'mcc': 0.017226292211277854} 	Val loss: 1.0159893
	Test per: {'acc': 0.5306451612903226, 'mcc': 0.0588973495961656} 	Test loss: 0.9752048
epoch: 38 time: 0.1651 
----->>>>> Training: 1.0214180588722228 0.9813340336084366 0.04008401539176702 0.0
Training: 1.0199482977390288 0.9815486192703247 0.03839968889951706 	Train per: 0.523779296875
	Val per: {'acc': 0.476320939334638, 'mcc': 0.01246054034604614} 	Val loss: 1.0158694
	Test per: {'acc': 0.5298387096774193, 'mcc': 0.05713765751757314} 	Test loss: 0.9759516
epoch: 39 time: 0.1777 
----->>>>> Training: 1.0192021012306214 0.9821878969669342 0.037014213763177393 0.0
Training: 1.017895358800888 0.9823952108621598 0.03550015017390251 	Train per: 0.522998046875
	Val per: {'acc': 0.476320939334638, 'mcc': 0.01117209577306693} 	Val loss: 1.0151896
	Test per: {'acc': 0.5301075268817205, 'mcc': 0.057773256526641774} 	Test loss: 0.97667396
epoch: 40 time: 0.1699 
----->>>>> Training: 1.0169958829879762 0.982728636264801 0.03426725324243307 0.0
Training: 1.01581951379776 0.9829273879528045 0.0328921377658844 	Train per: 0.52314453125
	Val per: {'acc': 0.47475538160469666, 'mcc': 0.00789274764964977} 	Val loss: 1.0153935
	Test per: {'acc': 0.5282258064516129, 'mcc': 0.05378414703000828} 	Test loss: 0.9772219
epoch: 41 time: 0.1444 
----->>>>> Training: 1.0145904511213302 0.9829966306686402 0.03159381868317723 0.0
Training: 1.0134442180395127 0.9831735491752625 0.030270669609308243 	Train per: 0.523681640625
	Val per: {'acc': 0.4794520547945205, 'mcc': 0.016815090707711172} 	Val loss: 1.0140312
	Test per: {'acc': 0.5298387096774193, 'mcc': 0.05734957383562301} 	Test loss: 0.9782135
epoch: 42 time: 0.1360 
----->>>>> Training: 1.01269673705101 0.9834771305322647 0.02921960921958089 0.0
Training: 1.01170774102211 0.9836578071117401 0.028049936518073082 	Train per: 0.52294921875
	Val per: {'acc': 0.473972602739726, 'mcc': 0.004188778235797985} 	Val loss: 1.0140848
	Test per: {'acc': 0.5290322580645161, 'mcc': 0.0555666203958297} 	Test loss: 0.97881806
epoch: 43 time: 0.1434 
----->>>>> Training: 1.0107478380203248 0.9837286710739136 0.027019177749752998 0.0
Training: 1.0098373264074325 0.9838954865932464 0.02594183012843132 	Train per: 0.52373046875
	Val per: {'acc': 0.4735812133072407, 'mcc': 0.0029681660221815656} 	Val loss: 1.0139349
	Test per: {'acc': 0.5287634408602151, 'mcc': 0.05488832384574611} 	Test loss: 0.9794368
epoch: 44 time: 0.1369 
----->>>>> Training: 1.0095481336116792 0.9844751477241516 0.0250729794614017 0.0
Training: 1.0087013453245164 0.9846293985843658 0.024071935564279556 	Train per: 0.523486328125
	Val per: {'acc': 0.476320939334638, 'mcc': 0.0076225499172316675} 	Val loss: 1.013327
	Test per: {'acc': 0.5295698924731183, 'mcc': 0.05669122961006016} 	Test loss: 0.9801017
epoch: 45 time: 0.1636 
----->>>>> Training: 1.00787054002285 0.984641170501709 0.02322937687858939 0.0
Training: 1.0071186602115632 0.9847773164510727 0.022341327741742134 	Train per: 0.52451171875
	Val per: {'acc': 0.476320939334638, 'mcc': 0.006402392474553003} 	Val loss: 1.0128042
	Test per: {'acc': 0.5279569892473118, 'mcc': 0.05353204518348979} 	Test loss: 0.9807091
epoch: 46 time: 0.1607 
----->>>>> Training: 1.0066563338041306 0.9850409477949142 0.021615382749587297 0.0
Training: 1.0059902787208557 0.9851691663265228 0.0208211038261652 	Train per: 0.523974609375
	Val per: {'acc': 0.4755381604696673, 'mcc': 0.005402381651168821} 	Val loss: 1.0129513
	Test per: {'acc': 0.5290322580645161, 'mcc': 0.055482184360273475} 	Test loss: 0.9810038
epoch: 47 time: 0.1396 
----->>>>> Training: 1.0052857607603074 0.9851959466934204 0.020089809037744998 0.0
Training: 1.004658818244934 0.985309487581253 0.01934932731091976 	Train per: 0.5244140625
	Val per: {'acc': 0.475146771037182, 'mcc': 0.0033973674234259957} 	Val loss: 1.012499
	Test per: {'acc': 0.5290322580645161, 'mcc': 0.05552428102894081} 	Test loss: 0.98157024
epoch: 48 time: 0.1374 
----->>>>> Training: 1.004558652639389 0.985813757777214 0.018744894582778216 0.0
Training: 1.0040084719657898 0.9859252214431763 0.01808326691389084 	Train per: 0.522900390625
	Val per: {'acc': 0.4755381604696673, 'mcc': 0.0038004688488682483} 	Val loss: 1.0120511
	Test per: {'acc': 0.5303763440860215, 'mcc': 0.05836705093830182} 	Test loss: 0.98195314
epoch: 49 time: 0.1417 
----->>>>> Training: 1.0035132497549057 0.9860499531030655 0.01746330251917243 0.0
Training: 1.0029659301042557 0.9861737847328186 0.016792120411992073 	Train per: 0.52421875
	Val per: {'acc': 0.4735812133072407, 'mcc': -0.0015624436820803325} 	Val loss: 1.0119752
	Test per: {'acc': 0.5309139784946236, 'mcc': 0.05940675727471148} 	Test loss: 0.98251265
epoch: 50 time: 0.1348 
----->>>>> Training: 1.002336895465851 0.9860509246587753 0.016285980585962534 0.0
Training: 1.001871046423912 0.9861565560102463 0.015714474022388458 	Train per: 0.5240234375
	Val per: {'acc': 0.473972602739726, 'mcc': -0.000764397667408242} 	Val loss: 1.0117393
	Test per: {'acc': 0.5333333333333333, 'mcc': 0.06424512465027085} 	Test loss: 0.9828558
epoch: 51 time: 0.1720 
----->>>>> Training: 1.0016244649887085 0.9863841086626053 0.015240359446033835 0.0
Training: 1.0012095481157304 0.9864613175392151 0.014748233370482922 	Train per: 0.524072265625
	Val per: {'acc': 0.47279843444227004, 'mcc': -0.003732647318361133} 	Val loss: 1.0115343
	Test per: {'acc': 0.531989247311828, 'mcc': 0.061570683572245176} 	Test loss: 0.98315454
epoch: 52 time: 0.1573 
----->>>>> Training: 1.0004731684923172 0.9861697316169739 0.014303437573835254 0.0
Training: 1.0000523149967193 0.9862129598855972 0.013839340768754482 	Train per: 0.525390625
	Val per: {'acc': 0.4735812133072407, 'mcc': -0.0019467083860741114} 	Val loss: 1.0118086
	Test per: {'acc': 0.5346774193548387, 'mcc': 0.06680309781697243} 	Test loss: 0.9834694
epoch: 53 time: 0.1424 
----->>>>> Training: 1.0001348793506621 0.9867171496152878 0.013417722890153527 0.0
Training: 0.9997489988803864 0.9866943806409836 0.0130546223372221 	Train per: 0.524462890625
	Val per: {'acc': 0.4735812133072407, 'mcc': -0.0025204412796611484} 	Val loss: 1.0113289
	Test per: {'acc': 0.5346774193548387, 'mcc': 0.06690090914998484} 	Test loss: 0.9837868
epoch: 54 time: 0.1419 
----->>>>> Training: 0.9996098041534424 0.9868517518043518 0.012758052302524447 0.0
Training: 0.9992938458919525 0.9868863105773926 0.012407517060637474 	Train per: 0.52490234375
	Val per: {'acc': 0.4735812133072407, 'mcc': -0.002710988285581433} 	Val loss: 1.0113207
	Test per: {'acc': 0.5336021505376344, 'mcc': 0.06471596671708012} 	Test loss: 0.98393357
epoch: 55 time: 0.1410 
----->>>>> Training: 0.9990338206291198 0.9869177967309952 0.012116021336987614 0.0
Training: 0.998743611574173 0.9869498431682586 0.01179377268999815 	Train per: 0.525146484375
	Val per: {'acc': 0.47475538160469666, 'mcc': -0.0003310142996338196} 	Val loss: 1.0110918
	Test per: {'acc': 0.531989247311828, 'mcc': 0.06146811991729141} 	Test loss: 0.98409146
epoch: 56 time: 0.1500 
----->>>>> Training: 0.9984494715929031 0.9870390683412552 0.01141039482317865 0.0
Training: 0.9981568187475205 0.9870734691619873 0.011083351448178291 	Train per: 0.52548828125
	Val per: {'acc': 0.47475538160469666, 'mcc': -0.001478701621043301} 	Val loss: 1.0108142
	Test per: {'acc': 0.5333333333333333, 'mcc': 0.06422490253843197} 	Test loss: 0.98450613
epoch: 57 time: 0.1381 
----->>>>> Training: 0.9983279526233673 0.9874730855226517 0.01085487031377852 0.0
Training: 0.998085230588913 0.9875067114830017 0.01057851780205965 	Train per: 0.52509765625
	Val per: {'acc': 0.475146771037182, 'mcc': 0.0008474885033528395} 	Val loss: 1.0112464
	Test per: {'acc': 0.5336021505376344, 'mcc': 0.06457813567778549} 	Test loss: 0.9845758
epoch: 58 time: 0.1330 
----->>>>> Training: 0.9976094752550125 0.9873051464557647 0.010304324375465513 0.0
Training: 0.9973843842744827 0.9873119831085205 0.010072396136820316 	Train per: 0.525732421875
	Val per: {'acc': 0.475146771037182, 'mcc': -0.0008813396561602595} 	Val loss: 1.0107311
	Test per: {'acc': 0.5327956989247312, 'mcc': 0.06308198094849686} 	Test loss: 0.984819
epoch: 59 time: 0.1653 
----->>>>> Training: 0.9974485039710999 0.987524101138115 0.00992440702393651 0.0
Training: 0.997246864438057 0.9874853640794754 0.009761488996446133 	Train per: 0.525830078125
	Val per: {'acc': 0.4755381604696673, 'mcc': 0.0006727796078567034} 	Val loss: 1.0112009
	Test per: {'acc': 0.5336021505376344, 'mcc': 0.06448183824618345} 	Test loss: 0.98473996
epoch: 60 time: 0.1692 
----->>>>> Training: 0.9970647662878036 0.9874692648649216 0.009595494903624057 0.0
Training: 0.9968682169914246 0.9875406891107559 0.009327514097094536 	Train per: 0.52646484375
	Val per: {'acc': 0.4767123287671233, 'mcc': 0.003036224541531336} 	Val loss: 1.0110683
	Test per: {'acc': 0.5327956989247312, 'mcc': 0.06286502494915039} 	Test loss: 0.98492795
epoch: 61 time: 0.1707 
----->>>>> Training: 0.9966372430324555 0.9875180393457412 0.009119199076667427 0.0
Training: 0.9964693397283554 0.9875696510076523 0.008899708278477192 	Train per: 0.526708984375
	Val per: {'acc': 0.476320939334638, 'mcc': 0.0007100749115482839} 	Val loss: 1.0106678
	Test per: {'acc': 0.531989247311828, 'mcc': 0.061407396785760224} 	Test loss: 0.9851765
epoch: 62 time: 0.1426 
----->>>>> Training: 0.9965366154909134 0.9877659559249878 0.00877066096290946 0.0
Training: 0.9963846623897552 0.9877922236919403 0.008592446334660053 	Train per: 0.52626953125
	Val per: {'acc': 0.476320939334638, 'mcc': 0.0005192210685858946} 	Val loss: 1.0106965
	Test per: {'acc': 0.5317204301075269, 'mcc': 0.06085578969337526} 	Test loss: 0.98526114
epoch: 63 time: 0.1316 
----->>>>> Training: 0.9960193634033203 0.9876099705696106 0.008409389480948447 0.0
Training: 0.9958704292774201 0.987643250823021 0.008227190002799034 	Train per: 0.527734375
	Val per: {'acc': 0.4771037181996086, 'mcc': 0.001890281470216859} 	Val loss: 1.010804
	Test per: {'acc': 0.5317204301075269, 'mcc': 0.06069654183640569} 	Test loss: 0.9854352
epoch: 64 time: 0.1406 
----->>>>> Training: 0.9959772437810898 0.9878681898117065 0.008109052060171961 0.0
Training: 0.9958023935556412 0.9878067821264267 0.00799562782049179 	Train per: 0.5275390625
	Val per: {'acc': 0.476320939334638, 'mcc': 0.00032869617397796947} 	Val loss: 1.0110862
	Test per: {'acc': 0.5317204301075269, 'mcc': 0.06057992271634072} 	Test loss: 0.98549396
epoch: 65 time: 0.1345 
----->>>>> Training: 0.9958268195390702 0.9879420429468155 0.007884776685386896 0.0
Training: 0.9957075625658035 0.9879338026046753 0.00777378398925066 	Train per: 0.52744140625
	Val per: {'acc': 0.47475538160469666, 'mcc': -0.004110921424074609} 	Val loss: 1.0105894
	Test per: {'acc': 0.5298387096774193, 'mcc': 0.05705464638596907} 	Test loss: 0.9855567
epoch: 66 time: 0.1591 
----->>>>> Training: 0.9956044256687164 0.9878570139408112 0.00774741021450609 0.0
Training: 0.9954590857028961 0.98781318962574 0.007645893841981888 	Train per: 0.528173828125
	Val per: {'acc': 0.4767123287671233, 'mcc': -0.00040745675453594175} 	Val loss: 1.0105711
	Test per: {'acc': 0.5284946236559139, 'mcc': 0.054420519717610354} 	Test loss: 0.9855243
epoch: 67 time: 0.1681 
----->>>>> Training: 0.9955145597457886 0.9879351794719696 0.007579379295930266 0.0
Training: 0.9953854948282241 0.9879255652427673 0.007459924090653658 	Train per: 0.5271484375
	Val per: {'acc': 0.4755381604696673, 'mcc': -0.0023650098152796246} 	Val loss: 1.0110627
	Test per: {'acc': 0.5314516129032258, 'mcc': 0.06008583513645875} 	Test loss: 0.9855125
epoch: 68 time: 0.1485 
----->>>>> Training: 0.9951468974351882 0.9878219097852707 0.0073249882087111475 0.0
Training: 0.9950330495834351 0.9877915650606155 0.00724148191511631 	Train per: 0.52763671875
	Val per: {'acc': 0.4782778864970646, 'mcc': 0.002692474617336357} 	Val loss: 1.0104584
	Test per: {'acc': 0.5293010752688172, 'mcc': 0.05609718812685367} 	Test loss: 0.98564404
epoch: 69 time: 0.1535 
----->>>>> Training: 0.9951261430978775 0.9879475593566894 0.007178578432649374 0.0
Training: 0.995023998618126 0.987883785367012 0.00714019825682044 	Train per: 0.527294921875
	Val per: {'acc': 0.476320939334638, 'mcc': -0.0009960164303030295} 	Val loss: 1.010766
	Test per: {'acc': 0.5295698924731183, 'mcc': 0.056461516119477625} 	Test loss: 0.9855619
epoch: 70 time: 0.1461 
----->>>>> Training: 0.9949372857809067 0.987900584936142 0.007036708109080791 0.0
Training: 0.9948448300361633 0.9878820478916168 0.006962790619581938 	Train per: 0.527197265625
	Val per: {'acc': 0.476320939334638, 'mcc': -0.0009960164303030295} 	Val loss: 1.0107566
	Test per: {'acc': 0.5295698924731183, 'mcc': 0.05642055461334971} 	Test loss: 0.9855999
epoch: 71 time: 0.1421 
----->>>>> Training: 0.9949832439422608 0.9880246251821518 0.006958619225770235 0.0
Training: 0.9948849231004715 0.9879313737154007 0.006953556090593338 	Train per: 0.52646484375
	Val per: {'acc': 0.4771037181996086, 'mcc': -8.839836226616302e-06} 	Val loss: 1.0110068
	Test per: {'acc': 0.5298387096774193, 'mcc': 0.05693200540696639} 	Test loss: 0.9854647
epoch: 72 time: 0.1816 
----->>>>> Training: 0.9948918014764786 0.9880785465240478 0.006813259841874242 0.0
Training: 0.994775915145874 0.9880475014448166 0.006728419102728367 	Train per: 0.526416015625
	Val per: {'acc': 0.4731898238747554, 'mcc': -0.010853962931514565} 	Val loss: 1.0106786
	Test per: {'acc': 0.5303763440860215, 'mcc': 0.05819956088027508} 	Test loss: 0.9857132
epoch: 73 time: 0.1524 
----->>>>> Training: 0.9945264518260956 0.9877325415611267 0.006793910590931773 0.0
Training: 0.9944351941347123 0.987639132142067 0.0067960587330162525 	Train per: 0.5271484375
	Val per: {'acc': 0.47240704500978475, 'mcc': -0.010971809465785057} 	Val loss: 1.0111992
	Test per: {'acc': 0.5295698924731183, 'mcc': 0.05635957561091629} 	Test loss: 0.9854215
epoch: 74 time: 0.1408 
----->>>>> Training: 0.9947061985731125 0.9878911375999451 0.006815057108178734 0.0
Training: 0.9946026891469956 0.9878189146518708 0.00678377877920866 	Train per: 0.52666015625
	Val per: {'acc': 0.4720156555772994, 'mcc': -0.011749119925768683} 	Val loss: 1.0116035
	Test per: {'acc': 0.5279569892473118, 'mcc': 0.052963497689763085} 	Test loss: 0.9852489
epoch: 75 time: 0.1338 
----->>>>> Training: 0.9943301379680634 0.987618139386177 0.006711996207013726 0.0
Training: 0.994231852889061 0.9875917106866836 0.006640137638896704 	Train per: 0.527490234375
	Val per: {'acc': 0.47084148727984343, 'mcc': -0.01566809485417089} 	Val loss: 1.0113723
	Test per: {'acc': 0.5263440860215054, 'mcc': 0.04981197780645142} 	Test loss: 0.98533285
epoch: 76 time: 0.1390 
----->>>>> Training: 0.9944309145212173 0.9878022372722626 0.006628683465532958 0.0
Training: 0.9943557947874069 0.9877257972955704 0.006629999727010727 	Train per: 0.52685546875
	Val per: {'acc': 0.4731898238747554, 'mcc': -0.010853962931514565} 	Val loss: 1.0113337
	Test per: {'acc': 0.5266129032258065, 'mcc': 0.05044905053354795} 	Test loss: 0.9852264
epoch: 77 time: 0.1535 
----->>>>> Training: 0.994339445233345 0.9876870661973953 0.006652385415509343 0.0
Training: 0.9942379891872406 0.9876633048057556 0.006574680563062429 	Train per: 0.527001953125
	Val per: {'acc': 0.4735812133072407, 'mcc': -0.009903805594749177} 	Val loss: 1.0111891
	Test per: {'acc': 0.5271505376344086, 'mcc': 0.05157512270233964} 	Test loss: 0.98520297
epoch: 78 time: 0.1372 
----->>>>> Training: 0.9939084768295288 0.9873514473438263 0.006557029066607356 0.0
Training: 0.9938173592090607 0.9873075753450393 0.006509806495159864 	Train per: 0.527783203125
	Val per: {'acc': 0.473972602739726, 'mcc': -0.010028383221600767} 	Val loss: 1.011405
	Test per: {'acc': 0.5274193548387097, 'mcc': 0.052001807711949455} 	Test loss: 0.9851722
epoch: 79 time: 0.1397 
----->>>>> Training: 0.9941290259361267 0.9875842183828354 0.006544806016609073 0.0
Training: 0.994028502702713 0.9874587565660476 0.006569748278707266 	Train per: 0.527099609375
	Val per: {'acc': 0.4735812133072407, 'mcc': -0.009365191382463008} 	Val loss: 1.0121156
	Test per: {'acc': 0.5284946236559139, 'mcc': 0.053988723211194634} 	Test loss: 0.98489714
epoch: 80 time: 0.1642 
----->>>>> Training: 0.9939543426036834 0.9873770713806153 0.006577264051884413 0.0
Training: 0.9938727915287018 0.9873062700033188 0.006566522642970085 	Train per: 0.5279296875
	Val per: {'acc': 0.4731898238747554, 'mcc': -0.012274055283835985} 	Val loss: 1.0116779
	Test per: {'acc': 0.5276881720430108, 'mcc': 0.052533661309461216} 	Test loss: 0.9848862
epoch: 81 time: 0.1739 
----->>>>> Training: 0.9937622487545014 0.98721883893013 0.006543406727723777 0.0
Training: 0.9936544895172119 0.9871395170688629 0.006514979992061853 	Train per: 0.528271484375
	Val per: {'acc': 0.47279843444227004, 'mcc': -0.012158263096521512} 	Val loss: 1.0122133
	Test per: {'acc': 0.5287634408602151, 'mcc': 0.054541560677102856} 	Test loss: 0.9847567
epoch: 82 time: 0.1663 
----->>>>> Training: 0.9938458919525146 0.9872079342603683 0.006637950846925378 0.0
Training: 0.9937420040369034 0.9871073603630066 0.0066346279345452785 	Train per: 0.527978515625
	Val per: {'acc': 0.47436399217221137, 'mcc': -0.009796689699651836} 	Val loss: 1.0119892
	Test per: {'acc': 0.5293010752688172, 'mcc': 0.055807308338370325} 	Test loss: 0.98458433
epoch: 83 time: 0.1436 
----->>>>> Training: 0.9937378972768783 0.9872643947601318 0.006473493552766741 0.0
Training: 0.9936378717422485 0.9872146368026733 0.006423218175768852 	Train per: 0.527880859375
	Val per: {'acc': 0.476320939334638, 'mcc': -0.006874871387456156} 	Val loss: 1.0117325
	Test per: {'acc': 0.5295698924731183, 'mcc': 0.05650272489835444} 	Test loss: 0.98478925
epoch: 84 time: 0.1401 
----->>>>> Training: 0.9938503354787827 0.9874037742614746 0.006446561892516911 0.0
Training: 0.9937598586082459 0.987231832742691 0.006528036668896675 	Train per: 0.52685546875
	Val per: {'acc': 0.476320939334638, 'mcc': -0.006334737287623014} 	Val loss: 1.0118772
	Test per: {'acc': 0.5295698924731183, 'mcc': 0.056461516119477625} 	Test loss: 0.98453087
epoch: 85 time: 0.1292 
----->>>>> Training: 0.9936260610818863 0.9869831740856171 0.006642889231443405 0.0
Training: 0.9935364782810211 0.9868974089622498 0.0066390796564519405 	Train per: 0.527880859375
	Val per: {'acc': 0.476320939334638, 'mcc': -0.007054461899050078} 	Val loss: 1.0118141
	Test per: {'acc': 0.5293010752688172, 'mcc': 0.05607608434884945} 	Test loss: 0.9843188
epoch: 86 time: 0.1375 
----->>>>> Training: 0.9934438616037369 0.9868265330791474 0.0066173160681501034 0.0
Training: 0.9933537602424621 0.9868110239505767 0.006542739924043417 	Train per: 0.527978515625
	Val per: {'acc': 0.47592954990215264, 'mcc': -0.007277087581839073} 	Val loss: 1.0120881
	Test per: {'acc': 0.5301075268817205, 'mcc': 0.05758595586424744} 	Test loss: 0.9842869
epoch: 87 time: 0.1637 
----->>>>> Training: 0.9934766501188278 0.9870497047901153 0.006426949449814856 0.0
Training: 0.9933554083108902 0.9868945568799973 0.006460874807089567 	Train per: 0.52802734375
	Val per: {'acc': 0.47592954990215264, 'mcc': -0.007993996916204879} 	Val loss: 1.0124639
	Test per: {'acc': 0.5309139784946236, 'mcc': 0.05918040022633003} 	Test loss: 0.98426133
epoch: 88 time: 0.1616 
----->>>>> Training: 0.993454658985138 0.9866944193840027 0.006760242232121527 0.0
Training: 0.9932786136865616 0.9864153742790223 0.0068632373586297035 	Train per: 0.528173828125
	Val per: {'acc': 0.4782778864970646, 'mcc': -0.0019805944652407878} 	Val loss: 1.0127432
	Test per: {'acc': 0.5287634408602151, 'mcc': 0.05478454312912626} 	Test loss: 0.98356533
epoch: 89 time: 0.1393 
----->>>>> Training: 0.9931893587112427 0.9864941984415054 0.0066951617365702985 0.0
Training: 0.9930845767259597 0.9864234775304794 0.0066610947251319885 	Train per: 0.528857421875
	Val per: {'acc': 0.47788649706457925, 'mcc': -0.0036539996498145435} 	Val loss: 1.0122433
	Test per: {'acc': 0.5287634408602151, 'mcc': 0.05499360186873591} 	Test loss: 0.98375046
epoch: 90 time: 0.1380 
----->>>>> Training: 0.9932777643203735 0.986547178030014 0.006730587012134493 0.0
Training: 0.9931424081325531 0.986367866396904 0.00677452702075243 	Train per: 0.528369140625
	Val per: {'acc': 0.4774951076320939, 'mcc': -0.006036355905676397} 	Val loss: 1.0124838
	Test per: {'acc': 0.5301075268817205, 'mcc': 0.05773119093148026} 	Test loss: 0.9835022
epoch: 91 time: 0.1403 
----->>>>> Training: 0.9932403206825257 0.9863436430692673 0.006896682060323655 0.0
Training: 0.9930973142385483 0.986081600189209 0.007015726063400507 	Train per: 0.52724609375
	Val per: {'acc': 0.476320939334638, 'mcc': -0.006154230920093053} 	Val loss: 1.0136465
	Test per: {'acc': 0.5295698924731183, 'mcc': 0.056299152034723604} 	Test loss: 0.9829698
epoch: 92 time: 0.1381 
----->>>>> Training: 0.9931750893592834 0.9862600058317185 0.00691508362069726 0.0
Training: 0.9930114924907685 0.9860870331525803 0.00692445132881403 	Train per: 0.529296875
	Val per: {'acc': 0.4771037181996086, 'mcc': -0.007149543608969383} 	Val loss: 1.0125808
	Test per: {'acc': 0.5298387096774193, 'mcc': 0.057457889946880024} 	Test loss: 0.9830891
epoch: 93 time: 0.1734 
----->>>>> Training: 0.9928980857133866 0.986116087436676 0.006782003026455641 0.0
Training: 0.9927536934614182 0.9859314173460006 0.006822270806878805 	Train per: 0.52841796875
	Val per: {'acc': 0.476320939334638, 'mcc': -0.007412974940691019} 	Val loss: 1.0134646
	Test per: {'acc': 0.5295698924731183, 'mcc': 0.056461516119477625} 	Test loss: 0.982935
epoch: 94 time: 0.1523 
----->>>>> Training: 0.9926891505718232 0.985766327381134 0.006922818394377828 0.0
Training: 0.9925174415111542 0.9855200320482254 0.00699741393327713 	Train per: 0.528564453125
	Val per: {'acc': 0.476320939334638, 'mcc': -0.006874871387456156} 	Val loss: 1.0139548
	Test per: {'acc': 0.5309139784946236, 'mcc': 0.05914009211013009} 	Test loss: 0.9824992
epoch: 95 time: 0.1408 
----->>>>> Training: 0.9928238153457641 0.9857870489358902 0.007036772277206183 0.0
Training: 0.9926381528377533 0.9855570644140244 0.00708108302205801 	Train per: 0.528955078125
	Val per: {'acc': 0.48101761252446185, 'mcc': 0.002032675976342858} 	Val loss: 1.0124124
	Test per: {'acc': 0.5303763440860215, 'mcc': 0.05869217268461797} 	Test loss: 0.98242015
epoch: 96 time: 0.1399 
----->>>>> Training: 0.9925853282213211 0.9855015605688096 0.007083768164739013 0.0
Training: 0.9924363791942596 0.985351949930191 0.007084421813488007 	Train per: 0.52890625
	Val per: {'acc': 0.4794520547945205, 'mcc': -0.0015365767978058466} 	Val loss: 1.0131159
	Test per: {'acc': 0.5301075268817205, 'mcc': 0.05800915797611069} 	Test loss: 0.98220205
epoch: 97 time: 0.1383 
----->>>>> Training: 0.9925683677196503 0.9854273229837418 0.007141045830212534 0.0
Training: 0.9924535006284714 0.9853188246488571 0.007134690415114164 	Train per: 0.529736328125
	Val per: {'acc': 0.47984344422700587, 'mcc': -0.00023219752758598213} 	Val loss: 1.0132495
	Test per: {'acc': 0.5309139784946236, 'mcc': 0.059619402705029745} 	Test loss: 0.9818993
epoch: 98 time: 0.1565 
----->>>>> Training: 0.9923506081104279 0.9851781070232392 0.0071725011570379135 0.0
Training: 0.9922372609376907 0.9850235462188721 0.007213714998215437 	Train per: 0.53046875
	Val per: {'acc': 0.4786692759295499, 'mcc': -0.00231925437409338} 	Val loss: 1.013895
	Test per: {'acc': 0.5301075268817205, 'mcc': 0.05785814893919413} 	Test loss: 0.9815104
epoch: 99 time: 0.1380 
----->>>>> Training: 0.9923993051052094 0.9851361960172653 0.0072631137678399686 0.0
Training: 0.9922329127788544 0.9848084449768066 0.007424461655318737 	Train per: 0.531201171875
	Val per: {'acc': 0.47475538160469666, 'mcc': -0.011514078818716815} 	Val loss: 1.0143641
	Test per: {'acc': 0.5311827956989247, 'mcc': 0.059916502906827256} 	Test loss: 0.98099613
epoch: 100 time: 0.1375 
----->>>>> Training: 0.9923074096441269 0.9849336624145508 0.0073737453669309614 0.0
Training: 0.9921813368797302 0.9848034739494324 0.007377885282039642 	Train per: 0.53046875
	Val per: {'acc': 0.4794520547945205, 'mcc': -0.002627075636796901} 	Val loss: 1.0133092
	Test per: {'acc': 0.531989247311828, 'mcc': 0.062109079215139675} 	Test loss: 0.98102933
epoch: 101 time: 0.1639 
----->>>>> Training: 0.9919936299324036 0.9844456017017365 0.0075480333296582105 0.0
Training: 0.991857722401619 0.9842072814702988 0.007650462444871664 	Train per: 0.53154296875
	Val per: {'acc': 0.47592954990215264, 'mcc': -0.008351130784992965} 	Val loss: 1.0147518
	Test per: {'acc': 0.5317204301075269, 'mcc': 0.06106089721730689} 	Test loss: 0.980424
epoch: 102 time: 0.1796 
----->>>>> Training: 0.9920558542013168 0.9843396604061126 0.007716192677617073 0.0
Training: 0.9918645173311234 0.9840073138475418 0.007857224904000759 	Train per: 0.53173828125
	Val per: {'acc': 0.476320939334638, 'mcc': -0.00759190185156147} 	Val loss: 1.0148844
	Test per: {'acc': 0.531989247311828, 'mcc': 0.06159140026318969} 	Test loss: 0.9798675
epoch: 103 time: 0.1683 
----->>>>> Training: 0.9919342309236526 0.9840532422065735 0.007880992256104946 0.0
Training: 0.9917884349822998 0.9838777661323548 0.007910644635558128 	Train per: 0.5310546875
	Val per: {'acc': 0.47592954990215264, 'mcc': -0.006917276773160412} 	Val loss: 1.0152564
	Test per: {'acc': 0.5333333333333333, 'mcc': 0.06424512465027085} 	Test loss: 0.9795498
epoch: 104 time: 0.1425 
----->>>>> Training: 0.991533276438713 0.9835567861795426 0.007976485881954432 0.0
Training: 0.9913754284381866 0.9833569824695587 0.00801844708621502 	Train per: 0.5326171875
	Val per: {'acc': 0.476320939334638, 'mcc': -0.007412974940691019} 	Val loss: 1.0154219
	Test per: {'acc': 0.5336021505376344, 'mcc': 0.0648778000437063} 	Test loss: 0.9792335
epoch: 105 time: 0.1324 
----->>>>> Training: 0.9916796833276749 0.9836954981088638 0.007984180701896548 0.0
Training: 0.9915397256612778 0.9836428731679916 0.007896852679550648 	Train per: 0.53154296875
	Val per: {'acc': 0.4774951076320939, 'mcc': -0.006215569635218848} 	Val loss: 1.014465
	Test per: {'acc': 0.5352150537634408, 'mcc': 0.06851908846134591} 	Test loss: 0.97927713
epoch: 106 time: 0.1348 
----->>>>> Training: 0.991835281252861 0.9838303178548813 0.008004961162805557 0.0
Training: 0.9916000485420227 0.9835018038749694 0.008098224177956581 	Train per: 0.531201171875
	Val per: {'acc': 0.475146771037182, 'mcc': -0.010402449235851999} 	Val loss: 1.0154761
	Test per: {'acc': 0.5327956989247312, 'mcc': 0.06334928718848461} 	Test loss: 0.9786232
epoch: 107 time: 0.1387 
----->>>>> Training: 0.9913942843675614 0.9833693921566009 0.008024885132908822 0.0
Training: 0.9912514954805374 0.9832353860139846 0.00801610667258501 	Train per: 0.5322265625
	Val per: {'acc': 0.47592954990215264, 'mcc': -0.004921231308853065} 	Val loss: 1.0157933
	Test per: {'acc': 0.5368279569892473, 'mcc': 0.07121166031665753} 	Test loss: 0.97849894
epoch: 108 time: 0.1678 
----->>>>> Training: 0.9915903061628342 0.9833642601966858 0.008226041635498404 0.0
Training: 0.9913636982440949 0.9830527305603027 0.008310968056321144 	Train per: 0.5314453125
	Val per: {'acc': 0.46966731898238745, 'mcc': -0.019888243841749777} 	Val loss: 1.0163803
	Test per: {'acc': 0.5373655913978495, 'mcc': 0.07223762549577084} 	Test loss: 0.9778948
epoch: 109 time: 0.1572 
----->>>>> Training: 0.9913208097219467 0.9828231722116471 0.008497636672109366 0.0
Training: 0.9910341769456863 0.9825095891952514 0.008524571545422077 	Train per: 0.53232421875
	Val per: {'acc': 0.4735812133072407, 'mcc': -0.009004901353984256} 	Val loss: 1.016723
	Test per: {'acc': 0.5387096774193548, 'mcc': 0.07489940255293553} 	Test loss: 0.97729427
epoch: 110 time: 0.1402 
----->>>>> Training: 0.9910148650407791 0.9826709210872651 0.008343945210799574 0.0
Training: 0.990763446688652 0.9824689865112305 0.008294444531202316 	Train per: 0.532568359375
	Val per: {'acc': 0.4712328767123288, 'mcc': -0.016984949197739088} 	Val loss: 1.0159917
	Test per: {'acc': 0.5368279569892473, 'mcc': 0.0713871417721091} 	Test loss: 0.9776748
epoch: 111 time: 0.1381 
----->>>>> Training: 0.9911408960819245 0.9827993780374527 0.008341508172452449 0.0
Training: 0.9908887803554535 0.9825072944164276 0.00838145799934864 	Train per: 0.53310546875
	Val per: {'acc': 0.46966731898238745, 'mcc': -0.02005931462077133} 	Val loss: 1.0168153
	Test per: {'acc': 0.5368279569892473, 'mcc': 0.0710242590639945} 	Test loss: 0.97724175
epoch: 112 time: 0.1399 
----->>>>> Training: 0.9907138824462891 0.9822090029716491 0.008504875656217336 0.0
Training: 0.9905188918113709 0.9819494128227234 0.008569478057324886 	Train per: 0.53212890625
	Val per: {'acc': 0.4720156555772994, 'mcc': -0.015102581324749113} 	Val loss: 1.0158626
	Test per: {'acc': 0.5362903225806451, 'mcc': 0.07050939935788067} 	Test loss: 0.9769694
epoch: 113 time: 0.1374 
----->>>>> Training: 0.9907609313726425 0.9823021441698074 0.008458799077197909 0.0
Training: 0.9905958473682404 0.9820495009422302 0.008546329103410244 	Train per: 0.5326171875
	Val per: {'acc': 0.46966731898238745, 'mcc': -0.019030149439096995} 	Val loss: 1.0167418
	Test per: {'acc': 0.5368279569892473, 'mcc': 0.07111696291389114} 	Test loss: 0.9767604
epoch: 114 time: 0.1756 
----->>>>> Training: 0.9908529371023178 0.9820522129535675 0.008800726477056741 0.0
Training: 0.9906610429286957 0.9816939443349838 0.008967085741460323 	Train per: 0.53203125
	Val per: {'acc': 0.473972602739726, 'mcc': -0.008231171894554122} 	Val loss: 1.0171931
	Test per: {'acc': 0.539247311827957, 'mcc': 0.07600088228442851} 	Test loss: 0.9760776
epoch: 115 time: 0.1449 
----->>>>> Training: 0.990534970164299 0.9817645847797394 0.008770380727946758 0.0
Training: 0.9903225749731064 0.9815135389566422 0.008809052407741547 	Train per: 0.532470703125
	Val per: {'acc': 0.47475538160469666, 'mcc': -0.00795350373819713} 	Val loss: 1.0164658
	Test per: {'acc': 0.5365591397849462, 'mcc': 0.0708563783534232} 	Test loss: 0.9761649
epoch: 116 time: 0.1416 
----->>>>> Training: 0.9905129492282867 0.9814391523599625 0.00907380268909037 0.0
Training: 0.9903166502714157 0.9811439752578736 0.00917266495525837 	Train per: 0.532470703125
	Val per: {'acc': 0.46966731898238745, 'mcc': -0.01885796821860016} 	Val loss: 1.0174863
	Test per: {'acc': 0.5362903225806451, 'mcc': 0.07012904471672796} 	Test loss: 0.9755688
epoch: 117 time: 0.1434 
----->>>>> Training: 0.990390944480896 0.9812070518732071 0.009183891816064715 0.0
Training: 0.9901830911636352 0.980993127822876 0.009189991280436516 	Train per: 0.5330078125
	Val per: {'acc': 0.473972602739726, 'mcc': -0.009849725009849677} 	Val loss: 1.0169166
	Test per: {'acc': 0.5368279569892473, 'mcc': 0.07142701583957113} 	Test loss: 0.97532684
epoch: 118 time: 0.1409 
----->>>>> Training: 0.9901123523712159 0.9808459639549255 0.009266390977427364 0.0
Training: 0.9899616837501526 0.9805249035358429 0.009436757303774357 	Train per: 0.53330078125
	Val per: {'acc': 0.4720156555772994, 'mcc': -0.014403051086126321} 	Val loss: 1.017421
	Test per: {'acc': 0.5360215053763441, 'mcc': 0.06971508770187204} 	Test loss: 0.9748577
epoch: 119 time: 0.1521 
----->>>>> Training: 0.9898392379283905 0.9803995430469513 0.009439697209745645 0.0
Training: 0.9896468311548233 0.9802017629146575 0.00944504700601101 	Train per: 0.533056640625
	Val per: {'acc': 0.4735812133072407, 'mcc': -0.009365191382463008} 	Val loss: 1.0176201
	Test per: {'acc': 0.535752688172043, 'mcc': 0.06900777051237485} 	Test loss: 0.9746978
epoch: 120 time: 0.1346 
----->>>>> Training: 0.9899103134870529 0.9803558647632599 0.009554443089291454 0.0
Training: 0.9896370828151703 0.979989942908287 0.009647134691476822 	Train per: 0.533642578125
	Val per: {'acc': 0.4755381604696673, 'mcc': -0.007860400625045066} 	Val loss: 1.0167491
	Test per: {'acc': 0.5349462365591398, 'mcc': 0.06784026636550991} 	Test loss: 0.97446316
epoch: 121 time: 0.1410 
----->>>>> Training: 0.9898452877998352 0.9799792557954788 0.009866037406027317 0.0
Training: 0.989519202709198 0.9796669095754623 0.009852301329374313 	Train per: 0.53486328125
	Val per: {'acc': 0.46771037181996084, 'mcc': -0.021028727346678534} 	Val loss: 1.0187539
	Test per: {'acc': 0.5370967741935484, 'mcc': 0.07148487731941598} 	Test loss: 0.97405654
epoch: 122 time: 0.1638 
----->>>>> Training: 0.9899581700563431 0.9801330894231797 0.00982507918961346 0.0
Training: 0.9895331263542175 0.9796522825956344 0.00988085102289915 	Train per: 0.53310546875
	Val per: {'acc': 0.47475538160469666, 'mcc': -0.006503383183529986} 	Val loss: 1.0175592
	Test per: {'acc': 0.5362903225806451, 'mcc': 0.07028573712720965} 	Test loss: 0.9739939
epoch: 123 time: 0.1774 
----->>>>> Training: 0.9895199567079545 0.9797159761190415 0.009803976211696864 0.0
Training: 0.98927401304245 0.9794545024633408 0.009819530881941319 	Train per: 0.53486328125
	Val per: {'acc': 0.46966731898238745, 'mcc': -0.016426272002228653} 	Val loss: 1.0184373
	Test per: {'acc': 0.5400537634408602, 'mcc': 0.07745924110672041} 	Test loss: 0.9737907
epoch: 124 time: 0.1607 
----->>>>> Training: 0.9895846605300903 0.9795653074979782 0.010019350145012141 0.0
Training: 0.9893343269824981 0.9792201846837998 0.010114151984453201 	Train per: 0.53232421875
	Val per: {'acc': 0.4731898238747554, 'mcc': -0.010496672253420778} 	Val loss: 1.0171332
	Test per: {'acc': 0.5368279569892473, 'mcc': 0.07146720949425406} 	Test loss: 0.9736402
epoch: 125 time: 0.1381 
----->>>>> Training: 0.9893746793270111 0.9790739506483078 0.010300729656592011 0.0
Training: 0.9890981823205948 0.9787921190261841 0.010306072421371937 	Train per: 0.533837890625
	Val per: {'acc': 0.473972602739726, 'mcc': -0.011626327771184239} 	Val loss: 1.0170944
	Test per: {'acc': 0.5330645161290323, 'mcc': 0.06411378565346074} 	Test loss: 0.97342694
epoch: 126 time: 0.1428 
----->>>>> Training: 0.9897756546735763 0.9795344173908234 0.010241228388622403 0.0
Training: 0.9893397927284241 0.979186749458313 0.010153025388717651 	Train per: 0.533447265625
	Val per: {'acc': 0.47279843444227004, 'mcc': -0.012158263096521512} 	Val loss: 1.017809
	Test per: {'acc': 0.5352150537634408, 'mcc': 0.06818334550748455} 	Test loss: 0.97374713
epoch: 127 time: 0.1386 
----->>>>> Training: 0.9891702502965927 0.9788229435682296 0.010347310360521078 0.0
Training: 0.9889407902956009 0.9782943248748779 0.010646465234458447 	Train per: 0.53271484375
	Val per: {'acc': 0.47045009784735814, 'mcc': -0.01661711152856109} 	Val loss: 1.0181644
	Test per: {'acc': 0.535752688172043, 'mcc': 0.06924435193789626} 	Test loss: 0.9725491
epoch: 128 time: 0.1377 
----->>>>> Training: 0.9889249175786972 0.9782463550567627 0.010678566945716738 0.0
Training: 0.9886795878410339 0.9780095219612122 0.010670086368918419 	Train per: 0.5328125
	Val per: {'acc': 0.4712328767123288, 'mcc': -0.013305627795329759} 	Val loss: 1.0182439
	Test per: {'acc': 0.5365591397849462, 'mcc': 0.0707575795256212} 	Test loss: 0.9722224
epoch: 129 time: 0.1695 
----->>>>> Training: 0.9890344768762589 0.9782827019691467 0.01075177318416536 0.0
Training: 0.9887107133865356 0.9780016630887985 0.010709074325859547 	Train per: 0.532666015625
	Val per: {'acc': 0.475146771037182, 'mcc': -0.008981456338975275} 	Val loss: 1.0172129
	Test per: {'acc': 0.5352150537634408, 'mcc': 0.06854072065711375} 	Test loss: 0.97228885
epoch: 130 time: 0.1557 
----->>>>> Training: 0.9889440655708313 0.9783172011375427 0.010626873420551419 0.0
Training: 0.9887680053710938 0.9781891345977783 0.010578894056379795 	Train per: 0.533935546875
	Val per: {'acc': 0.4720156555772994, 'mcc': -0.012283998837117274} 	Val loss: 1.0182952
	Test per: {'acc': 0.5349462365591398, 'mcc': 0.06735434112463476} 	Test loss: 0.9724776
epoch: 131 time: 0.1390 
----->>>>> Training: 0.9886857330799103 0.978074249625206 0.010611482290551066 0.0
Training: 0.9884848982095719 0.9778451710939408 0.010639706626534462 	Train per: 0.534765625
	Val per: {'acc': 0.47045009784735814, 'mcc': -0.014157405592589182} 	Val loss: 1.018623
	Test per: {'acc': 0.535752688172043, 'mcc': 0.06895036092840577} 	Test loss: 0.97258097
epoch: 132 time: 0.1415 
----->>>>> Training: 0.9885270535945893 0.9776281267404556 0.010898921359330415 0.0
Training: 0.9882209599018097 0.9772261083126068 0.010994842275977135 	Train per: 0.53369140625
	Val per: {'acc': 0.47279843444227004, 'mcc': -0.013041548248975745} 	Val loss: 1.0176537
	Test per: {'acc': 0.5352150537634408, 'mcc': 0.0684760532826851} 	Test loss: 0.97223866
epoch: 133 time: 0.1464 
----->>>>> Training: 0.9884078204631805 0.9771239817142486 0.011283838609233498 0.0
Training: 0.9881811529397965 0.9767588764429093 0.011422268114984035 	Train per: 0.53427734375
	Val per: {'acc': 0.47279843444227004, 'mcc': -0.01037478051572327} 	Val loss: 1.0191704
	Test per: {'acc': 0.5360215053763441, 'mcc': 0.06961683374112462} 	Test loss: 0.9715696
epoch: 134 time: 0.1450 
----->>>>> Training: 0.988368171453476 0.9771188855171203 0.011249278951436282 0.0
Training: 0.9881715893745422 0.9769255578517914 0.011246038600802422 	Train per: 0.53310546875
	Val per: {'acc': 0.4731898238747554, 'mcc': -0.011920356584424042} 	Val loss: 1.017745
	Test per: {'acc': 0.5344086021505376, 'mcc': 0.06682422826440106} 	Test loss: 0.9717895
epoch: 135 time: 0.1785 
----->>>>> Training: 0.9883643805980682 0.977047348022461 0.011317034810781479 0.0
Training: 0.9881005048751831 0.9767030864953995 0.01139741763472557 	Train per: 0.534765625
	Val per: {'acc': 0.4755381604696673, 'mcc': -0.0031118930772754834} 	Val loss: 1.0189555
	Test per: {'acc': 0.5338709677419354, 'mcc': 0.06512962061225369} 	Test loss: 0.971062
epoch: 136 time: 0.1471 
----->>>>> Training: 0.988286817073822 0.9771992623806 0.011087557487189769 0.0
Training: 0.9879146814346313 0.9767839878797531 0.011130706407129765 	Train per: 0.534765625
	Val per: {'acc': 0.4771037181996086, 'mcc': -0.0018776345855039225} 	Val loss: 1.0178342
	Test per: {'acc': 0.5344086021505376, 'mcc': 0.06665475363601181} 	Test loss: 0.9712395
epoch: 137 time: 0.1421 
----->>>>> Training: 0.9881187111139298 0.9765358358621598 0.011582874692976475 0.0
Training: 0.9877587646245957 0.9758996456861496 0.011859145015478134 	Train per: 0.534716796875
	Val per: {'acc': 0.4735812133072407, 'mcc': -0.00954496984628237} 	Val loss: 1.0192603
	Test per: {'acc': 0.5344086021505376, 'mcc': 0.06644958210281618} 	Test loss: 0.9706585
epoch: 138 time: 0.1442 
----->>>>> Training: 0.9880787283182144 0.9761483013629914 0.01193043258972466 0.0
Training: 0.987783107161522 0.975878331065178 0.011904800310730934 	Train per: 0.53447265625
	Val per: {'acc': 0.47592954990215264, 'mcc': -0.00196121085132154} 	Val loss: 1.0194945
	Test per: {'acc': 0.5336021505376344, 'mcc': 0.06463677527674945} 	Test loss: 0.9703189
epoch: 139 time: 0.1411 
----->>>>> Training: 0.9880155801773072 0.9764839559793472 0.011531624617055059 0.0
Training: 0.987655508518219 0.9763052880764007 0.011350218206644058 	Train per: 0.53544921875
	Val per: {'acc': 0.4767123287671233, 'mcc': -0.0017189667037872216} 	Val loss: 1.0181987
	Test per: {'acc': 0.5344086021505376, 'mcc': 0.06649002437970475} 	Test loss: 0.9709129
epoch: 140 time: 0.1512 
----->>>>> Training: 0.9878706246614456 0.9761173248291015 0.011753303930163383 0.0
Training: 0.9875894099473953 0.9754590272903443 0.01213038619607687 	Train per: 0.535302734375
	Val per: {'acc': 0.4786692759295499, 'mcc': 0.0027038453655195216} 	Val loss: 1.0183864
	Test per: {'acc': 0.5341397849462366, 'mcc': 0.06604154907561952} 	Test loss: 0.9700404
epoch: 141 time: 0.1369 
----->>>>> Training: 0.9876485645771027 0.9757192432880402 0.011929326970130206 0.0
Training: 0.9874298572540283 0.9755436778068542 0.01188618503510952 	Train per: 0.535498046875
	Val per: {'acc': 0.4786692759295499, 'mcc': 0.0025141118995904836} 	Val loss: 1.0183496
	Test per: {'acc': 0.5341397849462366, 'mcc': 0.06597981783393927} 	Test loss: 0.9703383
epoch: 142 time: 0.1450 
----->>>>> Training: 0.9878113567829132 0.9756591647863389 0.012152192695066334 0.0
Training: 0.9874760627746582 0.9752873837947845 0.012188677676022053 	Train per: 0.535595703125
	Val per: {'acc': 0.4774951076320939, 'mcc': 0.002670082472317107} 	Val loss: 1.0195478
	Test per: {'acc': 0.5333333333333333, 'mcc': 0.06400715787961374} 	Test loss: 0.9695093
epoch: 143 time: 0.1638 
----->>>>> Training: 0.9876187235116959 0.9752774566411972 0.012341264449059964 0.0
Training: 0.9873422473669052 0.9749476402997971 0.012394580990076065 	Train per: 0.53486328125
	Val per: {'acc': 0.47906066536203523, 'mcc': 0.004430542491842267} 	Val loss: 1.0183793
	Test per: {'acc': 0.5330645161290323, 'mcc': 0.06379621262700563} 	Test loss: 0.9696423
epoch: 144 time: 0.1866 
----->>>>> Training: 0.9874528408050537 0.9750166565179825 0.012436175998300315 0.0
Training: 0.9870805531740189 0.9746981054544449 0.012382437475025654 	Train per: 0.53671875
	Val per: {'acc': 0.4771037181996086, 'mcc': 0.0001796615662531723} 	Val loss: 1.0191582
	Test per: {'acc': 0.5333333333333333, 'mcc': 0.06398778968042097} 	Test loss: 0.96916735
epoch: 145 time: 0.1584 
----->>>>> Training: 0.9873851388692856 0.9750946611166 0.012290479429066182 0.0
Training: 0.9873840898275376 0.9751359820365906 0.012248124927282333 	Train per: 0.534912109375
	Val per: {'acc': 0.4806262230919765, 'mcc': 0.0075177374338474354} 	Val loss: 1.0173632
	Test per: {'acc': 0.5352150537634408, 'mcc': 0.06845465023539958} 	Test loss: 0.9695531
epoch: 146 time: 0.1394 
----->>>>> Training: 0.9876276046037674 0.9754918813705444 0.012135724257677793 0.0
Training: 0.9872889637947082 0.9750266790390014 0.012262264266610146 	Train per: 0.535205078125
	Val per: {'acc': 0.4782778864970646, 'mcc': 0.003649525347347686} 	Val loss: 1.018308
	Test per: {'acc': 0.5341397849462366, 'mcc': 0.06579858231700969} 	Test loss: 0.96964425
epoch: 147 time: 0.1406 
----->>>>> Training: 0.9873785138130188 0.9749312609434128 0.012447260785847902 0.0
Training: 0.9869547784328461 0.9744651615619659 0.012489606626331806 	Train per: 0.536474609375
	Val per: {'acc': 0.47788649706457925, 'mcc': 0.0028727250111053285} 	Val loss: 1.0191779
	Test per: {'acc': 0.5341397849462366, 'mcc': 0.06568105246875451} 	Test loss: 0.969148
epoch: 148 time: 0.1419 
----->>>>> Training: 0.9874926269054413 0.975233969092369 0.012258657813072204 0.0
Training: 0.9869118422269821 0.9746367424726486 0.012275119312107563 	Train per: 0.536083984375
	Val per: {'acc': 0.4794520547945205, 'mcc': 0.004053816619684989} 	Val loss: 1.0169156
	Test per: {'acc': 0.5346774193548387, 'mcc': 0.06748314462749967} 	Test loss: 0.96916604
epoch: 149 time: 0.1611 

Best Valid performance: {'acc': 0.5350293542074364, 'mcc': 0.10095756849411722}
	Best Test performance: {'acc': 0.5303763440860215, 'mcc': 0.07012336179115554}
