Namespace(path='./data/stocknet-dataset/price/ourpped', seq=5, unit=4, alpha_l2=1.0, beta_adv=0.05, epsilon_adv=0.001, step=1, batch_size=1024, epoch=150, learning_rate=0.001, gpu=1, model_path='./saved_model/acl18_alstm/exp', model_save_path='./saved_model/acl18_resnet34_lstm/exp', action='train', model='pure_lstm', fix_init=1, att=0, week=0, adv=0, hinge_lose=1, reload=0, resnet=1)
87  tickers selected
652 trading dates:
148 546 588
20315  training instances
2555  validation instances
3720  testing instances
Tensor("Shape:0", shape=(3,), dtype=int32)
is pred_lstm
device name: /gpu:0
outputs_shape: [None, 5, 4]
resshape: [None, 5, 4]
Shape of self.output: Tensor("Shape:0", shape=(3,), dtype=int32)
Shape of self.resnet_features: Tensor("Shape_1:0", shape=(3,), dtype=int32)
Shape of self.combined_features: [None, 5, 4]
adversarial scope
adversial part
Metal device set to: Apple M1 Pro

systemMemory: 16.00 GB
maxCacheSize: 5.33 GB

----->>>>> Training: 1.6735219419002534 0.999639230966568 0.6738826930522919 0.0
Training: 1.6463983416557313 0.9958735466003418 0.6505247950553894 	Train per: 0.521337890625
	Val per: {'acc': 0.5162426614481409, 'mcc': 0.044855009049315823} 	Val loss: 0.9910485
	Test per: {'acc': 0.5137096774193548, 'mcc': 0.040862096063382765} 	Test loss: 0.996534
epoch: 0 time: 17.4411 
----->>>>> Training: 1.626983779668808 0.996938419342041 0.6300453573465348 0.0
Training: 1.6035890638828278 0.9958010971546173 0.6077879667282104 	Train per: 0.515478515625
	Val per: {'acc': 0.5119373776908024, 'mcc': 0.03658680077542576} 	Val loss: 0.9920759
	Test per: {'acc': 0.5333333333333333, 'mcc': 0.08337883571621754} 	Test loss: 0.9923237
epoch: 1 time: 12.7115 
----->>>>> Training: 1.5840073645114898 0.995652049779892 0.5883553087711334 0.0
Training: 1.563046133518219 0.9957692980766296 0.5672768354415894 	Train per: 0.51171875
	Val per: {'acc': 0.540508806262231, 'mcc': 0.07185200003081771} 	Val loss: 0.9842674
	Test per: {'acc': 0.5177419354838709, 'mcc': 0.05483337615815638} 	Test loss: 0.9941166
epoch: 2 time: 15.0581 
----->>>>> Training: 1.5434006452560425 0.9944936454296112 0.5489070147275925 0.0
Training: 1.5224568605422975 0.993476715683937 0.5289801359176636 	Train per: 0.519091796875
	Val per: {'acc': 0.5256360078277886, 'mcc': 0.07771567239991982} 	Val loss: 0.9898881
	Test per: {'acc': 0.5282258064516129, 'mcc': 0.06640846859908114} 	Test loss: 0.98845845
epoch: 3 time: 12.7696 
----->>>>> Training: 1.5041182935237885 0.9924753934144974 0.5116429030895233 0.0
Training: 1.484173798561096 0.9913118034601212 0.4928619861602783 	Train per: 0.51728515625
	Val per: {'acc': 0.5342465753424658, 'mcc': 0.07853609466677543} 	Val loss: 0.9878183
	Test per: {'acc': 0.5314516129032258, 'mcc': 0.07467015414827365} 	Test loss: 0.9872871
epoch: 4 time: 12.4620 
----->>>>> Training: 1.4684727311134338 0.9919424742460251 0.47653025537729266 0.0
Training: 1.4504802882671357 0.9916650056838989 0.4588152766227722 	Train per: 0.511083984375
	Val per: {'acc': 0.5416829745596868, 'mcc': 0.07755050766388055} 	Val loss: 0.9865567
	Test per: {'acc': 0.5263440860215054, 'mcc': 0.06864262895057156} 	Test loss: 0.98667854
epoch: 5 time: 14.8247 
----->>>>> Training: 1.4356008172035217 0.9922051548957824 0.4433956578373909 0.0
Training: 1.4176042795181274 0.9909212231636048 0.4266830384731293 	Train per: 0.513232421875
	Val per: {'acc': 0.5397260273972603, 'mcc': 0.09776415754499457} 	Val loss: 0.9848071
	Test per: {'acc': 0.5244623655913978, 'mcc': 0.060266743773549736} 	Test loss: 0.98506224
epoch: 6 time: 12.3633 
----->>>>> Training: 1.4012421548366547 0.9890721917152405 0.4121699437499046 0.0
Training: 1.3845180928707124 0.9880447238683701 0.39647337794303894 	Train per: 0.51650390625
	Val per: {'acc': 0.5303326810176126, 'mcc': 0.10085754049215147} 	Val loss: 0.9909833
	Test per: {'acc': 0.5295698924731183, 'mcc': 0.06764518857916324} 	Test loss: 0.9816948
epoch: 7 time: 12.3098 
----->>>>> Training: 1.3701360702514649 0.9872806459665299 0.382855424284935 0.0
Training: 1.3553342401981354 0.987195047736168 0.36813920736312866 	Train per: 0.518017578125
	Val per: {'acc': 0.5252446183953033, 'mcc': 0.0973344921535124} 	Val loss: 0.9920181
	Test per: {'acc': 0.5327956989247312, 'mcc': 0.07255003028792532} 	Test loss: 0.9803151
epoch: 8 time: 12.6978 
----->>>>> Training: 1.342899078130722 0.9875390619039536 0.3553600266575813 0.0
Training: 1.3264171361923218 0.9848763704299927 0.34154075384140015 	Train per: 0.517041015625
	Val per: {'acc': 0.5213307240704501, 'mcc': 0.09207560058218883} 	Val loss: 0.9938425
	Test per: {'acc': 0.5295698924731183, 'mcc': 0.06717283370847692} 	Test loss: 0.979297
epoch: 9 time: 12.5509 
----->>>>> Training: 1.313418847322464 0.9838783085346222 0.329540553689003 0.0
Training: 1.2992003738880158 0.9825837761163712 0.31661659479141235 	Train per: 0.517626953125
	Val per: {'acc': 0.5150684931506849, 'mcc': 0.08210162369551954} 	Val loss: 1.0051556
	Test per: {'acc': 0.5298387096774193, 'mcc': 0.06591938901998648} 	Test loss: 0.9749684
epoch: 10 time: 12.3813 
----->>>>> Training: 1.2940061569213868 0.9885644942522049 0.30544167309999465 0.0
Training: 1.2843279123306275 0.991054567694664 0.29327335953712463 	Train per: 0.516455078125
	Val per: {'acc': 0.512720156555773, 'mcc': 0.07891550325356271} 	Val loss: 0.997786
	Test per: {'acc': 0.5290322580645161, 'mcc': 0.06383786779417229} 	Test loss: 0.987128
epoch: 11 time: 12.4000 
----->>>>> Training: 1.2724623501300811 0.9897658854722977 0.28269646465778353 0.0
Training: 1.2600269556045531 0.9887758553028106 0.2712511122226715 	Train per: 0.518896484375
	Val per: {'acc': 0.5025440313111545, 'mcc': 0.07019642792831404} 	Val loss: 1.0048158
	Test per: {'acc': 0.5287634408602151, 'mcc': 0.06100993205618262} 	Test loss: 0.9838965
epoch: 12 time: 12.4523 
----->>>>> Training: 1.2496927857398987 0.9883518159389496 0.2613409623503685 0.0
Training: 1.2383584558963776 0.9877177208662034 0.25064074993133545 	Train per: 0.518115234375
	Val per: {'acc': 0.5107632093933464, 'mcc': 0.08113298362394858} 	Val loss: 1.001767
	Test per: {'acc': 0.5317204301075269, 'mcc': 0.06623647201884054} 	Test loss: 0.98210573
epoch: 13 time: 12.9267 
----->>>>> Training: 1.2291134893894196 0.9877073705196381 0.2414061240851879 0.0
Training: 1.2186352252960204 0.9871977955102921 0.23143741488456726 	Train per: 0.51943359375
	Val per: {'acc': 0.5045009784735812, 'mcc': 0.07003287376087364} 	Val loss: 1.0026364
	Test per: {'acc': 0.5333333333333333, 'mcc': 0.06886067088504592} 	Test loss: 0.98093617
epoch: 14 time: 12.4714 
----->>>>> Training: 1.209410309791565 0.9865967810153962 0.22281352877616883 0.0
Training: 1.1997528195381164 0.986245545744896 0.2135072499513626 	Train per: 0.518896484375
	Val per: {'acc': 0.50293542074364, 'mcc': 0.0672243054171104} 	Val loss: 1.00376
	Test per: {'acc': 0.5325268817204301, 'mcc': 0.06712615128501452} 	Test loss: 0.9803336
epoch: 15 time: 12.5268 
----->>>>> Training: 1.19174165725708 0.9862693458795547 0.20547231957316398 0.0
Training: 1.1827507793903351 0.9859166771173478 0.19683411717414856 	Train per: 0.519677734375
	Val per: {'acc': 0.500587084148728, 'mcc': 0.06389996100917185} 	Val loss: 1.0061822
	Test per: {'acc': 0.5338709677419354, 'mcc': 0.06954231889333799} 	Test loss: 0.97969735
epoch: 16 time: 12.4028 
----->>>>> Training: 1.175136637687683 0.9857812017202378 0.1893554337322712 0.0
Training: 1.166779762506485 0.9854621708393096 0.18131761252880096 	Train per: 0.519287109375
	Val per: {'acc': 0.5045009784735812, 'mcc': 0.07029636420843882} 	Val loss: 1.0049379
	Test per: {'acc': 0.5309139784946236, 'mcc': 0.06372751038150483} 	Test loss: 0.97960806
epoch: 17 time: 12.3659 
----->>>>> Training: 1.159344083070755 0.9849915236234665 0.17435256913304328 0.0
Training: 1.1516537129878999 0.9847835779190064 0.16687016189098358 	Train per: 0.519873046875
	Val per: {'acc': 0.5060665362035225, 'mcc': 0.07389073693057778} 	Val loss: 1.0044569
	Test per: {'acc': 0.5341397849462366, 'mcc': 0.07013023616502895} 	Test loss: 0.9793265
epoch: 18 time: 12.3398 
----->>>>> Training: 1.1455990850925446 0.985185706615448 0.16041337922215462 0.0
Training: 1.1384817004203795 0.9849940419197083 0.1534876674413681 	Train per: 0.52041015625
	Val per: {'acc': 0.5009784735812133, 'mcc': 0.06310956049528843} 	Val loss: 1.0063702
	Test per: {'acc': 0.5301075268817205, 'mcc': 0.06183838461691873} 	Test loss: 0.97959405
epoch: 19 time: 12.3324 
----->>>>> Training: 1.1324377000331878 0.9849538385868073 0.1474838562309742 0.0
Training: 1.1258303284645081 0.984782600402832 0.14104776084423065 	Train per: 0.519921875
	Val per: {'acc': 0.49784735812133074, 'mcc': 0.05793149623054809} 	Val loss: 1.0066339
	Test per: {'acc': 0.5282258064516129, 'mcc': 0.05811457218921519} 	Test loss: 0.9795851
epoch: 20 time: 12.5328 
----->>>>> Training: 1.120496541261673 0.9850451618432998 0.13545137643814087 0.0
Training: 1.1144281148910522 0.9849836498498916 0.1294444352388382 	Train per: 0.520068359375
	Val per: {'acc': 0.499412915851272, 'mcc': 0.060271284833103025} 	Val loss: 1.00593
	Test per: {'acc': 0.5290322580645161, 'mcc': 0.059715075572821} 	Test loss: 0.9798835
epoch: 21 time: 12.2539 
----->>>>> Training: 1.1089445114135743 0.9845943987369538 0.12435011379420757 0.0
Training: 1.1033437430858613 0.9845353394746781 0.11880841106176376 	Train per: 0.520361328125
	Val per: {'acc': 0.49902152641878667, 'mcc': 0.06183888628874858} 	Val loss: 1.0065958
	Test per: {'acc': 0.5268817204301075, 'mcc': 0.05521819737825243} 	Test loss: 0.9798819
epoch: 22 time: 12.3621 
----->>>>> Training: 1.0985919892787934 0.9846021890640259 0.11398981735110283 0.0
Training: 1.0934371054172516 0.9846048444509506 0.10883228480815887 	Train per: 0.52021484375
	Val per: {'acc': 0.4974559686888454, 'mcc': 0.05766634416270004} 	Val loss: 1.0064532
	Test per: {'acc': 0.5266129032258065, 'mcc': 0.0547882087136115} 	Test loss: 0.98024994
epoch: 23 time: 12.2951 
----->>>>> Training: 1.0894813120365143 0.9850186586380005 0.10446264445781708 0.0
Training: 1.0847105443477632 0.9849803984165192 0.09973014146089554 	Train per: 0.520947265625
	Val per: {'acc': 0.4958904109589041, 'mcc': 0.054275438900061694} 	Val loss: 1.0067896
	Test per: {'acc': 0.5279569892473118, 'mcc': 0.05700478939111439} 	Test loss: 0.9804605
epoch: 24 time: 12.2610 
----->>>>> Training: 1.080547273159027 0.9849011451005936 0.09564613029360772 0.0
Training: 1.0762414038181305 0.9849917173385621 0.09124966710805893 	Train per: 0.52177734375
	Val per: {'acc': 0.49823874755381603, 'mcc': 0.05667146893451221} 	Val loss: 1.0057695
	Test per: {'acc': 0.5301075268817205, 'mcc': 0.06134115071036732} 	Test loss: 0.9810754
epoch: 25 time: 12.5346 
----->>>>> Training: 1.0725184977054596 0.9850330501794815 0.08748545795679093 0.0
Training: 1.0685034573078156 0.9850677013397217 0.08343572914600372 	Train per: 0.521728515625
	Val per: {'acc': 0.49667318982387476, 'mcc': 0.054317370259369516} 	Val loss: 1.006044
	Test per: {'acc': 0.5290322580645161, 'mcc': 0.05897713630917054} 	Test loss: 0.9812165
epoch: 26 time: 12.6016 
----->>>>> Training: 1.0653734982013703 0.9853976130485534 0.07997589260339737 0.0
Training: 1.0617925226688385 0.9855719953775406 0.0762205645442009 	Train per: 0.5216796875
	Val per: {'acc': 0.4962818003913894, 'mcc': 0.05404166016654111} 	Val loss: 1.0065486
	Test per: {'acc': 0.5295698924731183, 'mcc': 0.06002346887671009} 	Test loss: 0.9818384
epoch: 27 time: 12.3931 
----->>>>> Training: 1.0585843443870544 0.9855731159448624 0.07301123142242431 0.0
Training: 1.055242556333542 0.9856754869222641 0.06956705451011658 	Train per: 0.521484375
	Val per: {'acc': 0.5001956947162427, 'mcc': 0.06471283501680145} 	Val loss: 1.0066319
	Test per: {'acc': 0.5276881720430108, 'mcc': 0.05621230063241985} 	Test loss: 0.9824087
epoch: 28 time: 12.3064 
----->>>>> Training: 1.0525966167449952 0.9859411507844925 0.06665547117590905 0.0
Training: 1.0495502710342408 0.9860657274723053 0.06348452717065811 	Train per: 0.521142578125
	Val per: {'acc': 0.49980430528375736, 'mcc': 0.06446777087123888} 	Val loss: 1.0064123
	Test per: {'acc': 0.5252688172043011, 'mcc': 0.051296232530643956} 	Test loss: 0.98273146
epoch: 29 time: 12.3662 
----->>>>> Training: 1.0471343100070953 0.9863907516002655 0.06074356473982334 0.0
Training: 1.0443846344947816 0.9865524917840958 0.05783214792609215 	Train per: 0.52119140625
	Val per: {'acc': 0.5009784735812133, 'mcc': 0.06627172741621958} 	Val loss: 1.006457
	Test per: {'acc': 0.5244623655913978, 'mcc': 0.049696800302994344} 	Test loss: 0.98335034
epoch: 30 time: 12.2612 
----->>>>> Training: 1.0419341623783112 0.9866005569696427 0.055333603732287885 0.0
Training: 1.0394937813282012 0.9868388205766678 0.05265496298670769 	Train per: 0.522119140625
	Val per: {'acc': 0.501761252446184, 'mcc': 0.06702265492088112} 	Val loss: 1.0070127
	Test per: {'acc': 0.524731182795699, 'mcc': 0.05033778477225543} 	Test loss: 0.9839036
epoch: 31 time: 12.3750 
----->>>>> Training: 1.0374627828598022 0.9871096849441529 0.05035308580845595 0.0
Training: 1.0351514279842378 0.9872503697872161 0.04790109023451805 	Train per: 0.522216796875
	Val per: {'acc': 0.49980430528375736, 'mcc': 0.062346033594333876} 	Val loss: 1.0058049
	Test per: {'acc': 0.524731182795699, 'mcc': 0.050220184886544644} 	Test loss: 0.9845533
epoch: 32 time: 12.2924 
----->>>>> Training: 1.0331243872642517 0.9873090147972107 0.0458153760060668 0.0
Training: 1.0309986174106598 0.9874229848384857 0.04357562214136124 	Train per: 0.5212890625
	Val per: {'acc': 0.4958904109589041, 'mcc': 0.055303793916714326} 	Val loss: 1.0060507
	Test per: {'acc': 0.5228494623655914, 'mcc': 0.04609374068992729} 	Test loss: 0.9850747
epoch: 33 time: 12.5354 
----->>>>> Training: 1.0292331397533416 0.9875556707382203 0.04167747125029564 0.0
Training: 1.0273194789886475 0.9876847863197327 0.03963467478752136 	Train per: 0.52255859375
	Val per: {'acc': 0.49667318982387476, 'mcc': 0.057922356670337016} 	Val loss: 1.0060568
	Test per: {'acc': 0.5241935483870968, 'mcc': 0.04848674370002258} 	Test loss: 0.9856277
epoch: 34 time: 12.2580 
----->>>>> Training: 1.0262513160705566 0.9883633911609649 0.03788793794810772 0.0
Training: 1.0245120167732238 0.9884737282991409 0.03603830188512802 	Train per: 0.52197265625
	Val per: {'acc': 0.4962818003913894, 'mcc': 0.05661063999681995} 	Val loss: 1.0058545
	Test per: {'acc': 0.5236559139784946, 'mcc': 0.04735537552249806} 	Test loss: 0.9860861
epoch: 35 time: 12.3070 
----->>>>> Training: 1.0228187263011932 0.9883662104606629 0.034452523663640024 0.0
Training: 1.0212755382061005 0.9885033756494522 0.03277214989066124 	Train per: 0.52294921875
	Val per: {'acc': 0.49354207436399217, 'mcc': 0.05159379665967883} 	Val loss: 1.006086
	Test per: {'acc': 0.5220430107526882, 'mcc': 0.04369002038554162} 	Test loss: 0.9865998
epoch: 36 time: 12.3142 
----->>>>> Training: 1.0198378324508668 0.9885233253240585 0.03131450098007917 0.0
Training: 1.0184342861175537 0.988668116927147 0.02976619079709053 	Train per: 0.5232421875
	Val per: {'acc': 0.49275929549902153, 'mcc': 0.04974677199293539} 	Val loss: 1.0058563
	Test per: {'acc': 0.5233870967741936, 'mcc': 0.046231968391066164} 	Test loss: 0.98716885
epoch: 37 time: 12.3068 
----->>>>> Training: 1.0174106001853942 0.9889812141656875 0.02842937596142292 0.0
Training: 1.0161206901073456 0.9891108334064483 0.02700985036790371 	Train per: 0.524169921875
	Val per: {'acc': 0.49471624266144815, 'mcc': 0.055549327366011245} 	Val loss: 1.0060157
	Test per: {'acc': 0.5239247311827957, 'mcc': 0.04691418228871086} 	Test loss: 0.98788816
epoch: 38 time: 12.3400 
----->>>>> Training: 1.0148607790470123 0.9890371143817902 0.02582366717979312 0.0
Training: 1.0137014746665955 0.9891594827175141 0.024541979655623436 	Train per: 0.5240234375
	Val per: {'acc': 0.4904109589041096, 'mcc': 0.0483085402233401} 	Val loss: 1.0064586
	Test per: {'acc': 0.5228494623655914, 'mcc': 0.04420262521546329} 	Test loss: 0.98828465
epoch: 39 time: 12.3372 
----->>>>> Training: 1.0131040513515472 0.9896404564380645 0.02346359910443425 0.0
Training: 1.0120841264724731 0.9897743672132492 0.02230977825820446 	Train per: 0.523974609375
	Val per: {'acc': 0.4888454011741683, 'mcc': 0.04558568786453264} 	Val loss: 1.006397
	Test per: {'acc': 0.5233870967741936, 'mcc': 0.044938077924605364} 	Test loss: 0.98875004
epoch: 40 time: 12.3434 
----->>>>> Training: 1.0113024592399598 0.9899179875850678 0.02138446280732751 0.0
Training: 1.0103960573673247 0.9900385767221451 0.02035747468471527 	Train per: 0.526318359375
	Val per: {'acc': 0.4857142857142857, 'mcc': 0.042708647358523595} 	Val loss: 1.0070785
	Test per: {'acc': 0.5228494623655914, 'mcc': 0.04313171102796761} 	Test loss: 0.98907316
epoch: 41 time: 12.2746 
----->>>>> Training: 1.0094604194164276 0.990057235956192 0.01940318588167429 0.0
Training: 1.008598655462265 0.9901684433221817 0.018430177122354507 	Train per: 0.52734375
	Val per: {'acc': 0.4821917808219178, 'mcc': 0.03412238383483846} 	Val loss: 1.0068
	Test per: {'acc': 0.5206989247311828, 'mcc': 0.03884945744814133} 	Test loss: 0.9896713
epoch: 42 time: 12.2471 
----->>>>> Training: 1.0080670654773711 0.9904141813516617 0.017652891483157872 0.0
Training: 1.007311964035034 0.9905045121908188 0.016807449981570244 	Train per: 0.528466796875
	Val per: {'acc': 0.47788649706457925, 'mcc': 0.026814161360031646} 	Val loss: 1.007221
	Test per: {'acc': 0.5228494623655914, 'mcc': 0.04244806266270806} 	Test loss: 0.9901178
epoch: 43 time: 12.4239 
----->>>>> Training: 1.0065722703933715 0.990484768152237 0.016087498050183058 0.0
Training: 1.0059222012758255 0.990601047873497 0.015321185812354088 	Train per: 0.530029296875
	Val per: {'acc': 0.4782778864970646, 'mcc': 0.028702395116177514} 	Val loss: 1.007349
	Test per: {'acc': 0.5231182795698924, 'mcc': 0.04266717237633014} 	Test loss: 0.9904069
epoch: 44 time: 12.2769 
----->>>>> Training: 1.0057368934154511 0.9910560250282288 0.014680874207988382 0.0
Training: 1.0051501274108887 0.9911732882261276 0.013976870104670525 	Train per: 0.530517578125
	Val per: {'acc': 0.4774951076320939, 'mcc': 0.027747322407002672} 	Val loss: 1.0074401
	Test per: {'acc': 0.5258064516129032, 'mcc': 0.04799893689482369} 	Test loss: 0.990782
epoch: 45 time: 12.2814 
----->>>>> Training: 1.004602625966072 0.9912207454442978 0.0133818703237921 0.0
Training: 1.0041022926568985 0.9913485467433929 0.012753725983202457 	Train per: 0.53046875
	Val per: {'acc': 0.47788649706457925, 'mcc': 0.02913961903723395} 	Val loss: 1.0072942
	Test per: {'acc': 0.5241935483870968, 'mcc': 0.04460768985063243} 	Test loss: 0.9911012
epoch: 46 time: 12.2999 
----->>>>> Training: 1.0037467449903488 0.9915105193853379 0.012236221134662629 0.0
Training: 1.0033108860254287 0.9916254281997681 0.011685457080602646 	Train per: 0.53076171875
	Val per: {'acc': 0.476320939334638, 'mcc': 0.02748227014799838} 	Val loss: 1.0075504
	Test per: {'acc': 0.5239247311827957, 'mcc': 0.04361085120994189} 	Test loss: 0.99123496
epoch: 47 time: 12.2699 
----->>>>> Training: 1.0029136180877685 0.9917151898145675 0.01119842384941876 0.0
Training: 1.0025074481964111 0.9918119698762894 0.010695486329495907 	Train per: 0.530224609375
	Val per: {'acc': 0.4731898238747554, 'mcc': 0.020626337063093327} 	Val loss: 1.0074391
	Test per: {'acc': 0.5239247311827957, 'mcc': 0.043463239895280156} 	Test loss: 0.99160403
epoch: 48 time: 12.2477 
----->>>>> Training: 1.0023989111185074 0.9921304434537888 0.010268468409776688 0.0
Training: 1.0020533740520476 0.9922461658716202 0.009807189926505089 	Train per: 0.530126953125
	Val per: {'acc': 0.47279843444227004, 'mcc': 0.018966144964904657} 	Val loss: 1.0070935
	Test per: {'acc': 0.5252688172043011, 'mcc': 0.046417854581458265} 	Test loss: 0.99175036
epoch: 49 time: 12.2528 
----->>>>> Training: 1.0017879396677016 0.9923560351133347 0.009431894542649389 0.0
Training: 1.0014486074447633 0.9924474835395813 0.009001122787594795 	Train per: 0.53037109375
	Val per: {'acc': 0.47084148727984343, 'mcc': 0.0152226601200248} 	Val loss: 1.0070869
	Test per: {'acc': 0.5231182795698924, 'mcc': 0.0418047646902067} 	Test loss: 0.99217206
epoch: 50 time: 12.2666 
----->>>>> Training: 1.0011585891246795 0.9925086617469787 0.008649941021576523 0.0
Training: 1.0008808821439743 0.99260213971138 0.008278734982013702 	Train per: 0.5306640625
	Val per: {'acc': 0.47162426614481406, 'mcc': 0.018046664542728214} 	Val loss: 1.0070505
	Test per: {'acc': 0.5239247311827957, 'mcc': 0.04328289830397018} 	Test loss: 0.9923758
epoch: 51 time: 12.4817 
----->>>>> Training: 1.0006730109453201 0.9927215725183487 0.007951438962481915 0.0
Training: 1.000419807434082 0.9928007453680039 0.007619058713316917 	Train per: 0.5306640625
	Val per: {'acc': 0.4712328767123288, 'mcc': 0.016884221683325214} 	Val loss: 1.0067587
	Test per: {'acc': 0.525, 'mcc': 0.04553904180438656} 	Test loss: 0.9925403
epoch: 52 time: 12.4407 
----->>>>> Training: 1.0001428723335266 0.9927756547927856 0.007367216190323234 0.0
Training: 0.9999033838510514 0.9928246945142746 0.007078706752508879 	Train per: 0.5306640625
	Val per: {'acc': 0.4688845401174168, 'mcc': 0.013155890883473475} 	Val loss: 1.0071046
	Test per: {'acc': 0.5228494623655914, 'mcc': 0.04068568087199137} 	Test loss: 0.99275833
epoch: 53 time: 12.4183 
----->>>>> Training: 0.9998569548130035 0.9930584907531739 0.0067984630353748795 0.0
Training: 0.999638420343399 0.9930985301733017 0.006539886351674795 	Train per: 0.53125
	Val per: {'acc': 0.47045009784735814, 'mcc': 0.015066053496118455} 	Val loss: 1.0066199
	Test per: {'acc': 0.5239247311827957, 'mcc': 0.04317692019339246} 	Test loss: 0.9929999
epoch: 54 time: 12.3444 
----->>>>> Training: 0.9996621787548066 0.9933083653450012 0.0063538116868585345 0.0
Training: 0.9994984090328216 0.9933748781681061 0.006123521365225315 	Train per: 0.53134765625
	Val per: {'acc': 0.46966731898238745, 'mcc': 0.014751074485178022} 	Val loss: 1.0066981
	Test per: {'acc': 0.5244623655913978, 'mcc': 0.04401090129654115} 	Test loss: 0.9931372
epoch: 55 time: 12.4145 
----->>>>> Training: 0.9993974685668945 0.9934803009033203 0.005917170317843556 0.0
Training: 0.9992453247308731 0.9935450851917267 0.005700248293578625 	Train per: 0.530029296875
	Val per: {'acc': 0.46966731898238745, 'mcc': 0.013740699922948234} 	Val loss: 1.006343
	Test per: {'acc': 0.5252688172043011, 'mcc': 0.045911048590746004} 	Test loss: 0.9932691
epoch: 56 time: 12.3969 
----->>>>> Training: 0.9991423100233078 0.9936397910118103 0.005502516753040254 0.0
Training: 0.9990045875310898 0.9936980932950974 0.005306505598127842 	Train per: 0.531689453125
	Val per: {'acc': 0.46927592954990216, 'mcc': 0.013323709464018165} 	Val loss: 1.0062859
	Test per: {'acc': 0.5241935483870968, 'mcc': 0.04361678608649875} 	Test loss: 0.9934829
epoch: 57 time: 12.6867 
----->>>>> Training: 0.999094769358635 0.9939110010862351 0.00518377146217972 0.0
Training: 0.9989873558282852 0.9939572721719742 0.00503007834777236 	Train per: 0.530419921875
	Val per: {'acc': 0.4669275929549902, 'mcc': 0.009740355162590213} 	Val loss: 1.0066706
	Test per: {'acc': 0.5274193548387097, 'mcc': 0.04968277524112338} 	Test loss: 0.9935681
epoch: 58 time: 12.4035 
----->>>>> Training: 0.9987873345613479 0.9939300268888474 0.004857302061282098 0.0
Training: 0.9986769586801529 0.993979987502098 0.004696974065154791 	Train per: 0.531640625
	Val per: {'acc': 0.4681017612524462, 'mcc': 0.011800724257134873} 	Val loss: 1.0062783
	Test per: {'acc': 0.5266129032258065, 'mcc': 0.048236394137812603} 	Test loss: 0.99373794
epoch: 59 time: 12.6021 
----->>>>> Training: 0.9986653655767441 0.9940764397382736 0.004588932753540576 0.0
Training: 0.9985797315835953 0.9941057354211807 0.00447400426492095 	Train per: 0.530419921875
	Val per: {'acc': 0.4669275929549902, 'mcc': 0.010497130167255843} 	Val loss: 1.0064794
	Test per: {'acc': 0.5260752688172043, 'mcc': 0.046810823502205084} 	Test loss: 0.99374205
epoch: 60 time: 12.6148 
----->>>>> Training: 0.9985289633274078 0.9941569894552231 0.004371965397149324 0.0
Training: 0.9984493017196655 0.9942238837480545 0.0042254249565303326 	Train per: 0.5306640625
	Val per: {'acc': 0.46731898238747555, 'mcc': 0.010935318371486744} 	Val loss: 1.006278
	Test per: {'acc': 0.5255376344086021, 'mcc': 0.04573252802326922} 	Test loss: 0.99388033
epoch: 61 time: 12.6537 
----->>>>> Training: 0.9983605802059173 0.9942614585161209 0.004099112935364246 0.0
Training: 0.9982940554618835 0.9943215757608413 0.003972476813942194 	Train per: 0.531201171875
	Val per: {'acc': 0.4681017612524462, 'mcc': 0.011800724257134873} 	Val loss: 1.0059788
	Test per: {'acc': 0.524731182795699, 'mcc': 0.04425622330780838} 	Test loss: 0.9940431
epoch: 62 time: 12.3228 
----->>>>> Training: 0.9982637852430344 0.9943744122982026 0.003889372246339917 0.0
Training: 0.9982038140296936 0.9944083124399186 0.0037954794242978096 	Train per: 0.5310546875
	Val per: {'acc': 0.4681017612524462, 'mcc': 0.012561633246589264} 	Val loss: 1.0059646
	Test per: {'acc': 0.524731182795699, 'mcc': 0.04419519105998685} 	Test loss: 0.9940805
epoch: 63 time: 12.2832 
----->>>>> Training: 0.99813132584095 0.9944280505180358 0.0037032670341432096 0.0
Training: 0.9980717241764069 0.9944456815719604 0.0036260231863707304 	Train per: 0.5310546875
	Val per: {'acc': 0.4681017612524462, 'mcc': 0.013332341168150495} 	Val loss: 1.0059822
	Test per: {'acc': 0.5244623655913978, 'mcc': 0.04349374654877834} 	Test loss: 0.99416065
epoch: 64 time: 12.3273 
----->>>>> Training: 0.9981427401304245 0.9945643305778503 0.0035784081439487634 0.0
Training: 0.9980668634176254 0.9945638924837112 0.0035029915161430836 	Train per: 0.530322265625
	Val per: {'acc': 0.4657534246575342, 'mcc': 0.00941548522962864} 	Val loss: 1.0061572
	Test per: {'acc': 0.5258064516129032, 'mcc': 0.045904039284253545} 	Test loss: 0.99422765
epoch: 65 time: 12.6151 
----->>>>> Training: 0.9980919659137726 0.9946709454059601 0.0034210294717922805 0.0
Training: 0.9980491638183594 0.99470654129982 0.003342604963108897 	Train per: 0.530810546875
	Val per: {'acc': 0.4681017612524462, 'mcc': 0.013332341168150495} 	Val loss: 1.0058625
	Test per: {'acc': 0.5241935483870968, 'mcc': 0.04288169550009969} 	Test loss: 0.9943104
epoch: 66 time: 12.7032 
----->>>>> Training: 0.9980412423610687 0.9947583973407745 0.0032828458584845065 0.0
Training: 0.9979953527450561 0.9947733134031296 0.003222029423341155 	Train per: 0.53076171875
	Val per: {'acc': 0.4688845401174168, 'mcc': 0.015213336812636433} 	Val loss: 1.0057634
	Test per: {'acc': 0.5241935483870968, 'mcc': 0.042987001292425886} 	Test loss: 0.9942937
epoch: 67 time: 12.7494 
----->>>>> Training: 0.9980005830526352 0.9947957158088684 0.0032048678607679904 0.0
Training: 0.9979504972696305 0.9947932422161102 0.0031572466250509024 	Train per: 0.530078125
	Val per: {'acc': 0.46536203522504893, 'mcc': 0.007941345025846298} 	Val loss: 1.0060099
	Test per: {'acc': 0.5239247311827957, 'mcc': 0.0420368899512881} 	Test loss: 0.99429524
epoch: 68 time: 12.3264 
----->>>>> Training: 0.9978523999452591 0.9947797238826752 0.0030726828845217824 0.0
Training: 0.9978108912706375 0.9947964459657669 0.0030144734773784876 	Train per: 0.53154296875
	Val per: {'acc': 0.46771037181996084, 'mcc': 0.01187727834998657} 	Val loss: 1.0056424
	Test per: {'acc': 0.525, 'mcc': 0.044671555428097184} 	Test loss: 0.9943608
epoch: 69 time: 12.6311 
----->>>>> Training: 0.9978192448616028 0.9948297321796418 0.0029895169660449027 0.0
Training: 0.9977741032838822 0.9948151618242264 0.002958931028842926 	Train per: 0.530517578125
	Val per: {'acc': 0.46731898238747555, 'mcc': 0.012997267083048158} 	Val loss: 1.0058726
	Test per: {'acc': 0.5263440860215054, 'mcc': 0.047207523690167875} 	Test loss: 0.9943424
epoch: 70 time: 12.7067 
----->>>>> Training: 0.9978045403957367 0.994886901974678 0.0029176399810239674 0.0
Training: 0.9977673858404159 0.9948872238397598 0.002880179090425372 	Train per: 0.530224609375
	Val per: {'acc': 0.46771037181996084, 'mcc': 0.01395191111799017} 	Val loss: 1.0058246
	Test per: {'acc': 0.5260752688172043, 'mcc': 0.04662559824466136} 	Test loss: 0.99437135
epoch: 71 time: 12.3869 
----->>>>> Training: 0.9978073090314865 0.9949524760246277 0.0028548350208438935 0.0
Training: 0.9977713108062745 0.9949366390705109 0.002834664424881339 	Train per: 0.529931640625
	Val per: {'acc': 0.4669275929549902, 'mcc': 0.0117805562476445} 	Val loss: 1.0058274
	Test per: {'acc': 0.5274193548387097, 'mcc': 0.04941058643923575} 	Test loss: 0.9943392
epoch: 72 time: 12.6388 
----->>>>> Training: 0.9977623969316483 0.9949840843677521 0.0027783132274635134 0.0
Training: 0.997710207104683 0.9949744760990142 0.002735716523602605 	Train per: 0.53076171875
	Val per: {'acc': 0.4665362035225049, 'mcc': 0.010310182828110708} 	Val loss: 1.0057073
	Test per: {'acc': 0.5284946236559139, 'mcc': 0.05166412208675129} 	Test loss: 0.9944444
epoch: 73 time: 12.5087 
----->>>>> Training: 0.9976639151573181 0.9948985606431962 0.0027653430006466806 0.0
Training: 0.9976267069578171 0.99486004114151 0.0027666594833135605 	Train per: 0.530615234375
	Val per: {'acc': 0.4665362035225049, 'mcc': 0.014831012566186729} 	Val loss: 1.0061456
	Test per: {'acc': 0.5279569892473118, 'mcc': 0.05023581911810381} 	Test loss: 0.99427384
epoch: 74 time: 12.4033 
----->>>>> Training: 0.9977369904518127 0.9949664920568466 0.002770502446219325 0.0
Training: 0.9976912260055542 0.9949397563934326 0.0027514814864844084 	Train per: 0.529638671875
	Val per: {'acc': 0.46536203522504893, 'mcc': 0.013522776901969362} 	Val loss: 1.006306
	Test per: {'acc': 0.5268817204301075, 'mcc': 0.04781865107408913} 	Test loss: 0.9941927
epoch: 75 time: 12.3360 
----->>>>> Training: 0.9976016193628311 0.9948762208223343 0.0027253983542323114 0.0
Training: 0.9975655257701874 0.9948815792798996 0.0026839622296392918 	Train per: 0.52978515625
	Val per: {'acc': 0.4665362035225049, 'mcc': 0.014831012566186729} 	Val loss: 1.0061449
	Test per: {'acc': 0.5290322580645161, 'mcc': 0.05245571384623622} 	Test loss: 0.9942378
epoch: 76 time: 12.3063 
----->>>>> Training: 0.9976307660341263 0.9949690699577332 0.0026616991381160915 0.0
Training: 0.997597947716713 0.99495048224926 0.0026474599726498127 	Train per: 0.530322265625
	Val per: {'acc': 0.46614481409001957, 'mcc': 0.012756069820845704} 	Val loss: 1.0060169
	Test per: {'acc': 0.5293010752688172, 'mcc': 0.053174816550698355} 	Test loss: 0.9942009
epoch: 77 time: 12.3651 
----->>>>> Training: 0.9975758552551269 0.9949230968952179 0.0026527646696195006 0.0
Training: 0.9975400745868683 0.9949098318815232 0.0026302356272935867 	Train per: 0.531396484375
	Val per: {'acc': 0.4669275929549902, 'mcc': 0.013093193708154436} 	Val loss: 1.0059738
	Test per: {'acc': 0.5279569892473118, 'mcc': 0.05039554574061791} 	Test loss: 0.99421144
epoch: 78 time: 12.3916 
----->>>>> Training: 0.997423180937767 0.9948119759559632 0.002611204062122852 0.0
Training: 0.99738829433918 0.9948027640581131 0.0025855263229459524 	Train per: 0.53115234375
	Val per: {'acc': 0.46614481409001957, 'mcc': 0.011423409307037082} 	Val loss: 1.0060388
	Test per: {'acc': 0.5284946236559139, 'mcc': 0.051430152147562525} 	Test loss: 0.99421483
epoch: 79 time: 12.3370 
----->>>>> Training: 0.9976039528846741 0.9949722051620483 0.002631753287278116 0.0
Training: 0.9975411295890808 0.994898310303688 0.0026428159326314926 	Train per: 0.528662109375
	Val per: {'acc': 0.4657534246575342, 'mcc': 0.01712476770358293} 	Val loss: 1.0066041
	Test per: {'acc': 0.5295698924731183, 'mcc': 0.05338758016030249} 	Test loss: 0.99408567
epoch: 80 time: 12.3148 
----->>>>> Training: 0.9974358230829239 0.9948294073343277 0.0026064089732244613 0.0
Training: 0.9973956704139709 0.994810676574707 0.002584977075457573 	Train per: 0.531494140625
	Val per: {'acc': 0.46771037181996084, 'mcc': 0.015287271882505756} 	Val loss: 1.0060202
	Test per: {'acc': 0.5309139784946236, 'mcc': 0.0566595324634482} 	Test loss: 0.99403816
epoch: 81 time: 12.4522 
----->>>>> Training: 0.9974820911884308 0.9948625236749649 0.002619572635740042 0.0
Training: 0.9974191755056381 0.9947923362255097 0.002626852598041296 	Train per: 0.5291015625
	Val per: {'acc': 0.4665362035225049, 'mcc': 0.018856689338212357} 	Val loss: 1.006584
	Test per: {'acc': 0.5306451612903226, 'mcc': 0.05574971941312091} 	Test loss: 0.99398404
epoch: 82 time: 12.3442 
----->>>>> Training: 0.9974386274814606 0.9948128312826157 0.0026257958728820086 0.0
Training: 0.9973988771438599 0.9947833091020584 0.0026155610103160143 	Train per: 0.5302734375
	Val per: {'acc': 0.46771037181996084, 'mcc': 0.017211234661562096} 	Val loss: 1.0063123
	Test per: {'acc': 0.5311827956989247, 'mcc': 0.05703733712059} 	Test loss: 0.99394304
epoch: 83 time: 12.6371 
----->>>>> Training: 0.9973729282617569 0.9948070853948593 0.002565844031050801 0.0
Training: 0.9973336756229401 0.9947741329669952 0.0025595410261303186 	Train per: 0.532861328125
	Val per: {'acc': 0.4665362035225049, 'mcc': 0.010823683014636844} 	Val loss: 1.006087
	Test per: {'acc': 0.5276881720430108, 'mcc': 0.04988934580982612} 	Test loss: 0.99403155
epoch: 84 time: 12.5615 
----->>>>> Training: 0.9974032431840897 0.994841730594635 0.002561522391624749 0.0
Training: 0.9973541110754013 0.9947782278060913 0.002575876424089074 	Train per: 0.533251953125
	Val per: {'acc': 0.46614481409001957, 'mcc': 0.010379641438622073} 	Val loss: 1.0062319
	Test per: {'acc': 0.5287634408602151, 'mcc': 0.05208873159572735} 	Test loss: 0.99393153
epoch: 85 time: 12.6279 
----->>>>> Training: 0.9973439037799835 0.9947355359792709 0.0026083691394887865 0.0
Training: 0.9973068088293076 0.9946942210197449 0.0026125675067305565 	Train per: 0.532568359375
	Val per: {'acc': 0.4657534246575342, 'mcc': 0.00941548522962864} 	Val loss: 1.0063099
	Test per: {'acc': 0.5295698924731183, 'mcc': 0.053801037804630795} 	Test loss: 0.99379045
epoch: 86 time: 12.3678 
----->>>>> Training: 0.997279605269432 0.9946439594030381 0.0026356476941145957 0.0
Training: 0.9972419291734695 0.9946049660444259 0.0026369679253548384 	Train per: 0.530029296875
	Val per: {'acc': 0.46731898238747555, 'mcc': 0.0176433291511244} 	Val loss: 1.0066665
	Test per: {'acc': 0.531989247311828, 'mcc': 0.05870912919424995} 	Test loss: 0.99370205
epoch: 87 time: 12.4300 
----->>>>> Training: 0.9973019748926163 0.9946751654148102 0.0026268113288097084 0.0
Training: 0.9972508668899536 0.9946130037307739 0.0026378592010587454 	Train per: 0.529443359375
	Val per: {'acc': 0.4649706457925636, 'mcc': 0.011966220658308248} 	Val loss: 1.0068965
	Test per: {'acc': 0.531989247311828, 'mcc': 0.05862492540032976} 	Test loss: 0.9937139
epoch: 88 time: 12.3757 
----->>>>> Training: 0.9972307920455933 0.9945420175790787 0.002688768447842449 0.0
Training: 0.9971611261367798 0.9944646775722503 0.0026964254211634398 	Train per: 0.529296875
	Val per: {'acc': 0.4657534246575342, 'mcc': 0.014523940397104012} 	Val loss: 1.0070195
	Test per: {'acc': 0.5330645161290323, 'mcc': 0.06095909437132478} 	Test loss: 0.9934694
epoch: 89 time: 12.3036 
----->>>>> Training: 0.9971568077802658 0.9944803535938262 0.0026764490874484183 0.0
Training: 0.9971053183078766 0.9944257348775863 0.0026795680169016123 	Train per: 0.53271484375
	Val per: {'acc': 0.4681017612524462, 'mcc': 0.016794594373284562} 	Val loss: 1.0066895
	Test per: {'acc': 0.5303763440860215, 'mcc': 0.05543547906618931} 	Test loss: 0.993507
epoch: 90 time: 12.5143 
----->>>>> Training: 0.9971630215644837 0.9944778382778168 0.0026851831818930803 0.0
Training: 0.9971010327339173 0.9944055944681167 0.0026954272761940956 	Train per: 0.530419921875
	Val per: {'acc': 0.4688845401174168, 'mcc': 0.020696309414247046} 	Val loss: 1.0069783
	Test per: {'acc': 0.5333333333333333, 'mcc': 0.06154806981520133} 	Test loss: 0.9934568
epoch: 91 time: 12.3300 
----->>>>> Training: 0.9972289681434632 0.9944678902626037 0.0027610769611783326 0.0
Training: 0.9971501946449279 0.9943294644355773 0.0028207118157297373 	Train per: 0.527880859375
	Val per: {'acc': 0.46614481409001957, 'mcc': 0.019964222249774483} 	Val loss: 1.0078658
	Test per: {'acc': 0.5333333333333333, 'mcc': 0.06150982525562578} 	Test loss: 0.99315923
epoch: 92 time: 12.4393 
----->>>>> Training: 0.9970534294843674 0.9942813456058502 0.002772081922739744 0.0
Training: 0.99699846804142 0.9942229807376861 0.00277546513825655 	Train per: 0.5296875
	Val per: {'acc': 0.4665362035225049, 'mcc': 0.015668543824611282} 	Val loss: 1.0073423
	Test per: {'acc': 0.5325268817204301, 'mcc': 0.059808852770794584} 	Test loss: 0.9931578
epoch: 93 time: 12.3477 
----->>>>> Training: 0.9968984544277191 0.9941500931978225 0.0027483666082844136 0.0
Training: 0.9968318492174149 0.9940588742494583 0.0027729582507163286 	Train per: 0.529931640625
	Val per: {'acc': 0.4665362035225049, 'mcc': 0.018558772989478504} 	Val loss: 1.007771
	Test per: {'acc': 0.5338709677419354, 'mcc': 0.06266044760377618} 	Test loss: 0.99305266
epoch: 94 time: 12.3200 
----->>>>> Training: 0.9969428986310959 0.9940876126289367 0.0028552855597808956 0.0
Training: 0.9968307942152024 0.9939259618520737 0.00290484307333827 	Train per: 0.529345703125
	Val per: {'acc': 0.46771037181996084, 'mcc': 0.023112836507122293} 	Val loss: 1.0082134
	Test per: {'acc': 0.5341397849462366, 'mcc': 0.06327906130289904} 	Test loss: 0.9927757
epoch: 95 time: 12.3163 
----->>>>> Training: 0.9968744188547134 0.9939977765083313 0.0028766503790393473 0.0
Training: 0.9968299925327301 0.9939655125141144 0.0028644506819546223 	Train per: 0.53203125
	Val per: {'acc': 0.46771037181996084, 'mcc': 0.01862738565456619} 	Val loss: 1.0076008
	Test per: {'acc': 0.535483870967742, 'mcc': 0.06616802367229818} 	Test loss: 0.99277776
epoch: 96 time: 12.4604 
----->>>>> Training: 0.9968482077121734 0.993974307179451 0.002873900183476508 0.0
Training: 0.9967738777399063 0.9938978344202042 0.002876014681532979 	Train per: 0.532861328125
	Val per: {'acc': 0.4684931506849315, 'mcc': 0.018591566104953487} 	Val loss: 1.0076456
	Test per: {'acc': 0.5344086021505376, 'mcc': 0.06387835454048547} 	Test loss: 0.99282503
epoch: 97 time: 12.4747 
----->>>>> Training: 0.9968486368656159 0.9939472287893295 0.002901410323102027 0.0
Training: 0.9967672228813171 0.9938496381044388 0.0029175581876188517 	Train per: 0.531689453125
	Val per: {'acc': 0.46731898238747555, 'mcc': 0.018505361073034594} 	Val loss: 1.008115
	Test per: {'acc': 0.5338709677419354, 'mcc': 0.0626547236845351} 	Test loss: 0.9925675
epoch: 98 time: 12.5841 
----->>>>> Training: 0.9967549800872803 0.9938090205192566 0.002945957100018859 0.0
Training: 0.99668889939785 0.9937165945768356 0.0029723262414336205 	Train per: 0.53115234375
	Val per: {'acc': 0.4669275929549902, 'mcc': 0.017801981864146676} 	Val loss: 1.0083423
	Test per: {'acc': 0.5336021505376344, 'mcc': 0.062072965985314796} 	Test loss: 0.99242234
epoch: 99 time: 12.5445 
----->>>>> Training: 0.9967996120452881 0.9938161492347717 0.0029834644054062666 0.0
Training: 0.996694877743721 0.9936397135257721 0.0030551678501069546 	Train per: 0.5306640625
	Val per: {'acc': 0.4681017612524462, 'mcc': 0.02349909069291775} 	Val loss: 1.0086154
	Test per: {'acc': 0.5327956989247312, 'mcc': 0.06032231028989623} 	Test loss: 0.9922331
epoch: 100 time: 12.7902 
----->>>>> Training: 0.9965460300445557 0.9934971898794174 0.003048833948560059 0.0
Training: 0.9964937508106232 0.9934468179941177 0.0030469312332570553 	Train per: 0.53408203125
	Val per: {'acc': 0.46927592954990216, 'mcc': 0.01911913192327503} 	Val loss: 1.0079021
	Test per: {'acc': 0.5336021505376344, 'mcc': 0.06220302886540898} 	Test loss: 0.99229157
epoch: 101 time: 12.6575 
----->>>>> Training: 0.9966116100549698 0.993524968624115 0.003086642443668097 0.0
Training: 0.9965277045965195 0.9933812886476516 0.0031464367639273405 	Train per: 0.532275390625
	Val per: {'acc': 0.4669275929549902, 'mcc': 0.01637457062344735} 	Val loss: 1.0085697
	Test per: {'acc': 0.5338709677419354, 'mcc': 0.06265478020923623} 	Test loss: 0.99208397
epoch: 102 time: 12.6164 
----->>>>> Training: 0.9966205894947052 0.9934713780879975 0.0031492161564528943 0.0
Training: 0.9965242505073547 0.9933281302452087 0.0031960925552994013 	Train per: 0.53193359375
	Val per: {'acc': 0.46731898238747555, 'mcc': 0.01938139346797013} 	Val loss: 1.0088322
	Test per: {'acc': 0.5330645161290323, 'mcc': 0.06092144950025512} 	Test loss: 0.9919045
epoch: 103 time: 12.3353 
----->>>>> Training: 0.9965120106935501 0.9932721287012101 0.0032398889306932688 0.0
Training: 0.9964307337999344 0.9931509286165238 0.003279787488281727 	Train per: 0.531201171875
	Val per: {'acc': 0.4669275929549902, 'mcc': 0.01751345873180804} 	Val loss: 1.0090941
	Test per: {'acc': 0.535752688172043, 'mcc': 0.0667406342743072} 	Test loss: 0.99166214
epoch: 104 time: 12.5213 
----->>>>> Training: 0.9963418006896972 0.9930360436439514 0.003305759828072041 0.0
Training: 0.9962401151657104 0.9928961247205734 0.003343978663906455 	Train per: 0.53212890625
	Val per: {'acc': 0.4669275929549902, 'mcc': 0.01838373929668146} 	Val loss: 1.0094985
	Test per: {'acc': 0.5346774193548387, 'mcc': 0.06444106289609615} 	Test loss: 0.99145466
epoch: 105 time: 12.3790 
----->>>>> Training: 0.996303504705429 0.9929910093545914 0.00331249434966594 0.0
Training: 0.9962070465087891 0.9929156124591827 0.0032914341427385807 	Train per: 0.53466796875
	Val per: {'acc': 0.46927592954990216, 'mcc': 0.019675428231208398} 	Val loss: 1.0089434
	Test per: {'acc': 0.5387096774193548, 'mcc': 0.07303771283519811} 	Test loss: 0.99155295
epoch: 106 time: 12.3036 
----->>>>> Training: 0.9963201105594635 0.9929242372512818 0.0033958743908442555 0.0
Training: 0.9961969912052154 0.9927618563175201 0.0034351088106632233 	Train per: 0.5330078125
	Val per: {'acc': 0.4681017612524462, 'mcc': 0.02018976235438505} 	Val loss: 1.0094929
	Test per: {'acc': 0.5384408602150538, 'mcc': 0.0725490136051832} 	Test loss: 0.9911363
epoch: 107 time: 12.2939 
----->>>>> Training: 0.996132281422615 0.9927018314599991 0.0034304455970413984 0.0
Training: 0.9960509419441224 0.9925765872001648 0.003474330296739936 	Train per: 0.53310546875
	Val per: {'acc': 0.46614481409001957, 'mcc': 0.016381363030229454} 	Val loss: 1.0097722
	Test per: {'acc': 0.5370967741935484, 'mcc': 0.06975297116572117} 	Test loss: 0.99109495
epoch: 108 time: 12.4124 
----->>>>> Training: 0.9962510943412781 0.9927169889211654 0.0035340967471711336 0.0
Training: 0.9961399644613266 0.9925900340080261 0.003549905028194189 	Train per: 0.534619140625
	Val per: {'acc': 0.4684931506849315, 'mcc': 0.019438817081920294} 	Val loss: 1.0091354
	Test per: {'acc': 0.5389784946236559, 'mcc': 0.07365640705411582} 	Test loss: 0.99089974
epoch: 109 time: 12.3299 
----->>>>> Training: 0.9962142705917358 0.9925767749547958 0.0036374977324157955 0.0
Training: 0.9960716843605042 0.9924023032188416 0.003669359255582094 	Train per: 0.532958984375
	Val per: {'acc': 0.46966731898238745, 'mcc': 0.02501408496515643} 	Val loss: 1.009523
	Test per: {'acc': 0.5405913978494624, 'mcc': 0.07729141074157693} 	Test loss: 0.99049234
epoch: 110 time: 12.3424 
----->>>>> Training: 0.9961655795574188 0.9925410747528076 0.0036245027440600097 0.0
Training: 0.9960606336593628 0.9924445360898971 0.003616096917539835 	Train per: 0.53427734375
	Val per: {'acc': 0.47436399217221137, 'mcc': 0.03566530941374433} 	Val loss: 1.0090712
	Test per: {'acc': 0.5413978494623656, 'mcc': 0.0789393717582126} 	Test loss: 0.99072325
epoch: 111 time: 12.6883 
----->>>>> Training: 0.9961365014314651 0.9925332516431808 0.003603249869775027 0.0
Training: 0.9959379404783248 0.9923535585403442 0.0035843688528984785 	Train per: 0.536669921875
	Val per: {'acc': 0.4712328767123288, 'mcc': 0.02358117214431906} 	Val loss: 1.0089855
	Test per: {'acc': 0.5419354838709678, 'mcc': 0.07993552549428985} 	Test loss: 0.9905322
epoch: 112 time: 12.6651 
----->>>>> Training: 0.9958530843257904 0.9922086954116821 0.00364438759861514 0.0
Training: 0.9957571387290954 0.992073929309845 0.003683190094307065 	Train per: 0.535791015625
	Val per: {'acc': 0.47279843444227004, 'mcc': 0.028802575069603473} 	Val loss: 1.0091988
	Test per: {'acc': 0.5422043010752688, 'mcc': 0.08056041721455169} 	Test loss: 0.990269
epoch: 113 time: 12.5745 
----->>>>> Training: 0.9959035605192185 0.9922273755073547 0.0036761825089342893 0.0
Training: 0.9957819014787674 0.9920658558607102 0.0037160508800297976 	Train per: 0.5357421875
	Val per: {'acc': 0.47279843444227004, 'mcc': 0.0261915830272009} 	Val loss: 1.009066
	Test per: {'acc': 0.5435483870967742, 'mcc': 0.0833159259365184} 	Test loss: 0.9901405
epoch: 114 time: 12.2662 
----->>>>> Training: 0.9957832932472229 0.9919854819774627 0.003797808743547648 0.0
Training: 0.9955861240625381 0.9917047888040542 0.0038813515566289425 	Train per: 0.53701171875
	Val per: {'acc': 0.47162426614481406, 'mcc': 0.02339454184185968} 	Val loss: 1.0098774
	Test per: {'acc': 0.5440860215053763, 'mcc': 0.08446007128250586} 	Test loss: 0.98975515
epoch: 115 time: 12.3917 
----->>>>> Training: 0.9956527411937713 0.9917646318674087 0.0038881048560142515 0.0
Training: 0.9954755902290344 0.9915324062108993 0.0039431750774383545 	Train per: 0.5357421875
	Val per: {'acc': 0.46927592954990216, 'mcc': 0.019675428231208398} 	Val loss: 1.0106138
	Test per: {'acc': 0.5478494623655914, 'mcc': 0.09289765975804865} 	Test loss: 0.98964673
epoch: 116 time: 12.2389 
----->>>>> Training: 0.9956815540790558 0.9916724890470505 0.004009061329998076 0.0
Training: 0.9954962790012359 0.9914571106433868 0.004039181862026453 	Train per: 0.53818359375
	Val per: {'acc': 0.47279843444227004, 'mcc': 0.026476119899482183} 	Val loss: 1.0099229
	Test per: {'acc': 0.5438172043010753, 'mcc': 0.08392493176963849} 	Test loss: 0.9893822
epoch: 117 time: 12.2575 
----->>>>> Training: 0.9954719781875611 0.9914044976234436 0.00406748519744724 0.0
Training: 0.9954387933015824 0.9913505673408508 0.004088249057531357 	Train per: 0.536669921875
	Val per: {'acc': 0.4688845401174168, 'mcc': 0.016804352552613016} 	Val loss: 1.0099117
	Test per: {'acc': 0.5475806451612903, 'mcc': 0.0923089998432671} 	Test loss: 0.9893647
epoch: 118 time: 12.2709 
----->>>>> Training: 0.9954537481069565 0.991328090429306 0.004125661216676235 0.0
Training: 0.9952852994203567 0.9911059975624085 0.004179316572844982 	Train per: 0.5392578125
	Val per: {'acc': 0.4700587084148728, 'mcc': 0.019095404616991735} 	Val loss: 1.0099782
	Test per: {'acc': 0.5486559139784947, 'mcc': 0.09420959853647566} 	Test loss: 0.98892283
epoch: 119 time: 12.3606 
----->>>>> Training: 0.9953104734420777 0.9911033749580384 0.004207098134793341 0.0
Training: 0.9951381742954254 0.9908994495868683 0.004238726105540991 	Train per: 0.538037109375
	Val per: {'acc': 0.47084148727984343, 'mcc': 0.021244973229425708} 	Val loss: 1.0101941
	Test per: {'acc': 0.5491935483870968, 'mcc': 0.09545451278976105} 	Test loss: 0.9887268
epoch: 120 time: 12.4073 
----->>>>> Training: 0.9952468007802964 0.9910312861204147 0.004215515381656587 0.0
Training: 0.9950580656528473 0.9907687962055206 0.004289255011826754 	Train per: 0.53857421875
	Val per: {'acc': 0.4700587084148728, 'mcc': 0.018825067535593112} 	Val loss: 1.0105243
	Test per: {'acc': 0.5548387096774193, 'mcc': 0.10783165476393018} 	Test loss: 0.98820835
epoch: 121 time: 12.7506 
----->>>>> Training: 0.9950889408588409 0.9906832128763199 0.004405725328251719 0.0
Training: 0.9949830263853073 0.9905110090970993 0.004472000058740377 	Train per: 0.53740234375
	Val per: {'acc': 0.4700587084148728, 'mcc': 0.020743978448837436} 	Val loss: 1.0109123
	Test per: {'acc': 0.5486559139784947, 'mcc': 0.09442498469353489} 	Test loss: 0.98813593
epoch: 122 time: 12.5048 
----->>>>> Training: 0.9951706558465958 0.9906797200441361 0.004490932333283126 0.0
Training: 0.9949687123298645 0.9903945356607438 0.004574171733111143 	Train per: 0.5392578125
	Val per: {'acc': 0.4720156555772994, 'mcc': 0.024893260603585522} 	Val loss: 1.0106028
	Test per: {'acc': 0.546505376344086, 'mcc': 0.08962824624088643} 	Test loss: 0.9880509
epoch: 123 time: 12.6807 
----->>>>> Training: 0.9949191123247146 0.9903357058763504 0.004583409009501338 0.0
Training: 0.994730868935585 0.9901142537593841 0.004616602323949337 	Train per: 0.54150390625
	Val per: {'acc': 0.473972602739726, 'mcc': 0.025336504596704158} 	Val loss: 1.0101873
	Test per: {'acc': 0.5497311827956989, 'mcc': 0.09620505208015395} 	Test loss: 0.9880362
epoch: 124 time: 12.7406 
----->>>>> Training: 0.9950488924980163 0.9903356969356537 0.004713199660181999 0.0
Training: 0.9947980314493179 0.9900135040283203 0.004784530494362116 	Train per: 0.540234375
	Val per: {'acc': 0.4735812133072407, 'mcc': 0.02663040057380556} 	Val loss: 1.0105072
	Test per: {'acc': 0.5478494623655914, 'mcc': 0.09238802987882176} 	Test loss: 0.9880644
epoch: 125 time: 12.5079 
----->>>>> Training: 0.9947769582271576 0.9899934351444244 0.004783528833650052 0.0
Training: 0.9946120977401733 0.9898288875818253 0.004783205222338438 	Train per: 0.540087890625
	Val per: {'acc': 0.4731898238747554, 'mcc': 0.02245219216189764} 	Val loss: 1.0104798
	Test per: {'acc': 0.5481182795698925, 'mcc': 0.09294650392496323} 	Test loss: 0.98765033
epoch: 126 time: 12.6106 
----->>>>> Training: 0.9947784841060638 0.9899130433797836 0.00486544247251004 0.0
Training: 0.9946463644504547 0.9897392302751541 0.004907135386019945 	Train per: 0.537890625
	Val per: {'acc': 0.4720156555772994, 'mcc': 0.022393350197613935} 	Val loss: 1.0109947
	Test per: {'acc': 0.5448924731182796, 'mcc': 0.08623391198713722} 	Test loss: 0.98751575
epoch: 127 time: 13.0186 
----->>>>> Training: 0.994552057981491 0.9895378708839416 0.005014185374602675 0.0
Training: 0.9943678915500641 0.9892612665891647 0.005106623750180006 	Train per: 0.54248046875
	Val per: {'acc': 0.4774951076320939, 'mcc': 0.03457724114387098} 	Val loss: 1.0107942
	Test per: {'acc': 0.5491935483870968, 'mcc': 0.09500667359680132} 	Test loss: 0.9869885
epoch: 128 time: 12.5153 
----->>>>> Training: 0.9946116894483567 0.9894732981920242 0.005138396588154137 0.0
Training: 0.9944422513246536 0.989303496479988 0.005138783250004053 	Train per: 0.539892578125
	Val per: {'acc': 0.4735812133072407, 'mcc': 0.02282678172480483} 	Val loss: 1.0111748
	Test per: {'acc': 0.5532258064516129, 'mcc': 0.10424976457268223} 	Test loss: 0.9866453
epoch: 129 time: 12.4885 
----->>>>> Training: 0.9946377605199814 0.9895216554403305 0.005116108083166182 0.0
Training: 0.994388547539711 0.9892783492803574 0.0051101879216730595 	Train per: 0.541796875
	Val per: {'acc': 0.4786692759295499, 'mcc': 0.03385552345639911} 	Val loss: 1.0100584
	Test per: {'acc': 0.5518817204301075, 'mcc': 0.1005587323253973} 	Test loss: 0.9869315
epoch: 130 time: 12.5479 
----->>>>> Training: 0.9943487793207169 0.989222577214241 0.005126206856220961 0.0
Training: 0.9941981345415115 0.9890199214220047 0.00517823314294219 	Train per: 0.539794921875
	Val per: {'acc': 0.476320939334638, 'mcc': 0.03216155372896515} 	Val loss: 1.0110389
	Test per: {'acc': 0.5483870967741935, 'mcc': 0.09353545649860513} 	Test loss: 0.98682564
epoch: 131 time: 12.4079 
----->>>>> Training: 0.9943072408437729 0.9890441119670867 0.005263127945363521 0.0
Training: 0.9941428244113922 0.9888252556324005 0.005317539907991886 	Train per: 0.541845703125
	Val per: {'acc': 0.473972602739726, 'mcc': 0.02425889267045138} 	Val loss: 1.0110983
	Test per: {'acc': 0.5459677419354839, 'mcc': 0.08834170025121527} 	Test loss: 0.9867788
epoch: 132 time: 12.2649 
----->>>>> Training: 0.9941723465919494 0.9888461709022522 0.005326180136762559 0.0
Training: 0.9939709544181824 0.9885991454124451 0.005371829029172659 	Train per: 0.542333984375
	Val per: {'acc': 0.475146771037182, 'mcc': 0.025088507616241536} 	Val loss: 1.0111034
	Test per: {'acc': 0.5516129032258065, 'mcc': 0.10022309877337435} 	Test loss: 0.98626214
epoch: 133 time: 12.3417 
----->>>>> Training: 0.9940701484680176 0.9885392159223556 0.005530932219699025 0.0
Training: 0.9939289301633835 0.9883256167173385 0.005603315308690071 	Train per: 0.54306640625
	Val per: {'acc': 0.4774951076320939, 'mcc': 0.030937994829412258} 	Val loss: 1.0108854
	Test per: {'acc': 0.5510752688172043, 'mcc': 0.09887057117066662} 	Test loss: 0.9862629
epoch: 134 time: 12.3946 
----->>>>> Training: 0.993988287448883 0.9884274363517761 0.005560848955065012 0.0
Training: 0.9937314480543137 0.9881582289934159 0.005573241971433163 	Train per: 0.542919921875
	Val per: {'acc': 0.476320939334638, 'mcc': 0.02909558333471354} 	Val loss: 1.0116366
	Test per: {'acc': 0.5540322580645162, 'mcc': 0.10526745071158107} 	Test loss: 0.98580664
epoch: 135 time: 12.4235 
----->>>>> Training: 0.9939216017723084 0.9882212430238724 0.005700363521464169 0.0
Training: 0.9937621414661407 0.9879792332649231 0.005782910622656345 	Train per: 0.544189453125
	Val per: {'acc': 0.4771037181996086, 'mcc': 0.029514605899898117} 	Val loss: 1.0116814
	Test per: {'acc': 0.553763440860215, 'mcc': 0.10444590583505689} 	Test loss: 0.9856544
epoch: 136 time: 12.3937 
----->>>>> Training: 0.9937635123729706 0.9880342900753021 0.005729216383770108 0.0
Training: 0.9936087667942047 0.9878406435251236 0.005768140312284231 	Train per: 0.54365234375
	Val per: {'acc': 0.473972602739726, 'mcc': 0.022415599243056517} 	Val loss: 1.0123672
	Test per: {'acc': 0.5516129032258065, 'mcc': 0.10024867111068111} 	Test loss: 0.98551655
epoch: 137 time: 12.4298 
----->>>>> Training: 0.9935911953449249 0.9877108365297318 0.005880359862931073 0.0
Training: 0.9933913081884385 0.9874216049909592 0.005969673860818148 	Train per: 0.5443359375
	Val per: {'acc': 0.476320939334638, 'mcc': 0.026428137473604712} 	Val loss: 1.012301
	Test per: {'acc': 0.5524193548387096, 'mcc': 0.10173286074251196} 	Test loss: 0.98549783
epoch: 138 time: 12.8278 
----->>>>> Training: 0.9935298353433609 0.9874819695949555 0.006047862791456282 0.0
Training: 0.9933518439531326 0.987227526307106 0.006124323233962059 	Train per: 0.54248046875
	Val per: {'acc': 0.47592954990215264, 'mcc': 0.028748838833213677} 	Val loss: 1.0124304
	Test per: {'acc': 0.5561827956989247, 'mcc': 0.1097471887539565} 	Test loss: 0.9848999
epoch: 139 time: 13.1588 
----->>>>> Training: 0.993540233373642 0.987417733669281 0.006122506409883499 0.0
Training: 0.9934326112270355 0.9872776567935944 0.006154948379844427 	Train per: 0.543408203125
	Val per: {'acc': 0.47788649706457925, 'mcc': 0.031004497449352592} 	Val loss: 1.0119592
	Test per: {'acc': 0.5545698924731183, 'mcc': 0.1061158110773963} 	Test loss: 0.9850646
epoch: 140 time: 12.6708 
----->>>>> Training: 0.9934660255908966 0.9872806936502456 0.006185327493585646 0.0
Training: 0.9931278765201569 0.9868595510721206 0.006268348544836044 	Train per: 0.54501953125
	Val per: {'acc': 0.4767123287671233, 'mcc': 0.025237475653299837} 	Val loss: 1.0121455
	Test per: {'acc': 0.5516129032258065, 'mcc': 0.10000923160969195} 	Test loss: 0.98513263
epoch: 141 time: 12.4958 
----->>>>> Training: 0.9931271344423294 0.9869028627872467 0.006224269815720618 0.0
Training: 0.9929924726486206 0.9867698639631272 0.006222626194357872 	Train per: 0.545361328125
	Val per: {'acc': 0.47475538160469666, 'mcc': 0.01891081219063892} 	Val loss: 1.0121504
	Test per: {'acc': 0.5510752688172043, 'mcc': 0.09893829779859337} 	Test loss: 0.98496383
epoch: 142 time: 12.2528 
----->>>>> Training: 0.9932924389839173 0.9868198245763778 0.00647261852864176 0.0
Training: 0.9930499196052551 0.9864735037088395 0.006576395593583584 	Train per: 0.54384765625
	Val per: {'acc': 0.47984344422700587, 'mcc': 0.0373332329189153} 	Val loss: 1.0125597
	Test per: {'acc': 0.5521505376344086, 'mcc': 0.10122305000720232} 	Test loss: 0.98429745
epoch: 143 time: 12.2669 
----->>>>> Training: 0.993260994553566 0.9867084711790085 0.006552522419951856 0.0
Training: 0.993033441901207 0.9864966601133347 0.006536760833114386 	Train per: 0.5443359375
	Val per: {'acc': 0.4767123287671233, 'mcc': 0.02422596766853971} 	Val loss: 1.0119048
	Test per: {'acc': 0.5516129032258065, 'mcc': 0.10000401104924832} 	Test loss: 0.9846613
epoch: 144 time: 12.2459 
----->>>>> Training: 0.9931238740682602 0.9865519255399704 0.006571943452581763 0.0
Training: 0.9929238587617875 0.9862672120332718 0.006656646728515625 	Train per: 0.54404296875
	Val per: {'acc': 0.475146771037182, 'mcc': 0.021751854564366502} 	Val loss: 1.0123452
	Test per: {'acc': 0.5497311827956989, 'mcc': 0.09612305839625655} 	Test loss: 0.9842914
epoch: 145 time: 12.2663 
----->>>>> Training: 0.9930853068828582 0.9863689959049224 0.0067163125146180395 0.0
Training: 0.9928716570138931 0.9860981851816177 0.0067734927870333195 	Train per: 0.5451171875
	Val per: {'acc': 0.4731898238747554, 'mcc': 0.013322835337705187} 	Val loss: 1.0128005
	Test per: {'acc': 0.5521505376344086, 'mcc': 0.1010997004331267} 	Test loss: 0.9841125
epoch: 146 time: 12.3089 
----->>>>> Training: 0.9929872691631317 0.986304497718811 0.0066827703965827824 0.0
Training: 0.9927135407924652 0.9860073029994965 0.006706255953758955 	Train per: 0.54580078125
	Val per: {'acc': 0.4755381604696673, 'mcc': 0.02039776260015564} 	Val loss: 1.0129433
	Test per: {'acc': 0.5505376344086022, 'mcc': 0.09775987249071473} 	Test loss: 0.98412055
epoch: 147 time: 12.3265 
----->>>>> Training: 0.9928401112556458 0.9860486865043641 0.006791425123810768 0.0
Training: 0.9926249384880066 0.9857860773801803 0.006838869769126177 	Train per: 0.54462890625
	Val per: {'acc': 0.47240704500978475, 'mcc': 0.013217221074422584} 	Val loss: 1.0136678
	Test per: {'acc': 0.5489247311827957, 'mcc': 0.09445894530653048} 	Test loss: 0.98399323
epoch: 148 time: 12.2676 
----->>>>> Training: 0.9926845580339432 0.9858513563871384 0.006833207490853965 0.0
Training: 0.9924199670553208 0.9855496287345886 0.006870336830615997 	Train per: 0.5458984375
	Val per: {'acc': 0.475146771037182, 'mcc': 0.020265424597028115} 	Val loss: 1.0133408
	Test per: {'acc': 0.5502688172043011, 'mcc': 0.09721212394248196} 	Test loss: 0.9839902
epoch: 149 time: 12.2826 

Best Valid performance: {'acc': 0.5416829745596868, 'mcc': 0.07755050766388055}
	Best Test performance: {'acc': 0.5263440860215054, 'mcc': 0.06864262895057156}
