Namespace(path='./data/stocknet-dataset/price/ourpped', seq=5, unit=4, alpha_l2=1.0, beta_adv=0.05, epsilon_adv=0.001, step=1, batch_size=1024, epoch=150, learning_rate=0.001, gpu=0, model_path='./saved_model/acl18_alstm/exp', model_save_path='./saved_model/acl18_resnet_lstm_2/exp', action='train', model='pure_lstm', fix_init=1, att=1, week=0, adv=1, hinge_lose=1, reload=0, resnet=1)
87  tickers selected
652 trading dates:
148 546 588
20315  training instances
2555  validation instances
3720  testing instances
Tensor("Shape:0", shape=(3,), dtype=int32)
is pred_lstm
device name: /cpu:0
outputs_shape: [None, 5, 4]
resshape: [None, 5, 4]
Shape of self.output: Tensor("Shape:0", shape=(3,), dtype=int32)
Shape of self.resnet_features: Tensor("Shape_1:0", shape=(3,), dtype=int32)
Shape of self.combined_features: [None, 5, 4]
adversarial scope
adversial part
gradient noise
adversial part
----->>>>> Training: 2.2105174541473387 0.9996993988752365 1.1608225464820863 0.9999093770980835
Training: 2.1553470492362976 0.9984944015741348 1.106789469718933 	Train per: 0.5216796875
	Val per: {'acc': 0.49354207436399217, 'mcc': 0.016586453562174957} 	Val loss: 1.0009662
	Test per: {'acc': 0.5067204301075269, 'mcc': 0.012469012552643084} 	Test loss: 0.99938416
epoch: 0 time: 94.1982 
----->>>>> Training: 2.108905255794525 0.9983690530061722 1.060463011264801 1.0014636874198914
Training: 2.058778202533722 0.9979514807462693 1.010715365409851 	Train per: 0.5248046875
	Val per: {'acc': 0.48806262230919767, 'mcc': 0.0017722171673547561} 	Val loss: 1.0012114
	Test per: {'acc': 0.5239247311827957, 'mcc': 0.05133068789488627} 	Test loss: 0.99826235
epoch: 1 time: 96.0487 
----->>>>> Training: 2.016243427991867 0.9977819263935089 0.9683320045471191 1.002590361237526
Training: 1.970567661523819 0.9975058794021606 0.9229090809822083 	Train per: 0.524560546875
	Val per: {'acc': 0.47475538160469666, 'mcc': -0.009566570329997078} 	Val loss: 1.0019443
	Test per: {'acc': 0.5346774193548387, 'mcc': 0.07014201604544296} 	Test loss: 0.9976196
epoch: 2 time: 102.0664 
----->>>>> Training: 1.931742113828659 0.9972921222448349 0.8842757880687714 1.0034839540719986
Training: 1.8900437593460082 0.9969996571540832 0.8428506851196289 	Train per: 0.522998046875
	Val per: {'acc': 0.473972602739726, 'mcc': 0.0035803832728161064} 	Val loss: 1.0027243
	Test per: {'acc': 0.5260752688172043, 'mcc': 0.05019123638670535} 	Test loss: 0.99748707
epoch: 3 time: 97.0459 
----->>>>> Training: 1.854475313425064 0.9966743141412735 0.8075952529907227 1.0041151076555253
Training: 1.8164019763469696 0.996390649676323 0.7697939276695251 	Train per: 0.5224609375
	Val per: {'acc': 0.4684931506849315, 'mcc': -0.005376370587003729} 	Val loss: 1.0041839
	Test per: {'acc': 0.5271505376344086, 'mcc': 0.05192077559469773} 	Test loss: 0.99644303
epoch: 4 time: 98.1037 
----->>>>> Training: 1.7839644730091095 0.9961277931928635 0.7376043856143951 1.0046456426382064
Training: 1.7489540457725525 0.9956292897462845 0.7030711770057678 	Train per: 0.5220703125
	Val per: {'acc': 0.47436399217221137, 'mcc': 0.01804343882452144} 	Val loss: 1.0053035
	Test per: {'acc': 0.5276881720430108, 'mcc': 0.05188248158560276} 	Test loss: 0.99539286
epoch: 5 time: 102.5082 
----->>>>> Training: 1.719303345680237 0.9954069674015045 0.6736364662647247 1.0051983892917633
Training: 1.6871602654457092 0.9948042213916779 0.642070472240448 	Train per: 0.521826171875
	Val per: {'acc': 0.4688845401174168, 'mcc': 0.005538694969936636} 	Val loss: 1.0062275
	Test per: {'acc': 0.5271505376344086, 'mcc': 0.05083039085974106} 	Test loss: 0.99389607
epoch: 6 time: 100.3194 
----->>>>> Training: 1.6599697411060332 0.9944974958896637 0.6151626169681549 1.0061923801898955
Training: 1.6309150993824004 0.9943081915378571 0.5862957835197449 	Train per: 0.523828125
	Val per: {'acc': 0.4688845401174168, 'mcc': 0.012652227500178866} 	Val loss: 1.0066931
	Test per: {'acc': 0.524731182795699, 'mcc': 0.04505010491689947} 	Test loss: 0.99400556
epoch: 7 time: 96.2667 
----->>>>> Training: 1.606250238418579 0.9942612797021866 0.5616851150989532 1.0060767740011216
Training: 1.5791854560375214 0.993569877743721 0.5352824926376343 	Train per: 0.52392578125
	Val per: {'acc': 0.4649706457925636, 'mcc': 0.003091098544921817} 	Val loss: 1.0085052
	Test per: {'acc': 0.5252688172043011, 'mcc': 0.045911048590746004} 	Test loss: 0.9930804
epoch: 8 time: 99.7916 
----->>>>> Training: 1.556601768732071 0.9935162901878357 0.512751491367817 1.006679606437683
Training: 1.5321631729602814 0.9932129293680191 0.48859789967536926 	Train per: 0.5248046875
	Val per: {'acc': 0.4688845401174168, 'mcc': 0.012152643942253717} 	Val loss: 1.0083818
	Test per: {'acc': 0.5301075268817205, 'mcc': 0.05606865326290498} 	Test loss: 0.9910096
epoch: 9 time: 98.8059 
----->>>>> Training: 1.5110266864299775 0.9926413089036942 0.4679997995495796 1.0077115416526794
Training: 1.4885834574699401 0.9922840595245361 0.44591015577316284 	Train per: 0.52451171875
	Val per: {'acc': 0.46731898238747555, 'mcc': 0.002207173613843592} 	Val loss: 1.0093614
	Test per: {'acc': 0.5293010752688172, 'mcc': 0.054489154803371465} 	Test loss: 0.9907936
epoch: 10 time: 98.9439 
----->>>>> Training: 1.4695979118347169 0.9921251356601715 0.4270818427205086 1.007818603515625
Training: 1.449103683233261 0.9918445169925689 0.4068705141544342 	Train per: 0.525390625
	Val per: {'acc': 0.4637964774951076, 'mcc': -0.007738031291609745} 	Val loss: 1.009869
	Test per: {'acc': 0.5360215053763441, 'mcc': 0.06807362262320953} 	Test loss: 0.9901127
epoch: 11 time: 98.1526 
----->>>>> Training: 1.431682425737381 0.9916393160820007 0.38966068923473357 1.0076481521129608
Training: 1.4126330971717835 0.9910536855459213 0.37117999792099 	Train per: 0.52705078125
	Val per: {'acc': 0.4657534246575342, 'mcc': -0.00158745651919876} 	Val loss: 1.0107901
	Test per: {'acc': 0.5370967741935484, 'mcc': 0.06999987745766574} 	Test loss: 0.989014
epoch: 12 time: 97.2299 
----->>>>> Training: 1.3966793715953827 0.9908766686916352 0.3553998664021492 1.008056777715683
Training: 1.3795005977153778 0.9906271129846573 0.33847376704216003 	Train per: 0.527294921875
	Val per: {'acc': 0.46966731898238745, 'mcc': 0.004631291195108921} 	Val loss: 1.0097272
	Test per: {'acc': 0.5395161290322581, 'mcc': 0.07525291177811351} 	Test loss: 0.989254
epoch: 13 time: 93.6111 
----->>>>> Training: 1.3651859402656554 0.9907502681016922 0.3240607753396034 1.007497453689575
Training: 1.3494245648384093 0.9904536247253418 0.3085944354534149 	Train per: 0.5287109375
	Val per: {'acc': 0.46731898238747555, 'mcc': -0.002077075897993118} 	Val loss: 1.0099095
	Test per: {'acc': 0.5403225806451613, 'mcc': 0.076792502012601} 	Test loss: 0.9888635
epoch: 14 time: 95.0017 
----->>>>> Training: 1.3362464666366578 0.9904855012893676 0.29539653211832045 1.0072891235351562
Training: 1.3216833651065827 0.9900929659605027 0.28122803568840027 	Train per: 0.530419921875
	Val per: {'acc': 0.4665362035225049, 'mcc': -0.0074382618470489655} 	Val loss: 1.0099937
	Test per: {'acc': 0.5408602150537635, 'mcc': 0.0778066857453025} 	Test loss: 0.9882185
epoch: 15 time: 96.2097 
----->>>>> Training: 1.3094501495361328 0.9899564445018768 0.2691372811794281 1.0071284294128418
Training: 1.2962098956108092 0.9896550834178924 0.2561977803707123 	Train per: 0.531884765625
	Val per: {'acc': 0.46771037181996084, 'mcc': -0.004484742776468046} 	Val loss: 1.0103307
	Test per: {'acc': 0.5446236559139785, 'mcc': 0.0854745784649392} 	Test loss: 0.98764676
epoch: 16 time: 99.3606 
----->>>>> Training: 1.2853310883045197 0.9898248195648194 0.24516206756234168 1.0068841576576233
Training: 1.273140197992325 0.9894525676965713 0.2333407700061798 	Train per: 0.533349609375
	Val per: {'acc': 0.4684931506849315, 'mcc': -0.007126606829646929} 	Val loss: 1.0100875
	Test per: {'acc': 0.5486559139784947, 'mcc': 0.09386959898615795} 	Test loss: 0.9865942
epoch: 17 time: 99.8354 
----->>>>> Training: 1.2629456698894501 0.9893607139587403 0.22324586734175683 1.0067819595336913
Training: 1.251840889453888 0.9890562444925308 0.21243609488010406 	Train per: 0.53466796875
	Val per: {'acc': 0.46731898238747555, 'mcc': -0.009046998678828945} 	Val loss: 1.0107353
	Test per: {'acc': 0.5473118279569893, 'mcc': 0.09110669556191026} 	Test loss: 0.986815
epoch: 18 time: 96.8078 
----->>>>> Training: 1.2428944885730744 0.9893590033054351 0.20321389138698578 1.0064319610595702
Training: 1.2327160298824311 0.9890509933233261 0.1933523714542389 	Train per: 0.534716796875
	Val per: {'acc': 0.4649706457925636, 'mcc': -0.012763744969180098} 	Val loss: 1.0108767
	Test per: {'acc': 0.546505376344086, 'mcc': 0.08943885575997307} 	Test loss: 0.9867581
epoch: 19 time: 95.2736 
----->>>>> Training: 1.2243080198764802 0.9890832990407944 0.18492118865251542 1.0060704886913299
Training: 1.2153193175792694 0.9891004085540771 0.1759091168642044 	Train per: 0.532763671875
	Val per: {'acc': 0.4681017612524462, 'mcc': -0.009477857977611748} 	Val loss: 1.011574
	Test per: {'acc': 0.5489247311827957, 'mcc': 0.09449341498157421} 	Test loss: 0.9861533
epoch: 20 time: 95.3080 
----->>>>> Training: 1.2074120461940765 0.988928160071373 0.1681814484298229 1.0060488700866699
Training: 1.198855745792389 0.9886508256196975 0.15991495549678802 	Train per: 0.536865234375
	Val per: {'acc': 0.4614481409001957, 'mcc': -0.022388937906989755} 	Val loss: 1.0114244
	Test per: {'acc': 0.5483870967741935, 'mcc': 0.09341990111247397} 	Test loss: 0.9862244
epoch: 21 time: 96.5712 
----->>>>> Training: 1.1917708277702332 0.9885442405939102 0.15294174477458 1.0056971311569214
Training: 1.1840867400169373 0.9883784055709839 0.14542120695114136 	Train per: 0.535693359375
	Val per: {'acc': 0.46418786692759295, 'mcc': -0.01775976941003802} 	Val loss: 1.0119181
	Test per: {'acc': 0.5545698924731183, 'mcc': 0.10611905308691123} 	Test loss: 0.9847933
epoch: 22 time: 98.5480 
----->>>>> Training: 1.1778312742710113 0.9885717183351517 0.13898731917142867 1.005444771051407
Training: 1.1707974195480346 0.9884201139211655 0.13211195170879364 	Train per: 0.537548828125
	Val per: {'acc': 0.4645792563600783, 'mcc': -0.01565162959002962} 	Val loss: 1.0120746
	Test per: {'acc': 0.5497311827956989, 'mcc': 0.0961600760121807} 	Test loss: 0.9855661
epoch: 23 time: 94.8785 
----->>>>> Training: 1.1652653336524963 0.9887268722057343 0.12628855109214782 1.004998254776001
Training: 1.1586394608020782 0.9883552819490433 0.12003589421510696 	Train per: 0.537939453125
	Val per: {'acc': 0.46418786692759295, 'mcc': -0.014273797689176533} 	Val loss: 1.012401
	Test per: {'acc': 0.5518817204301075, 'mcc': 0.10080249553611251} 	Test loss: 0.98533636
epoch: 24 time: 94.9844 
----->>>>> Training: 1.15352783203125 0.9885846853256226 0.11470413282513618 1.0047804594039917
Training: 1.1478904962539673 0.9886795878410339 0.10898438841104507 	Train per: 0.53916015625
	Val per: {'acc': 0.4626223091976517, 'mcc': -0.01877576930840069} 	Val loss: 1.0115002
	Test per: {'acc': 0.5521505376344086, 'mcc': 0.10130637007516466} 	Test loss: 0.9856366
epoch: 25 time: 97.1029 
----->>>>> Training: 1.1431254386901855 0.9887920171022415 0.10411775410175324 1.00431370139122
Training: 1.1379460573196412 0.9888330340385437 0.09889933466911316 	Train per: 0.53857421875
	Val per: {'acc': 0.4649706457925636, 'mcc': -0.015365437809505347} 	Val loss: 1.0112145
	Test per: {'acc': 0.5540322580645162, 'mcc': 0.10497367396772837} 	Test loss: 0.985232
epoch: 26 time: 94.0669 
----->>>>> Training: 1.1336653590202332 0.9889859020709991 0.09447766616940498 1.0040356814861298
Training: 1.128747934103012 0.9888319104909897 0.0897199958562851 	Train per: 0.539599609375
	Val per: {'acc': 0.46418786692759295, 'mcc': -0.01180866077920876} 	Val loss: 1.0113766
	Test per: {'acc': 0.5486559139784947, 'mcc': 0.09404070652056848} 	Test loss: 0.98589736
epoch: 27 time: 97.3102 
----->>>>> Training: 1.1247051119804383 0.9888184010982514 0.0856932707130909 1.0038689017295837
Training: 1.120497953891754 0.9889374017715454 0.08137673884630203 	Train per: 0.539306640625
	Val per: {'acc': 0.4681017612524462, 'mcc': -0.007186180644341104} 	Val loss: 1.0113299
	Test per: {'acc': 0.553494623655914, 'mcc': 0.10386491245816144} 	Test loss: 0.98501956
epoch: 28 time: 98.0289 
----->>>>> Training: 1.116684877872467 0.9887555062770843 0.07775072529911994 1.0035727858543395
Training: 1.112878930568695 0.9888868451118469 0.07382379472255707 	Train per: 0.5396484375
	Val per: {'acc': 0.46301369863013697, 'mcc': -0.013644427677880693} 	Val loss: 1.0114152
	Test per: {'acc': 0.5505376344086022, 'mcc': 0.09808554902866555} 	Test loss: 0.985797
epoch: 29 time: 93.8136 
----->>>>> Training: 1.1098100662231445 0.9891986280679703 0.070450634136796 1.003216153383255
Training: 1.1060212135314942 0.989001989364624 0.06686237454414368 	Train per: 0.54150390625
	Val per: {'acc': 0.4681017612524462, 'mcc': -0.0026197103578640955} 	Val loss: 1.0109173
	Test per: {'acc': 0.5529569892473118, 'mcc': 0.1029081236615826} 	Test loss: 0.9853248
epoch: 30 time: 96.4497 
----->>>>> Training: 1.1031985104084014 0.989227369427681 0.06382235568016767 1.0029755234718323
Training: 1.0998092293739319 0.9890863537788391 0.060578763484954834 	Train per: 0.540869140625
	Val per: {'acc': 0.4649706457925636, 'mcc': -0.012006515289950493} 	Val loss: 1.0109669
	Test per: {'acc': 0.5543010752688172, 'mcc': 0.10567569378253507} 	Test loss: 0.9849821
epoch: 31 time: 99.4336 
----->>>>> Training: 1.0972227931022644 0.9892937451601028 0.057791537046432494 1.0027498722076416
Training: 1.094169932603836 0.9892074137926101 0.054827895015478134 	Train per: 0.54072265625
	Val per: {'acc': 0.46536203522504893, 'mcc': -0.010580612744704085} 	Val loss: 1.0107987
	Test per: {'acc': 0.5510752688172043, 'mcc': 0.09889144743753286} 	Test loss: 0.984942
epoch: 32 time: 98.5901 
----->>>>> Training: 1.0918542385101317 0.9893821984529495 0.0523463886231184 1.002513188123703
Training: 1.0891265392303466 0.9893161684274674 0.049687791615724564 	Train per: 0.540234375
	Val per: {'acc': 0.46536203522504893, 'mcc': -0.009223018706615273} 	Val loss: 1.0106839
	Test per: {'acc': 0.55, 'mcc': 0.09668244752120479} 	Test loss: 0.9848193
epoch: 33 time: 99.9056 
----->>>>> Training: 1.0870875120162964 0.9895232409238816 0.04744851924479008 1.0023149490356444
Training: 1.0846652507781982 0.9895191609859466 0.04503599926829338 	Train per: 0.54091796875
	Val per: {'acc': 0.4657534246575342, 'mcc': -0.008951025442872828} 	Val loss: 1.0100108
	Test per: {'acc': 0.553763440860215, 'mcc': 0.10449349272723543} 	Test loss: 0.98488927
epoch: 34 time: 96.7480 
----->>>>> Training: 1.082832407951355 0.9897662252187729 0.04296126887202263 1.0020985186100007
Training: 1.0806404232978821 0.9897781163454056 0.04076329618692398 	Train per: 0.541796875
	Val per: {'acc': 0.46223091976516634, 'mcc': -0.01482161539224693} 	Val loss: 1.0098785
	Test per: {'acc': 0.5543010752688172, 'mcc': 0.10578255366779578} 	Test loss: 0.9852145
epoch: 35 time: 99.0464 
----->>>>> Training: 1.0789671123027802 0.9899661332368851 0.03890705648809671 1.001878571510315
Training: 1.076958453655243 0.9899316847324371 0.0369369201362133 	Train per: 0.541015625
	Val per: {'acc': 0.46536203522504893, 'mcc': -0.00863428895933335} 	Val loss: 1.0095617
	Test per: {'acc': 0.5518817204301075, 'mcc': 0.10058267414829562} 	Test loss: 0.9848362
epoch: 36 time: 97.8596 
----->>>>> Training: 1.075386506319046 0.9900487035512924 0.03525342456996441 1.0016873478889465
Training: 1.073558658361435 0.9900163948535919 0.03346167877316475 	Train per: 0.54140625
	Val per: {'acc': 0.4681017612524462, 'mcc': -0.002415326528407036} 	Val loss: 1.008589
	Test per: {'acc': 0.5513440860215054, 'mcc': 0.09944217345792809} 	Test loss: 0.98504174
epoch: 37 time: 95.7999 
----->>>>> Training: 1.0721990644931794 0.9902171939611435 0.03190488098189235 1.0015397012233733
Training: 1.0705408155918121 0.9901940554380417 0.030274268239736557 	Train per: 0.541748046875
	Val per: {'acc': 0.46536203522504893, 'mcc': -0.008437090004319067} 	Val loss: 1.0082502
	Test per: {'acc': 0.5545698924731183, 'mcc': 0.10616922383249908} 	Test loss: 0.98526937
epoch: 38 time: 95.0921 
----->>>>> Training: 1.0692646324634552 0.9902878701686859 0.02890755347907543 1.0013842821121215
Training: 1.067849451303482 0.9903363794088363 0.027446426451206207 	Train per: 0.54296875
	Val per: {'acc': 0.4649706457925636, 'mcc': -0.009302002317480514} 	Val loss: 1.0079383
	Test per: {'acc': 0.5545698924731183, 'mcc': 0.10615471842715045} 	Test loss: 0.985473
epoch: 39 time: 94.5455 
----->>>>> Training: 1.0669566333293914 0.990655243396759 0.02624053107574582 1.001217293739319
Training: 1.0656540751457215 0.9906738668680191 0.024923063814640045 	Train per: 0.5423828125
	Val per: {'acc': 0.4637964774951076, 'mcc': -0.012481286655923586} 	Val loss: 1.0074772
	Test per: {'acc': 0.5556451612903226, 'mcc': 0.10832084216994313} 	Test loss: 0.9855944
epoch: 40 time: 93.3068 
----->>>>> Training: 1.0646650969982148 0.9907663702964783 0.02384481970220804 1.001077938079834
Training: 1.063500326871872 0.990783903002739 0.022664520889520645 	Train per: 0.541650390625
	Val per: {'acc': 0.46536203522504893, 'mcc': -0.007042798090918751} 	Val loss: 1.0074337
	Test per: {'acc': 0.5553763440860215, 'mcc': 0.10785004661768613} 	Test loss: 0.9855329
epoch: 41 time: 96.5424 
----->>>>> Training: 1.062686514854431 0.9910579204559327 0.021581640280783177 1.000939029455185
Training: 1.0616345643997191 0.9911132961511612 0.020477723330259323 	Train per: 0.542919921875
	Val per: {'acc': 0.4645792563600783, 'mcc': -0.011523981164334438} 	Val loss: 1.0065985
	Test per: {'acc': 0.5556451612903226, 'mcc': 0.10830287428107846} 	Test loss: 0.9860215
epoch: 42 time: 96.8165 
----->>>>> Training: 1.060863184928894 0.9912308305501938 0.019591087382286786 1.000825035572052
Training: 1.0598837196826936 0.9912117153406144 0.018632464110851288 	Train per: 0.541845703125
	Val per: {'acc': 0.4637964774951076, 'mcc': -0.011710470465133262} 	Val loss: 1.0066371
	Test per: {'acc': 0.5543010752688172, 'mcc': 0.10554908549684407} 	Test loss: 0.9861504
epoch: 43 time: 97.0273 
----->>>>> Training: 1.059187388420105 0.9913334786891937 0.01781772533431649 1.000723397731781
Training: 1.0583199679851532 0.9913235813379287 0.01696215569972992 	Train per: 0.5423828125
	Val per: {'acc': 0.4645792563600783, 'mcc': -0.011138857145265843} 	Val loss: 1.0063623
	Test per: {'acc': 0.5556451612903226, 'mcc': 0.10829849617117028} 	Test loss: 0.9861411
epoch: 44 time: 99.7385 
----->>>>> Training: 1.057844626903534 0.9915636897087097 0.016249416396021843 1.000630533695221
Training: 1.057057934999466 0.9915699690580368 0.015459170565009117 	Train per: 0.54111328125
	Val per: {'acc': 0.461839530332681, 'mcc': -0.017011552531141276} 	Val loss: 1.0062845
	Test per: {'acc': 0.5556451612903226, 'mcc': 0.10835212817016847} 	Test loss: 0.9864495
epoch: 45 time: 94.4243 
----->>>>> Training: 1.0564741253852845 0.9916651040315628 0.014781565545126796 1.0005488991737366
Training: 1.0558141887187957 0.9916962683200836 0.014093142002820969 	Train per: 0.542041015625
	Val per: {'acc': 0.4649706457925636, 'mcc': -0.010665199779024652} 	Val loss: 1.0060985
	Test per: {'acc': 0.5559139784946237, 'mcc': 0.1088486754946438} 	Test loss: 0.9863364
epoch: 46 time: 96.7102 
----->>>>> Training: 1.055412894487381 0.9918358832597732 0.013554517412558198 1.0004494309425354
Training: 1.0547729551792144 0.9918137043714523 0.012938120402395725 	Train per: 0.542041015625
	Val per: {'acc': 0.46418786692759295, 'mcc': -0.00966396738348207} 	Val loss: 1.0063272
	Test per: {'acc': 0.5521505376344086, 'mcc': 0.10111572025679923} 	Test loss: 0.9867073
epoch: 47 time: 97.6337 
----->>>>> Training: 1.054316556453705 0.9919266521930694 0.012370575265958906 1.000386780500412
Training: 1.0537733078002929 0.9919440895318985 0.011812368407845497 	Train per: 0.541552734375
	Val per: {'acc': 0.4626223091976517, 'mcc': -0.01489538564917371} 	Val loss: 1.0059211
	Test per: {'acc': 0.5540322580645162, 'mcc': 0.10498716574268938} 	Test loss: 0.98687553
epoch: 48 time: 96.2930 
----->>>>> Training: 1.0535490334033966 0.9921533465385437 0.011379897966980934 1.0003156512975693
Training: 1.053092509508133 0.9921893835067749 0.010889176279306412 	Train per: 0.5421875
	Val per: {'acc': 0.4657534246575342, 'mcc': -0.008166639930159113} 	Val loss: 1.0054177
	Test per: {'acc': 0.5543010752688172, 'mcc': 0.10552663335070778} 	Test loss: 0.9870945
epoch: 49 time: 97.9496 
----->>>>> Training: 1.0527679860591888 0.9923369884490967 0.010418137861415743 1.0002570688724517
Training: 1.05232475399971 0.9923994600772857 0.009913169778883457 	Train per: 0.5427734375
	Val per: {'acc': 0.4614481409001957, 'mcc': -0.019349202939038374} 	Val loss: 1.0052654
	Test per: {'acc': 0.5553763440860215, 'mcc': 0.1077506452175787} 	Test loss: 0.9874058
epoch: 50 time: 98.0765 
----->>>>> Training: 1.0519444227218628 0.9923772871494293 0.009557042550295592 1.000201803445816
Training: 1.0515719592571258 0.9924019038677215 0.009161192923784256 	Train per: 0.54130859375
	Val per: {'acc': 0.4645792563600783, 'mcc': -0.010168097498159766} 	Val loss: 1.0052797
	Test per: {'acc': 0.5556451612903226, 'mcc': 0.10833328912263843} 	Test loss: 0.9877016
epoch: 51 time: 98.1060 
----->>>>> Training: 1.051401472091675 0.9925741255283356 0.008819918008521199 1.0001483470201493
Training: 1.0510560035705567 0.9925914824008941 0.008458982221782207 	Train per: 0.541845703125
	Val per: {'acc': 0.4645792563600783, 'mcc': -0.010557787807628468} 	Val loss: 1.0050733
	Test per: {'acc': 0.553494623655914, 'mcc': 0.10386555182581537} 	Test loss: 0.9879027
epoch: 52 time: 96.5901 
----->>>>> Training: 1.0506795525550843 0.9925202995538711 0.00815444546751678 1.0000964194536208
Training: 1.0503554880619048 0.9925058752298355 0.007844403386116028 	Train per: 0.542919921875
	Val per: {'acc': 0.4649706457925636, 'mcc': -0.009889011463761895} 	Val loss: 1.0050358
	Test per: {'acc': 0.5551075268817204, 'mcc': 0.10719225157293212} 	Test loss: 0.9878481
epoch: 53 time: 97.3412 
----->>>>> Training: 1.0503055036067963 0.992741784453392 0.007560837524943053 1.00005744099617
Training: 1.0500251352787018 0.9926900565624237 0.007333739195019007 	Train per: 0.542529296875
	Val per: {'acc': 0.4681017612524462, 'mcc': -0.003432066181042155} 	Val loss: 1.0047318
	Test per: {'acc': 0.5543010752688172, 'mcc': 0.10552908424362208} 	Test loss: 0.9878704
epoch: 54 time: 94.0785 
----->>>>> Training: 1.0498838424682617 0.9927729308605194 0.0071095942286774514 1.0000265657901763
Training: 1.049616289138794 0.9927567929029465 0.006859031040221453 	Train per: 0.541796875
	Val per: {'acc': 0.46536203522504893, 'mcc': -0.008831006777332298} 	Val loss: 1.0048585
	Test per: {'acc': 0.5548387096774193, 'mcc': 0.10665422940946555} 	Test loss: 0.98787856
epoch: 55 time: 95.0995 
----->>>>> Training: 1.049592489004135 0.9929485321044922 0.006644696625880897 0.999985083937645
Training: 1.049334990978241 0.9929247379302979 0.006412174087017775 	Train per: 0.540771484375
	Val per: {'acc': 0.46614481409001957, 'mcc': -0.006910078604670624} 	Val loss: 1.0046359
	Test per: {'acc': 0.553763440860215, 'mcc': 0.1044320023007859} 	Test loss: 0.98814434
epoch: 56 time: 97.2240 
----->>>>> Training: 1.0492174088954926 0.9930386453866958 0.006180585664696992 0.9999636709690094
Training: 1.0489658772945405 0.9930008560419082 0.0059683965519070625 	Train per: 0.542919921875
	Val per: {'acc': 0.4712328767123288, 'mcc': 0.0025091054331769606} 	Val loss: 1.004311
	Test per: {'acc': 0.5548387096774193, 'mcc': 0.10664325098565948} 	Test loss: 0.9880589
epoch: 57 time: 95.6018 
----->>>>> Training: 1.0490950703620912 0.9932287186384201 0.005870362743735313 0.9999196410179139
Training: 1.0488405883312226 0.9931409657001495 0.005703372415155172 	Train per: 0.540673828125
	Val per: {'acc': 0.46614481409001957, 'mcc': -0.006310712329964042} 	Val loss: 1.004785
	Test per: {'acc': 0.5553763440860215, 'mcc': 0.1077720093650779} 	Test loss: 0.9882566
epoch: 58 time: 97.6504 
----->>>>> Training: 1.0486681401729583 0.9931462287902832 0.005526742548681796 0.9999035418033599
Training: 1.0484966576099395 0.9931046664714813 0.005398355424404144 	Train per: 0.541552734375
	Val per: {'acc': 0.46927592954990216, 'mcc': -0.0004721761963879322} 	Val loss: 1.0045376
	Test per: {'acc': 0.5564516129032258, 'mcc': 0.10996197665412442} 	Test loss: 0.9881368
epoch: 59 time: 97.3961 
----->>>>> Training: 1.0484791815280914 0.993196302652359 0.0052888060454279184 0.9998814314603806
Training: 1.048320508003235 0.9931400567293167 0.005187350325286388 	Train per: 0.540869140625
	Val per: {'acc': 0.46966731898238745, 'mcc': 0.0018394546911341548} 	Val loss: 1.0047277
	Test per: {'acc': 0.553763440860215, 'mcc': 0.10442125123617302} 	Test loss: 0.98814934
epoch: 60 time: 98.3422 
----->>>>> Training: 1.0482658684253692 0.993204391002655 0.005068752262741327 0.9998548656702042
Training: 1.048066884279251 0.9931959956884384 0.004877988249063492 	Train per: 0.5400390625
	Val per: {'acc': 0.46614481409001957, 'mcc': -0.005908598826890973} 	Val loss: 1.0047376
	Test per: {'acc': 0.5551075268817204, 'mcc': 0.10726743205798728} 	Test loss: 0.9884492
epoch: 61 time: 97.1915 
----->>>>> Training: 1.0479669392108917 0.9931924492120743 0.00478247539140284 0.99984011054039
Training: 1.047844696044922 0.9931741863489151 0.0046790908090770245 	Train per: 0.5419921875
	Val per: {'acc': 0.47084148727984343, 'mcc': 0.0020838537080003147} 	Val loss: 1.0041975
	Test per: {'acc': 0.5543010752688172, 'mcc': 0.1055283351344736} 	Test loss: 0.98842645
epoch: 62 time: 98.3446 
----->>>>> Training: 1.0478553354740143 0.9932419061660767 0.004622326954267919 0.9998219043016434
Training: 1.0477417826652526 0.993224024772644 0.004527157172560692 	Train per: 0.541796875
	Val per: {'acc': 0.46966731898238745, 'mcc': 0.0005844440395071234} 	Val loss: 1.0043025
	Test per: {'acc': 0.5540322580645162, 'mcc': 0.10497488243963114} 	Test loss: 0.9884672
epoch: 63 time: 94.3499 
----->>>>> Training: 1.0476280629634858 0.9932193607091904 0.004418424610048532 0.9998053938150406
Training: 1.0475333690643311 0.9932146191596984 0.004329302813857794 	Train per: 0.543017578125
	Val per: {'acc': 0.4712328767123288, 'mcc': 0.003763828163664955} 	Val loss: 1.0042422
	Test per: {'acc': 0.5543010752688172, 'mcc': 0.10553001356609387} 	Test loss: 0.9883801
epoch: 64 time: 96.5961 
----->>>>> Training: 1.047610378265381 0.9933492213487625 0.004271680023521185 0.9997896522283554
Training: 1.0474831402301787 0.9932641863822937 0.004229182843118906 	Train per: 0.5421875
	Val per: {'acc': 0.4720156555772994, 'mcc': 0.006520943803222851} 	Val loss: 1.004263
	Test per: {'acc': 0.5551075268817204, 'mcc': 0.10719826679792732} 	Test loss: 0.98838943
epoch: 65 time: 100.8385 
----->>>>> Training: 1.0474961996078491 0.9933100491762161 0.004197092447429896 0.999781122803688
Training: 1.0473897814750672 0.9932590216398239 0.004142269026488066 	Train per: 0.541455078125
	Val per: {'acc': 0.473972602739726, 'mcc': 0.01118408726971206} 	Val loss: 1.0041714
	Test per: {'acc': 0.5553763440860215, 'mcc': 0.10775439124355238} 	Test loss: 0.98854375
epoch: 66 time: 97.1168 
----->>>>> Training: 1.0474794149398803 0.993391752243042 0.004099110816605389 0.9997709333896637
Training: 1.0473565340042115 0.9933580726385116 0.004010478965938091 	Train per: 0.540283203125
	Val per: {'acc': 0.475146771037182, 'mcc': 0.012596878217095323} 	Val loss: 1.0041476
	Test per: {'acc': 0.5556451612903226, 'mcc': 0.10829464389632106} 	Test loss: 0.9885371
epoch: 67 time: 93.6504 
----->>>>> Training: 1.0474355220794678 0.993460601568222 0.003987029171548783 0.9997578263282776
Training: 1.047299575805664 0.9933941096067429 0.00391703937202692 	Train per: 0.5416015625
	Val per: {'acc': 0.4735812133072407, 'mcc': 0.009681428991995271} 	Val loss: 1.0042467
	Test per: {'acc': 0.5559139784946237, 'mcc': 0.10885847156705933} 	Test loss: 0.9884254
epoch: 68 time: 95.6773 
----->>>>> Training: 1.047076803445816 0.9932507097721099 0.0038387164706364272 0.9997477650642395
Training: 1.0469910621643066 0.9931849926710129 0.0038198221009224653 	Train per: 0.541748046875
	Val per: {'acc': 0.4786692759295499, 'mcc': 0.020766722340199443} 	Val loss: 1.0041454
	Test per: {'acc': 0.5543010752688172, 'mcc': 0.10553098950645579} 	Test loss: 0.98850834
epoch: 69 time: 97.8758 
----->>>>> Training: 1.047113698720932 0.9932817369699478 0.003845290746539831 0.9997335821390152
Training: 1.0470390021800995 0.9932268977165222 0.0038253774400800467 	Train per: 0.5408203125
	Val per: {'acc': 0.4767123287671233, 'mcc': 0.01729018047601493} 	Val loss: 1.0043708
	Test per: {'acc': 0.5559139784946237, 'mcc': 0.1088566434629962} 	Test loss: 0.9883488
epoch: 70 time: 94.5001 
----->>>>> Training: 1.04698104262352 0.9932526051998138 0.003742020484060049 0.999728187918663
Training: 1.0468741297721862 0.9931723535060882 0.0037159044295549393 	Train per: 0.54169921875
	Val per: {'acc': 0.4782778864970646, 'mcc': 0.02086166076411451} 	Val loss: 1.004324
	Test per: {'acc': 0.5564516129032258, 'mcc': 0.10997024120518249} 	Test loss: 0.98839706
epoch: 71 time: 93.7869 
----->>>>> Training: 1.0469752192497253 0.9932165145874023 0.0037727223592810334 0.9997194528579711
Training: 1.0468839466571809 0.9931151390075683 0.003783273743465543 	Train per: 0.540234375
	Val per: {'acc': 0.4806262230919765, 'mcc': 0.025371124922520687} 	Val loss: 1.0043861
	Test per: {'acc': 0.557258064516129, 'mcc': 0.11160770587300745} 	Test loss: 0.98805416
epoch: 72 time: 97.1133 
----->>>>> Training: 1.0469338297843933 0.9933175861835479 0.0036304245586507022 0.9997164815664291
Training: 1.0468012273311615 0.9932286143302917 0.003587878542020917 	Train per: 0.540673828125
	Val per: {'acc': 0.4806262230919765, 'mcc': 0.025135332662943318} 	Val loss: 1.004245
	Test per: {'acc': 0.5567204301075269, 'mcc': 0.11050395271533149} 	Test loss: 0.98815286
epoch: 73 time: 95.9259 
----->>>>> Training: 1.046707236766815 0.9930058240890502 0.0037166826659813523 0.9996947139501572
Training: 1.0466029703617097 0.9928460597991944 0.003771968884393573 	Train per: 0.542041015625
	Val per: {'acc': 0.4794520547945205, 'mcc': 0.02382947772743431} 	Val loss: 1.0045518
	Test per: {'acc': 0.5575268817204301, 'mcc': 0.11217259167380288} 	Test loss: 0.98773575
epoch: 74 time: 97.3100 
----->>>>> Training: 1.0467704951763153 0.9929456740617753 0.003840606182347983 0.9996843546628952
Training: 1.0466452956199646 0.9928413540124893 0.003819041419774294 	Train per: 0.539599609375
	Val per: {'acc': 0.4771037181996086, 'mcc': 0.019049083278393306} 	Val loss: 1.0049173
	Test per: {'acc': 0.5575268817204301, 'mcc': 0.11218417036348878} 	Test loss: 0.9874295
epoch: 75 time: 95.5019 
----->>>>> Training: 1.0465701401233674 0.9928149521350861 0.003770663298200816 0.9996904611587525
Training: 1.046448302268982 0.9927600264549256 0.0037042528856545687 	Train per: 0.54130859375
	Val per: {'acc': 0.4802348336594912, 'mcc': 0.025730449239660943} 	Val loss: 1.0046318
	Test per: {'acc': 0.5575268817204301, 'mcc': 0.11220295714004767} 	Test loss: 0.98739326
epoch: 76 time: 94.5278 
----->>>>> Training: 1.0464897513389588 0.992738538980484 0.003767429804429412 0.9996757060289383
Training: 1.0464064836502076 0.9925956755876542 0.0038276617415249348 	Train per: 0.54013671875
	Val per: {'acc': 0.47788649706457925, 'mcc': 0.018422451441598434} 	Val loss: 1.0046573
	Test per: {'acc': 0.5586021505376344, 'mcc': 0.11437888432456614} 	Test loss: 0.98701173
epoch: 77 time: 97.7384 
----->>>>> Training: 1.0464814245700835 0.9926144003868103 0.0038835223182104527 0.9996700406074523
Training: 1.0464024603366853 0.9926067024469376 0.003812384093180299 	Train per: 0.54111328125
	Val per: {'acc': 0.48101761252446185, 'mcc': 0.02455499664664906} 	Val loss: 1.0045934
	Test per: {'acc': 0.5586021505376344, 'mcc': 0.11437527824628127} 	Test loss: 0.98684
epoch: 78 time: 95.6775 
----->>>>> Training: 1.0461985290050506 0.9924262523651123 0.003789504163432866 0.9996554791927338
Training: 1.0460834681987763 0.9923268228769302 0.0037744261790066957 	Train per: 0.541162109375
	Val per: {'acc': 0.47788649706457925, 'mcc': 0.018649744921417154} 	Val loss: 1.0047412
	Test per: {'acc': 0.5591397849462365, 'mcc': 0.11548316745957063} 	Test loss: 0.98676574
epoch: 79 time: 97.4190 
----->>>>> Training: 1.046334683895111 0.9924751967191696 0.003877603879664093 0.9996376127004624
Training: 1.0462584257125855 0.9923337042331696 0.003941741771996021 	Train per: 0.540185546875
	Val per: {'acc': 0.47984344422700587, 'mcc': 0.025137424780825913} 	Val loss: 1.005153
	Test per: {'acc': 0.5567204301075269, 'mcc': 0.11055180764519597} 	Test loss: 0.9865126
epoch: 80 time: 101.2452 
----->>>>> Training: 1.0461903154850005 0.9922619163990021 0.003946403763256967 0.9996397078037262
Training: 1.046123445034027 0.9922376066446305 0.0039044590666890144 	Train per: 0.5396484375
	Val per: {'acc': 0.4818003913894325, 'mcc': 0.02526257304474529} 	Val loss: 1.0044034
	Test per: {'acc': 0.5556451612903226, 'mcc': 0.10829484747519387} 	Test loss: 0.9862821
epoch: 81 time: 99.2150 
----->>>>> Training: 1.0461684823036195 0.9922629714012146 0.003924241953063757 0.9996250659227371
Training: 1.0460400700569152 0.9921712309122086 0.003886602818965912 	Train per: 0.5404296875
	Val per: {'acc': 0.4821917808219178, 'mcc': 0.028906370534571044} 	Val loss: 1.0047824
	Test per: {'acc': 0.5594086021505377, 'mcc': 0.11608480522658923} 	Test loss: 0.98607767
epoch: 82 time: 98.0251 
----->>>>> Training: 1.0461386620998383 0.9921738564968109 0.003982842981349677 0.9996390819549561
Training: 1.0459611415863037 0.9920423448085784 0.003937705885618925 	Train per: 0.53974609375
	Val per: {'acc': 0.4806262230919765, 'mcc': 0.023044270971667426} 	Val loss: 1.0045315
	Test per: {'acc': 0.5588709677419355, 'mcc': 0.11494893702026984} 	Test loss: 0.9856451
epoch: 83 time: 96.4248 
----->>>>> Training: 1.0458693265914918 0.9920798152685165 0.003808201488573104 0.9996260076761245
Training: 1.0457342088222503 0.9919063508510589 0.003848032560199499 	Train per: 0.539892578125
	Val per: {'acc': 0.4821917808219178, 'mcc': 0.02538432672327576} 	Val loss: 1.0042973
	Test per: {'acc': 0.5602150537634408, 'mcc': 0.11767520919168663} 	Test loss: 0.98562944
epoch: 84 time: 97.5728 
----->>>>> Training: 1.0458364129066466 0.9919015347957612 0.003954034298658371 0.9996167838573455
Training: 1.045712649822235 0.9916143655776978 0.004118854645639658 	Train per: 0.5380859375
	Val per: {'acc': 0.4786692759295499, 'mcc': 0.020997694645623063} 	Val loss: 1.0052111
	Test per: {'acc': 0.5591397849462365, 'mcc': 0.1154759824377201} 	Test loss: 0.9850629
epoch: 85 time: 98.3211 
----->>>>> Training: 1.0457216501235962 0.9915272474288941 0.004214609088376164 0.9995957911014557
Training: 1.0456343948841096 0.9914066255092621 0.0042483266443014145 	Train per: 0.536767578125
	Val per: {'acc': 0.4786692759295499, 'mcc': 0.021229352597172648} 	Val loss: 1.005385
	Test per: {'acc': 0.5618279569892473, 'mcc': 0.12098620591398039} 	Test loss: 0.9844322
epoch: 86 time: 100.9726 
----->>>>> Training: 1.0455196619033813 0.991271686553955 0.004269156069494784 0.9995762497186661
Training: 1.045411264896393 0.9912308305501938 0.004201432690024376 	Train per: 0.537646484375
	Val per: {'acc': 0.4782778864970646, 'mcc': 0.019707564549421085} 	Val loss: 1.0053605
	Test per: {'acc': 0.5599462365591398, 'mcc': 0.11713877500125633} 	Test loss: 0.98413205
epoch: 87 time: 97.1000 
----->>>>> Training: 1.0455839872360229 0.9914006233215332 0.004204330313950777 0.9995808005332947
Training: 1.045423948764801 0.991158178448677 0.004287481773644686 	Train per: 0.5380859375
	Val per: {'acc': 0.4771037181996086, 'mcc': 0.014760764159289189} 	Val loss: 1.0051267
	Test per: {'acc': 0.5623655913978495, 'mcc': 0.12208011814822128} 	Test loss: 0.9835636
epoch: 88 time: 93.3319 
----->>>>> Training: 1.0455344557762145 0.9909492701292038 0.00460730551276356 0.9995577096939087
Training: 1.0452364325523376 0.9905981540679931 0.004660493694245815 	Train per: 0.5390625
	Val per: {'acc': 0.47592954990215264, 'mcc': 0.015162383230631325} 	Val loss: 1.0059296
	Test per: {'acc': 0.5580645161290323, 'mcc': 0.11329334599698632} 	Test loss: 0.982995
epoch: 89 time: 100.0082 
----->>>>> Training: 1.0451702415943145 0.9907208800315856 0.004472126951441169 0.99954474568367
Training: 1.0450388491153717 0.9905944973230362 0.004468183498829603 	Train per: 0.53916015625
	Val per: {'acc': 0.4786692759295499, 'mcc': 0.019849561167450784} 	Val loss: 1.0051954
	Test per: {'acc': 0.5602150537634408, 'mcc': 0.11769824906343672} 	Test loss: 0.9829088
epoch: 90 time: 99.2348 
----->>>>> Training: 1.0451925575733185 0.9906902551651001 0.004525000904686749 0.999545881152153
Training: 1.0450478374958039 0.9904585301876068 0.004613528493791819 	Train per: 0.538916015625
	Val per: {'acc': 0.4794520547945205, 'mcc': 0.018126753376521205} 	Val loss: 1.0051407
	Test per: {'acc': 0.5626344086021505, 'mcc': 0.12262537234011248} 	Test loss: 0.9824412
epoch: 91 time: 97.8867 
----->>>>> Training: 1.0451277673244477 0.9903312355279923 0.004821332357823849 0.9995041251182556
Training: 1.0449991405010224 0.9900511711835861 0.004971502814441919 	Train per: 0.539208984375
	Val per: {'acc': 0.4782778864970646, 'mcc': 0.01879635677474762} 	Val loss: 1.0059626
	Test per: {'acc': 0.5577956989247311, 'mcc': 0.1128741369303229} 	Test loss: 0.9818673
epoch: 92 time: 95.8837 
----->>>>> Training: 1.0449911236763 0.9902335375547409 0.004781084577552974 0.9995301187038421
Training: 1.0447305917739869 0.9899658888578415 0.004790204577147961 	Train per: 0.539794921875
	Val per: {'acc': 0.48101761252446185, 'mcc': 0.020480681489520997} 	Val loss: 1.0052652
	Test per: {'acc': 0.5618279569892473, 'mcc': 0.12097704419605465} 	Test loss: 0.9816697
epoch: 93 time: 97.3012 
----->>>>> Training: 1.0447751104831695 0.9901079088449478 0.0046913681086152795 0.9995166838169098
Training: 1.0445607900619507 0.9897395819425583 0.0048470692709088326 	Train per: 0.538671875
	Val per: {'acc': 0.48101761252446185, 'mcc': 0.02478742387955456} 	Val loss: 1.0053279
	Test per: {'acc': 0.5620967741935484, 'mcc': 0.12153681160843532} 	Test loss: 0.98149544
epoch: 94 time: 96.0652 
----->>>>> Training: 1.0445273160934447 0.9895040631294251 0.005049553140997887 0.9994737505912781
Training: 1.0443096220493318 0.9891009211540223 0.005234352312982082 	Train per: 0.54033203125
	Val per: {'acc': 0.4837573385518591, 'mcc': 0.03194660090384953} 	Val loss: 1.0060652
	Test per: {'acc': 0.5610215053763441, 'mcc': 0.11937037021427983} 	Test loss: 0.98056036
epoch: 95 time: 97.0531 
----->>>>> Training: 1.0444462954998017 0.9892274528741837 0.005245037237182259 0.9994759917259216
Training: 1.044234150648117 0.9889972031116485 0.0052645946852862835 	Train per: 0.53916015625
	Val per: {'acc': 0.4806262230919765, 'mcc': 0.02055973959158884} 	Val loss: 1.0052462
	Test per: {'acc': 0.5631720430107527, 'mcc': 0.12372489854043568} 	Test loss: 0.9801259
epoch: 96 time: 96.5077 
----->>>>> Training: 1.0443397462368011 0.9891369313001632 0.005229503731243312 0.9994662165641784
Training: 1.044208562374115 0.9890352785587311 0.005200671497732401 	Train per: 0.5404296875
	Val per: {'acc': 0.48649706457925634, 'mcc': 0.032608688318186724} 	Val loss: 1.004396
	Test per: {'acc': 0.5615591397849462, 'mcc': 0.12042355809552278} 	Test loss: 0.98024154
epoch: 97 time: 98.1698 
----->>>>> Training: 1.0444407999515533 0.9891941010951996 0.005273591750301421 0.9994621038436889
Training: 1.0441983222961426 0.9889730185270309 0.005252521950751543 	Train per: 0.539990234375
	Val per: {'acc': 0.48532289628180036, 'mcc': 0.03161096006631033} 	Val loss: 1.0049534
	Test per: {'acc': 0.5602150537634408, 'mcc': 0.11767349376131593} 	Test loss: 0.9801301
epoch: 98 time: 97.0758 
----->>>>> Training: 1.0440303325653075 0.9887572526931763 0.005301184486597776 0.9994377255439758
Training: 1.0438022494316102 0.9884812206029892 0.005349169485270977 	Train per: 0.540185546875
	Val per: {'acc': 0.4849315068493151, 'mcc': 0.030107649731358002} 	Val loss: 1.0052272
	Test per: {'acc': 0.5615591397849462, 'mcc': 0.12042437135393101} 	Test loss: 0.97921276
epoch: 99 time: 95.2465 
----->>>>> Training: 1.0441140055656433 0.9886160850524902 0.005526602291502059 0.9994261980056762
Training: 1.0437760293483733 0.9879851251840591 0.005821090657263994 	Train per: 0.53955078125
	Val per: {'acc': 0.4849315068493151, 'mcc': 0.033423547426799025} 	Val loss: 1.0059314
	Test per: {'acc': 0.5602150537634408, 'mcc': 0.11767204886374953} 	Test loss: 0.978141
epoch: 100 time: 98.0253 
----->>>>> Training: 1.043680238723755 0.9879444450139999 0.0057653980795294045 0.9994078129529953
Training: 1.043467938899994 0.987741294503212 0.005757789593189955 	Train per: 0.540576171875
	Val per: {'acc': 0.48454011741682973, 'mcc': 0.028155548940050828} 	Val loss: 1.0051333
	Test per: {'acc': 0.5639784946236559, 'mcc': 0.12536941151565625} 	Test loss: 0.9776941
epoch: 101 time: 99.9596 
----->>>>> Training: 1.043580949306488 0.9876968443393708 0.005914470227435231 0.9993927508592606
Training: 1.0433677792549134 0.9872971832752228 0.006102775223553181 	Train per: 0.53876953125
	Val per: {'acc': 0.48336594911937375, 'mcc': 0.03161295322441552} 	Val loss: 1.0061569
	Test per: {'acc': 0.5594086021505377, 'mcc': 0.11601964704632474} 	Test loss: 0.97784346
epoch: 102 time: 97.3910 
----->>>>> Training: 1.0433129251003266 0.9872208386659622 0.006123799551278353 0.9993657261133194
Training: 1.043002623319626 0.9867311000823975 0.006305313669145107 	Train per: 0.538720703125
	Val per: {'acc': 0.48414872798434444, 'mcc': 0.03013258249371391} 	Val loss: 1.005861
	Test per: {'acc': 0.5618279569892473, 'mcc': 0.12098827695202569} 	Test loss: 0.97621596
epoch: 103 time: 95.9587 
----->>>>> Training: 1.043066817522049 0.9866622567176819 0.006437972420826554 0.9993314862251281
Training: 1.0426896691322327 0.9861316531896591 0.006592884194105864 	Train per: 0.53876953125
	Val per: {'acc': 0.4888454011741683, 'mcc': 0.04428629853501482} 	Val loss: 1.0065819
	Test per: {'acc': 0.5615591397849462, 'mcc': 0.12044989299000661} 	Test loss: 0.97520685
epoch: 104 time: 94.7319 
----->>>>> Training: 1.0427742838859557 0.9860711693763733 0.006737793935462833 0.9993063122034073
Training: 1.042362278699875 0.9856316447257996 0.006765984930098057 	Train per: 0.539013671875
	Val per: {'acc': 0.48610567514677105, 'mcc': 0.03833396521364036} 	Val loss: 1.0070688
	Test per: {'acc': 0.5615591397849462, 'mcc': 0.12050551103305195} 	Test loss: 0.97480965
epoch: 105 time: 99.3926 
----->>>>> Training: 1.0425006747245789 0.9858167558908463 0.006718962290324271 0.9992991864681244
Training: 1.0421698570251465 0.9855992883443833 0.006606980226933956 	Train per: 0.540625
	Val per: {'acc': 0.4868884540117417, 'mcc': 0.04072925833174789} 	Val loss: 1.0058109
	Test per: {'acc': 0.5596774193548387, 'mcc': 0.11658098165230503} 	Test loss: 0.97493255
epoch: 106 time: 98.3980 
----->>>>> Training: 1.042518186569214 0.9856029659509659 0.006951486086472869 0.9992746949195862
Training: 1.0420586168766022 0.9848480671644211 0.007248394191265106 	Train per: 0.537451171875
	Val per: {'acc': 0.48649706457925634, 'mcc': 0.04330017994463484} 	Val loss: 1.0072693
	Test per: {'acc': 0.5599462365591398, 'mcc': 0.11716575063663637} 	Test loss: 0.9733446
epoch: 107 time: 97.2881 
----->>>>> Training: 1.0418761730194093 0.9848381578922272 0.007076347665861249 0.9992335945367813
Training: 1.0415177762508392 0.9843832701444626 0.007173438090831041 	Train per: 0.53740234375
	Val per: {'acc': 0.48297455968688846, 'mcc': 0.03350567751202413} 	Val loss: 1.0064173
	Test per: {'acc': 0.560752688172043, 'mcc': 0.11895436372844136} 	Test loss: 0.9717167
epoch: 108 time: 99.8611 
----->>>>> Training: 1.0418268501758576 0.9842898488044739 0.007576363603584468 0.9992126375436783
Training: 1.0413190186023713 0.9835961520671844 0.007763969711959362 	Train per: 0.538623046875
	Val per: {'acc': 0.487279843444227, 'mcc': 0.03952068026347546} 	Val loss: 1.0070539
	Test per: {'acc': 0.5639784946236559, 'mcc': 0.12543395713604086} 	Test loss: 0.96974206
epoch: 109 time: 99.1102 
----->>>>> Training: 1.0412824511528016 0.9831088751554489 0.008216243679635226 0.9991465479135513
Training: 1.0407947242259978 0.9826353996992111 0.008201663382351398 	Train per: 0.5373046875
	Val per: {'acc': 0.48101761252446185, 'mcc': 0.032107184212904004} 	Val loss: 1.0096958
	Test per: {'acc': 0.5604838709677419, 'mcc': 0.11853154168256533} 	Test loss: 0.969431
epoch: 110 time: 96.7117 
----->>>>> Training: 1.0408412277698518 0.9827662378549575 0.008117553452029825 0.9991488367319107
Training: 1.0405073642730713 0.9823816120624542 0.00817080494016409 	Train per: 0.539306640625
	Val per: {'acc': 0.4868884540117417, 'mcc': 0.04124241303499963} 	Val loss: 1.0089909
	Test per: {'acc': 0.5629032258064516, 'mcc': 0.12326469382984288} 	Test loss: 0.96833783
epoch: 111 time: 97.7335 
----->>>>> Training: 1.0407068848609924 0.9825256496667862 0.008225087029859423 0.9991228729486465
Training: 1.0403465569019317 0.9819535464048386 0.008438914082944393 	Train per: 0.539697265625
	Val per: {'acc': 0.48962818003913894, 'mcc': 0.04538985329148101} 	Val loss: 1.0082796
	Test per: {'acc': 0.5647849462365592, 'mcc': 0.12724830416038127} 	Test loss: 0.96693987
epoch: 112 time: 97.8733 
----->>>>> Training: 1.040280920267105 0.9814256697893142 0.008902230905368924 0.9990604400634766
Training: 1.0399445295333862 0.9809496879577637 0.009041293524205685 	Train per: 0.539306640625
	Val per: {'acc': 0.48649706457925634, 'mcc': 0.04068026022344054} 	Val loss: 1.00958
	Test per: {'acc': 0.5626344086021505, 'mcc': 0.12268372533955368} 	Test loss: 0.9662998
epoch: 113 time: 96.7007 
----->>>>> Training: 1.0403075516223907 0.9816023379564285 0.00875074123032391 0.9990896373987198
Training: 1.0399762213230133 0.9811590880155563 0.008865678682923317 	Train per: 0.539404296875
	Val per: {'acc': 0.48806262230919767, 'mcc': 0.041391390715578756} 	Val loss: 1.0095254
	Test per: {'acc': 0.564247311827957, 'mcc': 0.12598927148449005} 	Test loss: 0.9656847
epoch: 114 time: 96.3339 
----->>>>> Training: 1.0399676978588104 0.9807786166667938 0.009237683191895486 0.9990281581878662
Training: 1.0396180868148803 0.9801180630922317 0.009550741873681545 	Train per: 0.538671875
	Val per: {'acc': 0.4876712328767123, 'mcc': 0.044183752088737954} 	Val loss: 1.0104204
	Test per: {'acc': 0.5645161290322581, 'mcc': 0.1268139650059508} 	Test loss: 0.9643189
epoch: 115 time: 95.4224 
----->>>>> Training: 1.0397516012191772 0.9804726213216781 0.009326867153868079 0.9990421414375306
Training: 1.0392063021659852 0.9797690570354461 0.009488954208791256 	Train per: 0.54013671875
	Val per: {'acc': 0.487279843444227, 'mcc': 0.04052680047846651} 	Val loss: 1.0101765
	Test per: {'acc': 0.5653225806451613, 'mcc': 0.1282856884692355} 	Test loss: 0.9639839
epoch: 116 time: 95.5047 
----->>>>> Training: 1.0394170701503753 0.979606106877327 0.009862372931092978 0.9989717751741409
Training: 1.0390267491340637 0.9790681630373002 0.010011219419538975 	Train per: 0.54169921875
	Val per: {'acc': 0.4876712328767123, 'mcc': 0.039334270217854905} 	Val loss: 1.0100777
	Test per: {'acc': 0.567741935483871, 'mcc': 0.13321031788350804} 	Test loss: 0.96195656
epoch: 117 time: 96.7086 
----->>>>> Training: 1.0395389258861543 0.9795410901308059 0.010048761731013656 0.9989816457033157
Training: 1.0387058019638062 0.9787362813949585 0.01002249214798212 	Train per: 0.54111328125
	Val per: {'acc': 0.48962818003913894, 'mcc': 0.04513281161978536} 	Val loss: 1.0096719
	Test per: {'acc': 0.5658602150537635, 'mcc': 0.12940364764544826} 	Test loss: 0.9622764
epoch: 118 time: 93.9269 
----->>>>> Training: 1.0389877021312715 0.9787943482398986 0.010246941074728965 0.9989280045032501
Training: 1.038461410999298 0.977974745631218 0.010542490519583225 	Train per: 0.541845703125
	Val per: {'acc': 0.4876712328767123, 'mcc': 0.041339632424636605} 	Val loss: 1.0113868
	Test per: {'acc': 0.5669354838709677, 'mcc': 0.1314699335752059} 	Test loss: 0.961011
epoch: 119 time: 98.3465 
----->>>>> Training: 1.0385961294174195 0.9781426191329956 0.010507840989157557 0.9989134311676026
Training: 1.0379823803901673 0.97753404378891 0.010504333302378654 	Train per: 0.54228515625
	Val per: {'acc': 0.48806262230919767, 'mcc': 0.043176640612138995} 	Val loss: 1.0117729
	Test per: {'acc': 0.5663978494623656, 'mcc': 0.1303856030614756} 	Test loss: 0.9610773
epoch: 120 time: 100.2871 
----->>>>> Training: 1.0383833587169646 0.9778476327657699 0.010591573873534798 0.9988831728696823
Training: 1.0380232810974122 0.9773284375667572 0.010752919130027294 	Train per: 0.541796875
	Val per: {'acc': 0.4868884540117417, 'mcc': 0.03870983179103032} 	Val loss: 1.0106959
	Test per: {'acc': 0.5666666666666667, 'mcc': 0.130995623120884} 	Test loss: 0.96021086
epoch: 121 time: 97.9225 
----->>>>> Training: 1.0380928277969361 0.9771129101514816 0.011037521902471781 0.9988479286432266
Training: 1.037753063440323 0.9766203582286834 0.011190775781869888 	Train per: 0.5421875
	Val per: {'acc': 0.48845401174168296, 'mcc': 0.044509665024726267} 	Val loss: 1.0122892
	Test per: {'acc': 0.5672043010752689, 'mcc': 0.13202410519163257} 	Test loss: 0.96002156
epoch: 122 time: 95.6092 
----->>>>> Training: 1.0380465507507324 0.976668918132782 0.011436571506783367 0.9988210022449493
Training: 1.0380716443061828 0.9764395266771316 0.011691735126078129 	Train per: 0.541455078125
	Val per: {'acc': 0.48649706457925634, 'mcc': 0.03593462902136622} 	Val loss: 1.01238
	Test per: {'acc': 0.5720430107526882, 'mcc': 0.14227835771375388} 	Test loss: 0.95788723
epoch: 123 time: 97.3008 
----->>>>> Training: 1.0379201531410218 0.9763618409633636 0.011616934603080154 0.9988274574279785
Training: 1.0372670829296111 0.9756925016641617 0.011635683476924896 	Train per: 0.54384765625
	Val per: {'acc': 0.4900195694716243, 'mcc': 0.040227693637842635} 	Val loss: 1.0097224
	Test per: {'acc': 0.5688172043010753, 'mcc': 0.1352386064660624} 	Test loss: 0.95805883
epoch: 124 time: 97.6281 
----->>>>> Training: 1.0379359245300293 0.9762958765029908 0.011699462356045843 0.998811537027359
Training: 1.0373334467411042 0.9755668342113495 0.011828465387225151 	Train per: 0.5419921875
	Val per: {'acc': 0.4849315068493151, 'mcc': 0.03439653250342063} 	Val loss: 1.011572
	Test per: {'acc': 0.5650537634408602, 'mcc': 0.12778275797201608} 	Test loss: 0.95877016
epoch: 125 time: 97.7869 
----->>>>> Training: 1.0375584840774537 0.9756466239690781 0.011973328469321132 0.9987706303596496
Training: 1.0369085729122163 0.9749385714530945 0.012033426202833652 	Train per: 0.543603515625
	Val per: {'acc': 0.4962818003913894, 'mcc': 0.04841147964844132} 	Val loss: 1.0077559
	Test per: {'acc': 0.5720430107526882, 'mcc': 0.1418052074868214} 	Test loss: 0.9556392
epoch: 126 time: 98.4022 
----->>>>> Training: 1.0374939024448395 0.9758766323328019 0.011676422692835331 0.998816990852356
Training: 1.0369567930698396 0.975384098291397 0.011634052731096745 	Train per: 0.5439453125
	Val per: {'acc': 0.4900195694716243, 'mcc': 0.04645572477213887} 	Val loss: 1.0117462
	Test per: {'acc': 0.5693548387096774, 'mcc': 0.13640526595096214} 	Test loss: 0.95848817
epoch: 127 time: 99.8413 
----->>>>> Training: 1.0367367208003997 0.9745710730552674 0.012231340631842613 0.9986859112977982
Training: 1.0362932085990906 0.9733623087406158 0.012998154386878014 	Train per: 0.542919921875
	Val per: {'acc': 0.4892367906066536, 'mcc': 0.04280443015771236} 	Val loss: 1.0126766
	Test per: {'acc': 0.5672043010752689, 'mcc': 0.13212535728906846} 	Test loss: 0.9555554
epoch: 128 time: 99.5478 
----->>>>> Training: 1.0366318941116333 0.9734574556350708 0.013240517722442747 0.9986785411834717
Training: 1.0360851764678956 0.9730357944965362 0.013116116635501385 	Train per: 0.543701171875
	Val per: {'acc': 0.4911937377690802, 'mcc': 0.047322946413330146} 	Val loss: 1.0127614
	Test per: {'acc': 0.5663978494623656, 'mcc': 0.13033954602295325} 	Test loss: 0.9551763
epoch: 129 time: 97.5332 
----->>>>> Training: 1.0364367842674256 0.9734762400388718 0.013026439771056175 0.9986819267272949
Training: 1.0360735774040222 0.9731789588928222 0.012962257489562035 	Train per: 0.543115234375
	Val per: {'acc': 0.4900195694716243, 'mcc': 0.04517116624290637} 	Val loss: 1.0129939
	Test per: {'acc': 0.5674731182795699, 'mcc': 0.1325505431838627} 	Test loss: 0.95548874
epoch: 130 time: 94.6575 
----->>>>> Training: 1.036544132232666 0.9736483544111252 0.012961716996505857 0.9986810922622681
Training: 1.036024034023285 0.973109245300293 0.012981935404241085 	Train per: 0.545849609375
	Val per: {'acc': 0.49158512720156555, 'mcc': 0.04266161436663915} 	Val loss: 1.0123693
	Test per: {'acc': 0.5682795698924731, 'mcc': 0.13416825294177487} 	Test loss: 0.95429647
epoch: 131 time: 94.3071 
----->>>>> Training: 1.0360524356365204 0.9729895949363708 0.013130085729062557 0.9986547976732254
Training: 1.035510003566742 0.9724101483821869 0.01316832285374403 	Train per: 0.54619140625
	Val per: {'acc': 0.48806262230919767, 'mcc': 0.040638482659050276} 	Val loss: 1.0137986
	Test per: {'acc': 0.5666666666666667, 'mcc': 0.13091153533443803} 	Test loss: 0.9549844
epoch: 132 time: 95.3934 
----->>>>> Training: 1.0359022617340088 0.9727120965719223 0.013258164189755917 0.9986401706933975
Training: 1.0352877020835876 0.9719717413187027 0.013386779464781284 	Train per: 0.543310546875
	Val per: {'acc': 0.4868884540117417, 'mcc': 0.03821297367209151} 	Val loss: 1.0135486
	Test per: {'acc': 0.5669354838709677, 'mcc': 0.13152569417399657} 	Test loss: 0.95484036
epoch: 133 time: 97.5747 
----->>>>> Training: 1.0352232694625854 0.9713670611381531 0.01392832025885582 0.9985583126544952
Training: 1.0350771009922028 0.9710240244865418 0.014124971814453602 	Train per: 0.5462890625
	Val per: {'acc': 0.4904109589041096, 'mcc': 0.04271936219632274} 	Val loss: 1.0143617
	Test per: {'acc': 0.5682795698924731, 'mcc': 0.13414328913413442} 	Test loss: 0.95285344
epoch: 134 time: 94.4478 
----->>>>> Training: 1.0351867616176604 0.971417361497879 0.01383952829055488 0.9985976934432983
Training: 1.0347061932086945 0.9708366572856904 0.01394254807382822 	Train per: 0.54560546875
	Val per: {'acc': 0.4919765166340509, 'mcc': 0.046889458286148426} 	Val loss: 1.0136821
	Test per: {'acc': 0.567741935483871, 'mcc': 0.13309536041450676} 	Test loss: 0.9532048
epoch: 135 time: 95.1731 
----->>>>> Training: 1.0352376520633697 0.9708283096551895 0.014482759404927492 0.9985316693782806
Training: 1.0350467026233674 0.9704160064458847 0.014704644680023193 	Train per: 0.5470703125
	Val per: {'acc': 0.48649706457925634, 'mcc': 0.027192243048966478} 	Val loss: 1.0139205
	Test per: {'acc': 0.5669354838709677, 'mcc': 0.13144847349398747} 	Test loss: 0.9503879
epoch: 136 time: 96.3259 
----->>>>> Training: 1.03548224568367 0.9712707906961441 0.014281685650348663 0.9985952705144883
Training: 1.034489595890045 0.9703453212976456 0.014218989759683609 	Train per: 0.544775390625
	Val per: {'acc': 0.4900195694716243, 'mcc': 0.04491672432131843} 	Val loss: 1.0149882
	Test per: {'acc': 0.5663978494623656, 'mcc': 0.13039080628030988} 	Test loss: 0.9533626
epoch: 137 time: 96.4103 
----->>>>> Training: 1.0348071694374084 0.9700414359569549 0.014842121489346027 0.9984722882509232
Training: 1.0339365899562836 0.968894875049591 0.015119181014597416 	Train per: 0.547021484375
	Val per: {'acc': 0.4900195694716243, 'mcc': 0.03951093056204618} 	Val loss: 1.0147073
	Test per: {'acc': 0.568010752688172, 'mcc': 0.13365261287373792} 	Test loss: 0.9505263
epoch: 138 time: 94.3671 
----->>>>> Training: 1.0348634839057922 0.9700374573469162 0.014899594895541667 0.998528453707695
Training: 1.03434579372406 0.9696495503187179 0.014771736226975918 	Train per: 0.544384765625
	Val per: {'acc': 0.487279843444227, 'mcc': 0.03902238240705198} 	Val loss: 1.0156224
	Test per: {'acc': 0.5682795698924731, 'mcc': 0.13436768303343935} 	Test loss: 0.9520233
epoch: 139 time: 96.4967 
----->>>>> Training: 1.0344768404960631 0.9698284775018692 0.014722807845100761 0.9985110938549042
Training: 1.033735805749893 0.9691478133201599 0.014664496295154095 	Train per: 0.547900390625
	Val per: {'acc': 0.4900195694716243, 'mcc': 0.03786150122992139} 	Val loss: 1.0138501
	Test per: {'acc': 0.5685483870967742, 'mcc': 0.13469565142823622} 	Test loss: 0.9512305
epoch: 140 time: 95.4839 
----->>>>> Training: 1.0340508937835693 0.9687773257493972 0.015352749126031994 0.998416593670845
Training: 1.0337329626083374 0.9679534256458282 0.015860779210925102 	Train per: 0.54541015625
	Val per: {'acc': 0.4876712328767123, 'mcc': 0.03222351525855566} 	Val loss: 1.0133024
	Test per: {'acc': 0.5669354838709677, 'mcc': 0.13146083924668459} 	Test loss: 0.9492953
epoch: 141 time: 94.4641 
----->>>>> Training: 1.0337924003601073 0.9685982584953308 0.015270445868372918 0.9984739691019058
Training: 1.033192330598831 0.9681691735982895 0.015103137120604515 	Train per: 0.5462890625
	Val per: {'acc': 0.4900195694716243, 'mcc': 0.03762841797764247} 	Val loss: 1.0125954
	Test per: {'acc': 0.5666666666666667, 'mcc': 0.13086387911902994} 	Test loss: 0.95038015
epoch: 142 time: 94.0233 
----->>>>> Training: 1.0337468683719635 0.9679095119237899 0.015920540085062385 0.998336273431778
Training: 1.0331291437149048 0.967092502117157 0.016116676852107048 	Train per: 0.54677734375
	Val per: {'acc': 0.4900195694716243, 'mcc': 0.039273347354054} 	Val loss: 1.0145227
	Test per: {'acc': 0.5690860215053763, 'mcc': 0.13578605363776738} 	Test loss: 0.94846636
epoch: 143 time: 95.6565 
----->>>>> Training: 1.0333624958992005 0.9674784451723099 0.015964262746274473 0.998396149277687
Training: 1.032712310552597 0.9668086439371109 0.015986906364560127 	Train per: 0.546630859375
	Val per: {'acc': 0.4900195694716243, 'mcc': 0.03880015355437202} 	Val loss: 1.013095
	Test per: {'acc': 0.568010752688172, 'mcc': 0.13366177652217165} 	Test loss: 0.9488421
epoch: 144 time: 94.3698 
----->>>>> Training: 1.0331405580043793 0.9669974893331528 0.016224964149296285 0.9983621001243591
Training: 1.0329057216644286 0.9664341688156128 0.016555845737457275 	Train per: 0.547705078125
	Val per: {'acc': 0.4923679060665362, 'mcc': 0.04399122005367833} 	Val loss: 1.013284
	Test per: {'acc': 0.5701612903225807, 'mcc': 0.13797686704145373} 	Test loss: 0.9477038
epoch: 145 time: 97.1021 
----->>>>> Training: 1.0328188419342041 0.9661922693252564 0.01671142876148224 0.9983028590679168
Training: 1.0323210537433625 0.9655350804328918 0.016872383654117584 	Train per: 0.54697265625
	Val per: {'acc': 0.4908023483365949, 'mcc': 0.03943005221733807} 	Val loss: 1.0125765
	Test per: {'acc': 0.5698924731182796, 'mcc': 0.13745073444756117} 	Test loss: 0.9467104
epoch: 146 time: 95.5268 
----->>>>> Training: 1.033133900165558 0.9665860623121262 0.016630119923502207 0.998354685306549
Training: 1.032477992773056 0.9659009277820587 0.016663044691085815 	Train per: 0.5486328125
	Val per: {'acc': 0.4911937377690802, 'mcc': 0.03675464431929342} 	Val loss: 1.0113415
	Test per: {'acc': 0.5720430107526882, 'mcc': 0.14180597389442626} 	Test loss: 0.94637525
epoch: 147 time: 86.6963 
----->>>>> Training: 1.0327429592609405 0.9663432002067566 0.016482960898429155 0.9983358681201935
Training: 1.031934803724289 0.9654953837394714 0.01652555726468563 	Train per: 0.54677734375
	Val per: {'acc': 0.487279843444227, 'mcc': 0.036335675494771257} 	Val loss: 1.0133616
	Test per: {'acc': 0.5701612903225807, 'mcc': 0.1380781746638271} 	Test loss: 0.948034
epoch: 148 time: 81.7026 
----->>>>> Training: 1.0323558568954467 0.9654586255550385 0.016984076611697672 0.9982633948326111
Training: 1.0316563606262208 0.9644602924585343 0.017284516245126724 	Train per: 0.54794921875
	Val per: {'acc': 0.49275929549902153, 'mcc': 0.04525903903562865} 	Val loss: 1.0124687
	Test per: {'acc': 0.5717741935483871, 'mcc': 0.1412591620277957} 	Test loss: 0.9458175
epoch: 149 time: 82.5191 

Best Valid performance: {'acc': 0.4962818003913894, 'mcc': 0.04841147964844132}
	Best Test performance: {'acc': 0.5720430107526882, 'mcc': 0.1418052074868214}
