Namespace(path='./data/stocknet-dataset/price/ourpped', seq=5, unit=4, alpha_l2=1.0, beta_adv=0.05, epsilon_adv=0.001, step=1, batch_size=1024, epoch=150, learning_rate=0.001, gpu=1, model_path='./saved_model/acl18_alstm/exp', model_save_path='./saved_model/acl18_resnet_lstm_5/exp', action='train', model='pure_lstm', fix_init=1, att=1, week=0, adv=1, hinge_lose=1, reload=0, resnet=1)
87  tickers selected
652 trading dates:
148 546 588
20315  training instances
2555  validation instances
3720  testing instances
Tensor("Shape:0", shape=(3,), dtype=int32)
is pred_lstm
device name: /gpu:0
outputs_shape: [None, 5, 4]
resshape: [None, 5, 4]
Shape of self.output: Tensor("Shape:0", shape=(3,), dtype=int32)
Shape of self.resnet_features: Tensor("Shape_1:0", shape=(3,), dtype=int32)
Shape of self.combined_features: [None, 5, 4]
adversarial scope
adversial part
gradient noise
adversial part
Metal device set to: Apple M1 Pro

systemMemory: 16.00 GB
maxCacheSize: 5.33 GB

----->>>>> Training: 2.7401347160339355 0.9996817260980606 1.690447700023651 1.0001060247421265
Training: 2.6724117159843446 0.9979257106781005 1.6243040561676025 	Train per: 0.50927734375
	Val per: {'acc': 0.5334637964774951, 'mcc': 0.05631688634687069} 	Val loss: 0.99417883
	Test per: {'acc': 0.5188172043010753, 'mcc': 0.0376469466139429} 	Test loss: 0.9973346
epoch: 0 time: 12.2197 
----->>>>> Training: 2.6153666377067566 0.9983151078224182 1.5669764757156373 1.0015012860298156
Training: 2.5534829616546633 0.9983749032020569 1.5050426721572876 	Train per: 0.51064453125
	Val per: {'acc': 0.5287671232876713, 'mcc': 0.02956122352188993} 	Val loss: 0.9980836
	Test per: {'acc': 0.5080645161290323, 'mcc': 0.021670268114084863} 	Test loss: 0.99907494
epoch: 1 time: 8.1373 
----->>>>> Training: 2.5006858110427856 0.9992215514183045 1.4515376806259155 0.9985315531492234
Training: 2.4435447573661806 0.9998658776283265 1.3937469720840454 	Train per: 0.50048828125
	Val per: {'acc': 0.4943248532289628, 'mcc': -0.00975405119668006} 	Val loss: 1.0025854
	Test per: {'acc': 0.48655913978494625, 'mcc': -0.021711844656738987} 	Test loss: 1.0007098
epoch: 2 time: 8.1056 
----->>>>> Training: 2.3930666923522947 0.9992188334465026 1.3438231766223907 1.0004939138889313
Training: 2.3384742736816406 0.9984804779291153 1.2898929119110107 	Train per: 0.50537109375
	Val per: {'acc': 0.47788649706457925, 'mcc': -0.0067123267152972175} 	Val loss: 1.0049037
	Test per: {'acc': 0.5059139784946236, 'mcc': 0.01122435995434682} 	Test loss: 0.9981136
epoch: 3 time: 8.1051 
----->>>>> Training: 2.2911594986915587 0.9976286649703979 1.2432798802852632 1.005019149184227
Training: 2.2398969292640687 0.9965942203998566 1.1929244995117188 	Train per: 0.513623046875
	Val per: {'acc': 0.47788649706457925, 'mcc': 0.0378305755681977} 	Val loss: 1.0045137
	Test per: {'acc': 0.5196236559139785, 'mcc': 0.034851934546090056} 	Test loss: 0.99526393
epoch: 4 time: 8.1342 
----->>>>> Training: 2.195828711986542 0.9960322558879853 1.1494009792804718 1.0079096853733063
Training: 2.1481059908866884 0.9953186750411988 1.1023666858673096 	Train per: 0.518017578125
	Val per: {'acc': 0.47906066536203523, 'mcc': 0.038449794858437615} 	Val loss: 1.0052269
	Test per: {'acc': 0.5239247311827957, 'mcc': 0.044032091439026186} 	Test loss: 0.99294406
epoch: 5 time: 8.1251 
----->>>>> Training: 2.1071921229362487 0.9950846761465073 1.0616924345493317 1.0083005398511886
Training: 2.062669575214386 0.9944864302873612 1.0177578926086426 	Train per: 0.517236328125
	Val per: {'acc': 0.47788649706457925, 'mcc': 0.03518580274984242} 	Val loss: 1.0060514
	Test per: {'acc': 0.5239247311827957, 'mcc': 0.044190849443294954} 	Test loss: 0.9911626
epoch: 6 time: 8.0986 
----->>>>> Training: 2.0241188526153566 0.9938954949378968 0.9797702819108963 1.0090617418289185
Training: 1.9826627016067504 0.99344622194767 0.9387511014938354 	Train per: 0.517236328125
	Val per: {'acc': 0.4767123287671233, 'mcc': 0.03451488103925828} 	Val loss: 1.0073441
	Test per: {'acc': 0.5258064516129032, 'mcc': 0.047496512211534316} 	Test loss: 0.9896409
epoch: 7 time: 8.1397 
----->>>>> Training: 1.9469922304153442 0.9932104587554932 0.903318801522255 1.009259209036827
Training: 1.908331561088562 0.992794293165207 0.8650642037391663 	Train per: 0.51767578125
	Val per: {'acc': 0.4755381604696673, 'mcc': 0.03265644746798581} 	Val loss: 1.0084658
	Test per: {'acc': 0.5266129032258065, 'mcc': 0.04885947080886038} 	Test loss: 0.98820925
epoch: 8 time: 8.1652 
----->>>>> Training: 1.8749486565589906 0.9924425184726715 0.8320233017206192 1.0096567124128342
Training: 1.8389676690101624 0.9920890897512435 0.7963874936103821 	Train per: 0.517333984375
	Val per: {'acc': 0.47279843444227004, 'mcc': 0.02506664232225594} 	Val loss: 1.0089624
	Test per: {'acc': 0.5276881720430108, 'mcc': 0.051029312735084424} 	Test loss: 0.9871263
epoch: 9 time: 8.1227 
----->>>>> Training: 1.807833069562912 0.9916866749525071 0.7656384855508804 1.0101577907800674
Training: 1.7743603110313415 0.9913629591464996 0.7324822545051575 	Train per: 0.518505859375
	Val per: {'acc': 0.47162426614481406, 'mcc': 0.022286888946953423} 	Val loss: 1.0098311
	Test per: {'acc': 0.5298387096774193, 'mcc': 0.055332343777624894} 	Test loss: 0.9860034
epoch: 10 time: 8.0832 
----->>>>> Training: 1.7457785546779632 0.9913524866104126 0.7039225190877915 1.0100707769393922
Training: 1.7146617114543914 0.9910478442907333 0.6731029748916626 	Train per: 0.51884765625
	Val per: {'acc': 0.4684931506849315, 'mcc': 0.01479626739212379} 	Val loss: 1.010597
	Test per: {'acc': 0.5311827956989247, 'mcc': 0.057962815851355376} 	Test loss: 0.98505074
epoch: 11 time: 8.0857 
----->>>>> Training: 1.68777557015419 0.990644657611847 0.6466071963310241 1.0104747265577316
Training: 1.6588408052921295 0.9902874976396561 0.6180205345153809 	Train per: 0.52060546875
	Val per: {'acc': 0.4665362035225049, 'mcc': 0.010310182828110708} 	Val loss: 1.0115976
	Test per: {'acc': 0.5301075268817205, 'mcc': 0.055564328068944374} 	Test loss: 0.98409766
epoch: 12 time: 8.1036 
----->>>>> Training: 1.633799970149994 0.9898559123277664 0.5933935582637787 1.0110104620456695
Training: 1.6070162117481233 0.9895993292331695 0.5668626427650452 	Train per: 0.520751953125
	Val per: {'acc': 0.46771037181996084, 'mcc': 0.011623006168672215} 	Val loss: 1.0115432
	Test per: {'acc': 0.531989247311828, 'mcc': 0.05952859661110681} 	Test loss: 0.983636
epoch: 13 time: 8.0706 
----->>>>> Training: 1.5843766331672668 0.989762258529663 0.5440803170204163 1.0106812566518784
Training: 1.5595634877681732 0.989485239982605 0.5195394158363342 	Train per: 0.519580078125
	Val per: {'acc': 0.4669275929549902, 'mcc': 0.00999153839727926} 	Val loss: 1.0120897
	Test per: {'acc': 0.5295698924731183, 'mcc': 0.05438892191263005} 	Test loss: 0.9830796
epoch: 14 time: 8.1375 
----->>>>> Training: 1.5381232500076294 0.9891298472881317 0.49844013899564743 1.0110650390386582
Training: 1.5151589930057525 0.9888908296823502 0.4757141172885895 	Train per: 0.51943359375
	Val per: {'acc': 0.4681017612524462, 'mcc': 0.013074327592061587} 	Val loss: 1.0119834
	Test per: {'acc': 0.5309139784946236, 'mcc': 0.057127325952204405} 	Test loss: 0.9829058
epoch: 15 time: 8.1888 
----->>>>> Training: 1.4957540810108185 0.9890159487724304 0.4562001571059227 1.0107596874237061
Training: 1.4745440304279327 0.9887522846460343 0.435251921415329 	Train per: 0.51982421875
	Val per: {'acc': 0.4669275929549902, 'mcc': 0.012564514059785311} 	Val loss: 1.0124792
	Test per: {'acc': 0.5311827956989247, 'mcc': 0.057565765405695406} 	Test loss: 0.98267657
epoch: 16 time: 8.2978 
----->>>>> Training: 1.4563860476016999 0.9885956704616546 0.41724876314401627 1.0108321487903595
Training: 1.436772209405899 0.9883019536733627 0.39792877435684204 	Train per: 0.521484375
	Val per: {'acc': 0.47045009784735814, 'mcc': 0.018686783994453716} 	Val loss: 1.0119364
	Test per: {'acc': 0.5327956989247312, 'mcc': 0.06112775908132962} 	Test loss: 0.9826731
epoch: 17 time: 8.2403 
----->>>>> Training: 1.419849956035614 0.9879799067974091 0.38132364898920057 1.010928350687027
Training: 1.4017971873283386 0.9877494603395462 0.36350348591804504 	Train per: 0.521630859375
	Val per: {'acc': 0.47045009784735814, 'mcc': 0.01922196640375802} 	Val loss: 1.012365
	Test per: {'acc': 0.5352150537634408, 'mcc': 0.06604189498796892} 	Test loss: 0.98252
epoch: 18 time: 8.0821 
----->>>>> Training: 1.3867560625076294 0.988033789396286 0.3482016548514366 1.0104127317667007
Training: 1.370072501897812 0.9877147167921067 0.33184006810188293 	Train per: 0.521923828125
	Val per: {'acc': 0.4712328767123288, 'mcc': 0.02163036447436097} 	Val loss: 1.0122923
	Test per: {'acc': 0.5379032258064517, 'mcc': 0.07156224894481006} 	Test loss: 0.98260975
epoch: 19 time: 8.0954 
----->>>>> Training: 1.3558367609977722 0.987536808848381 0.3177834615111351 1.0103299498558045
Training: 1.3404868602752686 0.9872600197792053 0.3027147948741913 	Train per: 0.52216796875
	Val per: {'acc': 0.47045009784735814, 'mcc': 0.02169160335669341} 	Val loss: 1.0127723
	Test per: {'acc': 0.5370967741935484, 'mcc': 0.06983589104301907} 	Test loss: 0.9825454
epoch: 20 time: 8.1294 
----->>>>> Training: 1.3275546252727508 0.9873181104660034 0.28972560465335845 1.010218095779419
Training: 1.3134146928787231 0.9870830535888672 0.27582475543022156 	Train per: 0.523046875
	Val per: {'acc': 0.47279843444227004, 'mcc': 0.02562650335158698} 	Val loss: 1.0117992
	Test per: {'acc': 0.5408602150537635, 'mcc': 0.07776639625664958} 	Test loss: 0.98298687
epoch: 21 time: 8.1551 
----->>>>> Training: 1.3012297868728637 0.9866355270147323 0.26408256590366364 1.0102336943149566
Training: 1.2881805539131164 0.9863190114498138 0.2513526976108551 	Train per: 0.52353515625
	Val per: {'acc': 0.47162426614481406, 'mcc': 0.023115705140717143} 	Val loss: 1.0124862
	Test per: {'acc': 0.5397849462365591, 'mcc': 0.07554490871153703} 	Test loss: 0.98250246
epoch: 22 time: 8.0785 
----->>>>> Training: 1.2770662665367127 0.9861491590738296 0.24040474370121956 1.0102476477622986
Training: 1.2651045501232148 0.9858799755573273 0.2287147045135498 	Train per: 0.5228515625
	Val per: {'acc': 0.4720156555772994, 'mcc': 0.02078194771734063} 	Val loss: 1.0115347
	Test per: {'acc': 0.5384408602150538, 'mcc': 0.07299752925142253} 	Test loss: 0.98292404
epoch: 23 time: 8.1414 
----->>>>> Training: 1.2554052710533141 0.9860852509737015 0.21883562728762626 1.0096880316734314
Training: 1.244478213787079 0.9858153402805329 0.2081826776266098 	Train per: 0.523193359375
	Val per: {'acc': 0.4720156555772994, 'mcc': 0.022666073705951896} 	Val loss: 1.012052
	Test per: {'acc': 0.5373655913978495, 'mcc': 0.07067877826932578} 	Test loss: 0.982736
epoch: 24 time: 8.1532 
----->>>>> Training: 1.2351391673088075 0.9855696350336075 0.1990819402039051 1.0097516626119614
Training: 1.2250746846199037 0.9852944493293763 0.18929755687713623 	Train per: 0.523388671875
	Val per: {'acc': 0.47788649706457925, 'mcc': 0.03348118043661344} 	Val loss: 1.0109327
	Test per: {'acc': 0.5362903225806451, 'mcc': 0.0688781966885232} 	Test loss: 0.98268133
epoch: 25 time: 8.1457 
----->>>>> Training: 1.2166595697402953 0.9852042436599732 0.1809769570827484 1.0095672249794005
Training: 1.2074783980846404 0.9849529445171357 0.17205148935317993 	Train per: 0.523095703125
	Val per: {'acc': 0.4771037181996086, 'mcc': 0.03226078273650084} 	Val loss: 1.0113201
	Test per: {'acc': 0.5373655913978495, 'mcc': 0.07094917291759115} 	Test loss: 0.9824935
epoch: 26 time: 8.1237 
----->>>>> Training: 1.2001589477062224 0.9852438747882843 0.1644609808921814 1.0090815067291259
Training: 1.1918156683444976 0.9851128309965134 0.15625354647636414 	Train per: 0.522607421875
	Val per: {'acc': 0.4771037181996086, 'mcc': 0.035718036324049754} 	Val loss: 1.0117637
	Test per: {'acc': 0.5389784946236559, 'mcc': 0.07397151709167592} 	Test loss: 0.98252344
epoch: 27 time: 8.0721 
----->>>>> Training: 1.1846945643424989 0.9849273830652236 0.1493205539882183 1.0089325666427613
Training: 1.1770954251289367 0.9847872376441955 0.14186632633209229 	Train per: 0.52275390625
	Val per: {'acc': 0.4802348336594912, 'mcc': 0.042020723474173} 	Val loss: 1.0110829
	Test per: {'acc': 0.5397849462365591, 'mcc': 0.07573212198713443} 	Test loss: 0.9826332
epoch: 28 time: 8.1087 
----->>>>> Training: 1.1707061052322387 0.9846502989530563 0.13560856580734254 1.0089448809623718
Training: 1.1637757301330567 0.9845156729221344 0.12881778180599213 	Train per: 0.523828125
	Val per: {'acc': 0.48140900195694714, 'mcc': 0.044995511754332355} 	Val loss: 1.0108715
	Test per: {'acc': 0.5395161290322581, 'mcc': 0.07521348820097315} 	Test loss: 0.9824223
epoch: 29 time: 8.1230 
----->>>>> Training: 1.1583156704902648 0.9849077790975571 0.12298395894467831 1.0084782630205154
Training: 1.1520763516426087 0.9848454356193542 0.11681365221738815 	Train per: 0.523388671875
	Val per: {'acc': 0.4818003913894325, 'mcc': 0.04084690514256405} 	Val loss: 1.0095704
	Test per: {'acc': 0.5368279569892473, 'mcc': 0.0700813810334078} 	Test loss: 0.9825041
epoch: 30 time: 8.1252 
----->>>>> Training: 1.1467818677425385 0.9847796469926834 0.11158512942492962 1.0083416283130646
Training: 1.141051423549652 0.9846621185541153 0.10597898066043854 	Train per: 0.523388671875
	Val per: {'acc': 0.48297455968688846, 'mcc': 0.043158478331532524} 	Val loss: 1.0089741
	Test per: {'acc': 0.5344086021505376, 'mcc': 0.06514622732771765} 	Test loss: 0.98248863
epoch: 31 time: 8.0911 
----->>>>> Training: 1.1365155458450318 0.9850010395050048 0.10111331753432751 1.0080239534378053
Training: 1.131352472305298 0.9849735707044601 0.0959843322634697 	Train per: 0.523388671875
	Val per: {'acc': 0.48414872798434444, 'mcc': 0.045453430492890995} 	Val loss: 1.0084089
	Test per: {'acc': 0.535752688172043, 'mcc': 0.06789122748530997} 	Test loss: 0.98282963
epoch: 32 time: 8.5163 
----->>>>> Training: 1.1270816683769227 0.984945896267891 0.09174594506621361 1.0077965199947356
Training: 1.1223051965236663 0.9847807854413986 0.08713850378990173 	Train per: 0.52216796875
	Val per: {'acc': 0.4837573385518591, 'mcc': 0.04634474299996127} 	Val loss: 1.0088894
	Test per: {'acc': 0.5352150537634408, 'mcc': 0.06634349611808986} 	Test loss: 0.9827146
epoch: 33 time: 8.0812 
----->>>>> Training: 1.118417990207672 0.9848366796970367 0.08320972435176373 1.0074314266443252
Training: 1.1142283439636231 0.9848859757184982 0.07897689193487167 	Train per: 0.52236328125
	Val per: {'acc': 0.48806262230919767, 'mcc': 0.05220829574511012} 	Val loss: 1.0075916
	Test per: {'acc': 0.5360215053763441, 'mcc': 0.0683768016809673} 	Test loss: 0.9827185
epoch: 34 time: 8.0942 
----->>>>> Training: 1.1112693428993226 0.9855521738529205 0.07536499463021755 1.0070435971021652
Training: 1.1073469340801239 0.985414645075798 0.07158822566270828 	Train per: 0.5220703125
	Val per: {'acc': 0.4900195694716243, 'mcc': 0.05728994713197786} 	Val loss: 1.0072768
	Test per: {'acc': 0.5327956989247312, 'mcc': 0.061845401259596366} 	Test loss: 0.982819
epoch: 35 time: 8.1186 
----->>>>> Training: 1.1041079998016357 0.9853796511888504 0.06838823556900024 1.006802174448967
Training: 1.100632333755493 0.985326486825943 0.06497357040643692 	Train per: 0.523095703125
	Val per: {'acc': 0.4900195694716243, 'mcc': 0.05849626020183346} 	Val loss: 1.0072411
	Test per: {'acc': 0.5344086021505376, 'mcc': 0.06492227391998129} 	Test loss: 0.98281056
epoch: 36 time: 8.0922 
----->>>>> Training: 1.0974334537982942 0.9851319968700409 0.061966103687882426 1.006706964969635
Training: 1.0943143546581269 0.985178393125534 0.05880675092339516 	Train per: 0.5251953125
	Val per: {'acc': 0.4900195694716243, 'mcc': 0.05880102069386113} 	Val loss: 1.006791
	Test per: {'acc': 0.5333333333333333, 'mcc': 0.06268278678603886} 	Test loss: 0.98316336
epoch: 37 time: 8.1559 
----->>>>> Training: 1.0919684052467347 0.9855786144733429 0.05607118494808674 1.0063722252845764
Training: 1.0890985250473022 0.9855611264705658 0.053224384784698486 	Train per: 0.524365234375
	Val per: {'acc': 0.4904109589041096, 'mcc': 0.06025753215135419} 	Val loss: 1.0065258
	Test per: {'acc': 0.5303763440860215, 'mcc': 0.05661118344714483} 	Test loss: 0.98363066
epoch: 38 time: 8.2568 
----->>>>> Training: 1.086610734462738 0.9853929787874222 0.05091571379452944 1.0060409009456635
Training: 1.0840645015239716 0.9853928804397583 0.04837463051080704 	Train per: 0.5240234375
	Val per: {'acc': 0.4904109589041096, 'mcc': 0.05842755803760256} 	Val loss: 1.0061709
	Test per: {'acc': 0.531989247311828, 'mcc': 0.05984156087818096} 	Test loss: 0.98345846
epoch: 39 time: 8.1338 
----->>>>> Training: 1.0823753833770753 0.9858336031436921 0.04625555090606213 1.0057246476411819
Training: 1.080040270090103 0.9858079433441163 0.043951958417892456 	Train per: 0.523388671875
	Val per: {'acc': 0.49275929549902153, 'mcc': 0.06282128670172295} 	Val loss: 1.005298
	Test per: {'acc': 0.5333333333333333, 'mcc': 0.06278034767137353} 	Test loss: 0.983364
epoch: 40 time: 8.1518 
----->>>>> Training: 1.0783336877822876 0.986013400554657 0.04205397460609674 1.0053262114524841
Training: 1.076182198524475 0.9859184831380844 0.03999876603484154 	Train per: 0.5234375
	Val per: {'acc': 0.4900195694716243, 'mcc': 0.06034458168982687} 	Val loss: 1.0064623
	Test per: {'acc': 0.5338709677419354, 'mcc': 0.06352905566257427} 	Test loss: 0.983524
epoch: 41 time: 8.1707 
----->>>>> Training: 1.0743696630001067 0.9860665529966355 0.038037385791540146 1.0053148537874221
Training: 1.0724381506443024 0.986059021949768 0.0361173152923584 	Train per: 0.5244140625
	Val per: {'acc': 0.4939334637964775, 'mcc': 0.06378886643163177} 	Val loss: 1.0042465
	Test per: {'acc': 0.5336021505376344, 'mcc': 0.06349597805549152} 	Test loss: 0.9839308
epoch: 42 time: 8.3225 
----->>>>> Training: 1.0712127387523651 0.986302849650383 0.034658522717654704 1.00502752661705
Training: 1.0694991052150726 0.9862515509128571 0.03300175443291664 	Train per: 0.5244140625
	Val per: {'acc': 0.4900195694716243, 'mcc': 0.056991487013691805} 	Val loss: 1.0047088
	Test per: {'acc': 0.5352150537634408, 'mcc': 0.06639037431144978} 	Test loss: 0.98373157
epoch: 43 time: 8.1738 
----->>>>> Training: 1.0679814994335175 0.9862749874591827 0.031467660516500476 1.0047766536474227
Training: 1.0664254426956177 0.9862616032361984 0.02992820180952549 	Train per: 0.524267578125
	Val per: {'acc': 0.4908023483365949, 'mcc': 0.05866279943743512} 	Val loss: 1.004846
	Test per: {'acc': 0.535752688172043, 'mcc': 0.06754031467054697} 	Test loss: 0.98399466
epoch: 44 time: 8.1013 
----->>>>> Training: 1.0654570877552032 0.9865167230367661 0.028714297246187924 1.0045215219259263
Training: 1.0640662789344788 0.9865392774343491 0.02730596624314785 	Train per: 0.524560546875
	Val per: {'acc': 0.49275929549902153, 'mcc': 0.061616828333753246} 	Val loss: 1.0037519
	Test per: {'acc': 0.5362903225806451, 'mcc': 0.06873795284463856} 	Test loss: 0.98388815
epoch: 45 time: 8.1259 
----->>>>> Training: 1.062999778985977 0.9866228491067887 0.026165115274488927 1.0042364239692687
Training: 1.061738133430481 0.9865860939025879 0.024944115430116653 	Train per: 0.524609375
	Val per: {'acc': 0.49510763209393344, 'mcc': 0.06328780248524259} 	Val loss: 1.0027038
	Test per: {'acc': 0.5381720430107527, 'mcc': 0.07276128994678586} 	Test loss: 0.98369896
epoch: 46 time: 8.1474 
----->>>>> Training: 1.0608194708824157 0.9866010487079621 0.024014948587864637 1.0040692925453185
Training: 1.0596698343753814 0.9864930868148803 0.02297782339155674 	Train per: 0.524755859375
	Val per: {'acc': 0.4939334637964775, 'mcc': 0.06591745155674245} 	Val loss: 1.0038172
	Test per: {'acc': 0.5365591397849462, 'mcc': 0.06922206965753207} 	Test loss: 0.98353136
epoch: 47 time: 8.2309 
----->>>>> Training: 1.0587638795375824 0.9866166830062866 0.021950784139335155 1.0039281636476516
Training: 1.0576629042625427 0.9864752978086472 0.020996181294322014 	Train per: 0.52431640625
	Val per: {'acc': 0.4954990215264188, 'mcc': 0.06921735092312888} 	Val loss: 1.00331
	Test per: {'acc': 0.5370967741935484, 'mcc': 0.07024504051349412} 	Test loss: 0.9836071
epoch: 48 time: 8.2104 
----->>>>> Training: 1.0573783338069915 0.9870206892490387 0.020175112411379814 1.0036505818367005
Training: 1.0564031720161438 0.9869168341159821 0.019307730719447136 	Train per: 0.525341796875
	Val per: {'acc': 0.499412915851272, 'mcc': 0.07519264573581377} 	Val loss: 1.0021985
	Test per: {'acc': 0.5416666666666666, 'mcc': 0.07993707199984804} 	Test loss: 0.9833265
epoch: 49 time: 8.1149 
----->>>>> Training: 1.0557631194591521 0.987118023633957 0.018474143091589214 1.003418880701065
Training: 1.054774135351181 0.9870045155286788 0.017599361017346382 	Train per: 0.523193359375
	Val per: {'acc': 0.4986301369863014, 'mcc': 0.07544893514120317} 	Val loss: 1.002306
	Test per: {'acc': 0.5395161290322581, 'mcc': 0.07518487867765059} 	Test loss: 0.9835977
epoch: 50 time: 8.1849 
----->>>>> Training: 1.0539419114589692 0.9866929352283478 0.017080924566835166 1.0033609002828598
Training: 1.053142684698105 0.9865863233804703 0.016391681507229805 	Train per: 0.52509765625
	Val per: {'acc': 0.4986301369863014, 'mcc': 0.07204877894687498} 	Val loss: 1.0013701
	Test per: {'acc': 0.5416666666666666, 'mcc': 0.07984775280126001} 	Test loss: 0.9830285
epoch: 51 time: 8.2711 
----->>>>> Training: 1.0527841567993164 0.9867876887321472 0.015836430015042424 1.0032009601593017
Training: 1.0519983887672424 0.9865660309791565 0.015276243910193443 	Train per: 0.52666015625
	Val per: {'acc': 0.50293542074364, 'mcc': 0.08210602869151928} 	Val loss: 1.0011351
	Test per: {'acc': 0.5413978494623656, 'mcc': 0.07934930488751173} 	Test loss: 0.98267907
epoch: 52 time: 8.2899 
----->>>>> Training: 1.0513416886329652 0.9864022731781006 0.014787505101412534 1.0030381619930266
Training: 1.0505547881126405 0.9861352384090424 0.014268715865910053 	Train per: 0.52587890625
	Val per: {'acc': 0.49902152641878667, 'mcc': 0.07883940700783874} 	Val loss: 1.0016176
	Test per: {'acc': 0.5360215053763441, 'mcc': 0.06781714502358763} 	Test loss: 0.98249054
epoch: 53 time: 8.1097 
----->>>>> Training: 1.0503963649272918 0.9865465611219406 0.013708262145519257 1.002830970287323
Training: 1.0495717108249665 0.986050546169281 0.013378857634961605 	Train per: 0.52900390625
	Val per: {'acc': 0.5166340508806262, 'mcc': 0.1062409798863889} 	Val loss: 0.99768007
	Test per: {'acc': 0.5405913978494624, 'mcc': 0.07765384157871265} 	Test loss: 0.98085505
epoch: 54 time: 8.2158 
----->>>>> Training: 1.0493576407432557 0.9860757052898407 0.013143998896703124 1.0027587473392487
Training: 1.048637282848358 0.9857309639453888 0.012767764739692211 	Train per: 0.530029296875
	Val per: {'acc': 0.5225048923679061, 'mcc': 0.11761883720748134} 	Val loss: 0.9967999
	Test per: {'acc': 0.5435483870967742, 'mcc': 0.08366255434064507} 	Test loss: 0.9797694
epoch: 55 time: 8.3665 
----->>>>> Training: 1.0482478618621827 0.9856776237487793 0.012434214167296887 1.0027203679084777
Training: 1.0475200295448304 0.9852661907672882 0.012116151861846447 	Train per: 0.532763671875
	Val per: {'acc': 0.538160469667319, 'mcc': 0.12699233553833747} 	Val loss: 0.99320173
	Test per: {'acc': 0.5502688172043011, 'mcc': 0.09801104281026427} 	Test loss: 0.9774128
epoch: 56 time: 9.7816 
----->>>>> Training: 1.0472008228302 0.9852895915508271 0.011779836472123861 1.0026279866695404
Training: 1.0465791702270508 0.9849159121513367 0.011535060591995716 	Train per: 0.537060546875
	Val per: {'acc': 0.5424657534246575, 'mcc': 0.12089754087569211} 	Val loss: 0.9921344
	Test per: {'acc': 0.5620967741935484, 'mcc': 0.12295348071422725} 	Test loss: 0.975008
epoch: 57 time: 9.6811 
----->>>>> Training: 1.0469999074935914 0.9853884637355804 0.011492897383868694 1.002370798587799
Training: 1.0459797203540802 0.9845357537269592 0.011320156045258045 	Train per: 0.53076171875
	Val per: {'acc': 0.5354207436399218, 'mcc': 0.1292789300420721} 	Val loss: 0.9938068
	Test per: {'acc': 0.5556451612903226, 'mcc': 0.10848562904765276} 	Test loss: 0.97506285
epoch: 58 time: 8.1847 
----->>>>> Training: 1.0457255840301514 0.9845889627933502 0.011021045362576842 1.002311635017395
Training: 1.0450117468833924 0.9840295612812042 0.010868320241570473 	Train per: 0.5357421875
	Val per: {'acc': 0.5459882583170255, 'mcc': 0.12673960597861586} 	Val loss: 0.99030995
	Test per: {'acc': 0.5599462365591398, 'mcc': 0.11860322493380054} 	Test loss: 0.97319394
epoch: 59 time: 9.9184 
----->>>>> Training: 1.045103406906128 0.9841278046369553 0.010870435414835811 1.002103054523468
Training: 1.0442216455936433 0.983344116806984 0.010769670829176903 	Train per: 0.53642578125
	Val per: {'acc': 0.538160469667319, 'mcc': 0.12095743516718087} 	Val loss: 0.99265325
	Test per: {'acc': 0.5591397849462365, 'mcc': 0.11610666033657215} 	Test loss: 0.97280306
epoch: 60 time: 8.2177 
----->>>>> Training: 1.0440508246421814 0.9832575529813766 0.010691587440669536 1.0020334661006927
Training: 1.0433497250080108 0.9827400028705597 0.010509179905056953 	Train per: 0.53720703125
	Val per: {'acc': 0.5455968688845401, 'mcc': 0.1194489320829398} 	Val loss: 0.9909967
	Test per: {'acc': 0.5690860215053763, 'mcc': 0.13724547874471513} 	Test loss: 0.9699101
epoch: 61 time: 8.1601 
----->>>>> Training: 1.0433567702770232 0.9827762067317962 0.010485435463488102 1.0019023299217225
Training: 1.0424896061420441 0.9820162385702134 0.010376500897109509 	Train per: 0.53759765625
	Val per: {'acc': 0.547945205479452, 'mcc': 0.1297680323186859} 	Val loss: 0.99060017
	Test per: {'acc': 0.5620967741935484, 'mcc': 0.12301463368052146} 	Test loss: 0.9699835
epoch: 62 time: 9.6278 
----->>>>> Training: 1.0425649106502533 0.98214091360569 0.010334317572414875 1.0017937958240508
Training: 1.042043685913086 0.9816796362400055 0.010276335291564465 	Train per: 0.535546875
	Val per: {'acc': 0.5452054794520548, 'mcc': 0.13090407254085856} 	Val loss: 0.9908398
	Test per: {'acc': 0.5626344086021505, 'mcc': 0.12350743115150505} 	Test loss: 0.9693202
epoch: 63 time: 8.1747 
----->>>>> Training: 1.041875958442688 0.9813756614923477 0.010417570499703288 1.0016544997692107
Training: 1.0412916004657746 0.9806692004203796 0.010543979704380035 	Train per: 0.537353515625
	Val per: {'acc': 0.5510763209393347, 'mcc': 0.12943057857304655} 	Val loss: 0.98946077
	Test per: {'acc': 0.5768817204301075, 'mcc': 0.15280473204655762} 	Test loss: 0.9652257
epoch: 64 time: 9.7144 
----->>>>> Training: 1.0422637641429902 0.98152576982975 0.010669759754091502 1.0013648688793182
Training: 1.0419341802597046 0.9813334256410599 0.010536673478782177 	Train per: 0.532568359375
	Val per: {'acc': 0.5350293542074364, 'mcc': 0.12235227236919033} 	Val loss: 0.9921634
	Test per: {'acc': 0.5645161290322581, 'mcc': 0.1270101399302029} 	Test loss: 0.96897453
epoch: 65 time: 8.1597 
----->>>>> Training: 1.0414603531360627 0.9811445027589798 0.010253129992634058 1.0012540817260742
Training: 1.040728211402893 0.9804585397243499 0.01020801067352295 	Train per: 0.53857421875
	Val per: {'acc': 0.5510763209393347, 'mcc': 0.13303157537221527} 	Val loss: 0.98810226
	Test per: {'acc': 0.5594086021505377, 'mcc': 0.11878782249930174} 	Test loss: 0.9676896
epoch: 66 time: 8.2218 
----->>>>> Training: 1.0407100081443788 0.9801257818937301 0.010526332585141063 1.0011580884456635
Training: 1.0399715960025788 0.9791988611221314 0.010717210359871387 	Train per: 0.53876953125
	Val per: {'acc': 0.55146771037182, 'mcc': 0.1198611881932692} 	Val loss: 0.986628
	Test per: {'acc': 0.5798387096774194, 'mcc': 0.15960757328567243} 	Test loss: 0.96191645
epoch: 67 time: 10.0003 
----->>>>> Training: 1.0404522478580476 0.9794913679361343 0.010912856273353099 1.000960001349449
Training: 1.0396134793758391 0.9788000613451004 0.010767060332000256 	Train per: 0.537255859375
	Val per: {'acc': 0.546771037181996, 'mcc': 0.11745059343298304} 	Val loss: 0.98833495
	Test per: {'acc': 0.5725806451612904, 'mcc': 0.14391634332112918} 	Test loss: 0.9623775
epoch: 68 time: 8.2131 
----->>>>> Training: 1.0390391290187835 0.9785797983407974 0.010413797898218035 1.0009105682373047
Training: 1.0385071158409118 0.9779044955968856 0.010561502538621426 	Train per: 0.541259765625
	Val per: {'acc': 0.5510763209393347, 'mcc': 0.11739005022177502} 	Val loss: 0.9859902
	Test per: {'acc': 0.575, 'mcc': 0.15078237819285278} 	Test loss: 0.96208507
epoch: 69 time: 8.2806 
----->>>>> Training: 1.0388527035713195 0.9776232928037644 0.011193750845268368 1.000713312625885
Training: 1.0382491171360015 0.9765983760356903 0.011618941091001034 	Train per: 0.539990234375
	Val per: {'acc': 0.5499021526418787, 'mcc': 0.117877397890674} 	Val loss: 0.98479354
	Test per: {'acc': 0.582258064516129, 'mcc': 0.16380146252291528} 	Test loss: 0.9578317
epoch: 70 time: 8.1695 
----->>>>> Training: 1.0386662483215332 0.9771800458431243 0.011459261737763881 1.0005391925573348
Training: 1.0377090394496917 0.9761927843093872 0.011491144075989723 	Train per: 0.539892578125
	Val per: {'acc': 0.5534246575342465, 'mcc': 0.1231397467428855} 	Val loss: 0.9840201
	Test per: {'acc': 0.5731182795698925, 'mcc': 0.14609510994111652} 	Test loss: 0.95971614
epoch: 71 time: 9.6035 
----->>>>> Training: 1.0381074845790863 0.9764218181371689 0.011665369058027864 1.0004060328006745
Training: 1.0379114866256713 0.9760402947664261 0.011855540797114372 	Train per: 0.539453125
	Val per: {'acc': 0.5600782778864971, 'mcc': 0.1282715156380004} 	Val loss: 0.980794
	Test per: {'acc': 0.5798387096774194, 'mcc': 0.1604021247688969} 	Test loss: 0.9555186
epoch: 72 time: 9.9195 
----->>>>> Training: 1.0376793980598449 0.975762414932251 0.011902395403012633 1.0002918899059297
Training: 1.0378003299236298 0.9757985264062882 0.011992395855486393 	Train per: 0.5375
	Val per: {'acc': 0.5510763209393347, 'mcc': 0.12468879460254458} 	Val loss: 0.9828423
	Test per: {'acc': 0.5655913978494623, 'mcc': 0.13090430001180806} 	Test loss: 0.95881164
epoch: 73 time: 8.1543 
----->>>>> Training: 1.0374582290649415 0.9751348584890366 0.012317402428016067 1.0001193135976791
Training: 1.0368311941623687 0.9743831574916839 0.012444964610040188 	Train per: 0.53935546875
	Val per: {'acc': 0.5608610567514677, 'mcc': 0.1287494571054391} 	Val loss: 0.9811785
	Test per: {'acc': 0.5774193548387097, 'mcc': 0.15545014386805248} 	Test loss: 0.95543486
epoch: 74 time: 9.5720 
----->>>>> Training: 1.0388196110725403 0.9763252675533295 0.01249679080210626 0.99995097219944
Training: 1.0381863236427307 0.975920632481575 0.012268563732504845 	Train per: 0.5349609375
	Val per: {'acc': 0.5448140900195695, 'mcc': 0.12027300546201615} 	Val loss: 0.98412687
	Test per: {'acc': 0.5637096774193548, 'mcc': 0.12595643379750712} 	Test loss: 0.9585948
epoch: 75 time: 8.2168 
----->>>>> Training: 1.0372170984745026 0.9751167327165604 0.012103695049881935 0.9999335885047913
Training: 1.0358635365962983 0.9737634211778641 0.012106047011911869 	Train per: 0.542431640625
	Val per: {'acc': 0.5596868884540117, 'mcc': 0.12683984862006467} 	Val loss: 0.9802247
	Test per: {'acc': 0.5731182795698925, 'mcc': 0.1479601707700619} 	Test loss: 0.9576632
epoch: 76 time: 8.1751 
----->>>>> Training: 1.0363503336906432 0.9740386068820953 0.012322597485035659 0.9997826129198074
Training: 1.0352640092372893 0.9726179420948029 0.012660316191613674 	Train per: 0.54287109375
	Val per: {'acc': 0.5604696673189824, 'mcc': 0.13082842733100605} 	Val loss: 0.97849166
	Test per: {'acc': 0.5741935483870968, 'mcc': 0.14896408279009205} 	Test loss: 0.9544469
epoch: 77 time: 8.2165 
----->>>>> Training: 1.0361508429050446 0.9732765108346939 0.012891351664438843 0.9996591299772263
Training: 1.0357547461986543 0.9727852493524551 0.012987776659429073 	Train per: 0.542529296875
	Val per: {'acc': 0.562426614481409, 'mcc': 0.12849752827221947} 	Val loss: 0.9758919
	Test per: {'acc': 0.5723118279569892, 'mcc': 0.14754356921229717} 	Test loss: 0.95383024
epoch: 78 time: 9.7204 
----->>>>> Training: 1.0355258643627168 0.9726352691650391 0.012910735979676246 0.9995973408222198
Training: 1.0343484044075013 0.9712832182645798 0.01308891549706459 	Train per: 0.54404296875
	Val per: {'acc': 0.5565557729941292, 'mcc': 0.12367891366094434} 	Val loss: 0.97651607
	Test per: {'acc': 0.5717741935483871, 'mcc': 0.14492734226601967} 	Test loss: 0.95301354
epoch: 79 time: 8.1048 
----->>>>> Training: 1.0357177555561066 0.9719784587621689 0.013767643040046096 0.9994329661130905
Training: 1.0347750067710877 0.9706551969051361 0.014150510542094707 	Train per: 0.539990234375
	Val per: {'acc': 0.5526418786692759, 'mcc': 0.12314852241848195} 	Val loss: 0.9772203
	Test per: {'acc': 0.5755376344086022, 'mcc': 0.15047434351005226} 	Test loss: 0.9510924
epoch: 80 time: 8.1471 
----->>>>> Training: 1.034827309846878 0.9707294940948487 0.014130028849467634 0.9993556410074234
Training: 1.0338255882263183 0.969684112071991 0.014177117496728897 	Train per: 0.543115234375
	Val per: {'acc': 0.5585127201565557, 'mcc': 0.1260392555914969} 	Val loss: 0.9754399
	Test per: {'acc': 0.5760752688172043, 'mcc': 0.15290236566019308} 	Test loss: 0.9506784
epoch: 81 time: 8.0940 
----->>>>> Training: 1.0349761724472046 0.9705250352621079 0.014488517446443439 0.9992521136999131
Training: 1.033938032388687 0.9694185465574264 0.014559105038642883 	Train per: 0.542431640625
	Val per: {'acc': 0.5608610567514677, 'mcc': 0.13003435670244648} 	Val loss: 0.9759318
	Test per: {'acc': 0.5790322580645161, 'mcc': 0.158287018731504} 	Test loss: 0.9506208
epoch: 82 time: 8.1148 
----->>>>> Training: 1.034598433971405 0.9701317369937896 0.014507080940529705 0.9991925626993179
Training: 1.033135849237442 0.9686084598302841 0.01457199826836586 	Train per: 0.54306640625
	Val per: {'acc': 0.561252446183953, 'mcc': 0.13430774017034244} 	Val loss: 0.9742199
	Test per: {'acc': 0.5798387096774194, 'mcc': 0.15927305006364073} 	Test loss: 0.94813526
epoch: 83 time: 8.2093 
----->>>>> Training: 1.0332840025424956 0.9690137028694152 0.014315623790025711 0.9990935385227203
Training: 1.0323451220989228 0.9678633421659469 0.014531944878399372 	Train per: 0.5439453125
	Val per: {'acc': 0.5608610567514677, 'mcc': 0.1334208454696371} 	Val loss: 0.9733025
	Test per: {'acc': 0.5717741935483871, 'mcc': 0.14426299504531429} 	Test loss: 0.95014673
epoch: 84 time: 8.1884 
----->>>>> Training: 1.0336429953575135 0.9686535835266114 0.01504036751575768 0.9989807605743408
Training: 1.032260000705719 0.9669958740472794 0.01531934179365635 	Train per: 0.5439453125
	Val per: {'acc': 0.5585127201565557, 'mcc': 0.13040798468466294} 	Val loss: 0.9725653
	Test per: {'acc': 0.5741935483870968, 'mcc': 0.14881192739868276} 	Test loss: 0.94825923
epoch: 85 time: 8.3372 
----->>>>> Training: 1.033284318447113 0.9677613794803619 0.015576892532408237 0.9989207446575165
Training: 1.033056277036667 0.9672952562570571 0.015816833823919296 	Train per: 0.541943359375
	Val per: {'acc': 0.5553816046966732, 'mcc': 0.12922809943912605} 	Val loss: 0.9722849
	Test per: {'acc': 0.5709677419354838, 'mcc': 0.14166146600790086} 	Test loss: 0.94696474
epoch: 86 time: 8.3117 
----->>>>> Training: 1.0321407437324523 0.9663023531436921 0.01589732300490141 0.9988212883472443
Training: 1.0314943611621856 0.9656184315681458 0.01593680866062641 	Train per: 0.54423828125
	Val per: {'acc': 0.5573385518590998, 'mcc': 0.12890809256305083} 	Val loss: 0.97039527
	Test per: {'acc': 0.578763440860215, 'mcc': 0.15751053606998108} 	Test loss: 0.9446307
epoch: 87 time: 8.0565 
----->>>>> Training: 1.032139354944229 0.9659163594245911 0.01628564540296793 0.9987467795610427
Training: 1.0313875079154968 0.964674961566925 0.016779597848653793 	Train per: 0.544921875
	Val per: {'acc': 0.5600782778864971, 'mcc': 0.13203035062361448} 	Val loss: 0.9681077
	Test per: {'acc': 0.5752688172043011, 'mcc': 0.15130437197162175} 	Test loss: 0.9437791
epoch: 88 time: 8.1302 
----->>>>> Training: 1.0314878880977632 0.9645027428865433 0.017053372412919997 0.9986354440450669
Training: 1.0322441697120666 0.9651039242744446 0.01720743626356125 	Train per: 0.54423828125
	Val per: {'acc': 0.5659491193737769, 'mcc': 0.13532258966006291} 	Val loss: 0.96827817
	Test per: {'acc': 0.5763440860215053, 'mcc': 0.1545739808416012} 	Test loss: 0.94384724
epoch: 89 time: 9.9725 
----->>>>> Training: 1.0315774202346801 0.9645421296358109 0.017106076143682 0.9985841274261474
Training: 1.0304346799850463 0.9632927000522613 0.01721654273569584 	Train per: 0.5439453125
	Val per: {'acc': 0.5592954990215264, 'mcc': 0.13160389335099212} 	Val loss: 0.9693259
	Test per: {'acc': 0.5744623655913978, 'mcc': 0.14901617689228175} 	Test loss: 0.94210964
epoch: 90 time: 8.2900 
----->>>>> Training: 1.0310147285461426 0.9636249542236328 0.017463001888245344 0.9985350787639617
Training: 1.0325439333915711 0.9648804515600204 0.017736082896590233 	Train per: 0.54248046875
	Val per: {'acc': 0.55146771037182, 'mcc': 0.1226866218234441} 	Val loss: 0.9697071
	Test per: {'acc': 0.5655913978494623, 'mcc': 0.1314824796536438} 	Test loss: 0.94640297
epoch: 91 time: 8.2650 
----->>>>> Training: 1.031522125005722 0.9637429773807525 0.017854592762887478 0.9984909892082214
Training: 1.0309419810771943 0.9628227680921555 0.018195945769548416 	Train per: 0.54423828125
	Val per: {'acc': 0.5589041095890411, 'mcc': 0.12804414830111724} 	Val loss: 0.9687814
	Test per: {'acc': 0.578763440860215, 'mcc': 0.15742944569290201} 	Test loss: 0.94024056
epoch: 92 time: 8.1079 
----->>>>> Training: 1.031851691007614 0.9640739679336547 0.01785347843542695 0.9984849482774735
Training: 1.0300891399383545 0.9622609555721283 0.01791013404726982 	Train per: 0.54453125
	Val per: {'acc': 0.5549902152641879, 'mcc': 0.12976368515011816} 	Val loss: 0.9675922
	Test per: {'acc': 0.5709677419354838, 'mcc': 0.1416873422127498} 	Test loss: 0.9432644
epoch: 93 time: 8.1605 
----->>>>> Training: 1.0295794576406478 0.9616704761981965 0.017990799527615307 0.9983635157346725
Training: 1.0286962568759919 0.9603004932403565 0.01848280429840088 	Train per: 0.546435546875
	Val per: {'acc': 0.5577299412915852, 'mcc': 0.12805056698338838} 	Val loss: 0.96549886
	Test per: {'acc': 0.571505376344086, 'mcc': 0.14340343288855845} 	Test loss: 0.94131345
epoch: 94 time: 8.1861 
----->>>>> Training: 1.0291727125644683 0.9602523148059845 0.01900898264721036 0.9982282429933548
Training: 1.0281489074230195 0.9587790995836258 0.019460972398519516 	Train per: 0.54677734375
	Val per: {'acc': 0.5585127201565557, 'mcc': 0.13217312950150184} 	Val loss: 0.96319705
	Test per: {'acc': 0.5723118279569892, 'mcc': 0.14463038865115097} 	Test loss: 0.9389961
epoch: 95 time: 8.2306 
----->>>>> Training: 1.0289076328277589 0.9595574289560318 0.01944029051810503 0.9981981337070465
Training: 1.0281592071056367 0.9587456792593002 0.019505910575389862 	Train per: 0.54619140625
	Val per: {'acc': 0.562426614481409, 'mcc': 0.13774432523097038} 	Val loss: 0.96141624
	Test per: {'acc': 0.5741935483870968, 'mcc': 0.14860617383999417} 	Test loss: 0.9384208
epoch: 96 time: 8.1628 
----->>>>> Training: 1.0282639145851136 0.9586767435073853 0.019679343886673452 0.9981566220521927
Training: 1.02787304520607 0.9583121836185455 0.019654670730233192 	Train per: 0.54677734375
	Val per: {'acc': 0.5569471624266145, 'mcc': 0.13019055539617916} 	Val loss: 0.96081746
	Test per: {'acc': 0.5747311827956989, 'mcc': 0.1493487189320311} 	Test loss: 0.93699956
epoch: 97 time: 8.1496 
----->>>>> Training: 1.0286055624485015 0.958419942855835 0.020280503295361997 0.9981024354696274
Training: 1.028889685869217 0.9584073960781098 0.020577341318130493 	Train per: 0.545166015625
	Val per: {'acc': 0.5604696673189824, 'mcc': 0.13008007433335234} 	Val loss: 0.9618333
	Test per: {'acc': 0.5776881720430107, 'mcc': 0.15558349860977352} 	Test loss: 0.93593514
epoch: 98 time: 8.0799 
----->>>>> Training: 1.027867215871811 0.9571053117513657 0.020860190968960524 0.9980340898036957
Training: 1.027533733844757 0.9566601485013961 0.020972931757569313 	Train per: 0.546875
	Val per: {'acc': 0.5596868884540117, 'mcc': 0.13057101471754665} 	Val loss: 0.95839185
	Test per: {'acc': 0.5776881720430107, 'mcc': 0.1557294942385319} 	Test loss: 0.9325782
epoch: 99 time: 8.0893 
----->>>>> Training: 1.0287386775016785 0.9577823102474212 0.021054612193256616 0.9980351090431213
Training: 1.0279696047306062 0.9570091515779495 0.021061215549707413 	Train per: 0.5458984375
	Val per: {'acc': 0.5530332681017612, 'mcc': 0.1267034632780579} 	Val loss: 0.9633448
	Test per: {'acc': 0.5731182795698925, 'mcc': 0.14530942155095902} 	Test loss: 0.9357939
epoch: 100 time: 8.1155 
----->>>>> Training: 1.0282420575618745 0.9575550466775894 0.02078639790415764 0.9980125010013581
Training: 1.02651886343956 0.9558809190988541 0.02074304223060608 	Train per: 0.54755859375
	Val per: {'acc': 0.5557729941291585, 'mcc': 0.12612788807711253} 	Val loss: 0.9623219
	Test per: {'acc': 0.5720430107526882, 'mcc': 0.1440514993165978} 	Test loss: 0.9362376
epoch: 101 time: 8.2158 
----->>>>> Training: 1.02678080201149 0.9560956597328186 0.020789259113371372 0.9979177325963974
Training: 1.025816148519516 0.954723846912384 0.021200986579060555 	Train per: 0.5474609375
	Val per: {'acc': 0.5545988258317025, 'mcc': 0.12743214422337126} 	Val loss: 0.96176153
	Test per: {'acc': 0.5747311827956989, 'mcc': 0.14862426113505256} 	Test loss: 0.9344458
epoch: 102 time: 8.3290 
----->>>>> Training: 1.0264676630496978 0.9547595798969268 0.021816875506192445 0.9978241145610809
Training: 1.0250101923942565 0.9527097642421722 0.022413915023207664 	Train per: 0.5482421875
	Val per: {'acc': 0.5577299412915852, 'mcc': 0.1323817076354245} 	Val loss: 0.95909166
	Test per: {'acc': 0.5763440860215053, 'mcc': 0.15234248569700376} 	Test loss: 0.9322303
epoch: 103 time: 8.2084 
----->>>>> Training: 1.0258334547281265 0.9535026252269745 0.022440131288021803 0.9978140980005265
Training: 1.0252221167087554 0.9526785582304 0.022655749693512917 	Train per: 0.548046875
	Val per: {'acc': 0.5569471624266145, 'mcc': 0.1284090469068308} 	Val loss: 0.95749366
	Test per: {'acc': 0.5776881720430107, 'mcc': 0.15512074985772392} 	Test loss: 0.9301032
epoch: 104 time: 8.1202 
----->>>>> Training: 1.0271161526441575 0.9543969899415969 0.022828300017863512 0.9978171676397324
Training: 1.0253574758768083 0.9526876240968705 0.022782867774367332 	Train per: 0.5486328125
	Val per: {'acc': 0.5589041095890411, 'mcc': 0.13110295977738426} 	Val loss: 0.9594952
	Test per: {'acc': 0.5728494623655914, 'mcc': 0.1452874221791986} 	Test loss: 0.93173176
epoch: 105 time: 8.1996 
----->>>>> Training: 1.0262274384498595 0.9535008788108825 0.022837956063449384 0.9977722018957138
Training: 1.0253186464309691 0.9526207357645035 0.0228126160800457 	Train per: 0.549462890625
	Val per: {'acc': 0.5600782778864971, 'mcc': 0.12864079583588756} 	Val loss: 0.9572199
	Test per: {'acc': 0.571505376344086, 'mcc': 0.14399892040450765} 	Test loss: 0.9316133
epoch: 106 time: 8.1278 
----->>>>> Training: 1.0263887763023376 0.9534888863563538 0.023011418618261816 0.997769582271576
Training: 1.0244351744651794 0.9513864785432815 0.02316598780453205 	Train per: 0.548828125
	Val per: {'acc': 0.5538160469667319, 'mcc': 0.12284772804690193} 	Val loss: 0.957876
	Test per: {'acc': 0.5752688172043011, 'mcc': 0.1505877864557716} 	Test loss: 0.93086445
epoch: 107 time: 8.0875 
----->>>>> Training: 1.0247945666313172 0.9519064337015152 0.023004561197012663 0.9976717442274093
Training: 1.0239529252052306 0.9509603649377822 0.02311175875365734 	Train per: 0.55078125
	Val per: {'acc': 0.5534246575342465, 'mcc': 0.12254610547321254} 	Val loss: 0.9585053
	Test per: {'acc': 0.578494623655914, 'mcc': 0.15631257839004792} 	Test loss: 0.9289069
epoch: 108 time: 8.0628 
----->>>>> Training: 1.0248728334903716 0.9509081095457077 0.024085707683116197 0.997580161690712
Training: 1.0246865093708037 0.9503685891628265 0.024439169093966484 	Train per: 0.547900390625
	Val per: {'acc': 0.5553816046966732, 'mcc': 0.1254327095758933} 	Val loss: 0.95551693
	Test per: {'acc': 0.5701612903225807, 'mcc': 0.140467477686495} 	Test loss: 0.9293318
epoch: 109 time: 8.0792 
----->>>>> Training: 1.0256253451108932 0.9508444041013717 0.024900105129927397 0.9976166039705276
Training: 1.0235834181308747 0.9492482006549835 0.024454927071928978 	Train per: 0.549658203125
	Val per: {'acc': 0.5538160469667319, 'mcc': 0.12245555241803197} 	Val loss: 0.9552205
	Test per: {'acc': 0.5704301075268817, 'mcc': 0.14093498263282722} 	Test loss: 0.9289764
epoch: 110 time: 8.1744 
----->>>>> Training: 1.0245289087295533 0.9506626099348068 0.023984805401414632 0.99762963950634
Training: 1.0229874789714812 0.9494300097227096 0.023681603372097015 	Train per: 0.55048828125
	Val per: {'acc': 0.5518590998043053, 'mcc': 0.12135585696253162} 	Val loss: 0.9576533
	Test per: {'acc': 0.5728494623655914, 'mcc': 0.14521370688766605} 	Test loss: 0.9298555
epoch: 111 time: 8.1851 
----->>>>> Training: 1.0237579047679901 0.9498129040002823 0.024068910349160432 0.9975218117237091
Training: 1.0231986880302428 0.9487633734941483 0.024562573060393333 	Train per: 0.54921875
	Val per: {'acc': 0.5526418786692759, 'mcc': 0.12477254511403933} 	Val loss: 0.9567614
	Test per: {'acc': 0.5744623655913978, 'mcc': 0.14818499164139956} 	Test loss: 0.9286393
epoch: 112 time: 8.1155 
----->>>>> Training: 1.0234354317188263 0.9482075929641723 0.025355770159512757 0.9974415570497512
Training: 1.0221405625343323 0.9468541592359543 0.025413936004042625 	Train per: 0.550634765625
	Val per: {'acc': 0.5553816046966732, 'mcc': 0.1258253410451797} 	Val loss: 0.95425606
	Test per: {'acc': 0.5736559139784946, 'mcc': 0.14727839724425065} 	Test loss: 0.92541224
epoch: 113 time: 8.2160 
----->>>>> Training: 1.0239635080099105 0.9489628225564957 0.025123585294932128 0.997542005777359
Training: 1.022423455119133 0.9473442882299423 0.02520889975130558 	Train per: 0.551220703125
	Val per: {'acc': 0.5530332681017612, 'mcc': 0.11836028656745248} 	Val loss: 0.9543368
	Test per: {'acc': 0.5747311827956989, 'mcc': 0.14932208249111742} 	Test loss: 0.92506236
epoch: 114 time: 8.2654 
----->>>>> Training: 1.0236581981182098 0.9483263254165649 0.025459160283207893 0.9974540829658508
Training: 1.0224610567092896 0.9468409419059753 0.02575254999101162 	Train per: 0.55
	Val per: {'acc': 0.5526418786692759, 'mcc': 0.1203688842403739} 	Val loss: 0.9546643
	Test per: {'acc': 0.5758064516129032, 'mcc': 0.1510007245600266} 	Test loss: 0.9242347
epoch: 115 time: 8.1261 
----->>>>> Training: 1.0232447803020477 0.9476602852344513 0.025711990986019374 0.9974502980709076
Training: 1.022010713815689 0.9464022248983384 0.025739682838320732 	Train per: 0.549560546875
	Val per: {'acc': 0.5545988258317025, 'mcc': 0.12384637626747554} 	Val loss: 0.953385
	Test per: {'acc': 0.5747311827956989, 'mcc': 0.14929561828677074} 	Test loss: 0.92391396
epoch: 116 time: 8.1607 
----->>>>> Training: 1.0233530431985856 0.947071960568428 0.02641140017658472 0.997393786907196
Training: 1.0238312512636185 0.9473103493452072 0.026650385931134224 	Train per: 0.5482421875
	Val per: {'acc': 0.5538160469667319, 'mcc': 0.117678566258962} 	Val loss: 0.9539162
	Test per: {'acc': 0.5795698924731183, 'mcc': 0.15865033427344766} 	Test loss: 0.92151695
epoch: 117 time: 8.1178 
----->>>>> Training: 1.0224914789199828 0.9463536381721497 0.0262681826017797 0.9973929911851883
Training: 1.0213150322437285 0.9452458471059799 0.026203127577900887 	Train per: 0.550048828125
	Val per: {'acc': 0.5534246575342465, 'mcc': 0.12039917320706521} 	Val loss: 0.95451874
	Test per: {'acc': 0.5752688172043011, 'mcc': 0.15021619445877257} 	Test loss: 0.9243873
epoch: 118 time: 8.1765 
----->>>>> Training: 1.0224664807319641 0.9461907833814621 0.02640905175358057 0.9973330229520798
Training: 1.021270900964737 0.9446214109659195 0.02678704634308815 	Train per: 0.5505859375
	Val per: {'acc': 0.5542074363992172, 'mcc': 0.12198390332861198} 	Val loss: 0.95113176
	Test per: {'acc': 0.5731182795698925, 'mcc': 0.14634113290647266} 	Test loss: 0.9215584
epoch: 119 time: 8.1129 
----->>>>> Training: 1.0219143390655518 0.9452037990093232 0.026844358909875153 0.9973237156867981
Training: 1.0219932943582535 0.945104506611824 0.027023715898394585 	Train per: 0.548779296875
	Val per: {'acc': 0.5495107632093933, 'mcc': 0.11460580005218673} 	Val loss: 0.95327806
	Test per: {'acc': 0.5720430107526882, 'mcc': 0.14399731473418323} 	Test loss: 0.92325795
epoch: 120 time: 8.0756 
----->>>>> Training: 1.022164198756218 0.9450983494520188 0.027202567178756 0.9972657144069672
Training: 1.0209575474262238 0.9435715675354004 0.027526604011654854 	Train per: 0.54912109375
	Val per: {'acc': 0.550293542074364, 'mcc': 0.11877408956618019} 	Val loss: 0.95420665
	Test per: {'acc': 0.5782258064516129, 'mcc': 0.1555270770420641} 	Test loss: 0.92093503
epoch: 121 time: 8.0719 
----->>>>> Training: 1.021150889992714 0.943654078245163 0.02763501675799489 0.9972360849380493
Training: 1.0201824843883514 0.9426013439893722 0.0277212206274271 	Train per: 0.55107421875
	Val per: {'acc': 0.5530332681017612, 'mcc': 0.12244442017101931} 	Val loss: 0.95436406
	Test per: {'acc': 0.5747311827956989, 'mcc': 0.14858143536536322} 	Test loss: 0.921702
epoch: 122 time: 8.0617 
----->>>>> Training: 1.0213238149881363 0.9433715760707855 0.02809214312583208 0.9972017347812653
Training: 1.020712035894394 0.94232377409935 0.02853143773972988 	Train per: 0.549072265625
	Val per: {'acc': 0.5475538160469667, 'mcc': 0.11390113164085218} 	Val loss: 0.9548402
	Test per: {'acc': 0.5752688172043011, 'mcc': 0.14957455518600168} 	Test loss: 0.9207603
epoch: 123 time: 8.1216 
----->>>>> Training: 1.0212152242660522 0.9429788798093796 0.028375600650906562 0.9972150415182114
Training: 1.0212514609098435 0.9431992322206497 0.02819151245057583 	Train per: 0.5482421875
	Val per: {'acc': 0.5471624266144814, 'mcc': 0.11421481912889171} 	Val loss: 0.9538273
	Test per: {'acc': 0.5755376344086022, 'mcc': 0.1501438348318589} 	Test loss: 0.9210023
epoch: 124 time: 8.1017 
----->>>>> Training: 1.0226271271705627 0.9447167545557023 0.028046761360019445 0.9972722560167313
Training: 1.0208747446537019 0.9429781079292298 0.02803797647356987 	Train per: 0.549853515625
	Val per: {'acc': 0.5553816046966732, 'mcc': 0.12196769367803036} 	Val loss: 0.948615
	Test per: {'acc': 0.5725806451612904, 'mcc': 0.14549564376674026} 	Test loss: 0.9202819
epoch: 125 time: 8.1122 
----->>>>> Training: 1.0208602905273438 0.9423324167728424 0.028672176599502563 0.9971137493848801
Training: 1.018907979130745 0.9400602102279663 0.028996486216783524 	Train per: 0.550830078125
	Val per: {'acc': 0.5522504892367907, 'mcc': 0.11947755258885757} 	Val loss: 0.9503558
	Test per: {'acc': 0.5763440860215053, 'mcc': 0.1520536657783974} 	Test loss: 0.9184667
epoch: 126 time: 8.1681 
----->>>>> Training: 1.019913476705551 0.9418037384748459 0.02825012505054474 0.9971924394369125
Training: 1.018572074174881 0.9407189369201661 0.027998851612210274 	Train per: 0.551171875
	Val per: {'acc': 0.5522504892367907, 'mcc': 0.11967320762272524} 	Val loss: 0.95321465
	Test per: {'acc': 0.5760752688172043, 'mcc': 0.15124125999781368} 	Test loss: 0.9201755
epoch: 127 time: 8.2171 
----->>>>> Training: 1.019412299990654 0.9407077699899673 0.028854379337280987 0.9970030128955841
Training: 1.0227093517780304 0.9430244117975235 0.029826927930116653 	Train per: 0.54853515625
	Val per: {'acc': 0.5549902152641879, 'mcc': 0.11646740631472655} 	Val loss: 0.94701487
	Test per: {'acc': 0.5725806451612904, 'mcc': 0.14540807707563244} 	Test loss: 0.91650194
epoch: 128 time: 8.1014 
----->>>>> Training: 1.0214128494262695 0.9416376501321793 0.029917685873806478 0.9971502304077149
Training: 1.0181778401136399 0.9385080248117447 0.029818449169397354 	Train per: 0.551513671875
	Val per: {'acc': 0.550293542074364, 'mcc': 0.11678352095857852} 	Val loss: 0.95085204
	Test per: {'acc': 0.5741935483870968, 'mcc': 0.14752628365570808} 	Test loss: 0.91915077
epoch: 129 time: 8.2134 
----->>>>> Training: 1.0203697949647903 0.9407669812440872 0.029747222270816564 0.9971119314432144
Training: 1.0205568999052048 0.9412013292312622 0.029500482603907585 	Train per: 0.54931640625
	Val per: {'acc': 0.5545988258317025, 'mcc': 0.11888580007911044} 	Val loss: 0.9479062
	Test per: {'acc': 0.5723118279569892, 'mcc': 0.14468573767157406} 	Test loss: 0.91790193
epoch: 130 time: 8.1228 
----->>>>> Training: 1.0203727722167968 0.9406727224588394 0.029846198670566083 0.9970770925283432
Training: 1.0188864171504974 0.9393460988998413 0.029688576236367226 	Train per: 0.54912109375
	Val per: {'acc': 0.5526418786692759, 'mcc': 0.12314852241848195} 	Val loss: 0.95002615
	Test per: {'acc': 0.5741935483870968, 'mcc': 0.14784331538788523} 	Test loss: 0.9195142
epoch: 131 time: 8.1293 
----->>>>> Training: 1.0181007951498031 0.938668891787529 0.029582712054252624 0.9969841361045837
Training: 1.0182543605566026 0.9387436538934708 0.029663147404789925 	Train per: 0.548193359375
	Val per: {'acc': 0.5495107632093933, 'mcc': 0.12003026253141379} 	Val loss: 0.9516225
	Test per: {'acc': 0.5741935483870968, 'mcc': 0.14691020740911595} 	Test loss: 0.9194654
epoch: 132 time: 8.1221 
----->>>>> Training: 1.0194802671670913 0.9395646542310715 0.030066522862762214 0.9969817221164703
Training: 1.0186863929033279 0.9383994191884995 0.03043944016098976 	Train per: 0.549462890625
	Val per: {'acc': 0.5487279843444227, 'mcc': 0.11946697433381598} 	Val loss: 0.95103675
	Test per: {'acc': 0.5763440860215053, 'mcc': 0.15090258260602202} 	Test loss: 0.9177581
epoch: 133 time: 8.1296 
----->>>>> Training: 1.0171573132276535 0.936859342455864 0.03045346140861511 0.9968902438879013
Training: 1.0171700328588487 0.9365240067243576 0.03080393187701702 	Train per: 0.55224609375
	Val per: {'acc': 0.5557729941291585, 'mcc': 0.1251533635717055} 	Val loss: 0.94746923
	Test per: {'acc': 0.5782258064516129, 'mcc': 0.15558934444115072} 	Test loss: 0.9143711
epoch: 134 time: 8.1625 
----->>>>> Training: 1.0173791289329528 0.9364710420370101 0.031065108068287373 0.9968596965074539
Training: 1.016507562994957 0.9351204305887222 0.031547632068395615 	Train per: 0.55146484375
	Val per: {'acc': 0.5530332681017612, 'mcc': 0.12244442017101931} 	Val loss: 0.94616693
	Test per: {'acc': 0.5771505376344086, 'mcc': 0.15333295444777564} 	Test loss: 0.9121217
epoch: 135 time: 8.1721 
----->>>>> Training: 1.0177796632051468 0.9363488405942917 0.031586415879428384 0.9968885511159897
Training: 1.0164449036121368 0.9349035173654556 0.03170168027281761 	Train per: 0.552001953125
	Val per: {'acc': 0.5499021526418787, 'mcc': 0.1145223616752553} 	Val loss: 0.9469419
	Test per: {'acc': 0.5763440860215053, 'mcc': 0.1517900004972176} 	Test loss: 0.9134717
epoch: 136 time: 8.1713 
----->>>>> Training: 1.017482414841652 0.935724002122879 0.03191731125116348 0.9968218952417374
Training: 1.0177086383104323 0.9356261372566224 0.03224225714802742 	Train per: 0.550341796875
	Val per: {'acc': 0.549119373776908, 'mcc': 0.11509039236046946} 	Val loss: 0.95008886
	Test per: {'acc': 0.5771505376344086, 'mcc': 0.1529303305167264} 	Test loss: 0.9126042
epoch: 137 time: 8.0843 
----->>>>> Training: 1.0185507893562318 0.9361291050910949 0.03257986754179001 0.996836319565773
Training: 1.017003947496414 0.934605285525322 0.03255835175514221 	Train per: 0.551123046875
	Val per: {'acc': 0.5534246575342465, 'mcc': 0.12039917320706521} 	Val loss: 0.9459988
	Test per: {'acc': 0.5755376344086022, 'mcc': 0.1502496914969142} 	Test loss: 0.9121591
epoch: 138 time: 8.1080 
----->>>>> Training: 1.017806166410446 0.9355504155158997 0.03241366390138865 0.9968416929244995
Training: 1.0167438685894012 0.9346698164939881 0.03223564848303795 	Train per: 0.55126953125
	Val per: {'acc': 0.5459882583170255, 'mcc': 0.11031335588974256} 	Val loss: 0.951066
	Test per: {'acc': 0.5771505376344086, 'mcc': 0.15279017814377718} 	Test loss: 0.9127029
epoch: 139 time: 8.1398 
----->>>>> Training: 1.0159949570894242 0.9340670555830002 0.032089121080935 0.9967757642269135
Training: 1.0152861684560777 0.9333259522914886 0.03212547302246094 	Train per: 0.54990234375
	Val per: {'acc': 0.5510763209393347, 'mcc': 0.12056834555031644} 	Val loss: 0.9485218
	Test per: {'acc': 0.5771505376344086, 'mcc': 0.1531393857891082} 	Test loss: 0.91314685
epoch: 140 time: 8.1548 
----->>>>> Training: 1.0159360349178315 0.9332381665706635 0.0328667601570487 0.9966220408678055
Training: 1.0170346707105637 0.9337980210781097 0.03340108320116997 	Train per: 0.55087890625
	Val per: {'acc': 0.5483365949119374, 'mcc': 0.11330273182432299} 	Val loss: 0.94827336
	Test per: {'acc': 0.5782258064516129, 'mcc': 0.15505472727730837} 	Test loss: 0.9100558
epoch: 141 time: 8.0505 
----->>>>> Training: 1.0174757152795793 0.9344287872314453 0.03320644553750753 0.9968097329139709
Training: 1.016417846083641 0.933642041683197 0.03293943032622337 	Train per: 0.550927734375
	Val per: {'acc': 0.5530332681017612, 'mcc': 0.11874220145388253} 	Val loss: 0.9404703
	Test per: {'acc': 0.5728494623655914, 'mcc': 0.14559734126908955} 	Test loss: 0.912813
epoch: 142 time: 8.0694 
----->>>>> Training: 1.0175788283348084 0.9340851485729218 0.033657786622643474 0.9967175990343093
Training: 1.0182485461235047 0.934875664114952 0.03353008255362511 	Train per: 0.548388671875
	Val per: {'acc': 0.5495107632093933, 'mcc': 0.11558878629228601} 	Val loss: 0.94533706
	Test per: {'acc': 0.5752688172043011, 'mcc': 0.15006732978279272} 	Test loss: 0.91341513
epoch: 143 time: 8.0937 
----->>>>> Training: 1.017519861459732 0.9352105140686036 0.03246857598423958 0.9968152105808258
Training: 1.0166498571634293 0.9346737921237945 0.03213992714881897 	Train per: 0.549609375
	Val per: {'acc': 0.55146771037182, 'mcc': 0.12454636919061983} 	Val loss: 0.9469656
	Test per: {'acc': 0.5736559139784946, 'mcc': 0.14558437526949733} 	Test loss: 0.91405123
epoch: 144 time: 8.1478 
----->>>>> Training: 1.0165863394737245 0.9342504680156708 0.032499730587005615 0.9967226594686508
Training: 1.015375778079033 0.9327379554510117 0.03280480578541756 	Train per: 0.55126953125
	Val per: {'acc': 0.550293542074364, 'mcc': 0.11658658967388587} 	Val loss: 0.94850296
	Test per: {'acc': 0.5736559139784946, 'mcc': 0.14624314954257284} 	Test loss: 0.9137698
epoch: 145 time: 8.1568 
----->>>>> Training: 1.0166184335947037 0.9341015219688416 0.03267950639128685 0.9967481166124343
Training: 1.014995202422142 0.9324722349643707 0.03269167244434357 	Train per: 0.551171875
	Val per: {'acc': 0.5534246575342465, 'mcc': 0.12136934077757242} 	Val loss: 0.94599533
	Test per: {'acc': 0.5736559139784946, 'mcc': 0.14653716935176073} 	Test loss: 0.9128661
epoch: 146 time: 8.1359 
----->>>>> Training: 1.0161548286676407 0.9329124718904496 0.03341002147644758 0.9966469556093216
Training: 1.0146759301424026 0.9312167882919311 0.033628057688474655 	Train per: 0.55185546875
	Val per: {'acc': 0.55146771037182, 'mcc': 0.1196623904280235} 	Val loss: 0.94588697
	Test per: {'acc': 0.5760752688172043, 'mcc': 0.15085868663296997} 	Test loss: 0.9106941
epoch: 147 time: 8.3255 
----->>>>> Training: 1.0155800402164459 0.9323660939931869 0.033378878980875014 0.9967015981674194
Training: 1.0140774935483932 0.9310093075037003 0.03323812410235405 	Train per: 0.552734375
	Val per: {'acc': 0.547945205479452, 'mcc': 0.11399614759757062} 	Val loss: 0.9481845
	Test per: {'acc': 0.5766129032258065, 'mcc': 0.15180355591197764} 	Test loss: 0.91189504
epoch: 148 time: 8.0972 
----->>>>> Training: 1.0152575373649597 0.931869575381279 0.033558564633131026 0.9965879768133163
Training: 1.0138037860393525 0.9301637589931488 0.03381452336907387 	Train per: 0.552001953125
	Val per: {'acc': 0.549119373776908, 'mcc': 0.1162849401685578} 	Val loss: 0.94712746
	Test per: {'acc': 0.5766129032258065, 'mcc': 0.15181956481644873} 	Test loss: 0.9096715
epoch: 149 time: 8.0716 

Best Valid performance: {'acc': 0.5659491193737769, 'mcc': 0.13532258966006291}
	Best Test performance: {'acc': 0.5763440860215053, 'mcc': 0.1545739808416012}
