Namespace(path='./data/stocknet-dataset/price/ourpped', seq=5, unit=4, alpha_l2=1.0, beta_adv=0.01, epsilon_adv=0.05, step=1, batch_size=1024, epoch=150, learning_rate=0.001, gpu=0, model_path='./saved_model/acl18_alstm/exp', model_save_path='./tmp/model', action='train', model='pure_lstm', fix_init=0, att=1, week=0, adv=1, hinge_lose=1, reload=0, resnet=0)
87  tickers selected
652 trading dates:
148 546 588
20315  training instances
2555  validation instances
3720  testing instances
Tensor("Shape:0", shape=(3,), dtype=int32)
is pred_lstm
device name: /cpu:0
Shape of self.combined_features: [None, 5, 4]
adversarial scope
adversial part
gradient noise
adversial part
----->>>>> Training: 2.7827641248703 0.9980705291032791 1.7746933996677399 1.000017911195755
Training: 2.7082377076148987 0.9944232374429702 1.7038114070892334 	Train per: 0.522119140625
	Val per: {'acc': 0.48454011741682973, 'mcc': 0.011857234449405825} 	Val loss: 1.0080352
	Test per: {'acc': 0.5091397849462366, 'mcc': 0.012736269571626237} 	Test loss: 0.9914113
epoch: 0 time: 0.5646 
----->>>>> Training: 2.6439467430114747 0.991672471165657 1.642275732755661 0.999850532412529
Training: 2.5738072037696837 0.9880374163389206 1.575774908065796 	Train per: 0.52490234375
	Val per: {'acc': 0.48297455968688846, 'mcc': 0.04034349982191989} 	Val loss: 1.0084987
	Test per: {'acc': 0.5387096774193548, 'mcc': 0.07514321814868395} 	Test loss: 0.9834748
epoch: 1 time: 0.1447 
----->>>>> Training: 2.5137112021446226 0.9853409886360168 1.5183793008327484 0.9990916162729263
Training: 2.448975670337677 0.9825104355812073 1.456478476524353 	Train per: 0.52177734375
	Val per: {'acc': 0.48532289628180036, 'mcc': 0.0462932617439389} 	Val loss: 1.0100161
	Test per: {'acc': 0.5341397849462366, 'mcc': 0.06697554481043101} 	Test loss: 0.97705036
epoch: 2 time: 0.2079 
----->>>>> Training: 2.392993986606598 0.9798272728919983 1.4031856060028076 0.9981123358011246
Training: 2.332649457454681 0.9769642293453217 1.345709204673767 	Train per: 0.5208984375
	Val per: {'acc': 0.48414872798434444, 'mcc': 0.04459157700092777} 	Val loss: 1.0114981
	Test per: {'acc': 0.531989247311828, 'mcc': 0.06293531102653455} 	Test loss: 0.97060144
epoch: 3 time: 0.1493 
----->>>>> Training: 2.2810810565948487 0.9748456537723541 1.29626424908638 0.9971169918775559
Training: 2.225542998313904 0.9725796759128571 1.2429956197738647 	Train per: 0.522412109375
	Val per: {'acc': 0.4818003913894325, 'mcc': 0.03860075377143745} 	Val loss: 1.0130153
	Test per: {'acc': 0.5309139784946236, 'mcc': 0.06090753249398839} 	Test loss: 0.9649729
epoch: 4 time: 0.1407 
----->>>>> Training: 2.178484320640564 0.9713236212730407 1.1971977353096008 0.9962937712669373
Training: 2.127126407623291 0.9693357974290848 1.1478328704833984 	Train per: 0.52197265625
	Val per: {'acc': 0.4802348336594912, 'mcc': 0.03406884303638551} 	Val loss: 1.0149457
	Test per: {'acc': 0.531989247311828, 'mcc': 0.06313623443850228} 	Test loss: 0.959862
epoch: 5 time: 0.1367 
----->>>>> Training: 2.0844930052757262 0.9691846668720245 1.1053526401519775 0.9955660939216614
Training: 2.0378461360931395 0.9684416651725769 1.0594512224197388 	Train per: 0.521435546875
	Val per: {'acc': 0.4837573385518591, 'mcc': 0.04094584658720304} 	Val loss: 1.0152131
	Test per: {'acc': 0.5325268817204301, 'mcc': 0.06436598226013998} 	Test loss: 0.95796627
epoch: 6 time: 0.1367 
----->>>>> Training: 1.997207361459732 0.9674215406179428 1.019835004210472 0.995083338022232
Training: 1.9542957961559295 0.9671077579259872 0.9772399067878723 	Train per: 0.521728515625
	Val per: {'acc': 0.4818003913894325, 'mcc': 0.03642503885239801} 	Val loss: 1.013768
	Test per: {'acc': 0.5317204301075269, 'mcc': 0.06261081103786839} 	Test loss: 0.95731264
epoch: 7 time: 0.1463 
----->>>>> Training: 1.9179234325885772 0.9673263430595398 0.940651872754097 0.9945209681987762
Training: 1.8782232403755188 0.9670460402965546 0.9012340307235718 	Train per: 0.521142578125
	Val per: {'acc': 0.48140900195694714, 'mcc': 0.03557188130683775} 	Val loss: 1.0141164
	Test per: {'acc': 0.5314516129032258, 'mcc': 0.06200920946689872} 	Test loss: 0.9567411
epoch: 8 time: 0.1383 
----->>>>> Training: 1.8443750143051147 0.9671330660581589 0.8673007547855377 0.9941201150417328
Training: 1.807645457983017 0.9668818324804306 0.8308242559432983 	Train per: 0.520947265625
	Val per: {'acc': 0.4818003913894325, 'mcc': 0.035891448430121896} 	Val loss: 1.0136217
	Test per: {'acc': 0.532258064516129, 'mcc': 0.06373805023576617} 	Test loss: 0.9564118
epoch: 9 time: 0.1340 
----->>>>> Training: 1.776122695207596 0.9667537212371826 0.7994329035282135 0.9936052113771439
Training: 1.742094773054123 0.9664966613054276 0.7656635642051697 	Train per: 0.521728515625
	Val per: {'acc': 0.48140900195694714, 'mcc': 0.03425004602333824} 	Val loss: 1.0138695
	Test per: {'acc': 0.532258064516129, 'mcc': 0.06366169590185956} 	Test loss: 0.95582473
epoch: 10 time: 0.1543 
----->>>>> Training: 1.7137235581874848 0.9671722382307053 0.7366181254386902 0.9933180958032608
Training: 1.6821815013885497 0.9669422149658203 0.7053074836730957 	Train per: 0.51982421875
	Val per: {'acc': 0.4802348336594912, 'mcc': 0.03143904704135642} 	Val loss: 1.0139172
	Test per: {'acc': 0.5317204301075269, 'mcc': 0.06253476282188068} 	Test loss: 0.955497
epoch: 11 time: 0.1541 
----->>>>> Training: 1.65480979681015 0.9664384484291076 0.6784414410591125 0.9929890483617783
Training: 1.625682783126831 0.9662775337696076 0.649477481842041 	Train per: 0.520654296875
	Val per: {'acc': 0.4767123287671233, 'mcc': 0.023975369280878157} 	Val loss: 1.0157808
	Test per: {'acc': 0.5306451612903226, 'mcc': 0.0600339802605994} 	Test loss: 0.9553593
epoch: 12 time: 0.1810 
----->>>>> Training: 1.6002204596996308 0.9657284915447235 0.624565503001213 0.9926457673311233
Training: 1.573376315832138 0.9656661093235016 0.5977850556373596 	Train per: 0.5216796875
	Val per: {'acc': 0.47984344422700587, 'mcc': 0.0300742844212986} 	Val loss: 1.0145268
	Test per: {'acc': 0.5306451612903226, 'mcc': 0.06013206153349148} 	Test loss: 0.9551595
epoch: 13 time: 0.1403 
----->>>>> Training: 1.5515761494636535 0.9668441087007522 0.5748094469308853 0.9922594100236892
Training: 1.5267326951026916 0.9667267441749573 0.5500848293304443 	Train per: 0.521484375
	Val per: {'acc': 0.47592954990215264, 'mcc': 0.0212603434202785} 	Val loss: 1.0152527
	Test per: {'acc': 0.5295698924731183, 'mcc': 0.057830845918536364} 	Test loss: 0.95488095
epoch: 14 time: 0.1398 
----->>>>> Training: 1.5049523293972016 0.9661913126707077 0.5288403838872909 0.9920648694038391
Training: 1.482015460729599 0.9661713689565659 0.5059240460395813 	Train per: 0.523486328125
	Val per: {'acc': 0.48101761252446185, 'mcc': 0.032107184212904004} 	Val loss: 1.013704
	Test per: {'acc': 0.5282258064516129, 'mcc': 0.055100986308551245} 	Test loss: 0.9545854
epoch: 15 time: 0.1424 
----->>>>> Training: 1.4627727210521697 0.9666331350803375 0.48621997982263565 0.9919605374336242
Training: 1.4415008187294007 0.9665330410003662 0.465048611164093 	Train per: 0.522705078125
	Val per: {'acc': 0.48140900195694714, 'mcc': 0.03372808417806991} 	Val loss: 1.0154028
	Test per: {'acc': 0.5287634408602151, 'mcc': 0.05581959561378896} 	Test loss: 0.9549504
epoch: 16 time: 0.1409 
----->>>>> Training: 1.4239067733287811 0.9671319395303726 0.446856352686882 0.9918483287096024
Training: 1.4043433606624602 0.9671152740716934 0.427309513092041 	Train per: 0.522705078125
	Val per: {'acc': 0.4806262230919765, 'mcc': 0.029494661395488446} 	Val loss: 1.0143001
	Test per: {'acc': 0.5295698924731183, 'mcc': 0.057472361968589264} 	Test loss: 0.95528275
epoch: 17 time: 0.1477 
----->>>>> Training: 1.386988604068756 0.9666209042072296 0.4104491204023361 0.9918571025133133
Training: 1.368995302915573 0.9667417168617248 0.3923349380493164 	Train per: 0.52236328125
	Val per: {'acc': 0.48140900195694714, 'mcc': 0.032952157893243954} 	Val loss: 1.0155392
	Test per: {'acc': 0.5293010752688172, 'mcc': 0.05671313320407154} 	Test loss: 0.9560395
epoch: 18 time: 0.1729 
----->>>>> Training: 1.3546740889549256 0.9680189460515976 0.37673638612031934 0.9918740093708038
Training: 1.3380158185958861 0.9680799037218094 0.36001691222190857 	Train per: 0.521337890625
	Val per: {'acc': 0.4806262230919765, 'mcc': 0.03386192004147268} 	Val loss: 1.0168853
	Test per: {'acc': 0.5290322580645161, 'mcc': 0.05586981231017662} 	Test loss: 0.95711654
epoch: 19 time: 0.1422 
----->>>>> Training: 1.3238783657550812 0.9683376610279083 0.3456214562058449 0.9919240862131119
Training: 1.3085593283176422 0.9684760510921478 0.3301631808280945 	Train per: 0.5224609375
	Val per: {'acc': 0.4786692759295499, 'mcc': 0.028789998652379828} 	Val loss: 1.0170437
	Test per: {'acc': 0.5284946236559139, 'mcc': 0.05461357112241588} 	Test loss: 0.9579012
epoch: 20 time: 0.1417 
----->>>>> Training: 1.295858097076416 0.9691450476646424 0.31679384410381317 0.991920194029808
Training: 1.281678181886673 0.9693162232637406 0.30244144797325134 	Train per: 0.52265625
	Val per: {'acc': 0.4806262230919765, 'mcc': 0.03177373086299374} 	Val loss: 1.0151063
	Test per: {'acc': 0.5271505376344086, 'mcc': 0.05205410805150571} 	Test loss: 0.9584407
epoch: 21 time: 0.1408 
----->>>>> Training: 1.2693182587623597 0.9691315710544586 0.29026532769203184 0.9921348690986633
Training: 1.256333738565445 0.9693513810634613 0.2770601212978363 	Train per: 0.52373046875
	Val per: {'acc': 0.4802348336594912, 'mcc': 0.035695682478888324} 	Val loss: 1.018153
	Test per: {'acc': 0.5276881720430108, 'mcc': 0.052492435669560175} 	Test loss: 0.9602469
epoch: 22 time: 0.1393 
----->>>>> Training: 1.2451564371585846 0.9695902079343796 0.26564421504735947 0.9922016143798829
Training: 1.2332149922847748 0.9698651820421219 0.25342655181884766 	Train per: 0.52470703125
	Val per: {'acc': 0.48532289628180036, 'mcc': 0.04295393237575318} 	Val loss: 1.0158868
	Test per: {'acc': 0.5255376344086021, 'mcc': 0.04841112233374748} 	Test loss: 0.9602896
epoch: 23 time: 0.1522 
----->>>>> Training: 1.2237548351287841 0.9708403766155242 0.24298930019140244 0.992515429854393
Training: 1.212716269493103 0.9710383921861648 0.2317511886358261 	Train per: 0.5240234375
	Val per: {'acc': 0.4857142857142857, 'mcc': 0.04829436431204291} 	Val loss: 1.0180695
	Test per: {'acc': 0.5271505376344086, 'mcc': 0.0511032650852091} 	Test loss: 0.9621022
epoch: 24 time: 0.2039 
----->>>>> Training: 1.2033097803592683 0.9712282747030259 0.2221557579934597 0.9925739377737045
Training: 1.1932747662067413 0.9715403586626052 0.2118070274591446 	Train per: 0.52392578125
	Val per: {'acc': 0.4888454011741683, 'mcc': 0.05215130870451478} 	Val loss: 1.0172768
	Test per: {'acc': 0.5263440860215054, 'mcc': 0.04960444997298761} 	Test loss: 0.96270514
epoch: 25 time: 0.1739 
----->>>>> Training: 1.18466095328331 0.9718078136444092 0.20292467698454858 0.9928454369306564
Training: 1.1753835260868073 0.9720623910427093 0.19339106976985931 	Train per: 0.52490234375
	Val per: {'acc': 0.48610567514677105, 'mcc': 0.048854606497337215} 	Val loss: 1.0181338
	Test per: {'acc': 0.5263440860215054, 'mcc': 0.04926389708531153} 	Test loss: 0.96432555
epoch: 26 time: 0.1424 
----->>>>> Training: 1.1681128203868867 0.9729677259922027 0.18521367087960244 0.9931422978639602
Training: 1.1594966053962708 0.9731715440750122 0.1763916313648224 	Train per: 0.526318359375
	Val per: {'acc': 0.4888454011741683, 'mcc': 0.053304298586025554} 	Val loss: 1.0182555
	Test per: {'acc': 0.5260752688172043, 'mcc': 0.04859255181358007} 	Test loss: 0.96537524
epoch: 27 time: 0.1396 
----->>>>> Training: 1.1522398889064789 0.9734346777200699 0.16887057647109033 0.9934656828641891
Training: 1.144450169801712 0.9737129628658294 0.16080091893672943 	Train per: 0.5271484375
	Val per: {'acc': 0.4876712328767123, 'mcc': 0.049081096957454} 	Val loss: 1.0185896
	Test per: {'acc': 0.5266129032258065, 'mcc': 0.04951288231585916} 	Test loss: 0.9663191
epoch: 28 time: 0.1464 
----->>>>> Training: 1.1376523852348328 0.9737519353628159 0.15396349728107453 0.9936946719884873
Training: 1.1305756449699402 0.9740851044654846 0.14655202627182007 	Train per: 0.527734375
	Val per: {'acc': 0.4868884540117417, 'mcc': 0.050551229512325206} 	Val loss: 1.0190359
	Test per: {'acc': 0.5284946236559139, 'mcc': 0.05304801163423331} 	Test loss: 0.967852
epoch: 29 time: 0.1473 
----->>>>> Training: 1.1251791357994079 0.9750574201345443 0.1401821568608284 0.9939560443162918
Training: 1.1185766398906707 0.9752613961696625 0.13337354362010956 	Train per: 0.527490234375
	Val per: {'acc': 0.4876712328767123, 'mcc': 0.050788598170665306} 	Val loss: 1.0185308
	Test per: {'acc': 0.5271505376344086, 'mcc': 0.05031706728256007} 	Test loss: 0.9688871
epoch: 30 time: 0.1384 
----->>>>> Training: 1.1130799651145935 0.9755793690681458 0.12755790092051028 0.9942692726850509
Training: 1.1071324586868285 0.9758674502372742 0.12132047116756439 	Train per: 0.527978515625
	Val per: {'acc': 0.487279843444227, 'mcc': 0.05052420886820983} 	Val loss: 1.0182624
	Test per: {'acc': 0.5274193548387097, 'mcc': 0.050752744890517607} 	Test loss: 0.9701474
epoch: 31 time: 0.1583 
----->>>>> Training: 1.102337223291397 0.9764382779598236 0.11595330499112606 0.9945644348859787
Training: 1.0968713283538818 0.9766925483942032 0.11023134738206863 	Train per: 0.5279296875
	Val per: {'acc': 0.48845401174168296, 'mcc': 0.04824557586475559} 	Val loss: 1.017563
	Test per: {'acc': 0.5293010752688172, 'mcc': 0.05473352601734011} 	Test loss: 0.9708032
epoch: 32 time: 0.1573 
----->>>>> Training: 1.0924581050872804 0.9771293848752975 0.10538106374442577 0.9947652846574784
Training: 1.0874232053756714 0.9772993683815002 0.10017447918653488 	Train per: 0.528955078125
	Val per: {'acc': 0.48414872798434444, 'mcc': 0.03778899640247554} 	Val loss: 1.0176789
	Test per: {'acc': 0.5293010752688172, 'mcc': 0.05439526701929592} 	Test loss: 0.9716765
epoch: 33 time: 0.1715 
----->>>>> Training: 1.0834259688854218 0.9777220368385315 0.09575318656861782 0.9950763404369354
Training: 1.07879296541214 0.9778369456529618 0.09100314229726791 	Train per: 0.528955078125
	Val per: {'acc': 0.48454011741682973, 'mcc': 0.04236370684804571} 	Val loss: 1.0175807
	Test per: {'acc': 0.5290322580645161, 'mcc': 0.05369963283505487} 	Test loss: 0.9730907
epoch: 34 time: 0.1427 
----->>>>> Training: 1.0758405089378358 0.9789369583129883 0.08694990836083889 0.9953622430562973
Training: 1.0716727018356322 0.9790898382663726 0.08262725919485092 	Train per: 0.5287109375
	Val per: {'acc': 0.4849315068493151, 'mcc': 0.04403773241005063} 	Val loss: 1.0174131
	Test per: {'acc': 0.5287634408602151, 'mcc': 0.05296343125170146} 	Test loss: 0.97404206
epoch: 35 time: 0.1395 
----->>>>> Training: 1.0681903123855592 0.9792929470539093 0.07894087098538875 0.99564910531044
Training: 1.064563661813736 0.9795871645212173 0.07501861453056335 	Train per: 0.52880859375
	Val per: {'acc': 0.4837573385518591, 'mcc': 0.034159975008908605} 	Val loss: 1.0165379
	Test per: {'acc': 0.5271505376344086, 'mcc': 0.04965893459316679} 	Test loss: 0.9740897
epoch: 36 time: 0.1393 
----->>>>> Training: 1.0609780251979828 0.9793734729290009 0.07164603732526302 0.9958511114120483
Training: 1.0575497627258301 0.9795460432767868 0.06804332882165909 	Train per: 0.529931640625
	Val per: {'acc': 0.48414872798434444, 'mcc': 0.03963010571705032} 	Val loss: 1.0166953
	Test per: {'acc': 0.5279569892473118, 'mcc': 0.05105283845538523} 	Test loss: 0.97545034
epoch: 37 time: 0.1435 
----->>>>> Training: 1.0550298154354096 0.9801220118999481 0.06494563389569522 0.9962157517671585
Training: 1.0519167721271514 0.9803005933761597 0.06165259703993797 	Train per: 0.529541015625
	Val per: {'acc': 0.48297455968688846, 'mcc': 0.03426292279151601} 	Val loss: 1.0159535
	Test per: {'acc': 0.5258064516129032, 'mcc': 0.04658964808525991} 	Test loss: 0.9761394
epoch: 38 time: 0.1493 
----->>>>> Training: 1.0495334088802337 0.9806772202253342 0.05889183282852173 0.996437206864357
Training: 1.046634954214096 0.9807545185089112 0.05591423064470291 	Train per: 0.529833984375
	Val per: {'acc': 0.4821917808219178, 'mcc': 0.0313453734220248} 	Val loss: 1.0163586
	Test per: {'acc': 0.525, 'mcc': 0.04476071058064642} 	Test loss: 0.97679514
epoch: 39 time: 0.1852 
----->>>>> Training: 1.0449236750602722 0.9815282642841339 0.05342880617827177 0.996660801768303
Training: 1.0424031496047974 0.9816766649484634 0.050758328288793564 	Train per: 0.531298828125
	Val per: {'acc': 0.48532289628180036, 'mcc': 0.03694885163876951} 	Val loss: 1.015935
	Test per: {'acc': 0.5252688172043011, 'mcc': 0.04535590490370496} 	Test loss: 0.9772705
epoch: 40 time: 0.1534 
----->>>>> Training: 1.0405384838581084 0.9820149391889572 0.048553932830691336 0.9969621628522873
Training: 1.0383002996444701 0.982180854678154 0.04614824801683426 	Train per: 0.531689453125
	Val per: {'acc': 0.48101761252446185, 'mcc': 0.03108894828483306} 	Val loss: 1.0163223
	Test per: {'acc': 0.5228494623655914, 'mcc': 0.03994740884949318} 	Test loss: 0.97818655
epoch: 41 time: 0.1428 
----->>>>> Training: 1.03624826669693 0.9823167264461518 0.04395985286682844 0.9971665263175964
Training: 1.0341258823871613 0.982437252998352 0.041715625673532486 	Train per: 0.53427734375
	Val per: {'acc': 0.48610567514677105, 'mcc': 0.03783213300564418} 	Val loss: 1.0152553
	Test per: {'acc': 0.5255376344086021, 'mcc': 0.04587657871735735} 	Test loss: 0.97862756
epoch: 42 time: 0.1413 
----->>>>> Training: 1.0329576194286347 0.9830799371004104 0.03990413397550583 0.9973549336194992
Training: 1.0311006486415863 0.9831978708505631 0.03792795538902283 	Train per: 0.532763671875
	Val per: {'acc': 0.48101761252446185, 'mcc': 0.03742817205122584} 	Val loss: 1.015551
	Test per: {'acc': 0.521505376344086, 'mcc': 0.03679513702506014} 	Test loss: 0.9800689
epoch: 43 time: 0.1419 
----->>>>> Training: 1.0294711709022522 0.9832829087972641 0.03621308747678995 0.9975174844264985
Training: 1.0277919471263885 0.9834049880504608 0.034410636872053146 	Train per: 0.53271484375
	Val per: {'acc': 0.4794520547945205, 'mcc': 0.030247750020945218} 	Val loss: 1.0151753
	Test per: {'acc': 0.5225806451612903, 'mcc': 0.039045492535543014} 	Test loss: 0.9803287
epoch: 44 time: 0.1584 
----->>>>> Training: 1.0268657147884368 0.9839781552553177 0.03291035275906325 0.9977193146944046
Training: 1.02536883354187 0.9841209292411804 0.03126944974064827 	Train per: 0.533251953125
	Val per: {'acc': 0.48297455968688846, 'mcc': 0.04089747514011808} 	Val loss: 1.0147343
	Test per: {'acc': 0.5225806451612903, 'mcc': 0.038887462869228895} 	Test loss: 0.98106337
epoch: 45 time: 0.1655 
----->>>>> Training: 1.0242643117904664 0.9843982249498368 0.029887070041149856 0.9978999733924866
Training: 1.0229249179363251 0.9845133721828461 0.02843160182237625 	Train per: 0.53310546875
	Val per: {'acc': 0.4818003913894325, 'mcc': 0.03696267977252386} 	Val loss: 1.0143855
	Test per: {'acc': 0.5223118279569893, 'mcc': 0.03832578719116739} 	Test loss: 0.9815789
epoch: 46 time: 0.1407 
----->>>>> Training: 1.0219468116760253 0.9847068041563034 0.02725888192653656 0.9981135547161102
Training: 1.0207958221435547 0.9848151952028275 0.025998366996645927 	Train per: 0.532177734375
	Val per: {'acc': 0.4821917808219178, 'mcc': 0.035945744396573144} 	Val loss: 1.014934
	Test per: {'acc': 0.521505376344086, 'mcc': 0.03652273429197594} 	Test loss: 0.98166996
epoch: 47 time: 0.1423 
----->>>>> Training: 1.0198469579219818 0.9849953502416611 0.024869289621710776 0.9982311517000199
Training: 1.0187510013580323 0.9850665777921677 0.023701047524809837 	Train per: 0.53251953125
	Val per: {'acc': 0.4821917808219178, 'mcc': 0.03918378345676863} 	Val loss: 1.0146294
	Test per: {'acc': 0.5198924731182796, 'mcc': 0.03294189755327234} 	Test loss: 0.98246276
epoch: 48 time: 0.1434 
----->>>>> Training: 1.0182742536067964 0.9855812698602676 0.02270908048376441 0.9983902484178543
Training: 1.0172845661640166 0.9856521666049958 0.021647581830620766 	Train per: 0.532861328125
	Val per: {'acc': 0.4825831702544031, 'mcc': 0.03732321697767515} 	Val loss: 1.0142721
	Test per: {'acc': 0.5225806451612903, 'mcc': 0.03880356580497202} 	Test loss: 0.9826479
epoch: 49 time: 0.1418 
----->>>>> Training: 1.0167595267295837 0.9860124617815018 0.020761779230087995 0.9985296070575714
Training: 1.0158511817455291 0.9860965371131897 0.019768571481108665 	Train per: 0.53125
	Val per: {'acc': 0.4825831702544031, 'mcc': 0.041724136323701234} 	Val loss: 1.0140465
	Test per: {'acc': 0.5223118279569893, 'mcc': 0.037954262360720754} 	Test loss: 0.9834
epoch: 50 time: 0.1547 
----->>>>> Training: 1.0150799572467804 0.9861205786466598 0.018973087891936302 0.9986297875642777
Training: 1.014280265569687 0.9861736446619034 0.018119540065526962 	Train per: 0.531298828125
	Val per: {'acc': 0.4806262230919765, 'mcc': 0.03574127953051757} 	Val loss: 1.0139266
	Test per: {'acc': 0.5228494623655914, 'mcc': 0.039079305239249955} 	Test loss: 0.98366356
epoch: 51 time: 0.1450 
----->>>>> Training: 1.0137308329343795 0.9863558232784271 0.01738741174340248 0.9987604886293411
Training: 1.0130886256694793 0.9864582002162934 0.01664218120276928 	Train per: 0.532177734375
	Val per: {'acc': 0.4857142857142857, 'mcc': 0.04351951436771441} 	Val loss: 1.0139419
	Test per: {'acc': 0.5228494623655914, 'mcc': 0.03923337098940488} 	Test loss: 0.98373264
epoch: 52 time: 0.1558 
----->>>>> Training: 1.0125575989484787 0.9865355312824249 0.016033804276958108 0.9988267838954925
Training: 1.0118928968906402 0.9865287989377975 0.01537509635090828 	Train per: 0.5310546875
	Val per: {'acc': 0.4806262230919765, 'mcc': 0.03711562913506904} 	Val loss: 1.0141419
	Test per: {'acc': 0.5193548387096775, 'mcc': 0.03133954724032821} 	Test loss: 0.98415667
epoch: 53 time: 0.1589 
----->>>>> Training: 1.0118186056613923 0.9870837181806564 0.01474567037075758 0.9989223897457122
Training: 1.0111561179161073 0.9869936019182205 0.014172439463436604 	Train per: 0.530517578125
	Val per: {'acc': 0.4774951076320939, 'mcc': 0.03259245270725497} 	Val loss: 1.0134335
	Test per: {'acc': 0.521505376344086, 'mcc': 0.03597911727113134} 	Test loss: 0.98485696
epoch: 54 time: 0.1775 
----->>>>> Training: 1.0109927237033844 0.9872509360313415 0.013751125615090131 0.9990674674510955
Training: 1.010514360666275 0.9872839748859406 0.013239258900284767 	Train per: 0.53037109375
	Val per: {'acc': 0.4806262230919765, 'mcc': 0.03711562913506904} 	Val loss: 1.01369
	Test per: {'acc': 0.5223118279569893, 'mcc': 0.037688391791003396} 	Test loss: 0.98462373
epoch: 55 time: 0.1576 
----->>>>> Training: 1.0101314723491668 0.987359032034874 0.012780722603201866 0.9991700708866119
Training: 1.00968878865242 0.987404665350914 0.012291970662772655 	Train per: 0.531298828125
	Val per: {'acc': 0.47906066536203523, 'mcc': 0.03308706300409339} 	Val loss: 1.0133808
	Test per: {'acc': 0.5223118279569893, 'mcc': 0.03782508541983768} 	Test loss: 0.9849375
epoch: 56 time: 0.1485 
----->>>>> Training: 1.0095880180597305 0.9877606421709061 0.011835311446338892 0.9992068529129028
Training: 1.0091563403606414 0.9877709090709687 0.011393064633011818 	Train per: 0.531640625
	Val per: {'acc': 0.48101761252446185, 'mcc': 0.036059646575813856} 	Val loss: 1.0132844
	Test per: {'acc': 0.5231182795698924, 'mcc': 0.03957603668892827} 	Test loss: 0.9851079
epoch: 57 time: 0.1515 
----->>>>> Training: 1.0091819226741792 0.9880865663290024 0.01110213864594698 0.9993237257003784
Training: 1.0087694823741913 0.988038569688797 0.0107370400801301 	Train per: 0.529638671875
	Val per: {'acc': 0.47436399217221137, 'mcc': 0.026790981557232686} 	Val loss: 1.0135775
	Test per: {'acc': 0.521505376344086, 'mcc': 0.03567760183188833} 	Test loss: 0.98535705
epoch: 58 time: 0.1420 
----->>>>> Training: 1.0084047704935073 0.9880392283201218 0.01037183222360909 0.999373123049736
Training: 1.0080944299697876 0.9880621433258057 0.01003825943917036 	Train per: 0.530859375
	Val per: {'acc': 0.4782778864970646, 'mcc': 0.032426249416788754} 	Val loss: 1.0131845
	Test per: {'acc': 0.5241935483870968, 'mcc': 0.041717270425316456} 	Test loss: 0.9854996
epoch: 59 time: 0.1454 
----->>>>> Training: 1.0081917077302933 0.988389965891838 0.009807544946670532 0.9994211226701737
Training: 1.0078553259372711 0.9882980406284332 0.009562501683831215 	Train per: 0.529345703125
	Val per: {'acc': 0.46966731898238745, 'mcc': 0.01629840566035296} 	Val loss: 1.0133305
	Test per: {'acc': 0.5228494623655914, 'mcc': 0.038595900009162194} 	Test loss: 0.9856982
epoch: 60 time: 0.1776 
----->>>>> Training: 1.007678097486496 0.9883562713861466 0.009326745802536607 0.9995078682899475
Training: 1.007398533821106 0.9883963137865066 0.009006910026073456 	Train per: 0.530322265625
	Val per: {'acc': 0.475146771037182, 'mcc': 0.026957411513882087} 	Val loss: 1.0133134
	Test per: {'acc': 0.5233870967741936, 'mcc': 0.03982025999468547} 	Test loss: 0.98571265
epoch: 61 time: 0.1460 
----->>>>> Training: 1.0071323931217193 0.9883965432643891 0.008740431256592273 0.9995421260595322
Training: 1.0068901598453521 0.9884257286787033 0.008468756452202797 	Train per: 0.5306640625
	Val per: {'acc': 0.4755381604696673, 'mcc': 0.027582353973103563} 	Val loss: 1.0127586
	Test per: {'acc': 0.5231182795698924, 'mcc': 0.039390889092010446} 	Test loss: 0.9860448
epoch: 62 time: 0.1417 
----->>>>> Training: 1.0068295657634736 0.9885350167751312 0.00829874100163579 0.9995817631483078
Training: 1.0066195130348206 0.9885341644287109 0.008089309558272362 	Train per: 0.530810546875
	Val per: {'acc': 0.47436399217221137, 'mcc': 0.024359757040716516} 	Val loss: 1.0130084
	Test per: {'acc': 0.521236559139785, 'mcc': 0.035300102318841016} 	Test loss: 0.98605907
epoch: 63 time: 0.1404 
----->>>>> Training: 1.0064230412244797 0.9885231882333756 0.0079037002986297 0.9996147722005844
Training: 1.0062366098165512 0.9884986966848374 0.007741535548120737 	Train per: 0.5306640625
	Val per: {'acc': 0.47162426614481406, 'mcc': 0.018561179920809825} 	Val loss: 1.013031
	Test per: {'acc': 0.5220430107526882, 'mcc': 0.036979722172461} 	Test loss: 0.9861818
epoch: 64 time: 0.1380 
----->>>>> Training: 1.0064017295837402 0.9887915641069412 0.00761359331663698 0.9996576607227325
Training: 1.0062231957912444 0.9887647181749344 0.007461745757609606 	Train per: 0.53037109375
	Val per: {'acc': 0.47045009784735814, 'mcc': 0.019761962097675695} 	Val loss: 1.0129418
	Test per: {'acc': 0.5196236559139785, 'mcc': 0.03142377296268946} 	Test loss: 0.9863813
epoch: 65 time: 0.1503 
----->>>>> Training: 1.00613676905632 0.9888301193714142 0.0073096791049465535 0.9996978461742401
Training: 1.0059830486774444 0.9888231664896011 0.007162819150835276 	Train per: 0.53076171875
	Val per: {'acc': 0.4712328767123288, 'mcc': 0.017650500764749416} 	Val loss: 1.0128949
	Test per: {'acc': 0.5225806451612903, 'mcc': 0.03815826682656747} 	Test loss: 0.9863908
epoch: 66 time: 0.1798 
----->>>>> Training: 1.0059793502092362 0.9889055460691452 0.00707659509498626 0.9997201949357987
Training: 1.0058274120092392 0.9888634085655212 0.006966714281588793 	Train per: 0.530712890625
	Val per: {'acc': 0.4700587084148728, 'mcc': 0.015416803271234496} 	Val loss: 1.012792
	Test per: {'acc': 0.5236559139784946, 'mcc': 0.04052250301880785} 	Test loss: 0.9863517
epoch: 67 time: 0.1420 
----->>>>> Training: 1.0058657705783844 0.9889323621988296 0.0069358872948214415 0.9997507482767105
Training: 1.005726632475853 0.9889044165611267 0.0068245697766542435 	Train per: 0.53076171875
	Val per: {'acc': 0.46966731898238745, 'mcc': 0.0168230649594002} 	Val loss: 1.0129551
	Test per: {'acc': 0.521236559139785, 'mcc': 0.0351217365593512} 	Test loss: 0.9863982
epoch: 68 time: 0.1429 
----->>>>> Training: 1.005460375547409 0.9888498485088348 0.006612952309660613 0.9997567713260651
Training: 1.0053331553936005 0.9888339579105377 0.00650153961032629 	Train per: 0.531884765625
	Val per: {'acc': 0.4684931506849315, 'mcc': 0.010983726498155886} 	Val loss: 1.0126053
	Test per: {'acc': 0.5239247311827957, 'mcc': 0.04121468037473779} 	Test loss: 0.98652744
epoch: 69 time: 0.1412 
----->>>>> Training: 1.0053835391998291 0.988896730542183 0.006488948548212648 0.9997859686613083
Training: 1.0052359968423843 0.9887837290763855 0.006454348564147949 	Train per: 0.531103515625
	Val per: {'acc': 0.46966731898238745, 'mcc': 0.015262515426421252} 	Val loss: 1.0128789
	Test per: {'acc': 0.5231182795698924, 'mcc': 0.03936866548798473} 	Test loss: 0.98641825
epoch: 70 time: 0.1397 
----->>>>> Training: 1.0052314698696136 0.9888739496469497 0.0063595255371183155 0.9998007118701935
Training: 1.0051176846027374 0.9888206243515014 0.006298957392573357 	Train per: 0.531005859375
	Val per: {'acc': 0.4712328767123288, 'mcc': 0.020007311197720194} 	Val loss: 1.0126505
	Test per: {'acc': 0.5241935483870968, 'mcc': 0.0417374828584873} 	Test loss: 0.98643994
epoch: 71 time: 0.1533 
----->>>>> Training: 1.0052092850208283 0.9889137417078018 0.006297319591976702 0.9998213708400726
Training: 1.0050786018371582 0.9888106852769851 0.006269610021263361 	Train per: 0.53046875
	Val per: {'acc': 0.4700587084148728, 'mcc': 0.016705183126718242} 	Val loss: 1.0127447
	Test per: {'acc': 0.524731182795699, 'mcc': 0.042909204300828827} 	Test loss: 0.9863366
epoch: 72 time: 0.1404 
----->>>>> Training: 1.0051394671201705 0.9890053063631058 0.006135830585844815 0.9998330473899841
Training: 1.0050129175186158 0.9889540195465087 0.006060535553842783 	Train per: 0.530224609375
	Val per: {'acc': 0.4681017612524462, 'mcc': 0.012306925666651492} 	Val loss: 1.0124412
	Test per: {'acc': 0.5220430107526882, 'mcc': 0.03708915532619664} 	Test loss: 0.986647
epoch: 73 time: 0.1465 
----->>>>> Training: 1.0049004018306733 0.9887783825397491 0.006123647489584982 0.9998361885547637
Training: 1.004768395423889 0.9886469662189483 0.00612302590161562 	Train per: 0.530615234375
	Val per: {'acc': 0.46731898238747555, 'mcc': 0.011700063097582057} 	Val loss: 1.0130062
	Test per: {'acc': 0.5236559139784946, 'mcc': 0.04051208594431628} 	Test loss: 0.98631173
epoch: 74 time: 0.1585 
----->>>>> Training: 1.0050498753786088 0.9888903707265854 0.006160927657037974 0.9998566895723343
Training: 1.004898077249527 0.988777706027031 0.006121672224253416 	Train per: 0.530126953125
	Val per: {'acc': 0.46966731898238745, 'mcc': 0.017886362578358794} 	Val loss: 1.0132861
	Test per: {'acc': 0.5239247311827957, 'mcc': 0.04101092145194892} 	Test loss: 0.98612404
epoch: 75 time: 0.1655 
----->>>>> Training: 1.0047098487615584 0.9886894285678863 0.00602185265161097 0.9998571246862411
Training: 1.0045764416456222 0.9886375516653061 0.005940267816185951 	Train per: 0.5310546875
	Val per: {'acc': 0.4700587084148728, 'mcc': 0.016966138802251732} 	Val loss: 1.0129279
	Test per: {'acc': 0.5252688172043011, 'mcc': 0.04406164662463263} 	Test loss: 0.98629874
epoch: 76 time: 0.1624 
----->>>>> Training: 1.004637536406517 0.9887098342180252 0.005928969942033291 0.99987291097641
Training: 1.0045377641916275 0.9886052042245865 0.005933874286711216 	Train per: 0.53115234375
	Val per: {'acc': 0.4700587084148728, 'mcc': 0.016966138802251732} 	Val loss: 1.0127625
	Test per: {'acc': 0.5233870967741936, 'mcc': 0.04013581090612198} 	Test loss: 0.98624647
epoch: 77 time: 0.1422 
----->>>>> Training: 1.0045841336250305 0.9886044591665268 0.005980903073213995 0.9998778879642487
Training: 1.0044711142778397 0.9885223031044006 0.005950046703219414 	Train per: 0.530224609375
	Val per: {'acc': 0.47279843444227004, 'mcc': 0.023146462425174645} 	Val loss: 1.0126535
	Test per: {'acc': 0.525, 'mcc': 0.04367379726737924} 	Test loss: 0.98610157
epoch: 78 time: 0.1423 
----->>>>> Training: 1.004239770770073 0.9883624374866485 0.0058786069275811315 0.9998748064041137
Training: 1.004157841205597 0.9883349061012268 0.005824126303195953 	Train per: 0.5318359375
	Val per: {'acc': 0.47475538160469666, 'mcc': 0.028253865713045133} 	Val loss: 1.0123774
	Test per: {'acc': 0.5239247311827957, 'mcc': 0.0413702877560415} 	Test loss: 0.9862594
epoch: 79 time: 0.1429 
----->>>>> Training: 1.004628312587738 0.9886806458234787 0.005948775773867964 0.9998877257108688
Training: 1.0044310480356216 0.9884429156780243 0.005989168770611286 	Train per: 0.53125
	Val per: {'acc': 0.47279843444227004, 'mcc': 0.023146462425174645} 	Val loss: 1.0132495
	Test per: {'acc': 0.5233870967741936, 'mcc': 0.040147475442546474} 	Test loss: 0.9857826
epoch: 80 time: 0.1418 
----->>>>> Training: 1.0042035758495331 0.9882427275180816 0.005961939366534353 0.9998911857604981
Training: 1.0040985882282256 0.9881627708673477 0.005936949513852596 	Train per: 0.531103515625
	Val per: {'acc': 0.47906066536203523, 'mcc': 0.034180705980607316} 	Val loss: 1.0129243
	Test per: {'acc': 0.5258064516129032, 'mcc': 0.04564606034396025} 	Test loss: 0.9857607
epoch: 81 time: 0.1656 
----->>>>> Training: 1.0042889326810838 0.9883220672607422 0.005967940809205175 0.9998938560485839
Training: 1.0041237235069276 0.9881444633007049 0.005980200599879026 	Train per: 0.53134765625
	Val per: {'acc': 0.473972602739726, 'mcc': 0.025882272307316153} 	Val loss: 1.0131333
	Test per: {'acc': 0.5231182795698924, 'mcc': 0.039673432429281896} 	Test loss: 0.98563296
epoch: 82 time: 0.1584 
----->>>>> Training: 1.0041261255741118 0.9881059974431992 0.006021099910140037 0.9999017179012298
Training: 1.0039916276931762 0.987994909286499 0.005997642409056425 	Train per: 0.531396484375
	Val per: {'acc': 0.47788649706457925, 'mcc': 0.0329227301090673} 	Val loss: 1.0129284
	Test per: {'acc': 0.5244623655913978, 'mcc': 0.042740459844116285} 	Test loss: 0.98547876
epoch: 83 time: 0.1429 
----->>>>> Training: 1.0039451509714126 0.9880595833063126 0.0058864883845672015 0.9999063193798066
Training: 1.0038179159164429 0.9879351288080216 0.005883778445422649 	Train per: 0.532568359375
	Val per: {'acc': 0.4794520547945205, 'mcc': 0.037593991610706444} 	Val loss: 1.0125235
	Test per: {'acc': 0.524731182795699, 'mcc': 0.04341371567100548} 	Test loss: 0.9857117
epoch: 84 time: 0.1434 
----->>>>> Training: 1.0042433112859726 0.9883029580116272 0.0059412338770926 0.9999122798442841
Training: 1.0039812088012696 0.9879873633384705 0.005994776729494333 	Train per: 0.53037109375
	Val per: {'acc': 0.4821917808219178, 'mcc': 0.04229006399350995} 	Val loss: 1.0125624
	Test per: {'acc': 0.5236559139784946, 'mcc': 0.04139478486405836} 	Test loss: 0.985427
epoch: 85 time: 0.1424 
----->>>>> Training: 1.003862339258194 0.9877978056669235 0.006065376126207412 0.9999155759811401
Training: 1.003699940443039 0.987643027305603 0.00605781702324748 	Train per: 0.532421875
	Val per: {'acc': 0.4818003913894325, 'mcc': 0.03915545655978524} 	Val loss: 1.0127715
	Test per: {'acc': 0.5252688172043011, 'mcc': 0.044837697735003734} 	Test loss: 0.98515546
epoch: 86 time: 0.1460 
----->>>>> Training: 1.003683626651764 0.9875858277082443 0.006098666391335428 0.9999121218919754
Training: 1.0035783618688583 0.9874941557645798 0.006085086148232222 	Train per: 0.53232421875
	Val per: {'acc': 0.4794520547945205, 'mcc': 0.03477971019802965} 	Val loss: 1.0131305
	Test per: {'acc': 0.525, 'mcc': 0.044074566335103954} 	Test loss: 0.98495233
epoch: 87 time: 0.1759 
----->>>>> Training: 1.0036203026771546 0.9875568300485611 0.006064317049458623 0.9999179452657699
Training: 1.0035831123590468 0.9874528020620346 0.0061310939490795135 	Train per: 0.5306640625
	Val per: {'acc': 0.4802348336594912, 'mcc': 0.042323163517350666} 	Val loss: 1.0131731
	Test per: {'acc': 0.5268817204301075, 'mcc': 0.047847420210907446} 	Test loss: 0.98490405
epoch: 88 time: 0.1505 
----->>>>> Training: 1.0036736965179442 0.9873428761959075 0.006331636267714202 0.9999176591634751
Training: 1.0033747732639313 0.9869973570108413 0.006378288846462965 	Train per: 0.533447265625
	Val per: {'acc': 0.47906066536203523, 'mcc': 0.029907299737234872} 	Val loss: 1.0139797
	Test per: {'acc': 0.5255376344086021, 'mcc': 0.045319859263543746} 	Test loss: 0.9841609
epoch: 89 time: 0.1466 
----->>>>> Training: 1.003317904472351 0.9869728505611419 0.006345866015180945 0.9999171108007431
Training: 1.003093495965004 0.9867173194885254 0.006376971956342459 	Train per: 0.533349609375
	Val per: {'acc': 0.47984344422700587, 'mcc': 0.034012357222231324} 	Val loss: 1.0132382
	Test per: {'acc': 0.5284946236559139, 'mcc': 0.05177652591100145} 	Test loss: 0.9841558
epoch: 90 time: 0.1413 
----->>>>> Training: 1.0033143430948257 0.9869163125753403 0.006398807489313185 0.999921852350235
Training: 1.0030945003032685 0.986677372455597 0.006417933385819197 	Train per: 0.533203125
	Val per: {'acc': 0.4806262230919765, 'mcc': 0.0388022914209375} 	Val loss: 1.0132995
	Test per: {'acc': 0.5284946236559139, 'mcc': 0.05156845027726509} 	Test loss: 0.9840107
epoch: 91 time: 0.1429 
----->>>>> Training: 1.003518757224083 0.9869738548994065 0.006545704370364547 0.9999198824167251
Training: 1.003108224272728 0.9864371329545975 0.006671742536127567 	Train per: 0.531640625
	Val per: {'acc': 0.4786692759295499, 'mcc': 0.035537586023659945} 	Val loss: 1.014519
	Test per: {'acc': 0.5255376344086021, 'mcc': 0.04501441216632046} 	Test loss: 0.98350686
epoch: 92 time: 0.1519 
----->>>>> Training: 1.0032353162765504 0.9866921186447144 0.006543994322419167 0.9999203890562057
Training: 1.0027507305145265 0.9861814081668854 0.006570113357156515 	Train per: 0.533203125
	Val per: {'acc': 0.4782778864970646, 'mcc': 0.0308053113548295} 	Val loss: 1.0137893
	Test per: {'acc': 0.5295698924731183, 'mcc': 0.05395871499139133} 	Test loss: 0.9835489
epoch: 93 time: 0.1412 
----->>>>> Training: 1.0027805775403977 0.9862817466259003 0.006499561201781035 0.999927693605423
Training: 1.0026153385639192 0.9860304206609726 0.006585634779185057 	Train per: 0.53544921875
	Val per: {'acc': 0.4782778864970646, 'mcc': 0.02250703154585196} 	Val loss: 1.0149113
	Test per: {'acc': 0.531989247311828, 'mcc': 0.059126568683006156} 	Test loss: 0.98317295
epoch: 94 time: 0.1398 
----->>>>> Training: 1.0027146488428116 0.9858868569135666 0.006828627921640873 0.999915462732315
Training: 1.00245743393898 0.9854313254356384 0.00702682975679636 	Train per: 0.53134765625
	Val per: {'acc': 0.47436399217221137, 'mcc': 0.026790981557232686} 	Val loss: 1.0152392
	Test per: {'acc': 0.5279569892473118, 'mcc': 0.050264504667512165} 	Test loss: 0.98281515
epoch: 95 time: 0.1650 
----->>>>> Training: 1.0025177329778672 0.985545101761818 0.006973339547403157 0.9999276310205459
Training: 1.0023746192455292 0.9854328453540802 0.006942452862858772 	Train per: 0.5337890625
	Val per: {'acc': 0.47788649706457925, 'mcc': 0.02166674765362727} 	Val loss: 1.0143152
	Test per: {'acc': 0.5301075268817205, 'mcc': 0.0555515208055241} 	Test loss: 0.98243773
epoch: 96 time: 0.1607 
----->>>>> Training: 1.0023064851760863 0.985327684879303 0.0069795386400073765 0.999927407503128
Training: 1.0021882146596908 0.9852040082216262 0.0069850143045187 	Train per: 0.534912109375
	Val per: {'acc': 0.4802348336594912, 'mcc': 0.03487746337057026} 	Val loss: 1.0136504
	Test per: {'acc': 0.5298387096774193, 'mcc': 0.054851725884981696} 	Test loss: 0.98248553
epoch: 97 time: 0.1737 
----->>>>> Training: 1.0025294959545135 0.9854332268238067 0.007096964563243091 0.9999300390481949
Training: 1.00235475897789 0.9851862519979477 0.007169276010245085 	Train per: 0.533544921875
	Val per: {'acc': 0.4771037181996086, 'mcc': 0.018586436469823234} 	Val loss: 1.015017
	Test per: {'acc': 0.5336021505376344, 'mcc': 0.06276601025395712} 	Test loss: 0.9818439
epoch: 98 time: 0.1440 
----->>>>> Training: 1.0024223923683167 0.985191696882248 0.007231380068697035 0.999930202960968
Training: 1.0020397812128068 0.9847767353057861 0.007263785693794489 	Train per: 0.53310546875
	Val per: {'acc': 0.4794520547945205, 'mcc': 0.02382947772743431} 	Val loss: 1.0148827
	Test per: {'acc': 0.5317204301075269, 'mcc': 0.05898057645313738} 	Test loss: 0.98145777
epoch: 99 time: 0.1413 
----->>>>> Training: 1.0027450293302536 0.9854627102613449 0.007283027796074748 0.9999284237623215
Training: 1.0023564577102662 0.9849319994449616 0.007425033487379551 	Train per: 0.5322265625
	Val per: {'acc': 0.47906066536203523, 'mcc': 0.03529244536846967} 	Val loss: 1.0152441
	Test per: {'acc': 0.5317204301075269, 'mcc': 0.0584954866438006} 	Test loss: 0.9816301
epoch: 100 time: 0.1409 
----->>>>> Training: 1.0018695205450059 0.9845666527748108 0.007303552143275738 0.9999316275119782
Training: 1.0016375690698625 0.9843128800392151 0.007325556594878435 	Train per: 0.534912109375
	Val per: {'acc': 0.47984344422700587, 'mcc': 0.02301704844358469} 	Val loss: 1.0149328
	Test per: {'acc': 0.535483870967742, 'mcc': 0.06694769880212792} 	Test loss: 0.98137057
epoch: 101 time: 0.1427 
----->>>>> Training: 1.0020466685295104 0.9845528960227966 0.007494439650326967 0.9999347507953644
Training: 1.0017283141613007 0.9840632230043411 0.007665793411433697 	Train per: 0.53466796875
	Val per: {'acc': 0.4794520547945205, 'mcc': 0.02219116623668903} 	Val loss: 1.0148085
	Test per: {'acc': 0.5338709677419354, 'mcc': 0.06374266899429411} 	Test loss: 0.98074967
epoch: 102 time: 0.1665 
----->>>>> Training: 1.0017684817314148 0.9840867131948471 0.007682502153329551 0.999926683306694
Training: 1.0016427874565124 0.9838290482759475 0.00781441479921341 	Train per: 0.533056640625
	Val per: {'acc': 0.47906066536203523, 'mcc': 0.029134544687048316} 	Val loss: 1.0152301
	Test per: {'acc': 0.5336021505376344, 'mcc': 0.06278750510288543} 	Test loss: 0.9806376
epoch: 103 time: 0.1679 
----->>>>> Training: 1.001677393913269 0.9837515264749527 0.00792656559497118 0.9999296575784683
Training: 1.0014597922563553 0.9834529787302018 0.008007511496543884 	Train per: 0.5341796875
	Val per: {'acc': 0.4802348336594912, 'mcc': 0.025730449239660943} 	Val loss: 1.0158296
	Test per: {'acc': 0.5360215053763441, 'mcc': 0.06785659832504223} 	Test loss: 0.9799401
epoch: 104 time: 0.1427 
----->>>>> Training: 1.0014677554368974 0.9834204584360122 0.008048069244250656 0.9999220341444015
Training: 1.0011871248483657 0.9830647259950638 0.008123107254505157 	Train per: 0.5328125
	Val per: {'acc': 0.48414872798434444, 'mcc': 0.03675710382099843} 	Val loss: 1.0152694
	Test per: {'acc': 0.535483870967742, 'mcc': 0.06683389789541999} 	Test loss: 0.97967213
epoch: 105 time: 0.1427 
----->>>>> Training: 1.0012783378362655 0.983171883225441 0.008107250835746527 0.9999209105968475
Training: 1.0010639667510985 0.9829905211925507 0.008074278943240643 	Train per: 0.534423828125
	Val per: {'acc': 0.48336594911937375, 'mcc': 0.031128055337095725} 	Val loss: 1.0148042
	Test per: {'acc': 0.5368279569892473, 'mcc': 0.0698741611039786} 	Test loss: 0.97955924
epoch: 106 time: 0.1421 
----->>>>> Training: 1.0015778332948684 0.9833760648965836 0.008202542131766678 0.9999219000339508
Training: 1.0012642651796342 0.9829948008060455 0.008270186372101307 	Train per: 0.5359375
	Val per: {'acc': 0.48140900195694714, 'mcc': 0.019966622294015347} 	Val loss: 1.0159212
	Test per: {'acc': 0.5416666666666666, 'mcc': 0.07994866283665293} 	Test loss: 0.9786045
epoch: 107 time: 0.1428 
----->>>>> Training: 1.001024106144905 0.9827999502420426 0.008224907424300909 0.9999248653650283
Training: 1.0009149461984634 0.9826626539230346 0.008252969942986965 	Train per: 0.533544921875
	Val per: {'acc': 0.4849315068493151, 'mcc': 0.0376450491360344} 	Val loss: 1.016149
	Test per: {'acc': 0.5370967741935484, 'mcc': 0.07026695145478966} 	Test loss: 0.9791118
epoch: 108 time: 0.1686 
----->>>>> Training: 1.00118128657341 0.9827481776475906 0.008433848153799772 0.9999257862567902
Training: 1.0008161216974258 0.9822966009378433 0.008520344272255898 	Train per: 0.534619140625
	Val per: {'acc': 0.4821917808219178, 'mcc': 0.023791481887148344} 	Val loss: 1.0156021
	Test per: {'acc': 0.5397849462365591, 'mcc': 0.07609814190016474} 	Test loss: 0.97824985
epoch: 109 time: 0.1605 
----->>>>> Training: 1.0009127616882325 0.9821328222751617 0.008780704252421856 0.9999220967292786
Training: 1.0006414026021957 0.9817689508199692 0.00887314323335886 	Train per: 0.535009765625
	Val per: {'acc': 0.4794520547945205, 'mcc': 0.01595164206131334} 	Val loss: 1.0168117
	Test per: {'acc': 0.5397849462365591, 'mcc': 0.07607371993300374} 	Test loss: 0.9775949
epoch: 110 time: 0.1419 
----->>>>> Training: 1.0007839024066925 0.9820160567760468 0.008768604649230839 0.9999238103628159
Training: 1.000440576672554 0.9817342877388 0.008707048371434212 	Train per: 0.53427734375
	Val per: {'acc': 0.48101761252446185, 'mcc': 0.0218166593540547} 	Val loss: 1.0158261
	Test per: {'acc': 0.5387096774193548, 'mcc': 0.07412294647379725} 	Test loss: 0.9781235
epoch: 111 time: 0.1426 
----->>>>> Training: 1.0003738850355148 0.9817610174417496 0.00861360332928598 0.9999256938695907
Training: 1.0001270413398742 0.9814683079719544 0.008659610524773598 	Train per: 0.53623046875
	Val per: {'acc': 0.4806262230919765, 'mcc': 0.01923503122164008} 	Val loss: 1.0153869
	Test per: {'acc': 0.5408602150537635, 'mcc': 0.07839882358808095} 	Test loss: 0.97782505
epoch: 112 time: 0.1440 
----->>>>> Training: 1.0002453744411468 0.9813088327646255 0.008937310613691806 0.9999226331710815
Training: 0.9999775499105453 0.9809218615293502 0.009056564420461655 	Train per: 0.53583984375
	Val per: {'acc': 0.48140900195694714, 'mcc': 0.021953676946355503} 	Val loss: 1.0155207
	Test per: {'acc': 0.5400537634408602, 'mcc': 0.0769284506224401} 	Test loss: 0.977141
epoch: 113 time: 0.1467 
----->>>>> Training: 1.0003654897212981 0.9813609749078751 0.009005336416885256 0.9999180197715759
Training: 1.0004570454359054 0.9813670337200164 0.009090766310691833 	Train per: 0.533447265625
	Val per: {'acc': 0.48336594911937375, 'mcc': 0.030167128002958957} 	Val loss: 1.0157206
	Test per: {'acc': 0.5395161290322581, 'mcc': 0.0755320230208176} 	Test loss: 0.97708386
epoch: 114 time: 0.1482 
----->>>>> Training: 1.0003635823726653 0.9810623288154602 0.009302063332870602 0.9999194115400314
Training: 1.000030317902565 0.9805277556180954 0.009503412991762161 	Train per: 0.5353515625
	Val per: {'acc': 0.47788649706457925, 'mcc': 0.010216951268702984} 	Val loss: 1.0167449
	Test per: {'acc': 0.542741935483871, 'mcc': 0.0823945368246915} 	Test loss: 0.9761908
epoch: 115 time: 0.1395 
----->>>>> Training: 1.0000712066888808 0.9807553321123124 0.009316717553883792 0.999915474653244
Training: 0.9999676167964935 0.9805956065654755 0.009372814558446407 	Train per: 0.534716796875
	Val per: {'acc': 0.48414872798434444, 'mcc': 0.029196471309121695} 	Val loss: 1.0158827
	Test per: {'acc': 0.5411290322580645, 'mcc': 0.07900287199662065} 	Test loss: 0.976206
epoch: 116 time: 0.1563 
----->>>>> Training: 0.9997797042131424 0.9801336526870728 0.009646918391808867 0.999913114309311
Training: 0.9997725307941436 0.9800312429666519 0.00974214542657137 	Train per: 0.53623046875
	Val per: {'acc': 0.4806262230919765, 'mcc': 0.01007104862244426} 	Val loss: 1.0163832
	Test per: {'acc': 0.5416666666666666, 'mcc': 0.08063098846436878} 	Test loss: 0.97526455
epoch: 117 time: 0.1569 
----->>>>> Training: 0.999643337726593 0.9798221975564957 0.009822016721591354 0.9999125689268112
Training: 0.9993744194507599 0.9795594960451126 0.009815864264965057 	Train per: 0.535205078125
	Val per: {'acc': 0.4857142857142857, 'mcc': 0.027830954922849437} 	Val loss: 1.01631
	Test per: {'acc': 0.5424731182795699, 'mcc': 0.08217276288524658} 	Test loss: 0.97538465
epoch: 118 time: 0.1775 
----->>>>> Training: 0.9996079176664352 0.9797831475734711 0.009825629973784089 0.9999142497777939
Training: 0.999386316537857 0.9794609159231186 0.009926232509315014 	Train per: 0.534521484375
	Val per: {'acc': 0.4849315068493151, 'mcc': 0.022766968814520214} 	Val loss: 1.0165026
	Test per: {'acc': 0.543010752688172, 'mcc': 0.08332089690206684} 	Test loss: 0.9748358
epoch: 119 time: 0.1506 
----->>>>> Training: 0.9993432551622391 0.9794902354478836 0.00985391647554934 0.9999112635850906
Training: 0.9996010065078735 0.9796531587839127 0.009948797523975372 	Train per: 0.532666015625
	Val per: {'acc': 0.487279843444227, 'mcc': 0.03490655766329201} 	Val loss: 1.0167583
	Test per: {'acc': 0.543010752688172, 'mcc': 0.08309687346091026} 	Test loss: 0.97505945
epoch: 120 time: 0.1398 
----->>>>> Training: 0.9998660951852798 0.9797924965620041 0.010074472334235907 0.9999126642942429
Training: 0.9994058817625046 0.9792484998703003 0.010158281773328781 	Train per: 0.533544921875
	Val per: {'acc': 0.4888454011741683, 'mcc': 0.03550307504103438} 	Val loss: 1.0162898
	Test per: {'acc': 0.5443548387096774, 'mcc': 0.08616816301571627} 	Test loss: 0.9747342
epoch: 121 time: 0.1404 
----->>>>> Training: 0.9993527501821518 0.9791086614131927 0.010244994657114148 0.9999090969562531
Training: 0.9990350872278213 0.9787929326295852 0.010243058204650879 	Train per: 0.535400390625
	Val per: {'acc': 0.4837573385518591, 'mcc': 0.02299718155163174} 	Val loss: 1.0167733
	Test per: {'acc': 0.5424731182795699, 'mcc': 0.08199431518066506} 	Test loss: 0.97385406
epoch: 122 time: 0.1418 
----->>>>> Training: 0.9998731285333633 0.9795135259628296 0.010360509995371104 0.9999097764492035
Training: 0.9993550330400467 0.9788754701614379 0.010480466298758984 	Train per: 0.536083984375
	Val per: {'acc': 0.48101761252446185, 'mcc': 0.007899376758527076} 	Val loss: 1.0174801
	Test per: {'acc': 0.5443548387096774, 'mcc': 0.08697104998698227} 	Test loss: 0.9738226
epoch: 123 time: 0.1523 
----->>>>> Training: 0.9990314424037934 0.9786833822727203 0.010348980827257038 0.9999082744121551
Training: 0.9990399092435837 0.9786730796098709 0.010367732495069504 	Train per: 0.5337890625
	Val per: {'acc': 0.4888454011741683, 'mcc': 0.035734994621810734} 	Val loss: 1.0167838
	Test per: {'acc': 0.546505376344086, 'mcc': 0.09038485305689561} 	Test loss: 0.9738876
epoch: 124 time: 0.1745 
----->>>>> Training: 0.9991432726383209 0.9786024481058121 0.010541789745911957 0.9999042838811875
Training: 0.998745572566986 0.9780933856964111 0.010653095319867134 	Train per: 0.53515625
	Val per: {'acc': 0.48414872798434444, 'mcc': 0.01972662658344108} 	Val loss: 1.016753
	Test per: {'acc': 0.5467741935483871, 'mcc': 0.09121517013247177} 	Test loss: 0.97305894
epoch: 125 time: 0.1432 
----->>>>> Training: 0.9988888174295425 0.9781957060098648 0.010694089625030757 0.9999028414487838
Training: 0.9985934138298035 0.977897709608078 0.010696751065552235 	Train per: 0.533740234375
	Val per: {'acc': 0.48845401174168296, 'mcc': 0.02847017979227006} 	Val loss: 1.0163047
	Test per: {'acc': 0.5446236559139785, 'mcc': 0.08730220531192133} 	Test loss: 0.9730006
epoch: 126 time: 0.1441 
----->>>>> Training: 0.9989063531160355 0.9782685607671737 0.010638755839318037 0.9999048352241516
Training: 0.9985911428928376 0.977883842587471 0.010708321817219257 	Train per: 0.53486328125
	Val per: {'acc': 0.4868884540117417, 'mcc': 0.022638670831610842} 	Val loss: 1.0167732
	Test per: {'acc': 0.5467741935483871, 'mcc': 0.09167954102049765} 	Test loss: 0.97272015
epoch: 127 time: 0.1411 
----->>>>> Training: 0.9984253376722336 0.9774839997291564 0.010942360293120146 0.9998982638120651
Training: 0.9985680311918259 0.9772945404052734 0.011274512857198715 	Train per: 0.537109375
	Val per: {'acc': 0.48414872798434444, 'mcc': 0.009947849347127594} 	Val loss: 1.0177944
	Test per: {'acc': 0.5467741935483871, 'mcc': 0.09200025917326908} 	Test loss: 0.9714097
epoch: 128 time: 0.1431 
----->>>>> Training: 0.9990999877452851 0.9777251332998276 0.0113758800085634 0.9998980760574341
Training: 0.9988367587327958 0.9775326639413834 0.01130507793277502 	Train per: 0.537451171875
	Val per: {'acc': 0.48414872798434444, 'mcc': 0.004334865312391888} 	Val loss: 1.0179701
	Test per: {'acc': 0.5440860215053763, 'mcc': 0.0875643855776306} 	Test loss: 0.97180897
epoch: 129 time: 0.1546 
----->>>>> Training: 0.9987886548042297 0.9776083409786225 0.011181274149566888 0.9999048799276352
Training: 0.9985987454652786 0.9775367766618729 0.01106302347034216 	Train per: 0.533447265625
	Val per: {'acc': 0.49354207436399217, 'mcc': 0.04208004503585204} 	Val loss: 1.016935
	Test per: {'acc': 0.542741935483871, 'mcc': 0.08365206064450892} 	Test loss: 0.97270864
epoch: 130 time: 0.2007 
----->>>>> Training: 0.9984461903572083 0.9773515492677689 0.011095632798969746 0.9999008148908615
Training: 0.9979385644197464 0.9768476366996766 0.01109192706644535 	Train per: 0.534326171875
	Val per: {'acc': 0.4868884540117417, 'mcc': 0.023054936027165376} 	Val loss: 1.0168612
	Test per: {'acc': 0.5448924731182796, 'mcc': 0.08796958635519325} 	Test loss: 0.97150314
epoch: 131 time: 0.1421 
----->>>>> Training: 0.9982194274663925 0.9769584000110626 0.011262052785605192 0.999896901845932
Training: 0.9978030979633331 0.9764520585536957 0.01135210506618023 	Train per: 0.534423828125
	Val per: {'acc': 0.4900195694716243, 'mcc': 0.03090280454836816} 	Val loss: 1.0161234
	Test per: {'acc': 0.5448924731182796, 'mcc': 0.08796958635519325} 	Test loss: 0.9710395
epoch: 132 time: 0.1409 
----->>>>> Training: 0.9979985535144806 0.976501640677452 0.011497944174334408 0.9998959541320801
Training: 0.9975035786628723 0.9759831517934799 0.011521530337631702 	Train per: 0.536328125
	Val per: {'acc': 0.4908023483365949, 'mcc': 0.027561904664901434} 	Val loss: 1.0161896
	Test per: {'acc': 0.5448924731182796, 'mcc': 0.08865803481970129} 	Test loss: 0.9708101
epoch: 133 time: 0.1423 
----->>>>> Training: 0.9976136922836304 0.9758283972740174 0.011786388931795955 0.9998884439468384
Training: 0.9977766931056976 0.9759333491325378 0.011844540946185589 	Train per: 0.53916015625
	Val per: {'acc': 0.48806262230919767, 'mcc': 0.0136204906783282} 	Val loss: 1.0164392
	Test per: {'acc': 0.5478494623655914, 'mcc': 0.09527483813417886} 	Test loss: 0.9701307
epoch: 134 time: 0.1481 
----->>>>> Training: 0.9981647610664368 0.976479658484459 0.011686176061630249 0.9998936086893082
Training: 0.9977777004241943 0.9761316120624542 0.011647243984043598 	Train per: 0.53369140625
	Val per: {'acc': 0.49354207436399217, 'mcc': 0.03912426903844454} 	Val loss: 1.016753
	Test per: {'acc': 0.5497311827956989, 'mcc': 0.09780026360374697} 	Test loss: 0.97062653
epoch: 135 time: 0.1497 
----->>>>> Training: 0.9976890832185745 0.9757904440164566 0.011899801297113299 0.9998844385147094
Training: 0.9975964277982712 0.9756115227937698 0.011986050754785538 	Train per: 0.5380859375
	Val per: {'acc': 0.4868884540117417, 'mcc': 0.009335827155273476} 	Val loss: 1.0181035
	Test per: {'acc': 0.5486559139784947, 'mcc': 0.09677331209008644} 	Test loss: 0.9692311
epoch: 136 time: 0.1413 
----->>>>> Training: 0.9978849530220032 0.9760748416185379 0.011811217246577143 0.9998907417058944
Training: 0.9972657084465026 0.9755083471536636 0.011758516542613506 	Train per: 0.537646484375
	Val per: {'acc': 0.4900195694716243, 'mcc': 0.018670454386183064} 	Val loss: 1.0179074
	Test per: {'acc': 0.5483870967741935, 'mcc': 0.09612229471096173} 	Test loss: 0.9696275
epoch: 137 time: 0.1589 
----->>>>> Training: 0.9972641289234161 0.9750171154737473 0.012248184811323882 0.9998827069997788
Training: 0.9970640689134598 0.9745591640472412 0.012506118975579739 	Train per: 0.5365234375
	Val per: {'acc': 0.4919765166340509, 'mcc': 0.030874708552580128} 	Val loss: 1.0169438
	Test per: {'acc': 0.5470430107526881, 'mcc': 0.0927859647405864} 	Test loss: 0.9684278
epoch: 138 time: 0.1594 
----->>>>> Training: 0.9973846495151519 0.9749385416507721 0.012447303114458918 0.9998805046081543
Training: 0.9971281558275222 0.9746597707271576 0.012469509616494179 	Train per: 0.53681640625
	Val per: {'acc': 0.4908023483365949, 'mcc': 0.02776913183951476} 	Val loss: 1.0169659
	Test per: {'acc': 0.5448924731182796, 'mcc': 0.08863496893900775} 	Test loss: 0.96861076
epoch: 139 time: 0.1745 
----->>>>> Training: 0.9971777051687241 0.974760365486145 0.012418480729684234 0.9998859316110611
Training: 0.9966688603162766 0.974293902516365 0.012376139871776104 	Train per: 0.538671875
	Val per: {'acc': 0.4892367906066536, 'mcc': 0.021497365053152855} 	Val loss: 1.0180037
	Test per: {'acc': 0.5459677419354839, 'mcc': 0.09111963007085466} 	Test loss: 0.96904725
epoch: 140 time: 0.1484 
----->>>>> Training: 0.9971360892057419 0.9744858920574189 0.01265139770694077 0.9998795419931412
Training: 0.9969999104738235 0.9741758018732071 0.012825303710997105 	Train per: 0.540185546875
	Val per: {'acc': 0.4911937377690802, 'mcc': 0.01649847719518242} 	Val loss: 1.0171255
	Test per: {'acc': 0.5475806451612903, 'mcc': 0.09560710763493972} 	Test loss: 0.96844864
epoch: 141 time: 0.1420 
----->>>>> Training: 0.9971500843763351 0.9743987709283829 0.012752537708729505 0.9998781085014343
Training: 0.9970312505960465 0.9744112432003021 0.012621314264833927 	Train per: 0.53505859375
	Val per: {'acc': 0.49354207436399217, 'mcc': 0.034109479238543114} 	Val loss: 1.0165714
	Test per: {'acc': 0.55, 'mcc': 0.09930110460460663} 	Test loss: 0.9688268
epoch: 142 time: 0.1438 
----->>>>> Training: 0.9967370629310608 0.9740182667970657 0.012720030313357712 0.9998756617307663
Training: 0.9967752158641815 0.9740905791521073 0.012685836292803288 	Train per: 0.53984375
	Val per: {'acc': 0.48806262230919767, 'mcc': 0.009696210186747063} 	Val loss: 1.0183499
	Test per: {'acc': 0.5502688172043011, 'mcc': 0.1002860605848573} 	Test loss: 0.9677896
epoch: 143 time: 0.1393 
----->>>>> Training: 0.9970773786306382 0.9742959886789322 0.01278260457329452 0.9998791605234146
Training: 0.9964520066976548 0.9735406279563904 0.01291265431791544 	Train per: 0.537646484375
	Val per: {'acc': 0.49158512720156555, 'mcc': 0.022809965207398628} 	Val loss: 1.0170636
	Test per: {'acc': 0.5502688172043011, 'mcc': 0.1002860605848573} 	Test loss: 0.9682343
epoch: 144 time: 0.1580 
----->>>>> Training: 0.9967988461256028 0.9738002628087997 0.012999869650229812 0.9998711794614792
Training: 0.996525976061821 0.9734094262123107 0.013117783702909946 	Train per: 0.53857421875
	Val per: {'acc': 0.4876712328767123, 'mcc': 0.012123916969785932} 	Val loss: 1.0183684
	Test per: {'acc': 0.5475806451612903, 'mcc': 0.09464694917744654} 	Test loss: 0.9674578
epoch: 145 time: 0.1820 
----->>>>> Training: 0.9967565804719924 0.9737049371004105 0.01305289096198976 0.9998749673366547
Training: 0.9962618798017502 0.973183810710907 0.013079381547868252 	Train per: 0.537890625
	Val per: {'acc': 0.49275929549902153, 'mcc': 0.030088027583210705} 	Val loss: 1.0167519
	Test per: {'acc': 0.5486559139784947, 'mcc': 0.09657398111872052} 	Test loss: 0.967036
epoch: 146 time: 0.1596 
----->>>>> Training: 0.9965925842523575 0.9733552634716034 0.013238604413345456 0.9998713284730911
Training: 0.9961920559406281 0.9728892803192138 0.013304048217833042 	Train per: 0.53857421875
	Val per: {'acc': 0.4908023483365949, 'mcc': 0.02250499069517803} 	Val loss: 1.0173721
	Test per: {'acc': 0.55, 'mcc': 0.09984183672443679} 	Test loss: 0.9669348
epoch: 147 time: 0.1511 
----->>>>> Training: 0.9964154064655304 0.9732745528221131 0.013142102677375079 0.9998753070831299
Training: 0.9959642767906189 0.9729297161102295 0.013035818934440613 	Train per: 0.537255859375
	Val per: {'acc': 0.4931506849315068, 'mcc': 0.032088933001063656} 	Val loss: 1.0171181
	Test per: {'acc': 0.5491935483870968, 'mcc': 0.09765014971381034} 	Test loss: 0.96693814
epoch: 148 time: 0.1437 
----->>>>> Training: 0.9960866838693618 0.9728449702262878 0.01324303071014583 0.9998689264059066
Training: 0.9956844449043274 0.9722239404916764 0.01346189621835947 	Train per: 0.540771484375
	Val per: {'acc': 0.49471624266144815, 'mcc': 0.026366266662132785} 	Val loss: 1.0164471
	Test per: {'acc': 0.5502688172043011, 'mcc': 0.10092722228043718} 	Test loss: 0.96599483
epoch: 149 time: 0.1768 

Best Valid performance: {'acc': 0.49471624266144815, 'mcc': 0.026366266662132785}
	Best Test performance: {'acc': 0.5502688172043011, 'mcc': 0.10092722228043718}
