Namespace(path='./data/stocknet-dataset/price/ourpped', seq=10, unit=32, alpha_l2=10.0, beta_adv=0.05, epsilon_adv=0.001, step=1, batch_size=1024, epoch=150, learning_rate=0.001, gpu=0, model_path='./saved_model/acl18_alstm/exp', model_save_path='./tmp/model', action='train', model='pure_lstm', fix_init=1, att=0, week=0, adv=0, hinge_lose=1, reload=0, resnet=0)
87  tickers selected
652 trading dates:
148 546 588
20309  training instances
2555  validation instances
3720  testing instances
Tensor("Shape:0", shape=(3,), dtype=int32)
is pred_lstm
device name: /cpu:0
Shape of self.combined_features: [None, 10, 32]
adversarial scope
adversial part
----->>>>> Training: 9.474178075790405 0.9916275560855865 0.848255044221878 0.0
Training: 8.82349944114685 0.9826462417840958 0.7840853333473206 	Train per: 0.51455078125
	Val per: {'acc': 0.5021526418786693, 'mcc': 0.042294355834683786} 	Val loss: 0.9926094
	Test per: {'acc': 0.5198924731182796, 'mcc': 0.04651585214557488} 	Test loss: 0.9778645
epoch: 0 time: 0.7551 
----->>>>> Training: 8.286656022071838 0.9786971300840378 0.7307958960533142 0.0
Training: 7.719762659072876 0.9752019464969635 0.6744560599327087 	Train per: 0.516552734375
	Val per: {'acc': 0.4974559686888454, 'mcc': 0.04033961033720844} 	Val loss: 0.9968773
	Test per: {'acc': 0.524731182795699, 'mcc': 0.05401718016291344} 	Test loss: 0.966817
epoch: 1 time: 0.6254 
----->>>>> Training: 7.252487993240356 0.9731499373912811 0.6279338091611862 0.0
Training: 6.7596937894821165 0.971256896853447 0.5788437128067017 	Train per: 0.51865234375
	Val per: {'acc': 0.49275929549902153, 'mcc': 0.03538959483244227} 	Val loss: 0.9996358
	Test per: {'acc': 0.525, 'mcc': 0.05287997088417482} 	Test loss: 0.9625106
epoch: 2 time: 0.4841 
----->>>>> Training: 6.354964113235473 0.9715618789196014 0.538340225815773 0.0
Training: 5.9264949560165405 0.970127460360527 0.4956367611885071 	Train per: 0.521142578125
	Val per: {'acc': 0.4919765166340509, 'mcc': 0.038986557888138595} 	Val loss: 1.0049785
	Test per: {'acc': 0.5244623655913978, 'mcc': 0.050203456965948745} 	Test loss: 0.96002173
epoch: 3 time: 0.5618 
----->>>>> Training: 5.57441291809082 0.9697702974081039 0.46046426296234133 0.0
Training: 5.202462124824524 0.9684109032154083 0.42340514063835144 	Train per: 0.52099609375
	Val per: {'acc': 0.4943248532289628, 'mcc': 0.04937675814673567} 	Val loss: 1.0115397
	Test per: {'acc': 0.5233870967741936, 'mcc': 0.04666541127239741} 	Test loss: 0.957506
epoch: 4 time: 0.5132 
----->>>>> Training: 4.897041010856628 0.9677031308412551 0.39293378293514253 0.0
Training: 4.575446844100952 0.9672219783067704 0.36082249879837036 	Train per: 0.520361328125
	Val per: {'acc': 0.4908023483365949, 'mcc': 0.04754987862697195} 	Val loss: 1.0176752
	Test per: {'acc': 0.5268817204301075, 'mcc': 0.05241993648758957} 	Test loss: 0.9566298
epoch: 5 time: 0.6121 
----->>>>> Training: 4.311549949645996 0.9665324300527572 0.33450175225734713 0.0
Training: 4.03351399898529 0.9654412120580673 0.306807279586792 	Train per: 0.520166015625
	Val per: {'acc': 0.4857142857142857, 'mcc': 0.037266025417051415} 	Val loss: 1.0212467
	Test per: {'acc': 0.5274193548387097, 'mcc': 0.052673008278431147} 	Test loss: 0.9548056
epoch: 6 time: 0.5559 
----->>>>> Training: 3.8071441292762755 0.9659243106842041 0.28412198573350905 0.0
Training: 3.567343807220459 0.9647904306650161 0.2602553367614746 	Train per: 0.519482421875
	Val per: {'acc': 0.4849315068493151, 'mcc': 0.0394531822480446} 	Val loss: 1.0262829
	Test per: {'acc': 0.5258064516129032, 'mcc': 0.04866415394793193} 	Test loss: 0.95289487
epoch: 7 time: 0.6724 
----->>>>> Training: 3.3708846807479858 0.9638270288705826 0.2407057650387287 0.0
Training: 3.165014922618866 0.9632191121578216 0.22017957270145416 	Train per: 0.521044921875
	Val per: {'acc': 0.48101761252446185, 'mcc': 0.032880344264931124} 	Val loss: 1.030135
	Test per: {'acc': 0.525, 'mcc': 0.04629429231514617} 	Test loss: 0.9524254
epoch: 8 time: 0.5367 
----->>>>> Training: 2.99716169834137 0.9630177438259124 0.2034143961966038 0.0
Training: 2.8203001737594606 0.9623289853334427 0.18579712510108948 	Train per: 0.5205078125
	Val per: {'acc': 0.4786692759295499, 'mcc': 0.028277752536787302} 	Val loss: 1.0330169
	Test per: {'acc': 0.5282258064516129, 'mcc': 0.052146625684264786} 	Test loss: 0.95211786
epoch: 9 time: 0.6166 
----->>>>> Training: 2.676912713050842 0.9623256206512452 0.1714587114751339 0.0
Training: 2.525880789756775 0.9616715848445893 0.15642091631889343 	Train per: 0.5205078125
	Val per: {'acc': 0.48101761252446185, 'mcc': 0.033400437020129334} 	Val loss: 1.033745
	Test per: {'acc': 0.5290322580645161, 'mcc': 0.05382170788287864} 	Test loss: 0.950017
epoch: 10 time: 0.5802 
----->>>>> Training: 2.402947175502777 0.9614516705274582 0.14414955154061318 0.0
Training: 2.2741756439208984 0.9611544668674469 0.1313021183013916 	Train per: 0.520751953125
	Val per: {'acc': 0.4786692759295499, 'mcc': 0.028277752536787302} 	Val loss: 1.0340236
	Test per: {'acc': 0.5295698924731183, 'mcc': 0.054847158810489405} 	Test loss: 0.94967026
epoch: 11 time: 0.5554 
----->>>>> Training: 2.1706722140312196 0.9619984656572342 0.1208673756569624 0.0
Training: 2.0612096786499023 0.9619266897439956 0.10992829501628876 	Train per: 0.52001953125
	Val per: {'acc': 0.4802348336594912, 'mcc': 0.031181358491973604} 	Val loss: 1.0337082
	Test per: {'acc': 0.5306451612903226, 'mcc': 0.05706598581270512} 	Test loss: 0.94912004
epoch: 12 time: 0.5510 
----->>>>> Training: 1.9731235921382904 0.9623691320419312 0.10107544213533401 0.0
Training: 1.8804230868816376 0.962372961640358 0.09180501103401184 	Train per: 0.5201171875
	Val per: {'acc': 0.4771037181996086, 'mcc': 0.023593487126264794} 	Val loss: 1.0348052
	Test per: {'acc': 0.5301075268817205, 'mcc': 0.055778130367362254} 	Test loss: 0.9492371
epoch: 13 time: 0.7023 
----->>>>> Training: 1.8064862728118896 0.9634161412715911 0.08430701196193695 0.0
Training: 1.7282081127166748 0.9634048908948898 0.07648032158613205 	Train per: 0.520751953125
	Val per: {'acc': 0.476320939334638, 'mcc': 0.020183062463729876} 	Val loss: 1.0326593
	Test per: {'acc': 0.5290322580645161, 'mcc': 0.0537297855339084} 	Test loss: 0.9497854
epoch: 14 time: 0.5892 
----->>>>> Training: 1.6650265753269196 0.9633788675069809 0.07016477026045323 0.0
Training: 1.5993415057659148 0.9634840458631515 0.06358574330806732 	Train per: 0.523388671875
	Val per: {'acc': 0.4767123287671233, 'mcc': 0.02008124322868975} 	Val loss: 1.0325541
	Test per: {'acc': 0.5306451612903226, 'mcc': 0.057008714370742716} 	Test loss: 0.9500363
epoch: 15 time: 0.5920 
----->>>>> Training: 1.5484841883182525 0.9653922855854035 0.058309188857674596 0.0
Training: 1.4930425822734832 0.9652588903903961 0.05277836695313454 	Train per: 0.521533203125
	Val per: {'acc': 0.473972602739726, 'mcc': 0.01527858623042778} 	Val loss: 1.0359956
	Test per: {'acc': 0.5314516129032258, 'mcc': 0.05828687812005383} 	Test loss: 0.95067906
epoch: 16 time: 0.6355 
----->>>>> Training: 1.448606926202774 0.9654328107833863 0.04831741079688072 0.0
Training: 1.4026152431964873 0.9658390015363694 0.043677620589733124 	Train per: 0.52578125
	Val per: {'acc': 0.47984344422700587, 'mcc': 0.02371742821334518} 	Val loss: 1.0288161
	Test per: {'acc': 0.5301075268817205, 'mcc': 0.056176380178382564} 	Test loss: 0.9526005
epoch: 17 time: 0.5762 
----->>>>> Training: 1.36709206700325 0.9674645274877548 0.0399627547711134 0.0
Training: 1.3288650155067443 0.9678700596094132 0.036099497228860855 	Train per: 0.52470703125
	Val per: {'acc': 0.4802348336594912, 'mcc': 0.025969789566059148} 	Val loss: 1.0283529
	Test per: {'acc': 0.5317204301075269, 'mcc': 0.05932603931719257} 	Test loss: 0.9547513
epoch: 18 time: 0.6558 
----->>>>> Training: 1.2994357287883758 0.9693895369768143 0.03300461899489164 0.0
Training: 1.2679273188114166 0.9701280981302262 0.02977992407977581 	Train per: 0.52421875
	Val per: {'acc': 0.4786692759295499, 'mcc': 0.023346234750444433} 	Val loss: 1.0287068
	Test per: {'acc': 0.535483870967742, 'mcc': 0.0667281458330394} 	Test loss: 0.9572137
epoch: 19 time: 0.5588 
----->>>>> Training: 1.2431725084781646 0.9711698681116104 0.02720026336610317 0.0
Training: 1.217262428998947 0.9720440119504928 0.02452184446156025 	Train per: 0.524267578125
	Val per: {'acc': 0.4802348336594912, 'mcc': 0.0262098815363077} 	Val loss: 1.0249028
	Test per: {'acc': 0.5336021505376344, 'mcc': 0.06309444779602445} 	Test loss: 0.96023285
epoch: 20 time: 0.6164 
----->>>>> Training: 1.1971522450447083 0.9735065996646881 0.02236456535756588 0.0
Training: 1.175405067205429 0.9740912824869156 0.02013137936592102 	Train per: 0.52578125
	Val per: {'acc': 0.4821917808219178, 'mcc': 0.02724343145466764} 	Val loss: 1.0202827
	Test per: {'acc': 0.5338709677419354, 'mcc': 0.06390643698047581} 	Test loss: 0.9630516
epoch: 21 time: 0.5211 
----->>>>> Training: 1.159225630760193 0.9754127889871598 0.018381284456700085 0.0
Training: 1.1415450692176818 0.9762374132871627 0.01653076708316803 	Train per: 0.52509765625
	Val per: {'acc': 0.4821917808219178, 'mcc': 0.02866664740349492} 	Val loss: 1.0190394
	Test per: {'acc': 0.5341397849462366, 'mcc': 0.06446221200436981} 	Test loss: 0.9661386
epoch: 22 time: 0.5906 
----->>>>> Training: 1.1285285353660583 0.9779167503118515 0.015061177825555206 0.0
Training: 1.1140004992485046 0.978585958480835 0.013541453517973423 	Train per: 0.525048828125
	Val per: {'acc': 0.4821917808219178, 'mcc': 0.02771500056075262} 	Val loss: 1.0163149
	Test per: {'acc': 0.5344086021505376, 'mcc': 0.06517557240802296} 	Test loss: 0.9688785
epoch: 23 time: 0.5522 
----->>>>> Training: 1.1030560433864594 0.9796049803495407 0.012345105642452836 0.0
Training: 1.0914951026439668 0.9805402040481568 0.011095492169260979 	Train per: 0.525390625
	Val per: {'acc': 0.48101761252446185, 'mcc': 0.026196482057023875} 	Val loss: 1.0163603
	Test per: {'acc': 0.5325268817204301, 'mcc': 0.061012027749975974} 	Test loss: 0.9712309
epoch: 24 time: 0.6893 
----->>>>> Training: 1.0818962156772614 0.9809657156467437 0.010093050030991434 0.0
Training: 1.072231376171112 0.9815988004207611 0.009063259698450565 	Train per: 0.526416015625
	Val per: {'acc': 0.4806262230919765, 'mcc': 0.023044270971667426} 	Val loss: 1.0132122
	Test per: {'acc': 0.5352150537634408, 'mcc': 0.06681048084467746} 	Test loss: 0.973821
epoch: 25 time: 0.5477 
----->>>>> Training: 1.06519016623497 0.9825968712568283 0.008259329060092569 0.0
Training: 1.0574052393436433 0.9832158327102661 0.007418940309435129 	Train per: 0.5263671875
	Val per: {'acc': 0.48101761252446185, 'mcc': 0.02249271883078073} 	Val loss: 1.0112236
	Test per: {'acc': 0.5368279569892473, 'mcc': 0.07032437476400645} 	Test loss: 0.9760363
epoch: 26 time: 0.6213 
----->>>>> Training: 1.0514431476593018 0.9839005380868912 0.006754261790774763 0.0
Training: 1.0451961874961853 0.9844807714223862 0.006071540992707014 	Train per: 0.526904296875
	Val per: {'acc': 0.4794520547945205, 'mcc': 0.021041527622840662} 	Val loss: 1.0109849
	Test per: {'acc': 0.5373655913978495, 'mcc': 0.07117645780745673} 	Test loss: 0.9778466
epoch: 27 time: 0.6205 
----->>>>> Training: 1.0406000137329101 0.9853972852230072 0.005520271719433367 0.0
Training: 1.0355171799659728 0.9859058767557144 0.004961129743605852 	Train per: 0.5271484375
	Val per: {'acc': 0.48140900195694714, 'mcc': 0.026075506840669397} 	Val loss: 1.0099621
	Test per: {'acc': 0.5389784946236559, 'mcc': 0.07442401486717964} 	Test loss: 0.9796475
epoch: 28 time: 0.5538 
----->>>>> Training: 1.031856405735016 0.9865112781524659 0.004534514038823545 0.0
Training: 1.0278641402721405 0.9871261328458786 0.004073800053447485 	Train per: 0.525634765625
	Val per: {'acc': 0.4818003913894325, 'mcc': 0.025493861832041533} 	Val loss: 1.0085661
	Test per: {'acc': 0.5389784946236559, 'mcc': 0.0743750075767288} 	Test loss: 0.98124474
epoch: 29 time: 0.5954 
----->>>>> Training: 1.0248100101947784 0.9878104239702225 0.003699958696961403 0.0
Training: 1.021514093875885 0.9882836490869522 0.003323046490550041 	Train per: 0.526806640625
	Val per: {'acc': 0.48297455968688846, 'mcc': 0.024724513473254914} 	Val loss: 1.0059463
	Test per: {'acc': 0.5389784946236559, 'mcc': 0.07502230069574552} 	Test loss: 0.98300135
epoch: 30 time: 0.6426 
----->>>>> Training: 1.0192876994609832 0.988927549123764 0.0030360141419805585 0.0
Training: 1.0165360987186431 0.9892302513122558 0.002730588661506772 	Train per: 0.526953125
	Val per: {'acc': 0.4825831702544031, 'mcc': 0.024823661517771236} 	Val loss: 1.0058668
	Test per: {'acc': 0.539247311827957, 'mcc': 0.07543334959694169} 	Test loss: 0.98422414
epoch: 31 time: 0.6201 
----->>>>> Training: 1.014591908454895 0.9896101027727127 0.0024981812690384685 0.0
Training: 1.0125504195690156 0.9900524199008942 0.002249797573313117 	Train per: 0.5267578125
	Val per: {'acc': 0.4802348336594912, 'mcc': 0.018867095935045514} 	Val loss: 1.0053377
	Test per: {'acc': 0.5403225806451613, 'mcc': 0.0777016152538515} 	Test loss: 0.9855859
epoch: 32 time: 0.5284 
----->>>>> Training: 1.0111774802207947 0.9905720382928849 0.0020605443511158227 0.0
Training: 1.0094429910182954 0.9908337205648422 0.0018609239486977458 	Train per: 0.526953125
	Val per: {'acc': 0.4818003913894325, 'mcc': 0.02298484512040647} 	Val loss: 1.0053918
	Test per: {'acc': 0.5384408602150538, 'mcc': 0.0735558324496088} 	Test loss: 0.98649496
epoch: 33 time: 0.6127 
----->>>>> Training: 1.0082318425178527 0.9911988973617554 0.0017032943258527666 0.0
Training: 1.0068948805332183 0.991502720117569 0.0015392156783491373 	Train per: 0.528271484375
	Val per: {'acc': 0.48140900195694714, 'mcc': 0.02240160967070909} 	Val loss: 1.0044035
	Test per: {'acc': 0.5376344086021505, 'mcc': 0.07215133103513091} 	Test loss: 0.987412
epoch: 34 time: 0.5594 
----->>>>> Training: 1.0059582024812699 0.9918640792369843 0.001409411965869367 0.0
Training: 1.004865637421608 0.9919811308383941 0.0012884516036137938 	Train per: 0.527490234375
	Val per: {'acc': 0.4821917808219178, 'mcc': 0.025154894504462788} 	Val loss: 1.0048481
	Test per: {'acc': 0.5408602150537635, 'mcc': 0.07841153833991846} 	Test loss: 0.9882662
epoch: 35 time: 0.6849 
----->>>>> Training: 1.004245290160179 0.9923755109310151 0.0011869768030010163 0.0
Training: 1.0034054458141326 0.9926373064517975 0.001076813554391265 	Train per: 0.52822265625
	Val per: {'acc': 0.4837573385518591, 'mcc': 0.027927219908069834} 	Val loss: 1.0040907
	Test per: {'acc': 0.5389784946236559, 'mcc': 0.07477646620718983} 	Test loss: 0.98910046
epoch: 36 time: 0.5313 
----->>>>> Training: 1.0026789158582687 0.9926803976297378 0.0009998515713959932 0.0
Training: 1.0020026743412018 0.9928744554519653 0.0009128214442171156 	Train per: 0.52890625
	Val per: {'acc': 0.4821917808219178, 'mcc': 0.026541250221820693} 	Val loss: 1.0040532
	Test per: {'acc': 0.5389784946236559, 'mcc': 0.07467582392388414} 	Test loss: 0.989666
epoch: 37 time: 0.6050 
----->>>>> Training: 1.0018960148096085 0.9934873163700104 0.0008408699475694447 0.0
Training: 1.0013091892004014 0.9935961335897445 0.0007713029626756907 	Train per: 0.5275390625
	Val per: {'acc': 0.48297455968688846, 'mcc': 0.026085349828949587} 	Val loss: 1.0033714
	Test per: {'acc': 0.5373655913978495, 'mcc': 0.0716466082924715} 	Test loss: 0.9903636
epoch: 38 time: 0.6072 
----->>>>> Training: 1.0008154839277268 0.9935630679130554 0.0007252412033267319 0.0
Training: 1.0003543257713319 0.9937428742647171 0.0006611439166590571 	Train per: 0.52958984375
	Val per: {'acc': 0.4818003913894325, 'mcc': 0.0248019599653764} 	Val loss: 1.0032585
	Test per: {'acc': 0.5379032258064517, 'mcc': 0.07262639496309499} 	Test loss: 0.990856
epoch: 39 time: 0.5412 
----->>>>> Training: 1.0000902950763702 0.9939031690359116 0.0006187123974086717 0.0
Training: 0.9997188895940781 0.9939670443534852 0.0005751842400059104 	Train per: 0.52939453125
	Val per: {'acc': 0.4818003913894325, 'mcc': 0.024343926684557458} 	Val loss: 1.0030475
	Test per: {'acc': 0.5381720430107527, 'mcc': 0.07324027517441478} 	Test loss: 0.99125814
epoch: 40 time: 0.5647 
----->>>>> Training: 0.9997731983661652 0.9942317843437195 0.0005541402118979022 0.0
Training: 0.9994499444961548 0.9943945556879044 0.000505537842400372 	Train per: 0.5287109375
	Val per: {'acc': 0.48297455968688846, 'mcc': 0.027701638432181097} 	Val loss: 1.0029675
	Test per: {'acc': 0.539247311827957, 'mcc': 0.07529978772649443} 	Test loss: 0.9915857
epoch: 41 time: 0.6604 
----->>>>> Training: 0.9991758018732071 0.9943855226039886 0.00047902802762109784 0.0
Training: 0.9989197224378585 0.9944177359342575 0.00045019807294011116 	Train per: 0.529638671875
	Val per: {'acc': 0.48140900195694714, 'mcc': 0.023532064699058438} 	Val loss: 1.002891
	Test per: {'acc': 0.5373655913978495, 'mcc': 0.0715365947579273} 	Test loss: 0.99190396
epoch: 42 time: 0.6021 
----->>>>> Training: 0.9989280223846435 0.9946510523557663 0.0004276961713912897 0.0
Training: 0.998715278506279 0.9946433216333389 0.000407197920139879 	Train per: 0.530419921875
	Val per: {'acc': 0.4825831702544031, 'mcc': 0.025278308785726403} 	Val loss: 1.0024611
	Test per: {'acc': 0.5376344086021505, 'mcc': 0.07231248084606573} 	Test loss: 0.99200875
epoch: 43 time: 0.5345 
----->>>>> Training: 0.9986469119787216 0.9946708351373672 0.0003976074804086238 0.0
Training: 0.9984827965497971 0.9947469472885132 0.00037358555709943175 	Train per: 0.527392578125
	Val per: {'acc': 0.48140900195694714, 'mcc': 0.027258978380220553} 	Val loss: 1.0031683
	Test per: {'acc': 0.5405913978494624, 'mcc': 0.07763149250611377} 	Test loss: 0.9922674
epoch: 44 time: 0.6074 
----->>>>> Training: 0.9984543204307557 0.9948377311229706 0.0003616581088863313 0.0
Training: 0.9983170986175537 0.9948795288801193 0.00034375578979961574 	Train per: 0.52919921875
	Val per: {'acc': 0.48297455968688846, 'mcc': 0.02700505155031754} 	Val loss: 1.0024604
	Test per: {'acc': 0.5381720430107527, 'mcc': 0.07322479981829004} 	Test loss: 0.99247414
epoch: 45 time: 0.5602 
----->>>>> Training: 0.9983817011117935 0.9950306981801986 0.00033509967179270463 0.0
Training: 0.9982452988624573 0.9950561642646789 0.0003189127892255783 	Train per: 0.529052734375
	Val per: {'acc': 0.4818003913894325, 'mcc': 0.025493861832041533} 	Val loss: 1.0024912
	Test per: {'acc': 0.5373655913978495, 'mcc': 0.07147552619454499} 	Test loss: 0.9925805
epoch: 46 time: 0.6995 
----->>>>> Training: 0.9982003599405289 0.9951090335845947 0.00030913244263501837 0.0
Training: 0.9980829358100891 0.9951014578342438 0.0002981472061946988 	Train per: 0.52919921875
	Val per: {'acc': 0.48297455968688846, 'mcc': 0.02863980862167632} 	Val loss: 1.0024431
	Test per: {'acc': 0.5376344086021505, 'mcc': 0.07196881001602579} 	Test loss: 0.9926726
epoch: 47 time: 0.5441 
----->>>>> Training: 0.9981440365314483 0.9951955795288085 0.0002948452689452097 0.0
Training: 0.9980127573013305 0.9951671779155731 0.0002845571143552661 	Train per: 0.52978515625
	Val per: {'acc': 0.4825831702544031, 'mcc': 0.028060217131837234} 	Val loss: 1.0023922
	Test per: {'acc': 0.5370967741935484, 'mcc': 0.07090752041280773} 	Test loss: 0.9927602
epoch: 48 time: 0.6240 
----->>>>> Training: 0.9979437083005905 0.9950876355171203 0.0002856076214811765 0.0
Training: 0.9978235095739365 0.9950053572654725 0.00028181608649902046 	Train per: 0.531005859375
	Val per: {'acc': 0.48454011741682973, 'mcc': 0.03141466362335845} 	Val loss: 1.0021899
	Test per: {'acc': 0.5376344086021505, 'mcc': 0.07219881379528972} 	Test loss: 0.9927048
epoch: 49 time: 0.6020 
----->>>>> Training: 0.9979800701141357 0.995312574505806 0.00026674984983401375 0.0
Training: 0.9978824764490127 0.9952042579650879 0.000267821887973696 	Train per: 0.52861328125
	Val per: {'acc': 0.48140900195694714, 'mcc': 0.02702085159875718} 	Val loss: 1.0024886
	Test per: {'acc': 0.5387096774193548, 'mcc': 0.07390775898567532} 	Test loss: 0.9927489
epoch: 50 time: 0.5285 
----->>>>> Training: 0.9978788167238235 0.9952134877443314 0.00026653363893274217 0.0
Training: 0.9977795541286468 0.9952391535043716 0.0002540393907111138 	Train per: 0.530859375
	Val per: {'acc': 0.48806262230919767, 'mcc': 0.03793661872247169} 	Val loss: 1.0017521
	Test per: {'acc': 0.5405913978494624, 'mcc': 0.07828398736990957} 	Test loss: 0.9928723
epoch: 51 time: 0.5486 
----->>>>> Training: 0.9978582322597503 0.9952794492244721 0.0002578777901362628 0.0
Training: 0.9977388173341751 0.995142862200737 0.0002595940313767642 	Train per: 0.53056640625
	Val per: {'acc': 0.48297455968688846, 'mcc': 0.028876068717211066} 	Val loss: 1.0021862
	Test per: {'acc': 0.5395161290322581, 'mcc': 0.07580942529694418} 	Test loss: 0.9926584
epoch: 52 time: 0.7027 
----->>>>> Training: 0.9977839380502701 0.9952387899160385 0.0002545147537603043 0.0
Training: 0.9976759165525436 0.9952047049999238 0.000247121904976666 	Train per: 0.53203125
	Val per: {'acc': 0.487279843444227, 'mcc': 0.036576283264188686} 	Val loss: 1.0017612
	Test per: {'acc': 0.5405913978494624, 'mcc': 0.07833097138921752} 	Test loss: 0.9927557
epoch: 53 time: 0.6007 
----->>>>> Training: 0.9976635158061982 0.9951596885919571 0.0002503831696230918 0.0
Training: 0.9975831389427186 0.9950874358415603 0.0002495703811291605 	Train per: 0.53125
	Val per: {'acc': 0.48806262230919767, 'mcc': 0.03721499305910492} 	Val loss: 1.0016116
	Test per: {'acc': 0.5411290322580645, 'mcc': 0.0794333553179228} 	Test loss: 0.9926617
epoch: 54 time: 0.5544 
----->>>>> Training: 0.9976445198059082 0.995076584815979 0.0002567931907833554 0.0
Training: 0.997557458281517 0.9950165688991547 0.0002540897694416344 	Train per: 0.531884765625
	Val per: {'acc': 0.49158512720156555, 'mcc': 0.04436076528171344} 	Val loss: 1.0015142
	Test per: {'acc': 0.5419354838709678, 'mcc': 0.08123064685205476} 	Test loss: 0.9924905
epoch: 55 time: 0.6332 
----->>>>> Training: 0.9975793987512589 0.995106965303421 0.00024724410905037076 0.0
Training: 0.9974854558706283 0.9949438452720643 0.0002541617432143539 	Train per: 0.532080078125
	Val per: {'acc': 0.49158512720156555, 'mcc': 0.04534739001176868} 	Val loss: 1.0015092
	Test per: {'acc': 0.5440860215053763, 'mcc': 0.085461709384828} 	Test loss: 0.9923457
epoch: 56 time: 0.5938 
----->>>>> Training: 0.9976332277059555 0.9949448883533478 0.00026883421087404714 0.0
Training: 0.9974503189325332 0.9948966175317764 0.00025537158944644034 	Train per: 0.53271484375
	Val per: {'acc': 0.4908023483365949, 'mcc': 0.044007336235869596} 	Val loss: 1.0016286
	Test per: {'acc': 0.5451612903225806, 'mcc': 0.08739654898510502} 	Test loss: 0.9922723
epoch: 57 time: 0.6892 
----->>>>> Training: 0.9975433945655823 0.9951183021068573 0.00024250926362583413 0.0
Training: 0.9973766654729843 0.9948172986507415 0.0002559369895607233 	Train per: 0.53330078125
	Val per: {'acc': 0.49354207436399217, 'mcc': 0.048551293041351716} 	Val loss: 1.0012594
	Test per: {'acc': 0.5456989247311828, 'mcc': 0.08906636464115641} 	Test loss: 0.99210864
epoch: 58 time: 0.5627 
----->>>>> Training: 0.9974385410547256 0.9949101567268371 0.00025283843715442347 0.0
Training: 0.9973036825656891 0.9947363883256912 0.00025672922492958605 	Train per: 0.533837890625
	Val per: {'acc': 0.49354207436399217, 'mcc': 0.05107883110683105} 	Val loss: 1.001493
	Test per: {'acc': 0.546505376344086, 'mcc': 0.09013795301864946} 	Test loss: 0.9919465
epoch: 59 time: 0.6515 
----->>>>> Training: 0.9973672717809677 0.9946637779474259 0.0002703487465623766 0.0
Training: 0.9972243547439575 0.9945851773023605 0.0002639201993588358 	Train per: 0.53408203125
	Val per: {'acc': 0.4974559686888454, 'mcc': 0.05792532431327583} 	Val loss: 1.0011283
	Test per: {'acc': 0.5494623655913978, 'mcc': 0.09656682956992883} 	Test loss: 0.9917474
epoch: 60 time: 0.5524 
----->>>>> Training: 0.9972831517457962 0.9947018593549728 0.0002581290696980432 0.0
Training: 0.9971386194229126 0.9945088058710099 0.0002629801747389138 	Train per: 0.5345703125
	Val per: {'acc': 0.49510763209393344, 'mcc': 0.05321469389306396} 	Val loss: 1.0013009
	Test per: {'acc': 0.5489247311827957, 'mcc': 0.09505498369449883} 	Test loss: 0.9915518
epoch: 61 time: 0.5576 
----->>>>> Training: 0.9972399920225143 0.9944832026958466 0.00027567862707655877 0.0
Training: 0.9971352338790893 0.9943259477615356 0.00028093106811866164 	Train per: 0.533837890625
	Val per: {'acc': 0.4876712328767123, 'mcc': 0.04159392397407916} 	Val loss: 1.0024508
	Test per: {'acc': 0.5489247311827957, 'mcc': 0.09453175698910427} 	Test loss: 0.991201
epoch: 62 time: 0.5279 
----->>>>> Training: 0.9971771985292435 0.9942505776882171 0.00029266218916745856 0.0
Training: 0.9969846695661545 0.9940811574459076 0.00029034994076937437 	Train per: 0.535107421875
	Val per: {'acc': 0.4958904109589041, 'mcc': 0.054275438900061694} 	Val loss: 1.0011357
	Test per: {'acc': 0.5508064516129032, 'mcc': 0.09899114213670271} 	Test loss: 0.9907208
epoch: 63 time: 0.6660 
----->>>>> Training: 0.9971856892108917 0.9943479567766189 0.0002837721985997632 0.0
Training: 0.9969345271587372 0.994108909368515 0.0002825608244165778 	Train per: 0.534765625
	Val per: {'acc': 0.4974559686888454, 'mcc': 0.05792532431327583} 	Val loss: 1.0010626
	Test per: {'acc': 0.5524193548387096, 'mcc': 0.10221478133013362} 	Test loss: 0.9908709
epoch: 64 time: 0.5084 
----->>>>> Training: 0.9970544576644897 0.9941021710634231 0.00029522839322453364 0.0
Training: 0.9967657595872879 0.9939379960298538 0.0002827747957780957 	Train per: 0.5357421875
	Val per: {'acc': 0.4931506849315068, 'mcc': 0.04926747355521643} 	Val loss: 1.0011202
	Test per: {'acc': 0.5543010752688172, 'mcc': 0.10586064723526932} 	Test loss: 0.9905101
epoch: 65 time: 0.5698 
----->>>>> Training: 0.9968797236680984 0.9939753115177155 0.0002904418419348076 0.0
Training: 0.9967062413692475 0.9937318533658981 0.000297438760753721 	Train per: 0.53662109375
	Val per: {'acc': 0.48962818003913894, 'mcc': 0.044876602144779565} 	Val loss: 1.0021749
	Test per: {'acc': 0.5526881720430108, 'mcc': 0.1023156363412593} 	Test loss: 0.99033386
epoch: 66 time: 0.5815 
----->>>>> Training: 0.9966988235712051 0.9937187194824219 0.0002980104196467437 0.0
Training: 0.9964714795351028 0.9934299737215042 0.0003041481541004032 	Train per: 0.5380859375
	Val per: {'acc': 0.49275929549902153, 'mcc': 0.04525903903562865} 	Val loss: 1.001098
	Test per: {'acc': 0.5545698924731183, 'mcc': 0.10668051532940433} 	Test loss: 0.9900062
epoch: 67 time: 0.5709 
----->>>>> Training: 0.9966210067272187 0.9933880597352982 0.00032329423847841097 0.0
Training: 0.9964009493589401 0.993188613653183 0.0003212349838577211 	Train per: 0.535791015625
	Val per: {'acc': 0.4888454011741683, 'mcc': 0.041252499915745984} 	Val loss: 1.0018547
	Test per: {'acc': 0.5526881720430108, 'mcc': 0.10232110962524936} 	Test loss: 0.98962533
epoch: 68 time: 0.5783 
----->>>>> Training: 0.996636587381363 0.9933599054813385 0.00032766814401838926 0.0
Training: 0.9962433904409409 0.9928976684808731 0.00033457065001130104 	Train per: 0.537158203125
	Val per: {'acc': 0.4923679060665362, 'mcc': 0.04768294611745528} 	Val loss: 1.001215
	Test per: {'acc': 0.5526881720430108, 'mcc': 0.10242569236840778} 	Test loss: 0.98919046
epoch: 69 time: 0.6891 
----->>>>> Training: 0.9963681936264038 0.993090882897377 0.0003277306677773595 0.0
Training: 0.9961671829223633 0.9927398532629013 0.00034273494384251535 	Train per: 0.536962890625
	Val per: {'acc': 0.48649706457925634, 'mcc': 0.03740265325013853} 	Val loss: 1.0020487
	Test per: {'acc': 0.5489247311827957, 'mcc': 0.09446965624471401} 	Test loss: 0.98934615
epoch: 70 time: 0.5590 
----->>>>> Training: 0.9963130533695221 0.9926356375217438 0.00036774215259356425 0.0
Training: 0.9960752636194229 0.9925367802381515 0.0003538476303219795 	Train per: 0.5412109375
	Val per: {'acc': 0.49706457925636005, 'mcc': 0.05187444540827696} 	Val loss: 1.0004058
	Test per: {'acc': 0.5486559139784947, 'mcc': 0.09491849928715912} 	Test loss: 0.98926467
epoch: 71 time: 0.5629 
----->>>>> Training: 0.9962330400943756 0.9926505088806152 0.0003582530320272781 0.0
Training: 0.9958761781454086 0.9923309504985809 0.0003545226063579321 	Train per: 0.539697265625
	Val per: {'acc': 0.5091976516634051, 'mcc': 0.0742197671928615} 	Val loss: 0.99929625
	Test per: {'acc': 0.5551075268817204, 'mcc': 0.10923119403429932} 	Test loss: 0.98900086
epoch: 72 time: 0.6181 
----->>>>> Training: 0.9957350373268128 0.9920859634876251 0.0003649078033049591 0.0
Training: 0.9955505013465882 0.9917464137077332 0.0003804090665653348 	Train per: 0.540576171875
	Val per: {'acc': 0.48649706457925634, 'mcc': 0.03545117380721783} 	Val loss: 1.0012877
	Test per: {'acc': 0.5526881720430108, 'mcc': 0.1023442591640566} 	Test loss: 0.98862976
epoch: 73 time: 0.5366 
----->>>>> Training: 0.9955727070569992 0.9915351927280426 0.00040375068347202613 0.0
Training: 0.9951940149068832 0.9910260409116745 0.00041679732385091484 	Train per: 0.5427734375
	Val per: {'acc': 0.5064579256360078, 'mcc': 0.07072719837832796} 	Val loss: 0.99999666
	Test per: {'acc': 0.5553763440860215, 'mcc': 0.10899063718606904} 	Test loss: 0.98792917
epoch: 74 time: 0.6426 
----->>>>> Training: 0.9953696519136429 0.9911807298660278 0.0004188929029623978 0.0
Training: 0.9950022488832474 0.9906639248132706 0.0004338338621892035 	Train per: 0.54326171875
	Val per: {'acc': 0.5088062622309197, 'mcc': 0.0714635633972085} 	Val loss: 0.99968106
	Test per: {'acc': 0.5545698924731183, 'mcc': 0.10760567785136697} 	Test loss: 0.98759776
epoch: 75 time: 0.6015 
----->>>>> Training: 0.9952100694179535 0.9908931910991668 0.0004316887818276882 0.0
Training: 0.9947402387857437 0.9903450518846512 0.00043952124542556703 	Train per: 0.54697265625
	Val per: {'acc': 0.5037181996086105, 'mcc': 0.06642719393795704} 	Val loss: 1.000264
	Test per: {'acc': 0.553763440860215, 'mcc': 0.10492674233337956} 	Test loss: 0.9876555
epoch: 76 time: 0.6078 
----->>>>> Training: 0.9950355559587478 0.9902287125587463 0.00048068415781017394 0.0
Training: 0.9949220418930054 0.9901560544967651 0.0004765992925968021 	Train per: 0.542626953125
	Val per: {'acc': 0.5099804305283757, 'mcc': 0.07882886167813162} 	Val loss: 1.0004393
	Test per: {'acc': 0.5526881720430108, 'mcc': 0.10343282731299176} 	Test loss: 0.98722
epoch: 77 time: 0.5752 
----->>>>> Training: 0.9950890064239502 0.9904466480016708 0.0004642354586394504 0.0
Training: 0.9948922455310821 0.9899970918893815 0.0004895164165645838 	Train per: 0.540380859375
	Val per: {'acc': 0.5158512720156556, 'mcc': 0.08637801170519685} 	Val loss: 0.9998124
	Test per: {'acc': 0.5564516129032258, 'mcc': 0.11113212608387495} 	Test loss: 0.98665154
epoch: 78 time: 0.6120 
----->>>>> Training: 0.9953396141529083 0.9904717594385147 0.00048678520106477664 0.0
Training: 0.9948496997356415 0.9902035742998123 0.00046461314195767045 	Train per: 0.5427734375
	Val per: {'acc': 0.4825831702544031, 'mcc': 0.03045461511443444} 	Val loss: 1.003896
	Test per: {'acc': 0.5456989247311828, 'mcc': 0.087803753013609} 	Test loss: 0.9886775
epoch: 79 time: 0.5493 
----->>>>> Training: 0.9949788570404052 0.9901064842939377 0.00048723747604526577 0.0
Training: 0.9941609591245651 0.989252695441246 0.0004908273695036769 	Train per: 0.5451171875
	Val per: {'acc': 0.5041095890410959, 'mcc': 0.07496855610082875} 	Val loss: 1.000951
	Test per: {'acc': 0.5473118279569893, 'mcc': 0.09149709599351323} 	Test loss: 0.9874122
epoch: 80 time: 0.6887 
----->>>>> Training: 0.9942208290100097 0.9892923593521118 0.0004928467416903004 0.0
Training: 0.9936300575733185 0.9883448570966721 0.0005285200313664973 	Train per: 0.546044921875
	Val per: {'acc': 0.49667318982387476, 'mcc': 0.057659599969044135} 	Val loss: 1.0018946
	Test per: {'acc': 0.5521505376344086, 'mcc': 0.10110142536908383} 	Test loss: 0.9871493
epoch: 81 time: 0.5776 
----->>>>> Training: 0.9944253355264664 0.9889485090970993 0.0005476819293107838 0.0
Training: 0.9943445444107055 0.9888391017913818 0.0005505413864739239 	Train per: 0.54619140625
	Val per: {'acc': 0.49158512720156555, 'mcc': 0.04761147101388364} 	Val loss: 1.0034527
	Test per: {'acc': 0.5403225806451613, 'mcc': 0.0764681470298854} 	Test loss: 0.9880708
epoch: 82 time: 0.5923 
----->>>>> Training: 0.9945935785770417 0.9891120433807373 0.0005481535074068234 0.0
Training: 0.9936890721321106 0.9881659865379333 0.0005523065337911248 	Train per: 0.5482421875
	Val per: {'acc': 0.5025440313111545, 'mcc': 0.07019642792831404} 	Val loss: 1.001833
	Test per: {'acc': 0.5454301075268817, 'mcc': 0.08744882584247757} 	Test loss: 0.9874663
epoch: 83 time: 0.6062 
----->>>>> Training: 0.9941157400608063 0.9887445062398911 0.0005371225415728986 0.0
Training: 0.9930891275405884 0.9877030730247498 0.0005386081757023931 	Train per: 0.5490234375
	Val per: {'acc': 0.5084148727984344, 'mcc': 0.08093445564098223} 	Val loss: 1.0007262
	Test per: {'acc': 0.5432795698924732, 'mcc': 0.08313861963508104} 	Test loss: 0.98718965
epoch: 84 time: 0.5125 
----->>>>> Training: 0.993036949634552 0.9871299088001251 0.0005907043523620814 0.0
Training: 0.9942997843027115 0.9882036566734314 0.0006096136639826 	Train per: 0.54482421875
	Val per: {'acc': 0.49354207436399217, 'mcc': 0.050058521045946505} 	Val loss: 1.0028542
	Test per: {'acc': 0.5408602150537635, 'mcc': 0.07756517915189427} 	Test loss: 0.9877838
epoch: 85 time: 0.5661 
----->>>>> Training: 0.9934326767921448 0.987062218785286 0.0006370460730977356 0.0
Training: 0.9927278518676758 0.9862957417964935 0.0006432098452933133 	Train per: 0.55166015625
	Val per: {'acc': 0.50293542074364, 'mcc': 0.07319356452492075} 	Val loss: 1.0019627
	Test per: {'acc': 0.5459677419354839, 'mcc': 0.0882780176261588} 	Test loss: 0.9859774
epoch: 86 time: 0.6307 
----->>>>> Training: 0.9936167001724243 0.9871331810951233 0.0006483517267042771 0.0
Training: 0.9926788985729218 0.9862418949604035 0.000643701059743762 	Train per: 0.552880859375
	Val per: {'acc': 0.5037181996086105, 'mcc': 0.06981995730348414} 	Val loss: 1.0021604
	Test per: {'acc': 0.5475806451612903, 'mcc': 0.09164948399914091} 	Test loss: 0.9852628
epoch: 87 time: 0.5918 
----->>>>> Training: 0.9931710481643676 0.9867708563804627 0.0006400195503374562 0.0
Training: 0.9929711431264877 0.9864732831716537 0.000649788067676127 	Train per: 0.547021484375
	Val per: {'acc': 0.4908023483365949, 'mcc': 0.03896218051878406} 	Val loss: 1.0032005
	Test per: {'acc': 0.5454301075268817, 'mcc': 0.08722987251285932} 	Test loss: 0.98607516
epoch: 88 time: 0.5100 
----->>>>> Training: 0.9938156723976135 0.9870483100414276 0.0006767372426111252 0.0
Training: 0.993583083152771 0.987106442451477 0.0006476641283370554 	Train per: 0.5462890625
	Val per: {'acc': 0.5217221135029354, 'mcc': 0.08697175534135433} 	Val loss: 0.99880385
	Test per: {'acc': 0.5529569892473118, 'mcc': 0.10585286025694497} 	Test loss: 0.98457295
epoch: 89 time: 0.6131 
----->>>>> Training: 0.9928259521722793 0.9863457918167114 0.0006480165640823544 0.0
Training: 0.9920706659555435 0.9852726966142654 0.0006797958048991859 	Train per: 0.553173828125
	Val per: {'acc': 0.5091976516634051, 'mcc': 0.06412691669572733} 	Val loss: 1.0009608
	Test per: {'acc': 0.543010752688172, 'mcc': 0.08422224558156148} 	Test loss: 0.9855087
epoch: 90 time: 0.5337 
----->>>>> Training: 0.9924992233514786 0.9856917381286621 0.0006807486119214445 0.0
Training: 0.9916683346033096 0.9845576792955398 0.0007110637961886823 	Train per: 0.551806640625
	Val per: {'acc': 0.5099804305283757, 'mcc': 0.06744383551569581} 	Val loss: 1.0003352
	Test per: {'acc': 0.5489247311827957, 'mcc': 0.09631331480180798} 	Test loss: 0.9848458
epoch: 91 time: 0.6313 
----->>>>> Training: 0.9922708511352539 0.9849314987659454 0.0007339349540416151 0.0
Training: 0.9915502786636352 0.9840712666511535 0.000747902668081224 	Train per: 0.552587890625
	Val per: {'acc': 0.5131115459882584, 'mcc': 0.08016308536070521} 	Val loss: 1.0006014
	Test per: {'acc': 0.5456989247311828, 'mcc': 0.08940540918187592} 	Test loss: 0.98481864
epoch: 92 time: 0.5446 
----->>>>> Training: 0.9919015973806381 0.9843269556760788 0.0007574644550913945 0.0
Training: 0.993194529414177 0.9854212522506713 0.0007773267570883036 	Train per: 0.546142578125
	Val per: {'acc': 0.4876712328767123, 'mcc': 0.04936291069867926} 	Val loss: 1.0072441
	Test per: {'acc': 0.5416666666666666, 'mcc': 0.07926433589987161} 	Test loss: 0.984878
epoch: 93 time: 0.5952 
----->>>>> Training: 0.9929053306579589 0.9855247646570205 0.0007380564959021286 0.0
Training: 0.9920287221670151 0.9847720921039581 0.0007256647804751992 	Train per: 0.555322265625
	Val per: {'acc': 0.513894324853229, 'mcc': 0.07815749991476428} 	Val loss: 0.9995915
	Test per: {'acc': 0.5397849462365591, 'mcc': 0.07677401307090878} 	Test loss: 0.9860193
epoch: 94 time: 0.5216 
----->>>>> Training: 0.9916798263788223 0.9838933646678925 0.0007786461937939748 0.0
Training: 0.9915328770875931 0.9836754351854324 0.0007857443415559828 	Train per: 0.551513671875
	Val per: {'acc': 0.5076320939334638, 'mcc': 0.0729969411925337} 	Val loss: 1.0020487
	Test per: {'acc': 0.5333333333333333, 'mcc': 0.06312581648351619} 	Test loss: 0.9872854
epoch: 95 time: 0.5796 
----->>>>> Training: 0.9914216756820678 0.9833475053310394 0.0008074177196249366 0.0
Training: 0.9905376762151719 0.9822963804006577 0.0008241294417530298 	Train per: 0.5564453125
	Val per: {'acc': 0.5158512720156556, 'mcc': 0.07821271432983548} 	Val loss: 0.9989412
	Test per: {'acc': 0.5405913978494624, 'mcc': 0.07976635749656352} 	Test loss: 0.98611784
epoch: 96 time: 0.5333 
----->>>>> Training: 0.9907550394535065 0.9820999920368194 0.0008655049110529945 0.0
Training: 0.9926831930875778 0.9838764876127243 0.0008806678815744817 	Train per: 0.544921875
	Val per: {'acc': 0.49471624266144815, 'mcc': 0.06913616485478156} 	Val loss: 1.0050958
	Test per: {'acc': 0.525, 'mcc': 0.04320958061489605} 	Test loss: 0.9895096
epoch: 97 time: 0.6640 
----->>>>> Training: 0.9924675166606903 0.9841104596853256 0.0008357058337423951 0.0
Training: 0.9902934283018112 0.982227909564972 0.000806549796834588 	Train per: 0.554443359375
	Val per: {'acc': 0.49784735812133074, 'mcc': 0.05196337864056651} 	Val loss: 1.0032496
	Test per: {'acc': 0.5317204301075269, 'mcc': 0.05876908607288667} 	Test loss: 0.9868217
epoch: 98 time: 0.5211 
----->>>>> Training: 0.992668741941452 0.9846322000026703 0.0008036546816583723 0.0
Training: 0.9909978628158569 0.9832810878753662 0.0007716782856732607 	Train per: 0.554638671875
	Val per: {'acc': 0.4911937377690802, 'mcc': 0.051800041146723215} 	Val loss: 1.0048164
	Test per: {'acc': 0.5405913978494624, 'mcc': 0.07712882853535107} 	Test loss: 0.9853407
epoch: 99 time: 0.5934 
----->>>>> Training: 0.9913467437028884 0.9830115616321564 0.0008335179154528305 0.0
Training: 0.9916773915290833 0.9834012299776077 0.0008276138105429709 	Train per: 0.55068359375
	Val per: {'acc': 0.4931506849315068, 'mcc': 0.014394194175262508} 	Val loss: 1.0065931
	Test per: {'acc': 0.5317204301075269, 'mcc': 0.06153590163300261} 	Test loss: 0.98843056
epoch: 100 time: 0.5965 
----->>>>> Training: 0.9914589375257492 0.9831750303506851 0.0008283902425318956 0.0
Training: 0.9923799067735672 0.9839850693941117 0.0008394853211939335 	Train per: 0.550634765625
	Val per: {'acc': 0.48806262230919767, 'mcc': 0.06390153483655979} 	Val loss: 1.0078278
	Test per: {'acc': 0.5336021505376344, 'mcc': 0.06208303542991317} 	Test loss: 0.9869293
epoch: 101 time: 0.5309 
----->>>>> Training: 0.9917675733566285 0.9833923995494842 0.0008375179371796548 0.0
Training: 0.9892603546380997 0.9811420828104019 0.0008118291152641177 	Train per: 0.55693359375
	Val per: {'acc': 0.5135029354207437, 'mcc': 0.07126935473270678} 	Val loss: 1.0016608
	Test per: {'acc': 0.5370967741935484, 'mcc': 0.07078947051401033} 	Test loss: 0.9868625
epoch: 102 time: 0.5462 
----->>>>> Training: 0.9909273892641067 0.9824527442455292 0.0008474639471387491 0.0
Training: 0.9894474893808365 0.9806621223688126 0.0008785352110862732 	Train per: 0.554833984375
	Val per: {'acc': 0.49667318982387476, 'mcc': 0.04121755375408036} 	Val loss: 1.0040342
	Test per: {'acc': 0.5440860215053763, 'mcc': 0.08540196340619852} 	Test loss: 0.9836405
epoch: 103 time: 0.6817 
----->>>>> Training: 0.989595365524292 0.9803904682397843 0.0009204898495227098 0.0
Training: 0.9882458835840225 0.9786823183298111 0.0009563571657054126 	Train per: 0.5599609375
	Val per: {'acc': 0.5009784735812133, 'mcc': 0.04968871398665782} 	Val loss: 1.0029736
	Test per: {'acc': 0.5413978494623656, 'mcc': 0.07966173002215232} 	Test loss: 0.98479986
epoch: 104 time: 0.5795 
----->>>>> Training: 0.9889188855886459 0.9788203716278077 0.0010098519385792315 0.0
Training: 0.9878805339336395 0.9775663673877716 0.0010314176324754953 	Train per: 0.56025390625
	Val per: {'acc': 0.49784735812133074, 'mcc': 0.045918775357642765} 	Val loss: 1.0054923
	Test per: {'acc': 0.5384408602150538, 'mcc': 0.07433039540936986} 	Test loss: 0.98359203
epoch: 105 time: 0.5469 
----->>>>> Training: 0.9888864547014237 0.9782831400632859 0.0010603318631183356 0.0
Training: 0.9883056998252868 0.9775983810424804 0.0010707308538258076 	Train per: 0.55986328125
	Val per: {'acc': 0.4908023483365949, 'mcc': 0.04703415784501493} 	Val loss: 1.0069104
	Test per: {'acc': 0.5282258064516129, 'mcc': 0.0510622113156024} 	Test loss: 0.98556644
epoch: 106 time: 0.5951 
----->>>>> Training: 0.9893800318241119 0.9782881945371628 0.001109183463267982 0.0
Training: 0.9884635448455811 0.9776193737983704 0.0010844148928299546 	Train per: 0.558837890625
	Val per: {'acc': 0.4908023483365949, 'mcc': 0.031357401646896134} 	Val loss: 1.0070059
	Test per: {'acc': 0.5346774193548387, 'mcc': 0.06508133878672077} 	Test loss: 0.9866709
epoch: 107 time: 0.5338 
----->>>>> Training: 0.9881387501955032 0.9775136500597 0.0010625098540913314 0.0
Training: 0.9871237397193908 0.9761090397834777 0.0011014686897397041 	Train per: 0.562890625
	Val per: {'acc': 0.4974559686888454, 'mcc': 0.044714375042242495} 	Val loss: 1.0056771
	Test per: {'acc': 0.532258064516129, 'mcc': 0.061441060350294445} 	Test loss: 0.9856016
epoch: 108 time: 0.6313 
----->>>>> Training: 0.9873011022806167 0.97565977871418 0.0011641318851616234 0.0
Training: 0.9881324499845505 0.9761293262243271 0.0012003122828900814 	Train per: 0.560205078125
	Val per: {'acc': 0.5131115459882584, 'mcc': 0.06113485638829226} 	Val loss: 1.0014732
	Test per: {'acc': 0.539247311827957, 'mcc': 0.07835585639429224} 	Test loss: 0.9835508
epoch: 109 time: 0.6186 
----->>>>> Training: 0.987983176112175 0.9761772215366363 0.0011805953225120902 0.0
Training: 0.987357223033905 0.97518130838871 0.0012175905285403132 	Train per: 0.56171875
	Val per: {'acc': 0.4888454011741683, 'mcc': 0.027527687569020767} 	Val loss: 1.0083238
	Test per: {'acc': 0.5263440860215054, 'mcc': 0.04857570137489863} 	Test loss: 0.9867649
epoch: 110 time: 0.6388 
----->>>>> Training: 0.9878782272338867 0.975669127702713 0.0012209099601022898 0.0
Training: 0.988207784295082 0.9760249525308609 0.0012182830832898617 	Train per: 0.556298828125
	Val per: {'acc': 0.48414872798434444, 'mcc': 0.041518863929804084} 	Val loss: 1.0105932
	Test per: {'acc': 0.5252688172043011, 'mcc': 0.044145616963313455} 	Test loss: 0.98888505
epoch: 111 time: 0.5439 
----->>>>> Training: 0.9878548681735992 0.9759285986423493 0.0011926264909561724 0.0
Training: 0.9864987790584564 0.9745199143886566 0.0011978859547525644 	Train per: 0.5642578125
	Val per: {'acc': 0.4923679060665362, 'mcc': 0.02995762783051095} 	Val loss: 1.0081488
	Test per: {'acc': 0.5333333333333333, 'mcc': 0.06317367670206452} 	Test loss: 0.98705953
epoch: 112 time: 0.5935 
----->>>>> Training: 0.9861041963100433 0.9735738545656204 0.0012530349602457135 0.0
Training: 0.9845398515462875 0.9714314788579941 0.0013108381535857916 	Train per: 0.56904296875
	Val per: {'acc': 0.4958904109589041, 'mcc': 0.04191014354596728} 	Val loss: 1.0062134
	Test per: {'acc': 0.5325268817204301, 'mcc': 0.06169418928056865} 	Test loss: 0.9843319
epoch: 113 time: 0.5455 
----->>>>> Training: 0.9852940678596497 0.9715765506029129 0.0013717520283535122 0.0
Training: 0.9843381553888321 0.9701844364404678 0.0014153695665299892 	Train per: 0.566357421875
	Val per: {'acc': 0.500587084148728, 'mcc': 0.04415340182143395} 	Val loss: 1.0059829
	Test per: {'acc': 0.5376344086021505, 'mcc': 0.07296040913358398} 	Test loss: 0.98330206
epoch: 114 time: 0.6705 
----->>>>> Training: 0.9857189059257507 0.9715862840414047 0.001413261436391622 0.0
Training: 0.9841499269008637 0.9697644054889679 0.0014385523973032832 	Train per: 0.568896484375
	Val per: {'acc': 0.5056751467710372, 'mcc': 0.05592556195122732} 	Val loss: 1.0049833
	Test per: {'acc': 0.5309139784946236, 'mcc': 0.05934424015635351} 	Test loss: 0.98493886
epoch: 115 time: 0.5146 
----->>>>> Training: 0.9856638252735138 0.970863339304924 0.0014800487901084126 0.0
Training: 0.9875339299440384 0.9730938166379929 0.0014440114609897137 	Train per: 0.55888671875
	Val per: {'acc': 0.47788649706457925, 'mcc': 0.017744454120248762} 	Val loss: 1.0153682
	Test per: {'acc': 0.5225806451612903, 'mcc': 0.03887336666112744} 	Test loss: 0.9858205
epoch: 116 time: 0.5892 
----->>>>> Training: 0.9868250519037247 0.973141023516655 0.0013684026256669314 0.0
Training: 0.9851353704929352 0.9707859098911286 0.0014349445700645447 	Train per: 0.56435546875
	Val per: {'acc': 0.49354207436399217, 'mcc': 0.04955306664710957} 	Val loss: 1.0106204
	Test per: {'acc': 0.5274193548387097, 'mcc': 0.049829602096165784} 	Test loss: 0.98667085
epoch: 117 time: 0.5833 
----->>>>> Training: 0.9861222267150879 0.9724139302968979 0.001370829320512712 0.0
Training: 0.9863444179296493 0.9725461214780807 0.0013798305299133062 	Train per: 0.56083984375
	Val per: {'acc': 0.500587084148728, 'mcc': 0.0663005662621438} 	Val loss: 1.0059198
	Test per: {'acc': 0.5287634408602151, 'mcc': 0.05397157351049701} 	Test loss: 0.9837759
epoch: 118 time: 0.5228 
----->>>>> Training: 0.98471619784832 0.9704780995845794 0.0014238104282412677 0.0
Training: 0.9828192532062531 0.9677687227725983 0.0015050526708364487 	Train per: 0.570654296875
	Val per: {'acc': 0.5013698630136987, 'mcc': 0.0526981423953224} 	Val loss: 1.0068519
	Test per: {'acc': 0.5231182795698924, 'mcc': 0.042108450998039705} 	Test loss: 0.98713547
epoch: 119 time: 0.5472 
----->>>>> Training: 0.9835389733314515 0.9682350784540177 0.0015303905005566777 0.0
Training: 0.982094794511795 0.9661983549594879 0.0015896466793492436 	Train per: 0.571533203125
	Val per: {'acc': 0.49510763209393344, 'mcc': 0.04423512757543563} 	Val loss: 1.0083277
	Test per: {'acc': 0.5282258064516129, 'mcc': 0.053161589101494836} 	Test loss: 0.9841024
epoch: 120 time: 0.6886 
----->>>>> Training: 0.9838380813598633 0.967495533823967 0.0016342548886314034 0.0
Training: 0.9832729369401931 0.9668758779764175 0.0016397044528275728 	Train per: 0.5677734375
	Val per: {'acc': 0.5021526418786693, 'mcc': 0.0659454899256821} 	Val loss: 1.005887
	Test per: {'acc': 0.5274193548387097, 'mcc': 0.05155838792668122} 	Test loss: 0.9836109
epoch: 121 time: 0.5813 
----->>>>> Training: 0.9848073899745942 0.968933516740799 0.0015873867727350444 0.0
Training: 0.982683178782463 0.9678190290927887 0.0014864167897030711 	Train per: 0.569384765625
	Val per: {'acc': 0.4923679060665362, 'mcc': 0.043750743717885475} 	Val loss: 1.009887
	Test per: {'acc': 0.5290322580645161, 'mcc': 0.05339786178811975} 	Test loss: 0.9854408
epoch: 122 time: 0.5479 
----->>>>> Training: 0.983972179889679 0.9682002156972885 0.0015771963924635201 0.0
Training: 0.9824384957551956 0.966890087723732 0.001554842572659254 	Train per: 0.568994140625
	Val per: {'acc': 0.49471624266144815, 'mcc': 0.04007613246218143} 	Val loss: 1.008537
	Test per: {'acc': 0.5279569892473118, 'mcc': 0.052550336528021345} 	Test loss: 0.98391336
epoch: 123 time: 0.5964 
----->>>>> Training: 0.9827119767665863 0.9663602888584137 0.001635169080691412 0.0
Training: 0.9817287117242813 0.9651456862688065 0.0016583018004894257 	Train per: 0.569140625
	Val per: {'acc': 0.49980430528375736, 'mcc': 0.07002533953578001} 	Val loss: 1.0077435
	Test per: {'acc': 0.5233870967741936, 'mcc': 0.04181119458385636} 	Test loss: 0.9851702
epoch: 124 time: 0.5171 
----->>>>> Training: 0.9834625244140625 0.9666362017393112 0.0016826326143927872 0.0
Training: 0.9818570464849472 0.9653525799512863 0.0016504450468346477 	Train per: 0.5708984375
	Val per: {'acc': 0.5009784735812133, 'mcc': 0.06441275923204459} 	Val loss: 1.0062776
	Test per: {'acc': 0.5306451612903226, 'mcc': 0.05810503303457162} 	Test loss: 0.9818726
epoch: 125 time: 0.6316 
----->>>>> Training: 0.9821612894535064 0.9654570043087005 0.0016704286390449852 0.0
Training: 0.9802083671092987 0.9627609550952911 0.0017447409918531775 	Train per: 0.575244140625
	Val per: {'acc': 0.5025440313111545, 'mcc': 0.05267408355997506} 	Val loss: 1.0063828
	Test per: {'acc': 0.5276881720430108, 'mcc': 0.052073291365150425} 	Test loss: 0.9842921
epoch: 126 time: 0.5744 
----->>>>> Training: 0.9811538547277451 0.9636636644601821 0.0017490193422418088 0.0
Training: 0.9798915237188339 0.962008461356163 0.0017883065156638622 	Train per: 0.5744140625
	Val per: {'acc': 0.49158512720156555, 'mcc': 0.041468366839259536} 	Val loss: 1.0095345
	Test per: {'acc': 0.524731182795699, 'mcc': 0.044739173333369735} 	Test loss: 0.984369
epoch: 127 time: 0.5952 
----->>>>> Training: 0.9810814708471298 0.9621712774038315 0.0018910193990450352 0.0
Training: 0.9840725660324097 0.9652174115180969 0.0018855154048651457 	Train per: 0.567236328125
	Val per: {'acc': 0.4892367906066536, 'mcc': 0.04509684503295144} 	Val loss: 1.0121728
	Test per: {'acc': 0.5282258064516129, 'mcc': 0.05093606758779411} 	Test loss: 0.98224777
epoch: 128 time: 0.5241 
----->>>>> Training: 0.9844275295734406 0.9667176514863968 0.001770987914642319 0.0
Training: 0.9871257603168487 0.9696886032819748 0.0017437137430533767 	Train per: 0.55771484375
	Val per: {'acc': 0.5221135029354207, 'mcc': 0.07674153282563774} 	Val loss: 0.9990031
	Test per: {'acc': 0.5333333333333333, 'mcc': 0.06795515268885624} 	Test loss: 0.980398
epoch: 129 time: 0.6190 
----->>>>> Training: 0.9832392573356629 0.9664217799901962 0.0016817474970594049 0.0
Training: 0.9806323796510696 0.9636781960725784 0.0016954209422692657 	Train per: 0.571142578125
	Val per: {'acc': 0.5009784735812133, 'mcc': 0.05240516022108873} 	Val loss: 1.0062414
	Test per: {'acc': 0.5314516129032258, 'mcc': 0.06028395298646435} 	Test loss: 0.9823754
epoch: 130 time: 0.5440 
----->>>>> Training: 0.9798898309469223 0.9622075349092484 0.001768229837762192 0.0
Training: 0.9811867743730545 0.962210264801979 0.001897648791782558 	Train per: 0.570263671875
	Val per: {'acc': 0.48414872798434444, 'mcc': 0.027355359363697148} 	Val loss: 1.013888
	Test per: {'acc': 0.5311827956989247, 'mcc': 0.05747068366036543} 	Test loss: 0.981104
epoch: 131 time: 0.6945 
----->>>>> Training: 0.9813910961151123 0.9619307309389115 0.0019460360752418637 0.0
Training: 0.9806098818778992 0.9617987751960755 0.0018811124609783292 	Train per: 0.57109375
	Val per: {'acc': 0.512720156555773, 'mcc': 0.06844658277188329} 	Val loss: 1.002843
	Test per: {'acc': 0.5325268817204301, 'mcc': 0.06294722881438237} 	Test loss: 0.9813609
epoch: 132 time: 0.5379 
----->>>>> Training: 0.9814387649297714 0.9631825000047683 0.0018256259034387767 0.0
Training: 0.9789170563220978 0.9594685971736908 0.0019448476377874613 	Train per: 0.57548828125
	Val per: {'acc': 0.5009784735812133, 'mcc': 0.053560122247168516} 	Val loss: 1.0057288
	Test per: {'acc': 0.5255376344086021, 'mcc': 0.04738588968471301} 	Test loss: 0.9826968
epoch: 133 time: 0.5871 
----->>>>> Training: 0.9803328365087509 0.9608478486537934 0.0019484986027237029 0.0
Training: 0.9789932370185852 0.9598373770713806 0.001915586763061583 	Train per: 0.574658203125
	Val per: {'acc': 0.5056751467710372, 'mcc': 0.06744217190585933} 	Val loss: 1.0053096
	Test per: {'acc': 0.5258064516129032, 'mcc': 0.047250787634239344} 	Test loss: 0.9848869
epoch: 134 time: 0.6089 
----->>>>> Training: 0.9801813989877701 0.9602559089660645 0.0019925492350012066 0.0
Training: 0.9824082434177399 0.9625724136829377 0.0019835822749882936 	Train per: 0.565771484375
	Val per: {'acc': 0.5072407045009785, 'mcc': 0.07224097225269883} 	Val loss: 1.0036561
	Test per: {'acc': 0.5376344086021505, 'mcc': 0.07276980065068435} 	Test loss: 0.9771733
epoch: 135 time: 0.5191 
----->>>>> Training: 0.9805839955806732 0.9610259115695954 0.001955808501224965 0.0
Training: 0.9807218432426452 0.9608994245529174 0.0019822409376502037 	Train per: 0.57109375
	Val per: {'acc': 0.5091976516634051, 'mcc': 0.08443849981862935} 	Val loss: 1.0031098
	Test per: {'acc': 0.5271505376344086, 'mcc': 0.05035229999826441} 	Test loss: 0.9823413
epoch: 136 time: 0.5929 
----->>>>> Training: 0.979410907626152 0.9597068727016449 0.0019704034202732146 0.0
Training: 0.9791622668504715 0.9587876111268997 0.002037467435002327 	Train per: 0.572265625
	Val per: {'acc': 0.5033268101761252, 'mcc': 0.06878433492411172} 	Val loss: 1.0052384
	Test per: {'acc': 0.5266129032258065, 'mcc': 0.0495315626681648} 	Test loss: 0.9821374
epoch: 137 time: 0.6462 
----->>>>> Training: 0.9788025379180908 0.9580597251653671 0.002074281242676079 0.0
Training: 0.9776671975851059 0.9570476859807968 0.002061953069642186 	Train per: 0.57744140625
	Val per: {'acc': 0.5166340508806262, 'mcc': 0.08657033417796046} 	Val loss: 1.0007163
	Test per: {'acc': 0.5282258064516129, 'mcc': 0.05320006830517517} 	Test loss: 0.9838798
epoch: 138 time: 0.6072 
----->>>>> Training: 0.9788203060626983 0.9580401420593262 0.00207801612559706 0.0
Training: 0.9762316465377807 0.9553058236837387 0.00209258240647614 	Train per: 0.580712890625
	Val per: {'acc': 0.5056751467710372, 'mcc': 0.07049638013928343} 	Val loss: 1.0043688
	Test per: {'acc': 0.521505376344086, 'mcc': 0.03878150588669197} 	Test loss: 0.9830419
epoch: 139 time: 0.5214 
----->>>>> Training: 0.9782283008098602 0.9570611745119095 0.00211671267170459 0.0
Training: 0.9807288646697998 0.9596033096313477 0.0021125548519194126 	Train per: 0.574755859375
	Val per: {'acc': 0.5228962818003914, 'mcc': 0.0858785383906618} 	Val loss: 0.99899316
	Test per: {'acc': 0.5268817204301075, 'mcc': 0.05161531648625907} 	Test loss: 0.98389864
epoch: 140 time: 0.6176 
----->>>>> Training: 0.9798051804304123 0.9581032067537307 0.0021701968158595263 0.0
Training: 0.9796491265296936 0.9582383036613464 0.0021410821937024593 	Train per: 0.57138671875
	Val per: {'acc': 0.5041095890410959, 'mcc': 0.07220507217215978} 	Val loss: 1.0056123
	Test per: {'acc': 0.5309139784946236, 'mcc': 0.05742978034454579} 	Test loss: 0.9801902
epoch: 141 time: 0.5361 
----->>>>> Training: 0.980688065290451 0.9594896316528321 0.0021198426489718258 0.0
Training: 0.9800266474485397 0.9603088349103928 0.001971782185137272 	Train per: 0.570068359375
	Val per: {'acc': 0.5123287671232877, 'mcc': 0.06637462114630713} 	Val loss: 0.99907446
	Test per: {'acc': 0.5327956989247312, 'mcc': 0.06341265526354889} 	Test loss: 0.9795312
epoch: 142 time: 0.6829 
----->>>>> Training: 0.9798346817493438 0.9603042244911194 0.0019530464138370006 0.0
Training: 0.9784300744533538 0.957628709077835 0.0020801343489438295 	Train per: 0.573291015625
	Val per: {'acc': 0.5119373776908024, 'mcc': 0.08528986125998629} 	Val loss: 1.0024427
	Test per: {'acc': 0.5293010752688172, 'mcc': 0.05539490917573811} 	Test loss: 0.9819584
epoch: 143 time: 0.5219 
----->>>>> Training: 0.9791504114866256 0.9579326242208481 0.0021217782981693746 0.0
Training: 0.9817279309034348 0.9605341881513596 0.002119372831657529 	Train per: 0.5662109375
	Val per: {'acc': 0.4986301369863014, 'mcc': 0.06764012068284042} 	Val loss: 1.0101697
	Test per: {'acc': 0.5196236559139785, 'mcc': 0.031942031610395084} 	Test loss: 0.98590785
epoch: 144 time: 0.6108 
----->>>>> Training: 0.9821397095918656 0.9623026132583619 0.001983709225896746 0.0
Training: 0.9804881036281585 0.961805385351181 0.00186827196739614 	Train per: 0.57021484375
	Val per: {'acc': 0.5221135029354207, 'mcc': 0.07823749104926908} 	Val loss: 0.9975868
	Test per: {'acc': 0.5317204301075269, 'mcc': 0.0629213850361247} 	Test loss: 0.98114765
epoch: 145 time: 0.6095 
----->>>>> Training: 0.977766627073288 0.9589211821556092 0.001884545001666993 0.0
Training: 0.9770252019166946 0.9560226708650589 0.0021002511493861675 	Train per: 0.576025390625
	Val per: {'acc': 0.5119373776908024, 'mcc': 0.08667080898958092} 	Val loss: 1.0016882
	Test per: {'acc': 0.524731182795699, 'mcc': 0.04524788169587152} 	Test loss: 0.98232013
epoch: 146 time: 0.5365 
----->>>>> Training: 0.9779946357011795 0.955930283665657 0.0022064354037865997 0.0
Training: 0.9779470264911652 0.955877035856247 0.002206996316090226 	Train per: 0.574853515625
	Val per: {'acc': 0.512720156555773, 'mcc': 0.08846361584338668} 	Val loss: 1.001307
	Test per: {'acc': 0.5258064516129032, 'mcc': 0.047337385396438954} 	Test loss: 0.98200047
epoch: 147 time: 0.5535 
----->>>>> Training: 0.9764355212450028 0.9535695284605026 0.002286598749924451 0.0
Training: 0.9762740284204483 0.9535362273454666 0.0022737786639481783 	Train per: 0.5783203125
	Val per: {'acc': 0.5033268101761252, 'mcc': 0.06904963478933447} 	Val loss: 1.0053161
	Test per: {'acc': 0.5244623655913978, 'mcc': 0.043644842443935496} 	Test loss: 0.9832185
epoch: 148 time: 0.6753 
----->>>>> Training: 0.9763047516345977 0.9543334633111954 0.002197128487750888 0.0
Training: 0.9759912669658661 0.952869313955307 0.0023121926933526993 	Train per: 0.577001953125
	Val per: {'acc': 0.5013698630136987, 'mcc': 0.06978543706199015} 	Val loss: 1.0065501
	Test per: {'acc': 0.5268817204301075, 'mcc': 0.048459058112659256} 	Test loss: 0.9810214
epoch: 149 time: 0.6015 

Best Valid performance: {'acc': 0.5228962818003914, 'mcc': 0.0858785383906618}
	Best Test performance: {'acc': 0.5268817204301075, 'mcc': 0.05161531648625907}
