Namespace(path='./data/stocknet-dataset/price/ourpped', seq=5, unit=4, alpha_l2=1.0, beta_adv=0.05, epsilon_adv=0.001, step=1, batch_size=1024, epoch=150, learning_rate=0.001, gpu=0, model_path='./saved_model/acl18_alstm/exp', model_save_path='./saved_model/acl18_resnet_2/exp', action='train', model='pure_lstm', fix_init=1, att=0, week=0, adv=0, hinge_lose=1, reload=0, resnet=1)
87  tickers selected
652 trading dates:
148 546 588
20315  training instances
2555  validation instances
3720  testing instances
Tensor("Shape:0", shape=(3,), dtype=int32)
is pred_lstm
device name: /cpu:0
outputs_shape: [None, 5, 4]
resshape: [None, 5, 4]
Shape of self.output: Tensor("Shape:0", shape=(3,), dtype=int32)
Shape of self.resnet_features: Tensor("Shape_1:0", shape=(3,), dtype=int32)
Shape of self.combined_features: [None, 5, 4]
adversarial scope
adversial part
----->>>>> Training: 1.584119164943695 1.0017828792333603 0.5823362857103348 0.0
Training: 1.5641380429267884 0.9998919010162354 0.5642461180686951 	Train per: 0.498681640625
	Val per: {'acc': 0.45362035225048924, 'mcc': -0.10128957517053284} 	Val loss: 1.005501
	Test per: {'acc': 0.489247311827957, 'mcc': -0.030629792992838266} 	Test loss: 1.0013078
epoch: 0 time: 119.6349 
----->>>>> Training: 1.5489825487136841 1.000469556450844 0.548512989282608 0.0
Training: 1.5310213625431062 0.9995151042938233 0.5315062403678894 	Train per: 0.499072265625
	Val per: {'acc': 0.461839530332681, 'mcc': -0.06325704137879135} 	Val loss: 1.0064495
	Test per: {'acc': 0.5075268817204301, 'mcc': 0.005080845857431368} 	Test loss: 0.99783015
epoch: 1 time: 113.8648 
----->>>>> Training: 1.5155520856380462 0.9987360656261444 0.5168160170316696 0.0
Training: 1.4983290612697602 0.9973662108182907 0.5009628534317017 	Train per: 0.517431640625
	Val per: {'acc': 0.476320939334638, 'mcc': -0.018339927313114342} 	Val loss: 1.005372
	Test per: {'acc': 0.5120967741935484, 'mcc': 0.014700324290933266} 	Test loss: 0.9973398
epoch: 2 time: 110.8761 
----->>>>> Training: 1.483688908815384 0.9963861703872681 0.487302727997303 0.0
Training: 1.4680810451507569 0.9955307871103287 0.47255024313926697 	Train per: 0.5201171875
	Val per: {'acc': 0.4794520547945205, 'mcc': 0.013202131314853035} 	Val loss: 1.0066205
	Test per: {'acc': 0.5241935483870968, 'mcc': 0.04112739745643969} 	Test loss: 0.9934653
epoch: 3 time: 114.5266 
----->>>>> Training: 1.4561839282512665 0.9963676989078522 0.459816212952137 0.0
Training: 1.4420133173465728 0.9959417164325715 0.446071594953537 	Train per: 0.518505859375
	Val per: {'acc': 0.48336594911937375, 'mcc': 0.04203205719409889} 	Val loss: 1.0027125
	Test per: {'acc': 0.5276881720430108, 'mcc': 0.04915664859021259} 	Test loss: 0.99223334
epoch: 4 time: 112.2063 
----->>>>> Training: 1.4299066960811615 0.995693701505661 0.4342129841446877 0.0
Training: 1.4165604948997497 0.995172330737114 0.421388179063797 	Train per: 0.514111328125
	Val per: {'acc': 0.47162426614481406, 'mcc': 0.035135047679439715} 	Val loss: 1.0040368
	Test per: {'acc': 0.5182795698924731, 'mcc': 0.026690909665539497} 	Test loss: 0.994064
epoch: 5 time: 113.6427 
----->>>>> Training: 1.4040158092975616 0.9937319844961167 0.41028382182121276 0.0
Training: 1.3904560327529907 0.9921447932720184 0.3983112573623657 	Train per: 0.524072265625
	Val per: {'acc': 0.46301369863013697, 'mcc': -0.02237215477743502} 	Val loss: 1.0061214
	Test per: {'acc': 0.5325268817204301, 'mcc': 0.06041380069470145} 	Test loss: 0.99038506
epoch: 6 time: 109.9502 
----->>>>> Training: 1.3799922049045563 0.9920163184404374 0.38797587156295776 0.0
Training: 1.3689630687236787 0.9921521365642547 0.3768109381198883 	Train per: 0.518603515625
	Val per: {'acc': 0.48962818003913894, 'mcc': 0.06704705179037627} 	Val loss: 1.0035609
	Test per: {'acc': 0.5395161290322581, 'mcc': 0.07472638569771513} 	Test loss: 0.9865465
epoch: 7 time: 111.9926 
----->>>>> Training: 1.3577772378921509 0.9906420320272445 0.36713521778583524 0.0
Training: 1.3457499742507935 0.9890607535839081 0.3566892147064209 	Train per: 0.525830078125
	Val per: {'acc': 0.4735812133072407, 'mcc': 0.0035756275384270894} 	Val loss: 1.0070163
	Test per: {'acc': 0.5451612903225806, 'mcc': 0.0866114345821741} 	Test loss: 0.9842095
epoch: 8 time: 115.3037 
----->>>>> Training: 1.3379709899425507 0.9903381109237671 0.34763287752866745 0.0
Training: 1.3280405163764955 0.9902073353528976 0.3378331959247589 	Train per: 0.512939453125
	Val per: {'acc': 0.47240704500978475, 'mcc': 0.03246304912739128} 	Val loss: 1.0066243
	Test per: {'acc': 0.5411290322580645, 'mcc': 0.08055753083284103} 	Test loss: 0.9839625
epoch: 9 time: 117.3512 
----->>>>> Training: 1.3171529233455659 0.9878499984741211 0.32930291444063187 0.0
Training: 1.3066966891288758 0.9865903913974762 0.32010629773139954 	Train per: 0.52421875
	Val per: {'acc': 0.4837573385518591, 'mcc': 0.03541774322370155} 	Val loss: 1.0044298
	Test per: {'acc': 0.5244623655913978, 'mcc': 0.04248935083298733} 	Test loss: 0.9848135
epoch: 10 time: 113.5800 
----->>>>> Training: 1.29959534406662 0.9874563425779342 0.3121389985084534 0.0
Training: 1.290693426132202 0.9872187852859498 0.30347463488578796 	Train per: 0.51650390625
	Val per: {'acc': 0.4649706457925636, 'mcc': 0.021295338276384093} 	Val loss: 1.0055459
	Test per: {'acc': 0.5403225806451613, 'mcc': 0.07950873392623234} 	Test loss: 0.9799966
epoch: 11 time: 114.0021 
----->>>>> Training: 1.2823740422725678 0.986415234208107 0.29595880657434465 0.0
Training: 1.2739271879196168 0.9861418843269348 0.28778529167175293 	Train per: 0.514306640625
	Val per: {'acc': 0.4637964774951076, 'mcc': 0.01971700505180869} 	Val loss: 1.0078102
	Test per: {'acc': 0.5491935483870968, 'mcc': 0.10053654365907158} 	Test loss: 0.9765421
epoch: 12 time: 106.7684 
----->>>>> Training: 1.2665070474147797 0.985865268111229 0.2806417763233185 0.0
Training: 1.2581967413425446 0.9852987825870514 0.27289795875549316 	Train per: 0.521533203125
	Val per: {'acc': 0.4681017612524462, 'mcc': 0.04530064968229397} 	Val loss: 1.0105416
	Test per: {'acc': 0.5604838709677419, 'mcc': 0.11968961114152464} 	Test loss: 0.97406644
epoch: 13 time: 113.7544 
----->>>>> Training: 1.2516786932945252 0.9855195313692093 0.2661591529846191 0.0
Training: 1.2431342005729675 0.9842888414859772 0.25884535908699036 	Train per: 0.52802734375
	Val per: {'acc': 0.46223091976516634, 'mcc': 0.0038704218722817813} 	Val loss: 1.0090718
	Test per: {'acc': 0.5451612903225806, 'mcc': 0.0865889707047799} 	Test loss: 0.9748074
epoch: 14 time: 110.8537 
----->>>>> Training: 1.2369460105895995 0.9844952583312988 0.252450755238533 0.0
Training: 1.229162907600403 0.9836618512868881 0.2455010563135147 	Train per: 0.5267578125
	Val per: {'acc': 0.46731898238747555, 'mcc': 0.008454533530180554} 	Val loss: 1.0130748
	Test per: {'acc': 0.5419354838709678, 'mcc': 0.08062232039622126} 	Test loss: 0.9749614
epoch: 15 time: 107.8453 
----->>>>> Training: 1.2234503507614136 0.9840218812227249 0.23942846655845643 0.0
Training: 1.2166993856430053 0.9838259398937226 0.23287343978881836 	Train per: 0.528271484375
	Val per: {'acc': 0.47045009784735814, 'mcc': 0.018686783994453716} 	Val loss: 1.0144266
	Test per: {'acc': 0.546236559139785, 'mcc': 0.08948802566799592} 	Test loss: 0.97461057
epoch: 16 time: 112.0811 
----->>>>> Training: 1.2108652770519257 0.9837519735097885 0.22711330577731131 0.0
Training: 1.2045024573802947 0.9836175829172135 0.22088485956192017 	Train per: 0.528759765625
	Val per: {'acc': 0.4731898238747554, 'mcc': 0.022717335628067974} 	Val loss: 1.0142056
	Test per: {'acc': 0.5446236559139785, 'mcc': 0.0862682407109346} 	Test loss: 0.97537595
epoch: 17 time: 110.5758 
----->>>>> Training: 1.1985313057899476 0.9831290721893311 0.21540222689509392 0.0
Training: 1.1925499737262726 0.9830713838338851 0.20947858691215515 	Train per: 0.52802734375
	Val per: {'acc': 0.4771037181996086, 'mcc': 0.026105628878672127} 	Val loss: 1.0147694
	Test per: {'acc': 0.5470430107526881, 'mcc': 0.09144162968567175} 	Test loss: 0.9750475
epoch: 18 time: 114.8790 
----->>>>> Training: 1.1882868885993958 0.984006118774414 0.20428077802062033 0.0
Training: 1.182674902677536 0.9840015411376953 0.19867336750030518 	Train per: 0.525927734375
	Val per: {'acc': 0.48101761252446185, 'mcc': 0.036603812694940674} 	Val loss: 1.0141579
	Test per: {'acc': 0.5451612903225806, 'mcc': 0.08769366010927987} 	Test loss: 0.97502506
epoch: 19 time: 112.2329 
----->>>>> Training: 1.1779932498931884 0.9842658072710038 0.19372743591666222 0.0
Training: 1.1726426362991333 0.9842567771673203 0.18838585913181305 	Train per: 0.524755859375
	Val per: {'acc': 0.48101761252446185, 'mcc': 0.04112032547304995} 	Val loss: 1.01345
	Test per: {'acc': 0.5489247311827957, 'mcc': 0.09499583080504163} 	Test loss: 0.97524524
epoch: 20 time: 111.4070 
----->>>>> Training: 1.1681792974472045 0.9845403641462326 0.1836389385163784 0.0
Training: 1.1629748582839965 0.9844746708869934 0.1785002052783966 	Train per: 0.52216796875
	Val per: {'acc': 0.48649706457925634, 'mcc': 0.046570600513989285} 	Val loss: 1.0123527
	Test per: {'acc': 0.543010752688172, 'mcc': 0.08340034360581464} 	Test loss: 0.9760964
epoch: 21 time: 112.0994 
----->>>>> Training: 1.1585145533084868 0.9844382166862488 0.17407634779810904 0.0
Training: 1.1533717334270477 0.9841575026512146 0.16921423375606537 	Train per: 0.52333984375
	Val per: {'acc': 0.4825831702544031, 'mcc': 0.04432834173290269} 	Val loss: 1.0115514
	Test per: {'acc': 0.5454301075268817, 'mcc': 0.08789617916020934} 	Test loss: 0.97613704
epoch: 22 time: 110.7781 
----->>>>> Training: 1.1499787867069244 0.9850735992193222 0.16490520536899567 0.0
Training: 1.1447218358516693 0.9844842612743377 0.16023759543895721 	Train per: 0.525
	Val per: {'acc': 0.4782778864970646, 'mcc': 0.0302735085470769} 	Val loss: 1.0096089
	Test per: {'acc': 0.5416666666666666, 'mcc': 0.08032557413864098} 	Test loss: 0.97723323
epoch: 23 time: 115.1309 
----->>>>> Training: 1.141360229253769 0.985144418478012 0.15621582493185998 0.0
Training: 1.1368462681770324 0.985031458735466 0.151814803481102 	Train per: 0.524609375
	Val per: {'acc': 0.4802348336594912, 'mcc': 0.03878307856031709} 	Val loss: 1.013193
	Test per: {'acc': 0.543010752688172, 'mcc': 0.08370603735928706} 	Test loss: 0.9768454
epoch: 24 time: 112.5152 
----->>>>> Training: 1.1327234506607056 0.98479645550251 0.14792699590325356 0.0
Training: 1.1286070764064788 0.9848951458930969 0.14371192455291748 	Train per: 0.52529296875
	Val per: {'acc': 0.4849315068493151, 'mcc': 0.04238650585670777} 	Val loss: 1.0125922
	Test per: {'acc': 0.5376344086021505, 'mcc': 0.07347275338401793} 	Test loss: 0.9779512
epoch: 25 time: 108.3912 
----->>>>> Training: 1.124719750881195 0.9846730202436447 0.14004672989249228 0.0
Training: 1.1206218481063843 0.9845728248357772 0.13604900240898132 	Train per: 0.5251953125
	Val per: {'acc': 0.48962818003913894, 'mcc': 0.049350700030650105} 	Val loss: 1.0128766
	Test per: {'acc': 0.5344086021505376, 'mcc': 0.06693256608537072} 	Test loss: 0.97824025
epoch: 26 time: 113.7570 
----->>>>> Training: 1.117418533563614 0.984851285815239 0.13256723135709764 0.0
Training: 1.1135872840881347 0.9848489999771118 0.12873828411102295 	Train per: 0.523388671875
	Val per: {'acc': 0.48806262230919767, 'mcc': 0.04824220313003706} 	Val loss: 1.0134172
	Test per: {'acc': 0.5349462365591398, 'mcc': 0.06739317961767291} 	Test loss: 0.9786887
epoch: 27 time: 114.3509 
----->>>>> Training: 1.1097008407115936 0.9842976063489914 0.12540323734283448 0.0
Training: 1.1057872116565703 0.9840156167745591 0.12177161872386932 	Train per: 0.523583984375
	Val per: {'acc': 0.4876712328767123, 'mcc': 0.047412578997105825} 	Val loss: 1.0147511
	Test per: {'acc': 0.5327956989247312, 'mcc': 0.062474259966137445} 	Test loss: 0.9795387
epoch: 28 time: 112.5198 
----->>>>> Training: 1.1027656972408295 0.9841252118349075 0.1186404924839735 0.0
Training: 1.0991580963134766 0.9839658498764038 0.1151922345161438 	Train per: 0.522900390625
	Val per: {'acc': 0.4876712328767123, 'mcc': 0.049081096957454} 	Val loss: 1.0147458
	Test per: {'acc': 0.531989247311828, 'mcc': 0.060337020235170374} 	Test loss: 0.9801125
epoch: 29 time: 113.8668 
----->>>>> Training: 1.0962665259838105 0.9841295957565308 0.1121369380503893 0.0
Training: 1.0937333345413207 0.9848790317773819 0.10885430872440338 	Train per: 0.52392578125
	Val per: {'acc': 0.4904109589041096, 'mcc': 0.049903894996636854} 	Val loss: 1.0132787
	Test per: {'acc': 0.5241935483870968, 'mcc': 0.04462733694233631} 	Test loss: 0.9833167
epoch: 30 time: 111.7238 
----->>>>> Training: 1.0915650486946107 0.9856031745672226 0.10596186853945255 0.0
Training: 1.087824410200119 0.9849999725818634 0.10282441973686218 	Train per: 0.52421875
	Val per: {'acc': 0.48845401174168296, 'mcc': 0.05246687891905875} 	Val loss: 1.0137689
	Test per: {'acc': 0.5231182795698924, 'mcc': 0.041441035060530124} 	Test loss: 0.98460263
epoch: 31 time: 110.3230 
----->>>>> Training: 1.085067731142044 0.9850250035524368 0.10004273578524589 0.0
Training: 1.0816537380218505 0.9845982998609543 0.09705543518066406 	Train per: 0.525390625
	Val per: {'acc': 0.48610567514677105, 'mcc': 0.04573151102203071} 	Val loss: 1.0163231
	Test per: {'acc': 0.5255376344086021, 'mcc': 0.04688529098676939} 	Test loss: 0.9829972
epoch: 32 time: 114.9963 
----->>>>> Training: 1.0791910767555237 0.9847033441066741 0.09448774494230747 0.0
Training: 1.0758234024047852 0.9841398984193802 0.09168350696563721 	Train per: 0.524169921875
	Val per: {'acc': 0.48297455968688846, 'mcc': 0.0454963831206978} 	Val loss: 1.0165536
	Test per: {'acc': 0.5201612903225806, 'mcc': 0.03464576233489338} 	Test loss: 0.983349
epoch: 33 time: 110.9049 
----->>>>> Training: 1.0734125196933746 0.984189149737358 0.08922336101531983 0.0
Training: 1.0708324313163757 0.9842807829380036 0.08655162155628204 	Train per: 0.526171875
	Val per: {'acc': 0.47984344422700587, 'mcc': 0.03592966850022275} 	Val loss: 1.0155971
	Test per: {'acc': 0.5220430107526882, 'mcc': 0.03945382599919508} 	Test loss: 0.98363554
epoch: 34 time: 113.1292 
----->>>>> Training: 1.0693991482257843 0.9851968646049499 0.08420227319002152 0.0
Training: 1.0676540195941926 0.9859754115343093 0.08167858421802521 	Train per: 0.525390625
	Val per: {'acc': 0.4767123287671233, 'mcc': 0.03053427879062036} 	Val loss: 1.0171047
	Test per: {'acc': 0.5236559139784946, 'mcc': 0.04251120933369297} 	Test loss: 0.9843393
epoch: 35 time: 112.7892 
----->>>>> Training: 1.0670968472957612 0.9876750975847244 0.07942174896597862 0.0
Training: 1.0642594695091248 0.987301942706108 0.07695752382278442 	Train per: 0.525634765625
	Val per: {'acc': 0.4786692759295499, 'mcc': 0.03610795560285245} 	Val loss: 1.0198396
	Test per: {'acc': 0.5228494623655914, 'mcc': 0.04059927493239167} 	Test loss: 0.98770475
epoch: 36 time: 116.0942 
----->>>>> Training: 1.0623571693897247 0.987606018781662 0.07475115098059178 0.0
Training: 1.058954691886902 0.9865740150213241 0.0723806768655777 	Train per: 0.526171875
	Val per: {'acc': 0.4771037181996086, 'mcc': 0.03142477484956694} 	Val loss: 1.018202
	Test per: {'acc': 0.5231182795698924, 'mcc': 0.041094969225317406} 	Test loss: 0.9869027
epoch: 37 time: 115.7553 
----->>>>> Training: 1.0568145990371705 0.9865054845809936 0.07030912190675735 0.0
Training: 1.053520929813385 0.9854373067617417 0.06808359920978546 	Train per: 0.528466796875
	Val per: {'acc': 0.4782778864970646, 'mcc': 0.031610907711749424} 	Val loss: 1.0170506
	Test per: {'acc': 0.5231182795698924, 'mcc': 0.04174908084088966} 	Test loss: 0.9851834
epoch: 38 time: 110.9414 
----->>>>> Training: 1.050672596693039 0.9844667077064514 0.06620588675141334 0.0
Training: 1.048584669828415 0.9844160050153732 0.06416865438222885 	Train per: 0.528515625
	Val per: {'acc': 0.47788649706457925, 'mcc': 0.03320136127684284} 	Val loss: 1.0152745
	Test per: {'acc': 0.5252688172043011, 'mcc': 0.045729874759859214} 	Test loss: 0.98547864
epoch: 39 time: 115.7652 
----->>>>> Training: 1.0472588181495666 0.9848455756902694 0.062413232028484346 0.0
Training: 1.0451780796051025 0.9846798658370972 0.06049819663167 	Train per: 0.527734375
	Val per: {'acc': 0.4774951076320939, 'mcc': 0.03259245270725497} 	Val loss: 1.0156956
	Test per: {'acc': 0.5252688172043011, 'mcc': 0.045911048590746004} 	Test loss: 0.9852447
epoch: 40 time: 111.6350 
----->>>>> Training: 1.0437408983707428 0.9848420739173889 0.058898819237947465 0.0
Training: 1.0419841766357423 0.9848747968673706 0.05710941180586815 	Train per: 0.5275390625
	Val per: {'acc': 0.47475538160469666, 'mcc': 0.03169698035096521} 	Val loss: 1.0167714
	Test per: {'acc': 0.5223118279569893, 'mcc': 0.03865239443967024} 	Test loss: 0.9851359
epoch: 41 time: 111.9079 
----->>>>> Training: 1.0403806567192078 0.9849602431058884 0.055420418828725816 0.0
Training: 1.0385506391525268 0.984895870089531 0.053654737770557404 	Train per: 0.529638671875
	Val per: {'acc': 0.47592954990215264, 'mcc': 0.027934046485701577} 	Val loss: 1.014143
	Test per: {'acc': 0.5252688172043011, 'mcc': 0.04608104219867843} 	Test loss: 0.9856613
epoch: 42 time: 111.9328 
----->>>>> Training: 1.0373775482177734 0.9851869821548462 0.05219056736677885 0.0
Training: 1.0356523394584656 0.9850899666547775 0.05056236311793327 	Train per: 0.52890625
	Val per: {'acc': 0.476320939334638, 'mcc': 0.03360549707990181} 	Val loss: 1.0158188
	Test per: {'acc': 0.5231182795698924, 'mcc': 0.04075072500434868} 	Test loss: 0.9860744
epoch: 43 time: 113.1867 
----->>>>> Training: 1.034236615896225 0.9851197928190232 0.049116816744208334 0.0
Training: 1.0325726330280305 0.985004797577858 0.04756784066557884 	Train per: 0.529150390625
	Val per: {'acc': 0.4771037181996086, 'mcc': 0.036313047238194444} 	Val loss: 1.0156606
	Test per: {'acc': 0.5241935483870968, 'mcc': 0.042807936528044106} 	Test loss: 0.98613125
epoch: 44 time: 111.7424 
----->>>>> Training: 1.0317700922489166 0.9855358272790908 0.04623426962643862 0.0
Training: 1.0303107917308807 0.985552579164505 0.044758204370737076 	Train per: 0.52958984375
	Val per: {'acc': 0.4771037181996086, 'mcc': 0.035718036324049754} 	Val loss: 1.0163183
	Test per: {'acc': 0.5233870967741936, 'mcc': 0.04136518388015619} 	Test loss: 0.98614293
epoch: 45 time: 112.2941 
----->>>>> Training: 1.0291877329349517 0.9857266336679459 0.04346109610050917 0.0
Training: 1.0278647780418395 0.9857994139194488 0.042065370827913284 	Train per: 0.53203125
	Val per: {'acc': 0.47436399217221137, 'mcc': 0.022788443121680074} 	Val loss: 1.0145707
	Test per: {'acc': 0.5252688172043011, 'mcc': 0.04594464492269886} 	Test loss: 0.9864654
epoch: 46 time: 113.6503 
----->>>>> Training: 1.0268888771533966 0.9860062330961228 0.040882646664977075 0.0
Training: 1.0257344782352447 0.9861315995454788 0.03960287570953369 	Train per: 0.530224609375
	Val per: {'acc': 0.4767123287671233, 'mcc': 0.035999507667049416} 	Val loss: 1.0170391
	Test per: {'acc': 0.5241935483870968, 'mcc': 0.04283729372542939} 	Test loss: 0.9874127
epoch: 47 time: 108.9044 
----->>>>> Training: 1.0247410714626313 0.9863221704959869 0.03841888960450888 0.0
Training: 1.0234661817550659 0.9862867027521134 0.03717948496341705 	Train per: 0.53203125
	Val per: {'acc': 0.475146771037182, 'mcc': 0.028603615728645185} 	Val loss: 1.0157566
	Test per: {'acc': 0.5244623655913978, 'mcc': 0.0438008379259736} 	Test loss: 0.98784626
epoch: 48 time: 111.5118 
----->>>>> Training: 1.0228761613368988 0.9867757737636567 0.03610038738697767 0.0
Training: 1.0217356264591217 0.986815282702446 0.0349203459918499 	Train per: 0.53251953125
	Val per: {'acc': 0.475146771037182, 'mcc': 0.026149867703589826} 	Val loss: 1.0148546
	Test per: {'acc': 0.525, 'mcc': 0.045200770659024135} 	Test loss: 0.9879884
epoch: 49 time: 112.2406 
----->>>>> Training: 1.020926719903946 0.9870047509670258 0.03392196409404278 0.0
Training: 1.0197432518005372 0.9869622260332107 0.03278103098273277 	Train per: 0.53330078125
	Val per: {'acc': 0.4767123287671233, 'mcc': 0.030259155604609077} 	Val loss: 1.0146805
	Test per: {'acc': 0.524731182795699, 'mcc': 0.04449215957087076} 	Test loss: 0.9885615
epoch: 50 time: 107.2816 
----->>>>> Training: 1.0188317716121673 0.9870028138160706 0.03182895677164197 0.0
Training: 1.0178331017494202 0.9870371878147125 0.030795885249972343 	Train per: 0.5333984375
	Val per: {'acc': 0.47475538160469666, 'mcc': 0.025255558088427443} 	Val loss: 1.0142683
	Test per: {'acc': 0.524731182795699, 'mcc': 0.04446005930838948} 	Test loss: 0.988573
epoch: 51 time: 111.7538 
----->>>>> Training: 1.017116165161133 0.9872300922870636 0.029886066727340222 0.0
Training: 1.0161664545536042 0.9872427225112915 0.028923742473125458 	Train per: 0.53369140625
	Val per: {'acc': 0.47475538160469666, 'mcc': 0.024461534157714092} 	Val loss: 1.0137258
	Test per: {'acc': 0.5252688172043011, 'mcc': 0.045633632353637044} 	Test loss: 0.98878306
epoch: 52 time: 113.2702 
----->>>>> Training: 1.0152937769889832 0.9871749401092529 0.028118833899497986 0.0
Training: 1.0143310487270356 0.987112694978714 0.027218371629714966 	Train per: 0.53466796875
	Val per: {'acc': 0.4755381604696673, 'mcc': 0.030634385922373743} 	Val loss: 1.0142975
	Test per: {'acc': 0.5258064516129032, 'mcc': 0.04629921059055448} 	Test loss: 0.9889011
epoch: 53 time: 113.1569 
----->>>>> Training: 1.0140149295330048 0.9876314371824264 0.02638349896296859 0.0
Training: 1.0130600690841676 0.9875225961208344 0.02553744986653328 	Train per: 0.534765625
	Val per: {'acc': 0.4794520547945205, 'mcc': 0.03395793051220369} 	Val loss: 1.0126146
	Test per: {'acc': 0.5239247311827957, 'mcc': 0.043141965651527024} 	Test loss: 0.9892376
epoch: 54 time: 107.5428 
----->>>>> Training: 1.0127005517482757 0.9878463536500931 0.024854190088808535 0.0
Training: 1.0119114637374877 0.9878439575433731 0.024067463353276253 	Train per: 0.53369140625
	Val per: {'acc': 0.4755381604696673, 'mcc': 0.02840037808893349} 	Val loss: 1.0130916
	Test per: {'acc': 0.5271505376344086, 'mcc': 0.04925157191595838} 	Test loss: 0.98931557
epoch: 55 time: 115.1036 
----->>>>> Training: 1.011360502243042 0.9879992961883545 0.02336119320243597 0.0
Training: 1.0106652200222015 0.9880559653043747 0.022609243169426918 	Train per: 0.534326171875
	Val per: {'acc': 0.4774951076320939, 'mcc': 0.03544697572778203} 	Val loss: 1.0129856
	Test per: {'acc': 0.5255376344086021, 'mcc': 0.045634837279957784} 	Test loss: 0.98958296
epoch: 56 time: 109.6393 
----->>>>> Training: 1.0100463151931762 0.9881328970193863 0.021913408301770687 0.0
Training: 1.0093277096748352 0.988125404715538 0.021202318370342255 	Train per: 0.5353515625
	Val per: {'acc': 0.4774951076320939, 'mcc': 0.03632876085589902} 	Val loss: 1.0126485
	Test per: {'acc': 0.5244623655913978, 'mcc': 0.04322031505283856} 	Test loss: 0.98971117
epoch: 57 time: 112.2115 
----->>>>> Training: 1.0092916131019591 0.9886086374521256 0.020682987850159408 0.0
Training: 1.0086608588695527 0.9886030673980712 0.02005779556930065 	Train per: 0.53271484375
	Val per: {'acc': 0.4731898238747554, 'mcc': 0.02915139521040987} 	Val loss: 1.0131172
	Test per: {'acc': 0.5287634408602151, 'mcc': 0.05192264541490596} 	Test loss: 0.9895514
epoch: 58 time: 109.2045 
----->>>>> Training: 1.0079948604106903 0.988574030995369 0.019420831464231014 0.0
Training: 1.007393044233322 0.9886013865470886 0.018791649490594864 	Train per: 0.5337890625
	Val per: {'acc': 0.4771037181996086, 'mcc': 0.03339253379226905} 	Val loss: 1.0114781
	Test per: {'acc': 0.5255376344086021, 'mcc': 0.04577519011502021} 	Test loss: 0.98977333
epoch: 59 time: 113.2900 
----->>>>> Training: 1.0071043252944947 0.9887845933437347 0.018319727573543786 0.0
Training: 1.0065373927354813 0.9887311160564423 0.01780625618994236 	Train per: 0.5326171875
	Val per: {'acc': 0.475146771037182, 'mcc': 0.032918437890324725} 	Val loss: 1.0119717
	Test per: {'acc': 0.5293010752688172, 'mcc': 0.053174816550698355} 	Test loss: 0.9896395
epoch: 60 time: 107.5300 
----->>>>> Training: 1.0061184346675873 0.9887855589389801 0.017332890536636114 0.0
Training: 1.0055729806423188 0.9888180166482925 0.01675497367978096 	Train per: 0.533154296875
	Val per: {'acc': 0.47436399217221137, 'mcc': 0.0304779969802177} 	Val loss: 1.0114126
	Test per: {'acc': 0.5290322580645161, 'mcc': 0.05265007096953601} 	Test loss: 0.9897436
epoch: 61 time: 108.7650 
----->>>>> Training: 1.0052506119012832 0.9889883905649185 0.016262212209403513 0.0
Training: 1.0047730028629303 0.9890473991632461 0.015725603327155113 	Train per: 0.532958984375
	Val per: {'acc': 0.4731898238747554, 'mcc': 0.027982394587573813} 	Val loss: 1.0110228
	Test per: {'acc': 0.5306451612903226, 'mcc': 0.055968036181955484} 	Test loss: 0.98985213
epoch: 62 time: 111.5143 
----->>>>> Training: 1.0045105189085006 0.9892097622156143 0.015300768660381436 0.0
Training: 1.0040820956230163 0.9892464816570282 0.014835610054433346 	Train per: 0.53134765625
	Val per: {'acc': 0.47475538160469666, 'mcc': 0.029096867572497798} 	Val loss: 1.0102029
	Test per: {'acc': 0.5298387096774193, 'mcc': 0.054516220165308} 	Test loss: 0.99001163
epoch: 63 time: 108.8665 
----->>>>> Training: 1.0036647468805313 0.9892407566308975 0.01442399867810309 0.0
Training: 1.0032633364200592 0.9892549067735672 0.014008435420691967 	Train per: 0.532373046875
	Val per: {'acc': 0.47436399217221137, 'mcc': 0.035347244253364156} 	Val loss: 1.0106933
	Test per: {'acc': 0.5311827956989247, 'mcc': 0.056988965625912276} 	Test loss: 0.9900371
epoch: 64 time: 110.3509 
----->>>>> Training: 1.0032885313034057 0.989606773853302 0.013681764714419842 0.0
Training: 1.0027838319540023 0.9895069926977158 0.013276863843202591 	Train per: 0.53095703125
	Val per: {'acc': 0.4731898238747554, 'mcc': 0.032179360808976584} 	Val loss: 1.0103984
	Test per: {'acc': 0.5309139784946236, 'mcc': 0.056456866762864724} 	Test loss: 0.99010247
epoch: 65 time: 111.6615 
----->>>>> Training: 1.0026677578687668 0.9897742122411728 0.012893546791747212 0.0
Training: 1.002298954129219 0.9897970050573349 0.012501943856477737 	Train per: 0.531396484375
	Val per: {'acc': 0.47475538160469666, 'mcc': 0.03169698035096521} 	Val loss: 1.0091263
	Test per: {'acc': 0.5314516129032258, 'mcc': 0.057957221727199} 	Test loss: 0.9903819
epoch: 66 time: 109.8100 
----->>>>> Training: 1.0021069258451463 0.9899000257253647 0.012206899747252465 0.0
Training: 1.0017275959253311 0.9898508608341217 0.011876733042299747 	Train per: 0.53017578125
	Val per: {'acc': 0.47162426614481406, 'mcc': 0.027144712667869338} 	Val loss: 1.0095607
	Test per: {'acc': 0.5284946236559139, 'mcc': 0.051330658025772385} 	Test loss: 0.9903321
epoch: 67 time: 106.5866 
----->>>>> Training: 1.0016824811697007 0.9900619387626648 0.011620556609705091 0.0
Training: 1.0013222724199295 0.9900365740060806 0.011285710148513317 	Train per: 0.5296875
	Val per: {'acc': 0.4684931506849315, 'mcc': 0.022360416787267016} 	Val loss: 1.0098913
	Test per: {'acc': 0.5314516129032258, 'mcc': 0.05746250434064976} 	Test loss: 0.9904432
epoch: 68 time: 114.9730 
----->>>>> Training: 1.0010950237512588 0.9901703059673309 0.010924733243882656 0.0
Training: 1.000770765542984 0.9901593685150146 0.010611400939524174 	Train per: 0.53056640625
	Val per: {'acc': 0.476320939334638, 'mcc': 0.03659780920120894} 	Val loss: 1.0081608
	Test per: {'acc': 0.5306451612903226, 'mcc': 0.05631923926897733} 	Test loss: 0.99055564
epoch: 69 time: 108.8416 
----->>>>> Training: 1.000656282901764 0.9902560532093048 0.01040022079832852 0.0
Training: 1.000400683283806 0.9902421861886979 0.010158495046198368 	Train per: 0.528125
	Val per: {'acc': 0.46966731898238745, 'mcc': 0.028464430681616998} 	Val loss: 1.0095013
	Test per: {'acc': 0.5338709677419354, 'mcc': 0.06265538459056932} 	Test loss: 0.9904205
epoch: 70 time: 112.5804 
----->>>>> Training: 1.0002713829278946 0.9903835862874985 0.009887794638052583 0.0
Training: 0.9999890148639679 0.9903674304485321 0.009621577337384224 	Train per: 0.529248046875
	Val per: {'acc': 0.47084148727984343, 'mcc': 0.027947050405779394} 	Val loss: 1.008589
	Test per: {'acc': 0.532258064516129, 'mcc': 0.059252052770350255} 	Test loss: 0.9905213
epoch: 71 time: 113.1703 
----->>>>> Training: 0.9999825924634933 0.9905474126338959 0.009435184858739376 0.0
Training: 0.9997419655323029 0.9905280321836472 0.009213944897055626 	Train per: 0.52861328125
	Val per: {'acc': 0.46966731898238745, 'mcc': 0.026555267815793742} 	Val loss: 1.0085897
	Test per: {'acc': 0.5341397849462366, 'mcc': 0.06324852933294961} 	Test loss: 0.9905056
epoch: 72 time: 109.8896 
----->>>>> Training: 0.9997381865978241 0.9908233970403671 0.008914792584255338 0.0
Training: 0.9994566053152084 0.9908001005649567 0.008656513877213001 	Train per: 0.529296875
	Val per: {'acc': 0.4712328767123288, 'mcc': 0.02892033570066231} 	Val loss: 1.0080489
	Test per: {'acc': 0.5327956989247312, 'mcc': 0.06039269156961075} 	Test loss: 0.9908882
epoch: 73 time: 107.8318 
----->>>>> Training: 0.9992981195449829 0.9907323151826859 0.008565805526450277 0.0
Training: 0.999087217450142 0.9906799077987671 0.008407304994761944 	Train per: 0.528515625
	Val per: {'acc': 0.46771037181996084, 'mcc': 0.022801725427356763} 	Val loss: 1.0083114
	Test per: {'acc': 0.535752688172043, 'mcc': 0.06670960126913017} 	Test loss: 0.99063027
epoch: 74 time: 107.4157 
----->>>>> Training: 0.999084985256195 0.9908049970865249 0.008279993291944265 0.0
Training: 0.9988843083381653 0.9907931387424469 0.008091174997389317 	Train per: 0.527587890625
	Val per: {'acc': 0.4645792563600783, 'mcc': 0.015828569948465144} 	Val loss: 1.0084301
	Test per: {'acc': 0.535483870967742, 'mcc': 0.06615604840345721} 	Test loss: 0.99053365
epoch: 75 time: 112.5367 
----->>>>> Training: 0.9987775176763535 0.9908725470304489 0.007904978934675455 0.0
Training: 0.9985374271869659 0.9908715158700943 0.00766591913998127 	Train per: 0.52783203125
	Val per: {'acc': 0.4657534246575342, 'mcc': 0.018323983173590856} 	Val loss: 1.0079353
	Test per: {'acc': 0.5360215053763441, 'mcc': 0.06730328428608595} 	Test loss: 0.990687
epoch: 76 time: 113.4142 
----->>>>> Training: 0.9985413879156113 0.9910322278738022 0.007509156106971204 0.0
Training: 0.9983729630708694 0.9910111457109452 0.0073618232272565365 	Train per: 0.527734375
	Val per: {'acc': 0.46536203522504893, 'mcc': 0.01759789325329212} 	Val loss: 1.0076708
	Test per: {'acc': 0.5346774193548387, 'mcc': 0.06439779121590387} 	Test loss: 0.9907242
epoch: 77 time: 108.4242 
----->>>>> Training: 0.9983404368162155 0.9910635590553284 0.007276873267255723 0.0
Training: 0.998149061203003 0.9910513877868652 0.007097678259015083 	Train per: 0.527734375
	Val per: {'acc': 0.46771037181996084, 'mcc': 0.02374067154622638} 	Val loss: 1.0073045
	Test per: {'acc': 0.5368279569892473, 'mcc': 0.06901987948467572} 	Test loss: 0.9907876
epoch: 78 time: 108.5948 
----->>>>> Training: 0.9980025470256806 0.9910634934902192 0.0069390445249155165 0.0
Training: 0.9978032410144806 0.9910403788089752 0.006762851029634476 	Train per: 0.529541015625
	Val per: {'acc': 0.46771037181996084, 'mcc': 0.02437617786525388} 	Val loss: 1.0071936
	Test per: {'acc': 0.5352150537634408, 'mcc': 0.0655633740127858} 	Test loss: 0.9908933
epoch: 79 time: 110.3744 
----->>>>> Training: 0.9980703681707382 0.9913112133741379 0.006759147509001195 0.0
Training: 0.9978319495916367 0.9911590158939362 0.006672929041087627 	Train per: 0.527001953125
	Val per: {'acc': 0.46771037181996084, 'mcc': 0.02699973140539648} 	Val loss: 1.0076385
	Test per: {'acc': 0.5333333333333333, 'mcc': 0.06150254575592198} 	Test loss: 0.99065477
epoch: 80 time: 110.3166 
----->>>>> Training: 0.9977330088615417 0.9912264198064804 0.006506589008495212 0.0
Training: 0.9975333690643311 0.9911718875169754 0.006361473351716995 	Train per: 0.5283203125
	Val per: {'acc': 0.4681017612524462, 'mcc': 0.02412350641048579} 	Val loss: 1.0067774
	Test per: {'acc': 0.5362903225806451, 'mcc': 0.0678677486800704} 	Test loss: 0.9908847
epoch: 81 time: 114.7929 
----->>>>> Training: 0.9975596636533737 0.9912384659051895 0.006321189389564097 0.0
Training: 0.9974121242761612 0.9911749720573425 0.0062371776439249516 	Train per: 0.527197265625
	Val per: {'acc': 0.46536203522504893, 'mcc': 0.02104706993686641} 	Val loss: 1.007421
	Test per: {'acc': 0.5314516129032258, 'mcc': 0.057386695538300024} 	Test loss: 0.99073267
epoch: 82 time: 113.1057 
----->>>>> Training: 0.9975070536136628 0.9913482218980789 0.006158832483924926 0.0
Training: 0.9973391175270081 0.991312849521637 0.006026252172887325 	Train per: 0.527880859375
	Val per: {'acc': 0.4700587084148728, 'mcc': 0.03111935269430104} 	Val loss: 1.0068127
	Test per: {'acc': 0.5336021505376344, 'mcc': 0.06207290824369217} 	Test loss: 0.99084526
epoch: 83 time: 114.8878 
----->>>>> Training: 0.997287517786026 0.9914721459150314 0.005815374269150198 0.0
Training: 0.9971052497625351 0.9913895905017853 0.00571563933044672 	Train per: 0.5294921875
	Val per: {'acc': 0.46927592954990216, 'mcc': 0.027140664022036513} 	Val loss: 1.0063583
	Test per: {'acc': 0.5346774193548387, 'mcc': 0.06439630228559458} 	Test loss: 0.9910828
epoch: 84 time: 113.3077 
----->>>>> Training: 0.9973664164543152 0.9916786432266236 0.005687776044942439 0.0
Training: 0.9971738398075104 0.9915214657783509 0.005652386229485273 	Train per: 0.52744140625
	Val per: {'acc': 0.47084148727984343, 'mcc': 0.03112954772809813} 	Val loss: 1.0063864
	Test per: {'acc': 0.5344086021505376, 'mcc': 0.0638165374559501} 	Test loss: 0.99097776
epoch: 85 time: 113.3243 
----->>>>> Training: 0.9970772743225098 0.9914409697055817 0.005636314814910293 0.0
Training: 0.9969577550888061 0.9914076805114747 0.005550057161599398 	Train per: 0.5283203125
	Val per: {'acc': 0.4712328767123288, 'mcc': 0.030497416845400978} 	Val loss: 1.005948
	Test per: {'acc': 0.5373655913978495, 'mcc': 0.07016983856015606} 	Test loss: 0.990915
epoch: 86 time: 108.3093 
----->>>>> Training: 0.9968867778778077 0.9913531541824341 0.0055336261633783575 0.0
Training: 0.9967710942029953 0.9913065433502197 0.005464527290314436 	Train per: 0.52841796875
	Val per: {'acc': 0.46966731898238745, 'mcc': 0.029116225624135593} 	Val loss: 1.0062065
	Test per: {'acc': 0.5346774193548387, 'mcc': 0.06440294289735875} 	Test loss: 0.9907833
epoch: 87 time: 112.1173 
----->>>>> Training: 0.9968868046998978 0.9915013641119004 0.005385441752150655 0.0
Training: 0.9967449367046356 0.9913939356803894 0.005350988358259201 	Train per: 0.528076171875
	Val per: {'acc': 0.4657534246575342, 'mcc': 0.018934336179927715} 	Val loss: 1.0063397
	Test per: {'acc': 0.5344086021505376, 'mcc': 0.06384177937888694} 	Test loss: 0.99072886
epoch: 88 time: 114.8322 
----->>>>> Training: 0.9969440191984177 0.9915434330701828 0.00540058717597276 0.0
Training: 0.9966835141181946 0.9913714349269866 0.005312064662575722 	Train per: 0.527880859375
	Val per: {'acc': 0.4681017612524462, 'mcc': 0.026369586718897556} 	Val loss: 1.0067855
	Test per: {'acc': 0.5336021505376344, 'mcc': 0.062081584139716574} 	Test loss: 0.99069864
epoch: 89 time: 113.9284 
----->>>>> Training: 0.9965897977352143 0.9914264142513275 0.005163383623585105 0.0
Training: 0.9964116662740707 0.9913136154413223 0.005098046734929085 	Train per: 0.52958984375
	Val per: {'acc': 0.4700587084148728, 'mcc': 0.024784306101734804} 	Val loss: 1.0055001
	Test per: {'acc': 0.5403225806451613, 'mcc': 0.07648919011856875} 	Test loss: 0.99080586
epoch: 90 time: 111.3780 
----->>>>> Training: 0.996494448184967 0.9913777619600296 0.0051166876684874294 0.0
Training: 0.9964328318834305 0.99133460521698 0.0050982520915567875 	Train per: 0.528271484375
	Val per: {'acc': 0.46927592954990216, 'mcc': 0.026189111299774106} 	Val loss: 1.0060946
	Test per: {'acc': 0.5360215053763441, 'mcc': 0.06731982207530712} 	Test loss: 0.99066126
epoch: 91 time: 112.5960 
----->>>>> Training: 0.9965338349342346 0.9913669705390931 0.005166863207705319 0.0
Training: 0.9964764505624771 0.9912378489971161 0.005238599143922329 	Train per: 0.5294921875
	Val per: {'acc': 0.4649706457925636, 'mcc': 0.014502259934834654} 	Val loss: 1.0064242
	Test per: {'acc': 0.5344086021505376, 'mcc': 0.06385749363532918} 	Test loss: 0.99026126
epoch: 92 time: 106.8244 
----->>>>> Training: 0.996401709318161 0.9913659274578095 0.0050357748754322525 0.0
Training: 0.9962110400199891 0.9912455588579178 0.004965483210980892 	Train per: 0.529931640625
	Val per: {'acc': 0.47240704500978475, 'mcc': 0.033430335067922014} 	Val loss: 1.0057007
	Test per: {'acc': 0.5373655913978495, 'mcc': 0.07017939309857606} 	Test loss: 0.99059594
epoch: 93 time: 112.1207 
----->>>>> Training: 0.9961619913578034 0.9912298083305359 0.004932185402140021 0.0
Training: 0.9959753274917602 0.9910253375768662 0.004950009752064943 	Train per: 0.530615234375
	Val per: {'acc': 0.4688845401174168, 'mcc': 0.024880123248373392} 	Val loss: 1.0056506
	Test per: {'acc': 0.5360215053763441, 'mcc': 0.06735284062914056} 	Test loss: 0.99042165
epoch: 94 time: 113.9543 
----->>>>> Training: 0.996155971288681 0.9911470413208008 0.005008932715281844 0.0
Training: 0.9959184229373932 0.9908601373434067 0.005058273673057556 	Train per: 0.530078125
	Val per: {'acc': 0.4700587084148728, 'mcc': 0.026918851710387357} 	Val loss: 1.0057355
	Test per: {'acc': 0.5362903225806451, 'mcc': 0.0679175910201743} 	Test loss: 0.9901299
epoch: 95 time: 115.1365 
----->>>>> Training: 0.9961654722690583 0.9911770492792129 0.004988423339091242 0.0
Training: 0.9960307240486145 0.9911225885152817 0.004908127710223198 	Train per: 0.53193359375
	Val per: {'acc': 0.47475538160469666, 'mcc': 0.03258885513202437} 	Val loss: 1.0044208
	Test per: {'acc': 0.5384408602150538, 'mcc': 0.07245819435759657} 	Test loss: 0.9903803
epoch: 96 time: 108.5010 
----->>>>> Training: 0.9960307121276856 0.9911623239517212 0.004868387244641781 0.0
Training: 0.9958199083805084 0.9910237580537796 0.004796173423528671 	Train per: 0.532177734375
	Val per: {'acc': 0.4794520547945205, 'mcc': 0.04489022796619941} 	Val loss: 1.0045792
	Test per: {'acc': 0.539247311827957, 'mcc': 0.07417834449453775} 	Test loss: 0.9904019
epoch: 97 time: 111.0786 
----->>>>> Training: 0.9960309416055679 0.9912077218294144 0.004823214653879404 0.0
Training: 0.9958772182464599 0.9910835176706314 0.004793685395270586 	Train per: 0.53154296875
	Val per: {'acc': 0.4782778864970646, 'mcc': 0.041508195211448114} 	Val loss: 1.0046197
	Test per: {'acc': 0.5403225806451613, 'mcc': 0.0764662007317558} 	Test loss: 0.99025065
epoch: 98 time: 110.2918 
----->>>>> Training: 0.9958850890398026 0.9911294847726821 0.004755604057572782 0.0
Training: 0.9957175493240357 0.9909833341836929 0.004734206944704056 	Train per: 0.531494140625
	Val per: {'acc': 0.47906066536203523, 'mcc': 0.04527252252908836} 	Val loss: 1.0047126
	Test per: {'acc': 0.5389784946236559, 'mcc': 0.073611751977157} 	Test loss: 0.99019295
epoch: 99 time: 113.4310 
----->>>>> Training: 0.9958604633808136 0.9911033093929291 0.004757154150865972 0.0
Training: 0.9957034438848495 0.9908181756734848 0.004885285627096891 	Train per: 0.530517578125
	Val per: {'acc': 0.4774951076320939, 'mcc': 0.042877595285577774} 	Val loss: 1.0049316
	Test per: {'acc': 0.5387096774193548, 'mcc': 0.07307955366286605} 	Test loss: 0.98994106
epoch: 100 time: 116.3377 
----->>>>> Training: 0.9956075251102448 0.9908042460680008 0.004803276178427041 0.0
Training: 0.9954792380332946 0.9907101511955261 0.004769074264913797 	Train per: 0.53369140625
	Val per: {'acc': 0.4821917808219178, 'mcc': 0.047079165876424627} 	Val loss: 1.0039079
	Test per: {'acc': 0.5405913978494624, 'mcc': 0.0769979982726082} 	Test loss: 0.99015784
epoch: 101 time: 112.4310 
----->>>>> Training: 0.9956455647945404 0.9907415181398391 0.00490404674783349 0.0
Training: 0.995526647567749 0.9905463874340057 0.0049802581779658794 	Train per: 0.5328125
	Val per: {'acc': 0.4837573385518591, 'mcc': 0.05220700773971505} 	Val loss: 1.0041225
	Test per: {'acc': 0.5397849462365591, 'mcc': 0.07530372725134038} 	Test loss: 0.9897973
epoch: 102 time: 115.0202 
----->>>>> Training: 0.9955556422472001 0.9906097084283829 0.0049459377070888875 0.0
Training: 0.9954622119665146 0.9904504150152207 0.005011775530874729 	Train per: 0.534228515625
	Val per: {'acc': 0.4821917808219178, 'mcc': 0.04739028688000322} 	Val loss: 1.0043892
	Test per: {'acc': 0.5424731182795699, 'mcc': 0.08113425654640449} 	Test loss: 0.9896309
epoch: 103 time: 115.4095 
----->>>>> Training: 0.9955203473567963 0.9905134350061416 0.005006913538090884 0.0
Training: 0.9954054236412049 0.9904025763273239 0.005002827383577824 	Train per: 0.534521484375
	Val per: {'acc': 0.48610567514677105, 'mcc': 0.05428432392383382} 	Val loss: 1.0038425
	Test per: {'acc': 0.5424731182795699, 'mcc': 0.08097591311045305} 	Test loss: 0.98967284
epoch: 104 time: 112.8435 
----->>>>> Training: 0.9954408645629883 0.9904329955577851 0.005007875594310462 0.0
Training: 0.9953285962343216 0.9903330147266388 0.004995565861463547 	Train per: 0.533154296875
	Val per: {'acc': 0.4821917808219178, 'mcc': 0.04928879979538241} 	Val loss: 1.0042905
	Test per: {'acc': 0.5395161290322581, 'mcc': 0.07475385148140959} 	Test loss: 0.989552
epoch: 105 time: 114.2981 
----->>>>> Training: 0.9953952342271805 0.990509906411171 0.004885327257215977 0.0
Training: 0.9953087478876114 0.990522488951683 0.00478626973927021 	Train per: 0.534423828125
	Val per: {'acc': 0.4888454011741683, 'mcc': 0.05873428722305034} 	Val loss: 1.0034065
	Test per: {'acc': 0.5419354838709678, 'mcc': 0.07983530807344708} 	Test loss: 0.98981416
epoch: 106 time: 110.0916 
----->>>>> Training: 0.9955020397901535 0.9906173437833786 0.004884692095220089 0.0
Training: 0.9952987879514694 0.9903893887996673 0.004909399896860123 	Train per: 0.53486328125
	Val per: {'acc': 0.49158512720156555, 'mcc': 0.06403639422568663} 	Val loss: 1.0038035
	Test per: {'acc': 0.5435483870967742, 'mcc': 0.0833210143846303} 	Test loss: 0.9896275
epoch: 107 time: 113.4420 
----->>>>> Training: 0.9951455950736999 0.990314531326294 0.004831068753264845 0.0
Training: 0.9950744539499283 0.9902329474687577 0.004841523244976997 	Train per: 0.537353515625
	Val per: {'acc': 0.49354207436399217, 'mcc': 0.06633090720699528} 	Val loss: 1.0032737
	Test per: {'acc': 0.5435483870967742, 'mcc': 0.08322568749483204} 	Test loss: 0.9896255
epoch: 108 time: 112.7167 
----->>>>> Training: 0.995319026708603 0.9903852611780166 0.0049337725387886165 0.0
Training: 0.9951618134975433 0.9901851803064347 0.00497664837166667 	Train per: 0.53740234375
	Val per: {'acc': 0.49823874755381603, 'mcc': 0.07369451155503168} 	Val loss: 1.0034219
	Test per: {'acc': 0.5446236559139785, 'mcc': 0.08552923446809059} 	Test loss: 0.9894228
epoch: 109 time: 112.0078 
----->>>>> Training: 0.9951078087091446 0.989962300658226 0.005145510099828244 0.0
Training: 0.9949736773967743 0.9897972524166108 0.0051764026284217834 	Train per: 0.536181640625
	Val per: {'acc': 0.49275929549902153, 'mcc': 0.0634309634317406} 	Val loss: 1.0033771
	Test per: {'acc': 0.5438172043010753, 'mcc': 0.08379686756011337} 	Test loss: 0.9890518
epoch: 110 time: 109.6826 
----->>>>> Training: 0.9950721085071563 0.9900163650512696 0.005055747996084392 0.0
Training: 0.9948953062295913 0.9898906618356704 0.005004640202969313 	Train per: 0.53603515625
	Val per: {'acc': 0.4904109589041096, 'mcc': 0.06056710561290196} 	Val loss: 1.0035882
	Test per: {'acc': 0.5467741935483871, 'mcc': 0.09018079801244311} 	Test loss: 0.9890405
epoch: 111 time: 111.5319 
----->>>>> Training: 0.9949810475111007 0.9900111675262451 0.004969886736944318 0.0
Training: 0.9948593884706497 0.9898954004049301 0.004963976331055164 	Train per: 0.53671875
	Val per: {'acc': 0.4974559686888454, 'mcc': 0.07363387496969019} 	Val loss: 1.0031067
	Test per: {'acc': 0.546505376344086, 'mcc': 0.0895300283449381} 	Test loss: 0.9890983
epoch: 112 time: 108.5951 
----->>>>> Training: 0.994869178533554 0.9897592246532441 0.0051099515287205575 0.0
Training: 0.9949074387550354 0.9897643357515336 0.005143085028976202 	Train per: 0.539404296875
	Val per: {'acc': 0.5088062622309197, 'mcc': 0.08686706243991779} 	Val loss: 1.0025471
	Test per: {'acc': 0.5478494623655914, 'mcc': 0.09220300758894374} 	Test loss: 0.98890775
epoch: 113 time: 111.6854 
----->>>>> Training: 0.9950467318296432 0.9900092899799346 0.005037435842677951 0.0
Training: 0.9950325667858124 0.9900073558092117 0.005025208927690983 	Train per: 0.535888671875
	Val per: {'acc': 0.49902152641878667, 'mcc': 0.0798289953073563} 	Val loss: 1.0032107
	Test per: {'acc': 0.5440860215053763, 'mcc': 0.0844033152385538} 	Test loss: 0.9889227
epoch: 114 time: 110.5161 
----->>>>> Training: 0.9949423670768738 0.9898103326559067 0.00513203653972596 0.0
Training: 0.9947659581899643 0.9895227730274201 0.005243199411779642 	Train per: 0.537353515625
	Val per: {'acc': 0.5009784735812133, 'mcc': 0.07872790844733482} 	Val loss: 1.0031389
	Test per: {'acc': 0.5489247311827957, 'mcc': 0.09462730865016422} 	Test loss: 0.9886003
epoch: 115 time: 111.2170 
----->>>>> Training: 0.9949182540178299 0.9898189246654511 0.005099335382692516 0.0
Training: 0.9946938723325729 0.9895931452512741 0.005100753623992205 	Train per: 0.537451171875
	Val per: {'acc': 0.49902152641878667, 'mcc': 0.07531760410850108} 	Val loss: 1.0029708
	Test per: {'acc': 0.5494623655913978, 'mcc': 0.09572621052431665} 	Test loss: 0.9886547
epoch: 116 time: 113.1722 
----->>>>> Training: 0.9948537707328796 0.9896541118621827 0.005199661292135715 0.0
Training: 0.9946718424558639 0.9894774734973908 0.005194374825805426 	Train per: 0.53798828125
	Val per: {'acc': 0.5025440313111545, 'mcc': 0.08130732030395973} 	Val loss: 1.0027702
	Test per: {'acc': 0.5491935483870968, 'mcc': 0.09509192538554735} 	Test loss: 0.988584
epoch: 117 time: 113.5507 
----->>>>> Training: 0.9946706354618072 0.9894497215747833 0.005220913956873119 0.0
Training: 0.9949206620454788 0.9897196799516678 0.005200967192649841 	Train per: 0.54033203125
	Val per: {'acc': 0.5107632093933464, 'mcc': 0.08579318907605847} 	Val loss: 1.0028007
	Test per: {'acc': 0.5489247311827957, 'mcc': 0.09445894530653048} 	Test loss: 0.98862135
epoch: 118 time: 109.8574 
----->>>>> Training: 0.9947739452123642 0.9896400988101959 0.005133839510381222 0.0
Training: 0.99450523853302 0.9893473505973815 0.00515787722542882 	Train per: 0.53798828125
	Val per: {'acc': 0.5041095890410959, 'mcc': 0.08231373195451007} 	Val loss: 1.002833
	Test per: {'acc': 0.5494623655913978, 'mcc': 0.09572621052431665} 	Test loss: 0.98849374
epoch: 119 time: 116.0680 
----->>>>> Training: 0.994550347328186 0.9893734097480774 0.0051769263111054896 0.0
Training: 0.9944348603487014 0.9891484677791595 0.00528637133538723 	Train per: 0.53916015625
	Val per: {'acc': 0.5068493150684932, 'mcc': 0.08598332106530526} 	Val loss: 1.0024844
	Test per: {'acc': 0.5489247311827957, 'mcc': 0.09450849374055567} 	Test loss: 0.9883641
epoch: 120 time: 114.0380 
----->>>>> Training: 0.9945532709360123 0.9892220169305801 0.005331252259202302 0.0
Training: 0.9943646371364594 0.9889811456203461 0.0053835054859519005 	Train per: 0.53857421875
	Val per: {'acc': 0.5119373776908024, 'mcc': 0.09302595540193982} 	Val loss: 1.0018426
	Test per: {'acc': 0.5491935483870968, 'mcc': 0.09499372219217396} 	Test loss: 0.98828644
epoch: 121 time: 110.6174 
----->>>>> Training: 0.9946079701185226 0.9891088604927063 0.0054991072043776516 0.0
Training: 0.9944575130939484 0.9889805048704148 0.005477007478475571 	Train per: 0.5373046875
	Val per: {'acc': 0.5033268101761252, 'mcc': 0.0857908107771408} 	Val loss: 1.0032158
	Test per: {'acc': 0.5483870967741935, 'mcc': 0.0936417788421498} 	Test loss: 0.9879328
epoch: 122 time: 109.5835 
----->>>>> Training: 0.9945683896541595 0.9891216456890106 0.005446739052422345 0.0
Training: 0.9945122838020325 0.9890126824378968 0.005499602295458317 	Train per: 0.541064453125
	Val per: {'acc': 0.5154598825831702, 'mcc': 0.09545697326341147} 	Val loss: 1.0020087
	Test per: {'acc': 0.5497311827956989, 'mcc': 0.0961120073930303} 	Test loss: 0.9879175
epoch: 123 time: 113.3109 
----->>>>> Training: 0.9943680882453918 0.9889506816864013 0.0054174141958355905 0.0
Training: 0.9941914051771163 0.9887988537549972 0.005392526276409626 	Train per: 0.539208984375
	Val per: {'acc': 0.5084148727984344, 'mcc': 0.08698558885511826} 	Val loss: 1.0022482
	Test per: {'acc': 0.55, 'mcc': 0.09676684825065913} 	Test loss: 0.98792523
epoch: 124 time: 114.8858 
----->>>>> Training: 0.994450518488884 0.9889219403266907 0.005528576578944922 0.0
Training: 0.9942772924900055 0.9887158244848251 0.005561459343880415 	Train per: 0.539208984375
	Val per: {'acc': 0.5084148727984344, 'mcc': 0.08910465746813288} 	Val loss: 1.002198
	Test per: {'acc': 0.5483870967741935, 'mcc': 0.09337052049708545} 	Test loss: 0.9877483
epoch: 125 time: 111.1403 
----->>>>> Training: 0.9943374276161194 0.9887660354375839 0.00557139003649354 0.0
Training: 0.9942210257053375 0.9886978805065155 0.005523161496967077 	Train per: 0.5404296875
	Val per: {'acc': 0.5158512720156556, 'mcc': 0.09650043424351105} 	Val loss: 1.0017606
	Test per: {'acc': 0.5497311827956989, 'mcc': 0.0961120073930303} 	Test loss: 0.98782
epoch: 126 time: 111.3299 
----->>>>> Training: 0.9943847507238388 0.9888662785291672 0.005518472730182111 0.0
Training: 0.9942184597253799 0.9886810094118118 0.005537465214729309 	Train per: 0.5396484375
	Val per: {'acc': 0.513894324853229, 'mcc': 0.09565105086437017} 	Val loss: 1.0017949
	Test per: {'acc': 0.5494623655913978, 'mcc': 0.09555538579963124} 	Test loss: 0.98789746
epoch: 127 time: 112.0806 
----->>>>> Training: 0.9943708688020706 0.9886743813753128 0.005696485773660243 0.0
Training: 0.9940567374229431 0.9882226318120957 0.005834119860082865 	Train per: 0.538525390625
	Val per: {'acc': 0.5076320939334638, 'mcc': 0.0872405738216297} 	Val loss: 1.002354
	Test per: {'acc': 0.5497311827956989, 'mcc': 0.09624782036876878} 	Test loss: 0.9872027
epoch: 128 time: 113.6330 
----->>>>> Training: 0.9940704107284546 0.9883129894733429 0.00575741222128272 0.0
Training: 0.9939449489116668 0.9882369697093963 0.005707951728254557 	Train per: 0.540478515625
	Val per: {'acc': 0.5119373776908024, 'mcc': 0.09036848417777844} 	Val loss: 1.0017854
	Test per: {'acc': 0.5491935483870968, 'mcc': 0.09500381972907794} 	Test loss: 0.98737323
epoch: 129 time: 113.5029 
----->>>>> Training: 0.9939532339572906 0.9882722675800324 0.005680965888313949 0.0
Training: 0.9938215553760529 0.9881808668375015 0.005640713032335043 	Train per: 0.540380859375
	Val per: {'acc': 0.512720156555773, 'mcc': 0.0913116129247818} 	Val loss: 1.0015161
	Test per: {'acc': 0.5510752688172043, 'mcc': 0.09894267567490755} 	Test loss: 0.9873866
epoch: 130 time: 115.7515 
----->>>>> Training: 0.9939636498689651 0.988249933719635 0.0057137129362672566 0.0
Training: 0.9938904404640198 0.988157844543457 0.005732606630772352 	Train per: 0.5396484375
	Val per: {'acc': 0.511545988258317, 'mcc': 0.09136491037760765} 	Val loss: 1.0018364
	Test per: {'acc': 0.5502688172043011, 'mcc': 0.09732847584036794} 	Test loss: 0.987272
epoch: 131 time: 108.8367 
----->>>>> Training: 0.9939400583505631 0.9880771040916443 0.005862954561598599 0.0
Training: 0.9939615041017532 0.9880369216203689 0.005924604833126068 	Train per: 0.54013671875
	Val per: {'acc': 0.5142857142857142, 'mcc': 0.09731225710676994} 	Val loss: 1.0015727
	Test per: {'acc': 0.5486559139784947, 'mcc': 0.09387691986627918} 	Test loss: 0.98705226
epoch: 132 time: 115.0216 
----->>>>> Training: 0.9939187467098236 0.9879762947559356 0.005942456959746778 0.0
Training: 0.9936909079551697 0.9877430200576782 0.005947885103523731 	Train per: 0.541650390625
	Val per: {'acc': 0.5162426614481409, 'mcc': 0.09667534761254774} 	Val loss: 1.0014893
	Test per: {'acc': 0.55, 'mcc': 0.09669249913727947} 	Test loss: 0.98694366
epoch: 133 time: 109.5763 
----->>>>> Training: 0.9939284920692444 0.9878472149372101 0.006081279460340738 0.0
Training: 0.9939580917358398 0.9878661394119262 0.006091977935284376 	Train per: 0.541357421875
	Val per: {'acc': 0.5142857142857142, 'mcc': 0.09148384390249742} 	Val loss: 1.002048
	Test per: {'acc': 0.5494623655913978, 'mcc': 0.09566016578117172} 	Test loss: 0.9866451
epoch: 134 time: 115.0254 
----->>>>> Training: 0.9939189195632935 0.9879535287618637 0.0059653963195160035 0.0
Training: 0.993688827753067 0.987806037068367 0.005882772151380777 	Train per: 0.54287109375
	Val per: {'acc': 0.5205479452054794, 'mcc': 0.10289227175935313} 	Val loss: 1.0008372
	Test per: {'acc': 0.5486559139784947, 'mcc': 0.09386121121724673} 	Test loss: 0.98681784
epoch: 135 time: 114.4082 
----->>>>> Training: 0.9940071523189544 0.9880837172269821 0.005923434882424772 0.0
Training: 0.9938605695962905 0.9878654152154922 0.005995164159685373 	Train per: 0.54345703125
	Val per: {'acc': 0.5201565557729941, 'mcc': 0.09933819581947417} 	Val loss: 1.0014179
	Test per: {'acc': 0.5494623655913978, 'mcc': 0.09554447201095086} 	Test loss: 0.9863524
epoch: 136 time: 114.4433 
----->>>>> Training: 0.9938795298337937 0.9880352556705475 0.005844278004951775 0.0
Training: 0.9937113642692565 0.9878509163856506 0.005860473029315472 	Train per: 0.543017578125
	Val per: {'acc': 0.5193737769080234, 'mcc': 0.09785593844570521} 	Val loss: 1.00132
	Test per: {'acc': 0.5505376344086022, 'mcc': 0.09778831187570854} 	Test loss: 0.986639
epoch: 137 time: 112.6603 
----->>>>> Training: 0.9936987698078156 0.9876755088567734 0.00602326262742281 0.0
Training: 0.9935704052448273 0.9874008476734162 0.006169543135911226 	Train per: 0.54169921875
	Val per: {'acc': 0.5178082191780822, 'mcc': 0.09968079679954864} 	Val loss: 1.0011984
	Test per: {'acc': 0.5508064516129032, 'mcc': 0.09839211311090834} 	Test loss: 0.9864172
epoch: 138 time: 104.9553 
----->>>>> Training: 0.9937801867723465 0.9874873429536819 0.006292838486842811 0.0
Training: 0.9936382830142975 0.9872933059930802 0.006344981491565704 	Train per: 0.5408203125
	Val per: {'acc': 0.5185909980430529, 'mcc': 0.10264571870768938} 	Val loss: 1.000931
	Test per: {'acc': 0.5505376344086022, 'mcc': 0.09778553520474427} 	Test loss: 0.98606366
epoch: 139 time: 96.5596 
----->>>>> Training: 0.9937212556600571 0.9875653237104416 0.006155945151112974 0.0
Training: 0.993495523929596 0.9874280720949173 0.006067435257136822 	Train per: 0.543017578125
	Val per: {'acc': 0.5221135029354207, 'mcc': 0.1064376733378553} 	Val loss: 1.0010301
	Test per: {'acc': 0.5518817204301075, 'mcc': 0.10064602176058028} 	Test loss: 0.98631865
epoch: 140 time: 100.1720 
----->>>>> Training: 0.9935992956161499 0.9874421715736389 0.00615712939761579 0.0
Training: 0.9935822576284409 0.9872725039720536 0.00630977563560009 	Train per: 0.543017578125
	Val per: {'acc': 0.5256360078277886, 'mcc': 0.10715957517563249} 	Val loss: 1.000575
	Test per: {'acc': 0.5502688172043011, 'mcc': 0.09720771880137902} 	Test loss: 0.98586255
epoch: 141 time: 93.8954 
----->>>>> Training: 0.9936573594808579 0.9874772191047668 0.006180139840580523 0.0
Training: 0.9935375571250915 0.9873882055282592 0.0061493488028645515 	Train per: 0.544677734375
	Val per: {'acc': 0.5283757338551859, 'mcc': 0.10848729852276334} 	Val loss: 0.999927
	Test per: {'acc': 0.5505376344086022, 'mcc': 0.09776781924304916} 	Test loss: 0.9862192
epoch: 142 time: 99.4457 
----->>>>> Training: 0.993500006198883 0.9870490610599518 0.006450944370590151 0.0
Training: 0.9933046102523804 0.9868205785751343 0.006484039127826691 	Train per: 0.54189453125
	Val per: {'acc': 0.5221135029354207, 'mcc': 0.105861315441341} 	Val loss: 1.0005896
	Test per: {'acc': 0.5494623655913978, 'mcc': 0.09556649135917274} 	Test loss: 0.9856986
epoch: 143 time: 95.4767 
----->>>>> Training: 0.9935498028993607 0.9870312124490738 0.0065185896586626765 0.0
Training: 0.993479311466217 0.9869876474142074 0.006491688545793295 	Train per: 0.541796875
	Val per: {'acc': 0.5252446183953033, 'mcc': 0.11382454748390756} 	Val loss: 1.0003195
	Test per: {'acc': 0.5529569892473118, 'mcc': 0.10280189492104584} 	Test loss: 0.985824
epoch: 144 time: 95.0327 
----->>>>> Training: 0.9933779805898666 0.9869637966156006 0.006414189795032143 0.0
Training: 0.9933374404907227 0.9869543790817261 0.0063830590806901455 	Train per: 0.542529296875
	Val per: {'acc': 0.5240704500978474, 'mcc': 0.11279577226130953} 	Val loss: 1.0005821
	Test per: {'acc': 0.5516129032258065, 'mcc': 0.10006595368923486} 	Test loss: 0.98574114
epoch: 145 time: 99.4067 
----->>>>> Training: 0.9932654887437821 0.9869041711091995 0.006361315958201885 0.0
Training: 0.9931474834680557 0.9867336064577102 0.0064138853922486305 	Train per: 0.5451171875
	Val per: {'acc': 0.5256360078277886, 'mcc': 0.10825968844955469} 	Val loss: 1.0003272
	Test per: {'acc': 0.5510752688172043, 'mcc': 0.09887103600286046} 	Test loss: 0.9856675
epoch: 146 time: 99.3890 
----->>>>> Training: 0.9933423846960068 0.9868274390697479 0.0065149417845532295 0.0
Training: 0.9930778801441192 0.9865003287792206 0.0065775481052696705 	Train per: 0.543603515625
	Val per: {'acc': 0.524853228962818, 'mcc': 0.10959968453242307} 	Val loss: 1.0002772
	Test per: {'acc': 0.5513440860215054, 'mcc': 0.09942873168667893} 	Test loss: 0.9855175
epoch: 147 time: 100.0676 
----->>>>> Training: 0.9932998389005661 0.986651423573494 0.006648411112837494 0.0
Training: 0.9931486010551452 0.9865328431129455 0.006615739315748215 	Train per: 0.542626953125
	Val per: {'acc': 0.5217221135029354, 'mcc': 0.10598485363455547} 	Val loss: 1.0009565
	Test per: {'acc': 0.5502688172043011, 'mcc': 0.09728585959780614} 	Test loss: 0.9855786
epoch: 148 time: 98.3610 
----->>>>> Training: 0.9932963430881501 0.9868387937545776 0.006457555433735251 0.0
Training: 0.9930597424507142 0.9865847051143646 0.006475035101175308 	Train per: 0.545361328125
	Val per: {'acc': 0.524853228962818, 'mcc': 0.10488262942800142} 	Val loss: 1.000405
	Test per: {'acc': 0.5510752688172043, 'mcc': 0.09887163220300174} 	Test loss: 0.9855635
epoch: 149 time: 99.1696 

Best Valid performance: {'acc': 0.5283757338551859, 'mcc': 0.10848729852276334}
	Best Test performance: {'acc': 0.5505376344086022, 'mcc': 0.09776781924304916}
