Namespace(path='./data/stocknet-dataset/price/ourpped', seq=5, unit=4, alpha_l2=1.0, beta_adv=0.05, epsilon_adv=0.001, step=1, batch_size=1024, epoch=150, learning_rate=0.001, gpu=1, model_path='./saved_model/acl18_alstm/exp', model_save_path='./saved_model/acl18_resnet_alstm_2/exp', action='train', model='pure_lstm', fix_init=1, att=1, week=0, adv=0, hinge_lose=1, reload=0, resnet=1)
87  tickers selected
652 trading dates:
148 546 588
20315  training instances
2555  validation instances
3720  testing instances
Tensor("Shape:0", shape=(3,), dtype=int32)
is pred_lstm
device name: /gpu:0
outputs_shape: [None, 5, 4]
resshape: [None, 5, 4]
Shape of self.output: Tensor("Shape:0", shape=(3,), dtype=int32)
Shape of self.resnet_features: Tensor("Shape_1:0", shape=(3,), dtype=int32)
Shape of self.combined_features: [None, 5, 4]
adversarial scope
adversial part
Metal device set to: Apple M1 Pro

systemMemory: 16.00 GB
maxCacheSize: 5.33 GB

----->>>>> Training: 1.7745172083377838 0.9949233710765839 0.7795938342809677 0.0
Training: 1.7404018998146058 0.9915299832820892 0.748871922492981 	Train per: 0.51845703125
	Val per: {'acc': 0.5009784735812133, 'mcc': 0.06654069932063897} 	Val loss: 1.00806
	Test per: {'acc': 0.5083333333333333, 'mcc': 0.016079717208097068} 	Test loss: 0.99328935
epoch: 0 time: 11.7986 
----->>>>> Training: 1.7139561533927918 0.9916165560483933 0.7223395943641663 0.0
Training: 1.6833125531673432 0.9895708113908768 0.6937417387962341 	Train per: 0.5212890625
	Val per: {'acc': 0.4821917808219178, 'mcc': 0.03489822643720157} 	Val loss: 1.0105962
	Test per: {'acc': 0.5145161290322581, 'mcc': 0.02570966618885316} 	Test loss: 0.9890187
epoch: 1 time: 8.0478 
----->>>>> Training: 1.658067089319229 0.9889159083366394 0.6691511839628219 0.0
Training: 1.6317529261112214 0.9890926152467727 0.6426603198051453 	Train per: 0.516455078125
	Val per: {'acc': 0.4954990215264188, 'mcc': 0.05048553086260491} 	Val loss: 1.0017465
	Test per: {'acc': 0.5150537634408602, 'mcc': 0.031169285427305238} 	Test loss: 0.9897935
epoch: 2 time: 7.9377 
----->>>>> Training: 1.6077340126037598 0.9878708302974701 0.6198631644248962 0.0
Training: 1.581231427192688 0.9859798341989517 0.5952516198158264 	Train per: 0.5177734375
	Val per: {'acc': 0.49784735812133074, 'mcc': 0.05922924210528885} 	Val loss: 1.0057976
	Test per: {'acc': 0.5233870967741936, 'mcc': 0.04781003448547553} 	Test loss: 0.98207814
epoch: 3 time: 7.9520 
----->>>>> Training: 1.5588060319423676 0.9847482681274414 0.5740577638149261 0.0
Training: 1.5349336922168733 0.9837439835071564 0.5511897206306458 	Train per: 0.5189453125
	Val per: {'acc': 0.4954990215264188, 'mcc': 0.055555271094873564} 	Val loss: 1.0067259
	Test per: {'acc': 0.5255376344086021, 'mcc': 0.050615479576821006} 	Test loss: 0.9811329
epoch: 4 time: 8.1277 
----->>>>> Training: 1.5160759210586547 0.9846073865890503 0.5314685344696045 0.0
Training: 1.493469500541687 0.9833058446645737 0.5101636648178101 	Train per: 0.518212890625
	Val per: {'acc': 0.499412915851272, 'mcc': 0.05874095523665897} 	Val loss: 1.0050311
	Test per: {'acc': 0.5220430107526882, 'mcc': 0.045372876030461855} 	Test loss: 0.98159415
epoch: 5 time: 8.1696 
----->>>>> Training: 1.4748630702495575 0.983068722486496 0.4917943313717842 0.0
Training: 1.4558338284492494 0.9838610529899597 0.4719727635383606 	Train per: 0.51259765625
	Val per: {'acc': 0.473972602739726, 'mcc': 0.034397160411559} 	Val loss: 1.0162563
	Test per: {'acc': 0.5126344086021506, 'mcc': 0.018821564124810328} 	Test loss: 0.9823153
epoch: 6 time: 8.1387 
----->>>>> Training: 1.435913050174713 0.981064447760582 0.45484860241413116 0.0
Training: 1.4172180712223053 0.9808084696531296 0.436409592628479 	Train per: 0.51806640625
	Val per: {'acc': 0.4876712328767123, 'mcc': 0.042619461678237075} 	Val loss: 1.0078708
	Test per: {'acc': 0.5077956989247312, 'mcc': 0.012067645164347536} 	Test loss: 0.98179406
epoch: 7 time: 8.0931 
----->>>>> Training: 1.4017753958702088 0.9812610357999801 0.4205143630504608 0.0
Training: 1.3863929390907288 0.9830182522535325 0.40337467193603516 	Train per: 0.51318359375
	Val per: {'acc': 0.4771037181996086, 'mcc': 0.045313353728158846} 	Val loss: 1.0176029
	Test per: {'acc': 0.521505376344086, 'mcc': 0.03786940291915434} 	Test loss: 0.9766614
epoch: 8 time: 8.0754 
----->>>>> Training: 1.3703118920326234 0.9817795932292939 0.3885323092341423 0.0
Training: 1.3537479221820832 0.9811680346727372 0.3725798726081848 	Train per: 0.516357421875
	Val per: {'acc': 0.4943248532289628, 'mcc': 0.0476588083058676} 	Val loss: 1.011612
	Test per: {'acc': 0.5196236559139785, 'mcc': 0.03981042268347198} 	Test loss: 0.97729623
epoch: 9 time: 8.0917 
----->>>>> Training: 1.3432593107223512 0.9844581753015518 0.3588011309504509 0.0
Training: 1.3264805793762207 0.9825453668832779 0.34393519163131714 	Train per: 0.514892578125
	Val per: {'acc': 0.49275929549902153, 'mcc': 0.045016620073976936} 	Val loss: 1.0073649
	Test per: {'acc': 0.5223118279569893, 'mcc': 0.04657233139418472} 	Test loss: 0.97688544
epoch: 10 time: 8.1087 
----->>>>> Training: 1.3152529358863831 0.9841043889522553 0.3311485588550568 0.0
Training: 1.3004984378814697 0.9831734389066696 0.31732499599456787 	Train per: 0.516796875
	Val per: {'acc': 0.4919765166340509, 'mcc': 0.04589143940115518} 	Val loss: 1.0072508
	Test per: {'acc': 0.5220430107526882, 'mcc': 0.04586174132797589} 	Test loss: 0.97803295
epoch: 11 time: 8.1062 
----->>>>> Training: 1.287633192539215 0.9821071445941925 0.30552604496479036 0.0
Training: 1.2740600645542144 0.9812731206417084 0.29278692603111267 	Train per: 0.517578125
	Val per: {'acc': 0.4931506849315068, 'mcc': 0.05105709314642934} 	Val loss: 1.0123421
	Test per: {'acc': 0.5228494623655914, 'mcc': 0.047003225127177146} 	Test loss: 0.9737243
epoch: 12 time: 8.0096 
----->>>>> Training: 1.2623944938182832 0.9806031793355942 0.28179131299257276 0.0
Training: 1.2506424129009246 0.9806895434856415 0.2699528634548187 	Train per: 0.51884765625
	Val per: {'acc': 0.49784735812133074, 'mcc': 0.06270201198469938} 	Val loss: 1.0127572
	Test per: {'acc': 0.525, 'mcc': 0.05100942361152411} 	Test loss: 0.97362417
epoch: 13 time: 8.0660 
----->>>>> Training: 1.2420642137527467 0.9822762489318848 0.25978796631097795 0.0
Training: 1.230893224477768 0.9820623308420181 0.2488308846950531 	Train per: 0.518701171875
	Val per: {'acc': 0.49667318982387476, 'mcc': 0.06059756622932363} 	Val loss: 1.0141616
	Test per: {'acc': 0.5263440860215054, 'mcc': 0.053100355932548006} 	Test loss: 0.9748101
epoch: 14 time: 8.1750 
----->>>>> Training: 1.220845228433609 0.9814647376537323 0.23938049972057343 0.0
Training: 1.21056809425354 0.9813859432935714 0.229182168841362 	Train per: 0.518212890625
	Val per: {'acc': 0.4958904109589041, 'mcc': 0.05982449993406164} 	Val loss: 1.014726
	Test per: {'acc': 0.5255376344086021, 'mcc': 0.0512739648239911} 	Test loss: 0.97442055
epoch: 15 time: 8.0400 
----->>>>> Training: 1.202089750766754 0.9816901564598084 0.22039958983659744 0.0
Training: 1.1927220225334167 0.9817127406597137 0.21100927889347076 	Train per: 0.520361328125
	Val per: {'acc': 0.4954990215264188, 'mcc': 0.059849482665221894} 	Val loss: 1.0167404
	Test per: {'acc': 0.5274193548387097, 'mcc': 0.05450144883228504} 	Test loss: 0.97452104
epoch: 16 time: 8.2201 
----->>>>> Training: 1.1855507671833039 0.9826474130153656 0.20290335342288018 0.0
Training: 1.1765816330909729 0.98233762383461 0.19424401223659515 	Train per: 0.520751953125
	Val per: {'acc': 0.4939334637964775, 'mcc': 0.057464633703418436} 	Val loss: 1.0196847
	Test per: {'acc': 0.5298387096774193, 'mcc': 0.05906384483325779} 	Test loss: 0.9745822
epoch: 17 time: 8.3639 
----->>>>> Training: 1.1687678515911102 0.9820187985897064 0.18674906045198442 0.0
Training: 1.1604287981987 0.9817056864500046 0.17872311174869537 	Train per: 0.520947265625
	Val per: {'acc': 0.4911937377690802, 'mcc': 0.051529469005678265} 	Val loss: 1.0197775
	Test per: {'acc': 0.5330645161290323, 'mcc': 0.06513821610310623} 	Test loss: 0.9739295
epoch: 18 time: 8.2449 
----->>>>> Training: 1.1538675904273987 0.982087966799736 0.1717796169221401 0.0
Training: 1.1462516963481904 0.9818294405937195 0.16442222893238068 	Train per: 0.520849609375
	Val per: {'acc': 0.48845401174168296, 'mcc': 0.04555853007587497} 	Val loss: 1.020229
	Test per: {'acc': 0.5336021505376344, 'mcc': 0.06601851270912729} 	Test loss: 0.9734106
epoch: 19 time: 8.1523 
----->>>>> Training: 1.1400367617607117 0.9819522142410279 0.15808454900979996 0.0
Training: 1.1330349743366241 0.9817409604787827 0.15129400789737701 	Train per: 0.52060546875
	Val per: {'acc': 0.4876712328767123, 'mcc': 0.044447603658454904} 	Val loss: 1.0202762
	Test per: {'acc': 0.5330645161290323, 'mcc': 0.06484495011757326} 	Test loss: 0.9729035
epoch: 20 time: 8.4852 
----->>>>> Training: 1.1272153735160828 0.981860825419426 0.1453545406460762 0.0
Training: 1.1208036482334136 0.9817796140909195 0.1390240490436554 	Train per: 0.520703125
	Val per: {'acc': 0.4876712328767123, 'mcc': 0.04471237398599508} 	Val loss: 1.019758
	Test per: {'acc': 0.5327956989247312, 'mcc': 0.0642703729383109} 	Test loss: 0.9730047
epoch: 21 time: 8.2390 
----->>>>> Training: 1.1150978565216065 0.9813367545604705 0.13376109972596167 0.0
Training: 1.1092211604118347 0.981257364153862 0.1279638111591339 	Train per: 0.521484375
	Val per: {'acc': 0.48806262230919767, 'mcc': 0.045800514665780084} 	Val loss: 1.0196996
	Test per: {'acc': 0.5327956989247312, 'mcc': 0.0641516434378781} 	Test loss: 0.97263193
epoch: 22 time: 8.2408 
----->>>>> Training: 1.1041036784648894 0.9811755686998367 0.12292811162769794 0.0
Training: 1.098669993877411 0.981102591753006 0.11756740510463715 	Train per: 0.52158203125
	Val per: {'acc': 0.48649706457925634, 'mcc': 0.04119705573732275} 	Val loss: 1.0189682
	Test per: {'acc': 0.532258064516129, 'mcc': 0.06300339293881145} 	Test loss: 0.97278893
epoch: 23 time: 8.0562 
----->>>>> Training: 1.0947413325309754 0.9816652297973633 0.1130760882049799 0.0
Training: 1.0898216545581818 0.9816303849220276 0.10819125920534134 	Train per: 0.520703125
	Val per: {'acc': 0.48532289628180036, 'mcc': 0.03898365945857925} 	Val loss: 1.0190122
	Test per: {'acc': 0.5349462365591398, 'mcc': 0.06807751140253092} 	Test loss: 0.9725224
epoch: 24 time: 8.0783 
----->>>>> Training: 1.0853364050388337 0.9813271850347519 0.1040092296898365 0.0
Training: 1.0808369040489196 0.9813459604978562 0.0994909405708313 	Train per: 0.52080078125
	Val per: {'acc': 0.48610567514677105, 'mcc': 0.039602931341413225} 	Val loss: 1.0173063
	Test per: {'acc': 0.5344086021505376, 'mcc': 0.06710978478242256} 	Test loss: 0.9726463
epoch: 25 time: 8.0206 
----->>>>> Training: 1.0772094070911407 0.9815511882305146 0.09565821774303913 0.0
Training: 1.073075181245804 0.9815492570400238 0.09152594953775406 	Train per: 0.521435546875
	Val per: {'acc': 0.4868884540117417, 'mcc': 0.04175901172021952} 	Val loss: 1.0166538
	Test per: {'acc': 0.5327956989247312, 'mcc': 0.06367245871989866} 	Test loss: 0.9726123
epoch: 26 time: 8.0410 
----->>>>> Training: 1.069949847459793 0.9819876283407212 0.08796222396194935 0.0
Training: 1.0661833703517913 0.9820696443319321 0.08411373943090439 	Train per: 0.521533203125
	Val per: {'acc': 0.487279843444227, 'mcc': 0.042319310396291415} 	Val loss: 1.0158
	Test per: {'acc': 0.5327956989247312, 'mcc': 0.06360655642110509} 	Test loss: 0.9727869
epoch: 27 time: 8.4138 
----->>>>> Training: 1.0631132960319518 0.9822738260030747 0.08083948753774166 0.0
Training: 1.059669554233551 0.9823431462049484 0.07732640206813812 	Train per: 0.521826171875
	Val per: {'acc': 0.487279843444227, 'mcc': 0.042839192849700655} 	Val loss: 1.0150099
	Test per: {'acc': 0.5333333333333333, 'mcc': 0.06462133067784807} 	Test loss: 0.973073
epoch: 28 time: 8.3346 
----->>>>> Training: 1.0563135325908661 0.9819055736064911 0.07440796829760074 0.0
Training: 1.05315260887146 0.9819557070732117 0.07119687646627426 	Train per: 0.52236328125
	Val per: {'acc': 0.4876712328767123, 'mcc': 0.044183752088737954} 	Val loss: 1.0143664
	Test per: {'acc': 0.5341397849462366, 'mcc': 0.06614590294463847} 	Test loss: 0.9732171
epoch: 29 time: 7.9770 
----->>>>> Training: 1.05093013048172 0.9825494527816773 0.06838068515062332 0.0
Training: 1.0480711042881012 0.9826532036066056 0.06541792303323746 	Train per: 0.522607421875
	Val per: {'acc': 0.48845401174168296, 'mcc': 0.04582299854108866} 	Val loss: 1.013456
	Test per: {'acc': 0.5336021505376344, 'mcc': 0.06523701510797897} 	Test loss: 0.97391975
epoch: 30 time: 7.9725 
----->>>>> Training: 1.045700830221176 0.9827688068151474 0.0629320265725255 0.0
Training: 1.0431066393852233 0.9828584790229797 0.06024814397096634 	Train per: 0.522119140625
	Val per: {'acc': 0.48962818003913894, 'mcc': 0.04854210738638056} 	Val loss: 1.0131943
	Test per: {'acc': 0.5338709677419354, 'mcc': 0.06555308960932982} 	Test loss: 0.9742337
epoch: 31 time: 8.0264 
----->>>>> Training: 1.0412176370620727 0.9833604961633682 0.057857153750956056 0.0
Training: 1.038798350095749 0.9834691703319549 0.05532919242978096 	Train per: 0.521875
	Val per: {'acc': 0.4904109589041096, 'mcc': 0.049903894996636854} 	Val loss: 1.0127153
	Test per: {'acc': 0.5346774193548387, 'mcc': 0.06714326024941995} 	Test loss: 0.9748659
epoch: 32 time: 7.9936 
----->>>>> Training: 1.03656564950943 0.9833243489265442 0.0532413037493825 0.0
Training: 1.0343617618083953 0.98336521089077 0.05099654197692871 	Train per: 0.522998046875
	Val per: {'acc': 0.4900195694716243, 'mcc': 0.05044108851341091} 	Val loss: 1.0124663
	Test per: {'acc': 0.5365591397849462, 'mcc': 0.07071861414538366} 	Test loss: 0.9749706
epoch: 33 time: 7.9810 
----->>>>> Training: 1.0328730762004852 0.9837576538324356 0.04911543224006891 0.0
Training: 1.0308555245399476 0.9838364958763123 0.047019049525260925 	Train per: 0.52265625
	Val per: {'acc': 0.487279843444227, 'mcc': 0.04103474021214201} 	Val loss: 1.0106688
	Test per: {'acc': 0.5362903225806451, 'mcc': 0.0703659679832484} 	Test loss: 0.9751189
epoch: 34 time: 8.0969 
----->>>>> Training: 1.029476922750473 0.9842618554830551 0.04521506559103727 0.0
Training: 1.0276235342025757 0.9843061178922653 0.043317414820194244 	Train per: 0.522314453125
	Val per: {'acc': 0.4908023483365949, 'mcc': 0.051529562154103405} 	Val loss: 1.0113243
	Test per: {'acc': 0.535752688172043, 'mcc': 0.06924435193789626} 	Test loss: 0.97599757
epoch: 35 time: 8.0740 
----->>>>> Training: 1.0261114835739136 0.9844136446714401 0.04169784113764763 0.0
Training: 1.0244582891464233 0.9844669252634048 0.039991363883018494 	Train per: 0.522998046875
	Val per: {'acc': 0.4911937377690802, 'mcc': 0.053443780776462016} 	Val loss: 1.0115961
	Test per: {'acc': 0.5362903225806451, 'mcc': 0.07014835659032546} 	Test loss: 0.9763042
epoch: 36 time: 8.0654 
----->>>>> Training: 1.0229729771614076 0.9844939351081848 0.038479039631783965 0.0
Training: 1.0214411616325378 0.9845537334680557 0.03688744455575943 	Train per: 0.523388671875
	Val per: {'acc': 0.4900195694716243, 'mcc': 0.049089663910071656} 	Val loss: 1.0106841
	Test per: {'acc': 0.5360215053763441, 'mcc': 0.0696952812286365} 	Test loss: 0.9767004
epoch: 37 time: 8.0888 
----->>>>> Training: 1.0203474938869477 0.9849266737699509 0.035420820116996765 0.0
Training: 1.0189061403274535 0.9849773973226548 0.03392874822020531 	Train per: 0.52392578125
	Val per: {'acc': 0.4900195694716243, 'mcc': 0.04935804843153043} 	Val loss: 1.0101167
	Test per: {'acc': 0.5338709677419354, 'mcc': 0.065267220907604} 	Test loss: 0.97719437
epoch: 38 time: 8.0683 
----->>>>> Training: 1.0175968527793884 0.9848876237869263 0.032709233276546 0.0
Training: 1.016277676820755 0.9848879456520081 0.03138972073793411 	Train per: 0.5244140625
	Val per: {'acc': 0.4868884540117417, 'mcc': 0.04306600607041125} 	Val loss: 1.0104158
	Test per: {'acc': 0.5368279569892473, 'mcc': 0.07089782274240564} 	Test loss: 0.9771994
epoch: 39 time: 8.0082 
----->>>>> Training: 1.0157092452049254 0.9853820681571961 0.03032717164605856 0.0
Training: 1.0144839823246001 0.985351237654686 0.02913273125886917 	Train per: 0.524853515625
	Val per: {'acc': 0.48845401174168296, 'mcc': 0.04529497088260828} 	Val loss: 1.0091734
	Test per: {'acc': 0.5368279569892473, 'mcc': 0.07106110139638319} 	Test loss: 0.97726786
epoch: 40 time: 8.0163 
----->>>>> Training: 1.0137595742940904 0.9855985939502716 0.028160979598760606 0.0
Training: 1.0125723689794541 0.9855047285556793 0.027067625895142555 	Train per: 0.524951171875
	Val per: {'acc': 0.4868884540117417, 'mcc': 0.043330129214283024} 	Val loss: 1.0097483
	Test per: {'acc': 0.5384408602150538, 'mcc': 0.0741186067481099} 	Test loss: 0.97739863
epoch: 41 time: 8.0162 
----->>>>> Training: 1.0115503251552582 0.9856204032897949 0.02592992503196001 0.0
Training: 1.0104455590248107 0.9855806291103363 0.02486494742333889 	Train per: 0.5259765625
	Val per: {'acc': 0.49275929549902153, 'mcc': 0.05261565342819855} 	Val loss: 1.0072944
	Test per: {'acc': 0.5395161290322581, 'mcc': 0.07662473831630537} 	Test loss: 0.97742736
epoch: 42 time: 8.0304 
----->>>>> Training: 1.0097109615802764 0.9856156259775162 0.02409533876925707 0.0
Training: 1.0086310982704163 0.9854320377111435 0.023199070245027542 	Train per: 0.52626953125
	Val per: {'acc': 0.4986301369863014, 'mcc': 0.0651083309859692} 	Val loss: 1.0060158
	Test per: {'acc': 0.5456989247311828, 'mcc': 0.08888682230208679} 	Test loss: 0.97576445
epoch: 43 time: 7.9867 
----->>>>> Training: 1.0077442318201064 0.9854118019342423 0.02233243118971586 0.0
Training: 1.00679911673069 0.9852946162223816 0.021504489704966545 	Train per: 0.528271484375
	Val per: {'acc': 0.5033268101761252, 'mcc': 0.071202518547605} 	Val loss: 1.0046235
	Test per: {'acc': 0.5481182795698925, 'mcc': 0.09399605984848465} 	Test loss: 0.97507626
epoch: 44 time: 9.6264 
----->>>>> Training: 1.0062619924545289 0.9853697627782821 0.02089223572984338 0.0
Training: 1.0051200598478318 0.9849787890911103 0.020141281187534332 	Train per: 0.5326171875
	Val per: {'acc': 0.5013698630136987, 'mcc': 0.06414115363928424} 	Val loss: 1.0031447
	Test per: {'acc': 0.5567204301075269, 'mcc': 0.1110824086859057} 	Test loss: 0.9722163
epoch: 45 time: 7.9902 
----->>>>> Training: 1.0047548472881318 0.9852928519248962 0.01946199256926775 0.0
Training: 1.0036163449287414 0.9848182260990143 0.018798120319843292 	Train per: 0.532080078125
	Val per: {'acc': 0.5033268101761252, 'mcc': 0.07742797448258937} 	Val loss: 1.0025259
	Test per: {'acc': 0.560752688172043, 'mcc': 0.11879320168835021} 	Test loss: 0.97154224
epoch: 46 time: 8.0026 
----->>>>> Training: 1.003243976831436 0.9848559945821762 0.01838797703385353 0.0
Training: 1.002359041571617 0.9844936341047287 0.017865411937236786 	Train per: 0.533349609375
	Val per: {'acc': 0.5045009784735812, 'mcc': 0.08341336973977814} 	Val loss: 1.0025494
	Test per: {'acc': 0.5583333333333333, 'mcc': 0.11389362007765405} 	Test loss: 0.971839
epoch: 47 time: 9.3285 
----->>>>> Training: 1.001885563135147 0.9846207469701767 0.017264800798147916 0.0
Training: 1.0010049641132355 0.9842391639947892 0.016765784472227097 	Train per: 0.533642578125
	Val per: {'acc': 0.5080234833659492, 'mcc': 0.09240605609390212} 	Val loss: 1.0022657
	Test per: {'acc': 0.5599462365591398, 'mcc': 0.11712675116792612} 	Test loss: 0.9710048
epoch: 48 time: 9.4974 
----->>>>> Training: 1.0011341601610184 0.9847622781991958 0.01637188093736768 0.0
Training: 1.0003247648477553 0.9844113230705261 0.01591343618929386 	Train per: 0.535205078125
	Val per: {'acc': 0.5068493150684932, 'mcc': 0.08240803678245813} 	Val loss: 1.0012709
	Test per: {'acc': 0.5583333333333333, 'mcc': 0.11418237851956829} 	Test loss: 0.9709084
epoch: 49 time: 8.0073 
----->>>>> Training: 1.0000072836875915 0.9846124172210693 0.015394864650443197 0.0
Training: 0.9992409527301789 0.9843555331230164 0.014885400421917439 	Train per: 0.53515625
	Val per: {'acc': 0.5068493150684932, 'mcc': 0.09100916460142566} 	Val loss: 1.0030115
	Test per: {'acc': 0.560752688172043, 'mcc': 0.11878648437968962} 	Test loss: 0.97111213
epoch: 50 time: 7.9885 
----->>>>> Training: 0.9987778931856155 0.9840558290481567 0.014722071588039398 0.0
Training: 0.9980471044778824 0.9836323320865631 0.01441476121544838 	Train per: 0.535888671875
	Val per: {'acc': 0.5080234833659492, 'mcc': 0.09081223596250745} 	Val loss: 1.0023085
	Test per: {'acc': 0.5629032258064516, 'mcc': 0.12318588240160967} 	Test loss: 0.96895397
epoch: 51 time: 7.9864 
----->>>>> Training: 0.9980579048395157 0.98397176861763 0.014086140505969524 0.0
Training: 0.9974876940250397 0.983735877275467 0.013751807622611523 	Train per: 0.536474609375
	Val per: {'acc': 0.5064579256360078, 'mcc': 0.0822161288374009} 	Val loss: 1.002458
	Test per: {'acc': 0.5637096774193548, 'mcc': 0.12482637803854421} 	Test loss: 0.9690327
epoch: 52 time: 7.9886 
----->>>>> Training: 0.997180700302124 0.9836246132850647 0.013556076027452946 0.0
Training: 0.9965729653835297 0.9832647949457168 0.013308171182870865 	Train per: 0.535595703125
	Val per: {'acc': 0.5060665362035225, 'mcc': 0.08751085724077869} 	Val loss: 1.0034428
	Test per: {'acc': 0.560752688172043, 'mcc': 0.11879081503203613} 	Test loss: 0.9701208
epoch: 53 time: 8.0926 
----->>>>> Training: 0.9970646262168884 0.9841201722621917 0.012944450555369257 0.0
Training: 0.9962923169136048 0.9834795325994492 0.012812784872949123 	Train per: 0.5380859375
	Val per: {'acc': 0.5080234833659492, 'mcc': 0.08561551260404765} 	Val loss: 1.0018983
	Test per: {'acc': 0.560752688172043, 'mcc': 0.11901599282462628} 	Test loss: 0.96955377
epoch: 54 time: 7.9618 
----->>>>> Training: 0.9963373214006424 0.9836230516433716 0.01271427101455629 0.0
Training: 0.9956333667039872 0.9831380128860474 0.012495357543230057 	Train per: 0.535986328125
	Val per: {'acc': 0.5068493150684932, 'mcc': 0.09004258234091314} 	Val loss: 1.0031455
	Test per: {'acc': 0.5620967741935484, 'mcc': 0.12154123234450719} 	Test loss: 0.96879303
epoch: 55 time: 7.9972 
----->>>>> Training: 0.9955679208040238 0.9833544671535492 0.012213457841426134 0.0
Training: 0.9951421439647674 0.9831378877162933 0.012004251591861248 	Train per: 0.537890625
	Val per: {'acc': 0.5060665362035225, 'mcc': 0.077161774001151} 	Val loss: 1.001637
	Test per: {'acc': 0.564247311827957, 'mcc': 0.12594757717022848} 	Test loss: 0.9674187
epoch: 56 time: 8.0254 
----->>>>> Training: 0.9951606035232544 0.9833029091358185 0.011857694946229458 0.0
Training: 0.9946827679872513 0.9830381125211716 0.01164463721215725 	Train per: 0.537353515625
	Val per: {'acc': 0.5056751467710372, 'mcc': 0.08424179853850981} 	Val loss: 1.003129
	Test per: {'acc': 0.5615591397849462, 'mcc': 0.12049762503931001} 	Test loss: 0.96951705
epoch: 57 time: 7.9915 
----->>>>> Training: 0.9957154929637909 0.9840870708227157 0.011628424189984799 0.0
Training: 0.9946232914924622 0.9831669181585312 0.01145637221634388 	Train per: 0.533984375
	Val per: {'acc': 0.5025440313111545, 'mcc': 0.08418298633658186} 	Val loss: 1.0051796
	Test per: {'acc': 0.5645161290322581, 'mcc': 0.12679258774846452} 	Test loss: 0.9677915
epoch: 58 time: 7.9902 
----->>>>> Training: 0.9945152670145034 0.9833333939313889 0.011181875178590418 0.0
Training: 0.9940168857574463 0.9829468727111816 0.01107002329081297 	Train per: 0.539013671875
	Val per: {'acc': 0.5021526418786693, 'mcc': 0.06185586331539627} 	Val loss: 1.0020834
	Test per: {'acc': 0.5690860215053763, 'mcc': 0.13587221706367} 	Test loss: 0.96660995
epoch: 59 time: 7.9820 
----->>>>> Training: 0.9941798090934754 0.9831389099359512 0.011040902556851506 0.0
Training: 0.9936907142400742 0.9826708406209945 0.011019876226782799 	Train per: 0.536572265625
	Val per: {'acc': 0.5013698630136987, 'mcc': 0.07614831358758908} 	Val loss: 1.0052814
	Test per: {'acc': 0.5658602150537635, 'mcc': 0.12937267275079078} 	Test loss: 0.967463
epoch: 60 time: 8.0415 
----->>>>> Training: 0.9932077497243881 0.9821914732456207 0.01101628178730607 0.0
Training: 0.992994201183319 0.9821922898292541 0.010801917873322964 	Train per: 0.540234375
	Val per: {'acc': 0.5072407045009785, 'mcc': 0.07808495302913769} 	Val loss: 1.0027069
	Test per: {'acc': 0.5696236559139785, 'mcc': 0.13691541217113753} 	Test loss: 0.9650409
epoch: 61 time: 7.9978 
----->>>>> Training: 0.9933939456939698 0.9826294332742691 0.010764510836452246 0.0
Training: 0.9926107704639435 0.982026892900467 0.010583904571831226 	Train per: 0.539892578125
	Val per: {'acc': 0.5056751467710372, 'mcc': 0.08065960588010539} 	Val loss: 1.0034046
	Test per: {'acc': 0.5663978494623656, 'mcc': 0.13035008434048873} 	Test loss: 0.9660915
epoch: 62 time: 8.0165 
----->>>>> Training: 0.9928025722503662 0.9823245435953141 0.010478028189390897 0.0
Training: 0.9923326432704925 0.9819493442773819 0.010383302345871925 	Train per: 0.53837890625
	Val per: {'acc': 0.5080234833659492, 'mcc': 0.08680895855465713} 	Val loss: 1.0033983
	Test per: {'acc': 0.5658602150537635, 'mcc': 0.12921775778199773} 	Test loss: 0.96625644
epoch: 63 time: 8.0102 
----->>>>> Training: 0.9925028592348099 0.9821888178586959 0.010314036346971988 0.0
Training: 0.9919667422771454 0.9816601991653442 0.010306552052497864 	Train per: 0.538525390625
	Val per: {'acc': 0.5052837573385519, 'mcc': 0.0758964464053967} 	Val loss: 1.0032088
	Test per: {'acc': 0.567741935483871, 'mcc': 0.13307142669066932} 	Test loss: 0.96576124
epoch: 64 time: 8.0025 
----->>>>> Training: 0.9925939172506333 0.9821612536907196 0.01043267515487969 0.0
Training: 0.9921887964010239 0.9817833751440048 0.010405437089502811 	Train per: 0.538232421875
	Val per: {'acc': 0.5052837573385519, 'mcc': 0.07786436347668065} 	Val loss: 1.0034144
	Test per: {'acc': 0.5637096774193548, 'mcc': 0.12487212166001545} 	Test loss: 0.96626
epoch: 65 time: 8.0570 
----->>>>> Training: 0.9923125267028808 0.9820371001958847 0.010275420686230063 0.0
Training: 0.9916588693857193 0.9814506858587265 0.010208185762166977 	Train per: 0.5400390625
	Val per: {'acc': 0.5068493150684932, 'mcc': 0.0803918444895087} 	Val loss: 1.00304
	Test per: {'acc': 0.5701612903225807, 'mcc': 0.13798846066298498} 	Test loss: 0.96437114
epoch: 66 time: 8.0330 
----->>>>> Training: 0.9919975668191909 0.9817341297864914 0.010263440571725369 0.0
Training: 0.9916500061750412 0.981380718946457 0.010269285179674625 	Train per: 0.53818359375
	Val per: {'acc': 0.5052837573385519, 'mcc': 0.07729733860757326} 	Val loss: 1.0035179
	Test per: {'acc': 0.5666666666666667, 'mcc': 0.13085600474012105} 	Test loss: 0.9648633
epoch: 67 time: 8.0156 
----->>>>> Training: 0.992019185423851 0.9817311495542527 0.010288035962730646 0.0
Training: 0.9916880637407303 0.9815609306097031 0.010127143934369087 	Train per: 0.53740234375
	Val per: {'acc': 0.5060665362035225, 'mcc': 0.07688431351753489} 	Val loss: 1.0034066
	Test per: {'acc': 0.5661290322580645, 'mcc': 0.1297737574497755} 	Test loss: 0.96537614
epoch: 68 time: 7.9994 
----->>>>> Training: 0.9912561625242233 0.9814300060272216 0.009826154354959727 0.0
Training: 0.9906156331300735 0.9807798594236374 0.009835763834416866 	Train per: 0.539697265625
	Val per: {'acc': 0.5056751467710372, 'mcc': 0.07501495312017187} 	Val loss: 1.0029311
	Test per: {'acc': 0.568010752688172, 'mcc': 0.13359951480156207} 	Test loss: 0.96487933
epoch: 69 time: 8.0611 
----->>>>> Training: 0.9911860704421998 0.9808784186840057 0.010307649476453662 0.0
Training: 0.9907650977373124 0.9802717596292496 0.010493345558643341 	Train per: 0.5390625
	Val per: {'acc': 0.5037181996086105, 'mcc': 0.0733536437458131} 	Val loss: 1.0039089
	Test per: {'acc': 0.5682795698924731, 'mcc': 0.13415385283827583} 	Test loss: 0.9630189
epoch: 70 time: 8.0538 
----->>>>> Training: 0.9906900495290756 0.9803598701953888 0.010330178402364254 0.0
Training: 0.9903892636299133 0.9800769448280334 0.010312343016266823 	Train per: 0.5404296875
	Val per: {'acc': 0.5060665362035225, 'mcc': 0.07633211653315396} 	Val loss: 1.0032275
	Test per: {'acc': 0.568010752688172, 'mcc': 0.13360214214598526} 	Test loss: 0.9631722
epoch: 71 time: 8.0414 
----->>>>> Training: 0.99065181016922 0.9803083151578903 0.010343494173139334 0.0
Training: 0.9903761208057403 0.9800286918878556 0.010347433388233185 	Train per: 0.540087890625
	Val per: {'acc': 0.5088062622309197, 'mcc': 0.08424337052591743} 	Val loss: 1.0039555
	Test per: {'acc': 0.5682795698924731, 'mcc': 0.13414764216209438} 	Test loss: 0.96179575
epoch: 72 time: 9.5784 
----->>>>> Training: 0.9905765503644943 0.9803809881210327 0.010195563081651926 0.0
Training: 0.9904312878847122 0.9802892625331878 0.010142011567950249 	Train per: 0.540576171875
	Val per: {'acc': 0.5045009784735812, 'mcc': 0.07029636420843882} 	Val loss: 1.0025916
	Test per: {'acc': 0.568010752688172, 'mcc': 0.13371967590964495} 	Test loss: 0.96318126
epoch: 73 time: 8.1137 
----->>>>> Training: 0.9903242707252502 0.9798980861902237 0.010426189703866839 0.0
Training: 0.9897736519575119 0.9792160004377365 0.010557648725807667 	Train per: 0.54052734375
	Val per: {'acc': 0.5033268101761252, 'mcc': 0.07313276449042788} 	Val loss: 1.004256
	Test per: {'acc': 0.5666666666666667, 'mcc': 0.13085641367027917} 	Test loss: 0.9618676
epoch: 74 time: 8.2477 
----->>>>> Training: 0.9904769361019135 0.9797185301780701 0.01075840531848371 0.0
Training: 0.9902038246393203 0.9794824987649917 0.010721319355070591 	Train per: 0.537939453125
	Val per: {'acc': 0.5048923679060665, 'mcc': 0.08513924767097368} 	Val loss: 1.005783
	Test per: {'acc': 0.5650537634408602, 'mcc': 0.1277126292324542} 	Test loss: 0.96178347
epoch: 75 time: 8.0714 
----->>>>> Training: 0.9899372607469559 0.9793330758810044 0.010604177555069327 0.0
Training: 0.9895980566740036 0.979119086265564 0.010478944517672062 	Train per: 0.54228515625
	Val per: {'acc': 0.5080234833659492, 'mcc': 0.07531271902835202} 	Val loss: 1.0032597
	Test per: {'acc': 0.5682795698924731, 'mcc': 0.13429318682116814} 	Test loss: 0.9607623
epoch: 76 time: 8.0079 
----->>>>> Training: 0.9898486226797104 0.9794610649347305 0.010387549176812172 0.0
Training: 0.9893949031829834 0.9788434475660324 0.010551472194492817 	Train per: 0.540771484375
	Val per: {'acc': 0.5056751467710372, 'mcc': 0.07750788514366416} 	Val loss: 1.0048102
	Test per: {'acc': 0.5674731182795699, 'mcc': 0.1325070172965313} 	Test loss: 0.9611919
epoch: 77 time: 8.0142 
----->>>>> Training: 0.9897719860076905 0.9791983425617218 0.010573649359866977 0.0
Training: 0.9895706385374069 0.97903992831707 0.010530703701078892 	Train per: 0.541455078125
	Val per: {'acc': 0.5068493150684932, 'mcc': 0.07408772057884341} 	Val loss: 1.0041388
	Test per: {'acc': 0.5720430107526882, 'mcc': 0.14180823431437} 	Test loss: 0.9593028
epoch: 78 time: 8.0233 
----->>>>> Training: 0.9893007755279541 0.9788449615240097 0.010455815307796 0.0
Training: 0.9893136590719223 0.978797197341919 0.010516458190977573 	Train per: 0.540234375
	Val per: {'acc': 0.5064579256360078, 'mcc': 0.08163198228995978} 	Val loss: 1.0055352
	Test per: {'acc': 0.5637096774193548, 'mcc': 0.12487212166001545} 	Test loss: 0.9627948
epoch: 79 time: 8.0202 
----->>>>> Training: 0.9899801075458526 0.9789985954761505 0.010981513187289238 0.0
Training: 0.9893219947814942 0.9781309217214584 0.011191078461706638 	Train per: 0.54052734375
	Val per: {'acc': 0.5064579256360078, 'mcc': 0.07546273701125016} 	Val loss: 1.0050453
	Test per: {'acc': 0.5674731182795699, 'mcc': 0.13253048451092692} 	Test loss: 0.9590018
epoch: 80 time: 7.9494 
----->>>>> Training: 0.9889975368976593 0.9778787702322006 0.011118768993765116 0.0
Training: 0.9887319892644882 0.9778187990188598 0.010913180187344551 	Train per: 0.540673828125
	Val per: {'acc': 0.5084148727984344, 'mcc': 0.0855046026308085} 	Val loss: 1.0053641
	Test per: {'acc': 0.5672043010752689, 'mcc': 0.1319742541042681} 	Test loss: 0.95973176
epoch: 81 time: 8.0057 
----->>>>> Training: 0.989243108034134 0.9781258553266525 0.011117246467620134 0.0
Training: 0.9891064375638962 0.9779594749212265 0.01114698313176632 	Train per: 0.542333984375
	Val per: {'acc': 0.5064579256360078, 'mcc': 0.07227727822267233} 	Val loss: 1.0043846
	Test per: {'acc': 0.5685483870967742, 'mcc': 0.13487684164132507} 	Test loss: 0.95849323
epoch: 82 time: 8.1054 
----->>>>> Training: 0.9898322284221649 0.9787793159484863 0.011052912101149559 0.0
Training: 0.9890349358320236 0.9782615154981613 0.01077340729534626 	Train per: 0.540771484375
	Val per: {'acc': 0.510371819960861, 'mcc': 0.08172136469445093} 	Val loss: 1.0046401
	Test per: {'acc': 0.5720430107526882, 'mcc': 0.141811201197013} 	Test loss: 0.95858246
epoch: 83 time: 9.7095 
----->>>>> Training: 0.9889089971780777 0.9784832507371902 0.010425744066014885 0.0
Training: 0.9884427607059478 0.9778655588626861 0.010577229782938957 	Train per: 0.54189453125
	Val per: {'acc': 0.5048923679060665, 'mcc': 0.0721267245186338} 	Val loss: 1.0045522
	Test per: {'acc': 0.5674731182795699, 'mcc': 0.1326256655549106} 	Test loss: 0.95969903
epoch: 84 time: 8.1118 
----->>>>> Training: 0.9889670014381409 0.9781026780605316 0.010864323889836668 0.0
Training: 0.9884067952632904 0.9773922145366669 0.011014598421752453 	Train per: 0.541943359375
	Val per: {'acc': 0.5099804305283757, 'mcc': 0.07571952113032372} 	Val loss: 1.003718
	Test per: {'acc': 0.5672043010752689, 'mcc': 0.1320785863845396} 	Test loss: 0.9576856
epoch: 85 time: 8.0110 
----->>>>> Training: 0.9888116747140885 0.977676609158516 0.011135056894272567 0.0
Training: 0.9881892144680023 0.9770110785961151 0.011178161017596722 	Train per: 0.542236328125
	Val per: {'acc': 0.5056751467710372, 'mcc': 0.06744217190585933} 	Val loss: 1.0042918
	Test per: {'acc': 0.5688172043010753, 'mcc': 0.13533079865093833} 	Test loss: 0.9576037
epoch: 86 time: 8.0212 
----->>>>> Training: 0.9882894903421402 0.9770300567150116 0.0112594251986593 0.0
Training: 0.9880596816539764 0.9768399983644486 0.011219694279134274 	Train per: 0.5412109375
	Val per: {'acc': 0.5025440313111545, 'mcc': 0.06803795004294551} 	Val loss: 1.0057687
	Test per: {'acc': 0.5674731182795699, 'mcc': 0.1325042758460314} 	Test loss: 0.9582392
epoch: 87 time: 7.9805 
----->>>>> Training: 0.9883712708950043 0.9771488308906555 0.011222443077713251 0.0
Training: 0.9881940722465515 0.9768430799245834 0.011350994929671288 	Train per: 0.542138671875
	Val per: {'acc': 0.5041095890410959, 'mcc': 0.06979319853609833} 	Val loss: 1.0057253
	Test per: {'acc': 0.5655913978494623, 'mcc': 0.1288514554107957} 	Test loss: 0.95802987
epoch: 88 time: 7.9737 
----->>>>> Training: 0.9882651776075363 0.9765437483787537 0.011721428669989108 0.0
Training: 0.9879055827856064 0.9760068237781525 0.011898772791028023 	Train per: 0.54267578125
	Val per: {'acc': 0.5052837573385519, 'mcc': 0.06519987113641501} 	Val loss: 1.0049732
	Test per: {'acc': 0.5674731182795699, 'mcc': 0.1327050810435424} 	Test loss: 0.9557908
epoch: 89 time: 7.9829 
----->>>>> Training: 0.9882423639297485 0.976431992650032 0.011810373980551958 0.0
Training: 0.9877793520689011 0.9760511189699173 0.011728247627615929 	Train per: 0.542041015625
	Val per: {'acc': 0.5033268101761252, 'mcc': 0.07369261505705413} 	Val loss: 1.0069398
	Test per: {'acc': 0.5663978494623656, 'mcc': 0.13030757824137557} 	Test loss: 0.9578957
epoch: 90 time: 7.9793 
----->>>>> Training: 0.9880759000778199 0.9764910012483596 0.01158489640802145 0.0
Training: 0.987552535533905 0.9759207516908646 0.011631757952272892 	Train per: 0.543505859375
	Val per: {'acc': 0.5056751467710372, 'mcc': 0.06794396601632333} 	Val loss: 1.0049163
	Test per: {'acc': 0.571505376344086, 'mcc': 0.14074050482810233} 	Test loss: 0.95566094
epoch: 91 time: 7.9664 
----->>>>> Training: 0.9879719883203506 0.9760874778032302 0.011884504044428468 0.0
Training: 0.9874811947345734 0.9753163635730744 0.01216485071927309 	Train per: 0.5431640625
	Val per: {'acc': 0.5056751467710372, 'mcc': 0.0707557411471888} 	Val loss: 1.0061487
	Test per: {'acc': 0.5685483870967742, 'mcc': 0.13473690212087025} 	Test loss: 0.9554662
epoch: 92 time: 7.9808 
----->>>>> Training: 0.9876631736755371 0.97580845952034 0.011854717042297125 0.0
Training: 0.9872083961963654 0.9751617550849915 0.012046651914715767 	Train per: 0.542138671875
	Val per: {'acc': 0.5072407045009785, 'mcc': 0.07618235735067053} 	Val loss: 1.0060917
	Test per: {'acc': 0.5693548387096774, 'mcc': 0.1363341133199456} 	Test loss: 0.95520216
epoch: 93 time: 7.9806 
----->>>>> Training: 0.9878069281578064 0.976106944680214 0.011699982266873122 0.0
Training: 0.9869330316781998 0.9751324415206909 0.011800604872405529 	Train per: 0.54306640625
	Val per: {'acc': 0.5001956947162427, 'mcc': 0.0597787061824946} 	Val loss: 1.0072038
	Test per: {'acc': 0.5669354838709677, 'mcc': 0.13146193442146617} 	Test loss: 0.9562203
epoch: 94 time: 7.9966 
----->>>>> Training: 0.9876203268766404 0.9752068638801574 0.01241345820017159 0.0
Training: 0.9871851474046707 0.9744627714157105 0.012722384184598923 	Train per: 0.54248046875
	Val per: {'acc': 0.5064579256360078, 'mcc': 0.06502214413949116} 	Val loss: 1.0045781
	Test per: {'acc': 0.5736559139784946, 'mcc': 0.14532766410158077} 	Test loss: 0.9528914
epoch: 95 time: 8.0267 
----->>>>> Training: 0.9875405937433243 0.9751213133335114 0.012419280828908086 0.0
Training: 0.9869053572416305 0.9747399896383285 0.012165345251560211 	Train per: 0.543798828125
	Val per: {'acc': 0.5072407045009785, 'mcc': 0.0724982897208149} 	Val loss: 1.0057758
	Test per: {'acc': 0.5701612903225807, 'mcc': 0.1380181256081873} 	Test loss: 0.9543017
epoch: 96 time: 7.9763 
----->>>>> Training: 0.9872966855764389 0.9752293497323989 0.012067330721765756 0.0
Training: 0.9868962913751602 0.9749314337968826 0.011964830569922924 	Train per: 0.542822265625
	Val per: {'acc': 0.50293542074364, 'mcc': 0.06592442080454651} 	Val loss: 1.0067681
	Test per: {'acc': 0.5682795698924731, 'mcc': 0.13426036346536085} 	Test loss: 0.9561061
epoch: 97 time: 7.9861 
----->>>>> Training: 0.9876144617795944 0.9751854509115219 0.012429018225520849 0.0
Training: 0.9873338431119919 0.9748718768358231 0.01246196310967207 	Train per: 0.5419921875
	Val per: {'acc': 0.5060665362035225, 'mcc': 0.07282762463954652} 	Val loss: 1.007027
	Test per: {'acc': 0.5688172043010753, 'mcc': 0.13545595108237146} 	Test loss: 0.9552043
epoch: 98 time: 8.0222 
----->>>>> Training: 0.9870847016572952 0.9746041238307953 0.012480574985966086 0.0
Training: 0.9865016251802444 0.9740406155586243 0.01246101874858141 	Train per: 0.5443359375
	Val per: {'acc': 0.5041095890410959, 'mcc': 0.06367212973867444} 	Val loss: 1.0060744
	Test per: {'acc': 0.571505376344086, 'mcc': 0.14081999991301178} 	Test loss: 0.9532031
epoch: 99 time: 7.9535 
----->>>>> Training: 0.987351793050766 0.9747781068086624 0.012573687685653567 0.0
Training: 0.9867491990327835 0.9739413529634475 0.012807860970497131 	Train per: 0.542236328125
	Val per: {'acc': 0.5025440313111545, 'mcc': 0.06337278780572786} 	Val loss: 1.0067635
	Test per: {'acc': 0.5682795698924731, 'mcc': 0.1341482330447769} 	Test loss: 0.9529415
epoch: 100 time: 7.9986 
----->>>>> Training: 0.9868000686168671 0.9742013156414032 0.012598755350336433 0.0
Training: 0.9864683032035828 0.973944416642189 0.012523884885013103 	Train per: 0.5431640625
	Val per: {'acc': 0.5072407045009785, 'mcc': 0.06970785801792707} 	Val loss: 1.0056622
	Test per: {'acc': 0.5698924731182796, 'mcc': 0.13749726551728886} 	Test loss: 0.9521162
epoch: 101 time: 8.0004 
----->>>>> Training: 0.9866563141345978 0.9740043669939041 0.012651953659951688 0.0
Training: 0.9865970700979233 0.9736414581537247 0.012955625541508198 	Train per: 0.54345703125
	Val per: {'acc': 0.5021526418786693, 'mcc': 0.06311331828782078} 	Val loss: 1.0074978
	Test per: {'acc': 0.5674731182795699, 'mcc': 0.13259588935696218} 	Test loss: 0.9538964
epoch: 102 time: 8.0022 
----->>>>> Training: 0.9867240875959397 0.9736649781465531 0.01305911443196237 0.0
Training: 0.9861911833286285 0.9729054898023606 0.013285674154758453 	Train per: 0.543408203125
	Val per: {'acc': 0.5041095890410959, 'mcc': 0.0605236808280336} 	Val loss: 1.005603
	Test per: {'acc': 0.5723118279569892, 'mcc': 0.14244703613340137} 	Test loss: 0.9502165
epoch: 103 time: 8.0062 
----->>>>> Training: 0.9862488627433776 0.9730520874261857 0.01319677853025496 0.0
Training: 0.9859286397695541 0.9727451652288437 0.013183485716581345 	Train per: 0.544384765625
	Val per: {'acc': 0.5060665362035225, 'mcc': 0.06427376921632509} 	Val loss: 1.0057595
	Test per: {'acc': 0.571236559139785, 'mcc': 0.1402617255625927} 	Test loss: 0.9504183
epoch: 104 time: 7.9856 
----->>>>> Training: 0.9860029190778732 0.9726576447486878 0.01334527162835002 0.0
Training: 0.985815379023552 0.9723743557929992 0.013441018760204315 	Train per: 0.54404296875
	Val per: {'acc': 0.501761252446184, 'mcc': 0.05912020887882543} 	Val loss: 1.0074471
	Test per: {'acc': 0.5698924731182796, 'mcc': 0.13745150110790422} 	Test loss: 0.9504481
epoch: 105 time: 8.0064 
----->>>>> Training: 0.9862740993499756 0.9729633033275604 0.013310797978192568 0.0
Training: 0.9857070326805115 0.9725814402103424 0.013125581666827202 	Train per: 0.5439453125
	Val per: {'acc': 0.5068493150684932, 'mcc': 0.06722645352862858} 	Val loss: 1.0057229
	Test per: {'acc': 0.5723118279569892, 'mcc': 0.14241081679238096} 	Test loss: 0.9503602
epoch: 106 time: 7.9983 
----->>>>> Training: 0.9874093502759933 0.9740119129419327 0.013397436449304223 0.0
Training: 0.9867442011833191 0.9732321858406067 0.013511991128325462 	Train per: 0.543017578125
	Val per: {'acc': 0.510371819960861, 'mcc': 0.07150493144001506} 	Val loss: 1.004379
	Test per: {'acc': 0.567741935483871, 'mcc': 0.1336720465729132} 	Test loss: 0.95060486
epoch: 107 time: 7.9982 
----->>>>> Training: 0.9861911743879318 0.9729634672403336 0.013227703468874096 0.0
Training: 0.9858649671077728 0.9725633561611176 0.013301638886332512 	Train per: 0.54375
	Val per: {'acc': 0.5076320939334638, 'mcc': 0.07325468261612546} 	Val loss: 1.0066651
	Test per: {'acc': 0.571236559139785, 'mcc': 0.14019734067114287} 	Test loss: 0.9508542
epoch: 108 time: 8.0303 
----->>>>> Training: 0.9861999392509461 0.9726680904626847 0.013531850883737206 0.0
Training: 0.9856359899044037 0.9721692770719528 0.013466709293425083 	Train per: 0.543603515625
	Val per: {'acc': 0.5045009784735812, 'mcc': 0.06418214757253789} 	Val loss: 1.0068939
	Test per: {'acc': 0.5717741935483871, 'mcc': 0.14139898729960018} 	Test loss: 0.9500614
epoch: 109 time: 8.2080 
----->>>>> Training: 0.9857579797506333 0.9718157649040222 0.013942209165543317 0.0
Training: 0.9851714342832565 0.9713251560926437 0.013846289366483688 	Train per: 0.544775390625
	Val per: {'acc': 0.5052837573385519, 'mcc': 0.06422238028512246} 	Val loss: 1.0071332
	Test per: {'acc': 0.5720430107526882, 'mcc': 0.14184375594929827} 	Test loss: 0.9488355
epoch: 110 time: 8.2567 
----->>>>> Training: 0.9858614265918731 0.9720645308494568 0.013796902494505048 0.0
Training: 0.9855602622032166 0.9719537734985352 0.013606499880552292 	Train per: 0.541943359375
	Val per: {'acc': 0.5009784735812133, 'mcc': 0.06006033300856763} 	Val loss: 1.0079272
	Test per: {'acc': 0.5698924731182796, 'mcc': 0.13743434193788442} 	Test loss: 0.95010895
epoch: 111 time: 8.1593 
----->>>>> Training: 0.985696765780449 0.9722404956817627 0.013456275314092636 0.0
Training: 0.9849036782979965 0.9714276611804962 0.013476038351655006 	Train per: 0.544775390625
	Val per: {'acc': 0.5060665362035225, 'mcc': 0.06819759500436336} 	Val loss: 1.006951
	Test per: {'acc': 0.5685483870967742, 'mcc': 0.13480117981911263} 	Test loss: 0.94975483
epoch: 112 time: 7.9638 
----->>>>> Training: 0.9852955788373947 0.9711320698261261 0.014163519395515323 0.0
Training: 0.9850593954324722 0.9707207828760147 0.014338630251586437 	Train per: 0.546142578125
	Val per: {'acc': 0.5056751467710372, 'mcc': 0.062334055504539534} 	Val loss: 1.006076
	Test per: {'acc': 0.5731182795698925, 'mcc': 0.14425386639453885} 	Test loss: 0.9468557
epoch: 113 time: 7.9543 
----->>>>> Training: 0.9853531241416931 0.971448478102684 0.013904643850401044 0.0
Training: 0.9854961395263672 0.9715791016817092 0.013917043805122375 	Train per: 0.54150390625
	Val per: {'acc': 0.5068493150684932, 'mcc': 0.06796343370158872} 	Val loss: 1.0074441
	Test per: {'acc': 0.5760752688172043, 'mcc': 0.14999807699897155} 	Test loss: 0.9485369
epoch: 114 time: 7.9452 
----->>>>> Training: 0.9857548713684082 0.971567177772522 0.014187692059203982 0.0
Training: 0.985060665011406 0.9707083404064178 0.014352325350046158 	Train per: 0.5439453125
	Val per: {'acc': 0.5056751467710372, 'mcc': 0.07023778588757117} 	Val loss: 1.0076381
	Test per: {'acc': 0.5698924731182796, 'mcc': 0.13752908249900192} 	Test loss: 0.94887567
epoch: 115 time: 7.9589 
----->>>>> Training: 0.9857979506254196 0.9716492414474487 0.014148709364235401 0.0
Training: 0.9854302018880844 0.9712720155715943 0.014158175326883793 	Train per: 0.545166015625
	Val per: {'acc': 0.5088062622309197, 'mcc': 0.06523022689559538} 	Val loss: 1.0048065
	Test per: {'acc': 0.5758064516129032, 'mcc': 0.1499578972622247} 	Test loss: 0.94689816
epoch: 116 time: 7.9815 
----->>>>> Training: 0.9852288633584976 0.9710426419973374 0.014186224713921548 0.0
Training: 0.9844999790191651 0.9704437732696534 0.014056180603802204 	Train per: 0.544580078125
	Val per: {'acc': 0.5064579256360078, 'mcc': 0.06672088232027697} 	Val loss: 1.0069256
	Test per: {'acc': 0.5709677419354838, 'mcc': 0.1396700552551996} 	Test loss: 0.94803876
epoch: 117 time: 7.9387 
----->>>>> Training: 0.9848341792821884 0.9705710411071777 0.01426314264535904 0.0
Training: 0.9845311582088471 0.9700252950191498 0.014505849219858646 	Train per: 0.544873046875
	Val per: {'acc': 0.5041095890410959, 'mcc': 0.06100108641886614} 	Val loss: 1.0071732
	Test per: {'acc': 0.5741935483870968, 'mcc': 0.1463759933419089} 	Test loss: 0.9469977
epoch: 118 time: 7.9274 
----->>>>> Training: 0.9853649497032165 0.9705936253070832 0.014771322347223758 0.0
Training: 0.9852492719888687 0.9703792244195938 0.014870048500597477 	Train per: 0.543115234375
	Val per: {'acc': 0.5080234833659492, 'mcc': 0.06656952302189988} 	Val loss: 1.0055418
	Test per: {'acc': 0.571505376344086, 'mcc': 0.14113564623650263} 	Test loss: 0.9466667
epoch: 119 time: 8.0455 
----->>>>> Training: 0.9849110901355743 0.9702719449996948 0.014639146579429507 0.0
Training: 0.9848810642957687 0.9702505677938461 0.014630485326051712 	Train per: 0.543603515625
	Val per: {'acc': 0.5048923679060665, 'mcc': 0.06083847963074632} 	Val loss: 1.0064576
	Test per: {'acc': 0.5693548387096774, 'mcc': 0.13683465647320395} 	Test loss: 0.9473994
epoch: 120 time: 7.9395 
----->>>>> Training: 0.9851797193288803 0.9707761466503143 0.014403575286269187 0.0
Training: 0.984356239438057 0.9698251605033874 0.014531102031469345 	Train per: 0.544140625
	Val per: {'acc': 0.5048923679060665, 'mcc': 0.0637129312041341} 	Val loss: 1.0078696
	Test per: {'acc': 0.5698924731182796, 'mcc': 0.13753496109545174} 	Test loss: 0.9471859
epoch: 121 time: 8.0810 
----->>>>> Training: 0.9842338621616363 0.9695617258548737 0.014672144083306193 0.0
Training: 0.9837502211332321 0.9689792901277542 0.014770925976336002 	Train per: 0.54482421875
	Val per: {'acc': 0.5052837573385519, 'mcc': 0.06349604743181814} 	Val loss: 1.0075858
	Test per: {'acc': 0.575, 'mcc': 0.14784690544316095} 	Test loss: 0.9461092
epoch: 122 time: 8.0266 
----->>>>> Training: 0.9855152249336243 0.9705564737319946 0.014958750968798996 0.0
Training: 0.9855071276426315 0.9702376782894134 0.015269439667463303 	Train per: 0.542041015625
	Val per: {'acc': 0.5072407045009785, 'mcc': 0.06871423870975582} 	Val loss: 1.0089843
	Test per: {'acc': 0.5774193548387097, 'mcc': 0.1527247317214996} 	Test loss: 0.94517684
epoch: 123 time: 8.0888 
----->>>>> Training: 0.9834749191999436 0.9683514028787613 0.015123511804267764 0.0
Training: 0.9841829776763916 0.9688633263111115 0.015319657512009144 	Train per: 0.5455078125
	Val per: {'acc': 0.5064579256360078, 'mcc': 0.06550431839381686} 	Val loss: 1.0066941
	Test per: {'acc': 0.5706989247311828, 'mcc': 0.13962198631255643} 	Test loss: 0.945998
epoch: 124 time: 7.9909 
----->>>>> Training: 0.9845559358596802 0.9690020829439163 0.015553848445415496 0.0
Training: 0.9836954474449158 0.9678762555122375 0.015819203108549118 	Train per: 0.544873046875
	Val per: {'acc': 0.5068493150684932, 'mcc': 0.0655294417533725} 	Val loss: 1.0069039
	Test per: {'acc': 0.5752688172043011, 'mcc': 0.14849124621861054} 	Test loss: 0.9432607
epoch: 125 time: 8.1016 
----->>>>> Training: 0.9839674860239029 0.9682597309350968 0.015707758348435165 0.0
Training: 0.9842144191265106 0.9685378044843673 0.015676598995923996 	Train per: 0.543798828125
	Val per: {'acc': 0.5068493150684932, 'mcc': 0.0662529247008005} 	Val loss: 1.007995
	Test per: {'acc': 0.5741935483870968, 'mcc': 0.14621286639886083} 	Test loss: 0.9438115
epoch: 126 time: 8.1272 
----->>>>> Training: 0.9842099756002426 0.9687827795743942 0.01542719672434032 0.0
Training: 0.9834015607833863 0.9680484771728516 0.015353087335824966 	Train per: 0.5455078125
	Val per: {'acc': 0.5041095890410959, 'mcc': 0.05957615050679042} 	Val loss: 1.007363
	Test per: {'acc': 0.5744623655913978, 'mcc': 0.1468535252114356} 	Test loss: 0.9438871
epoch: 127 time: 7.9966 
----->>>>> Training: 0.9834583193063736 0.9676667988300324 0.015791525971144436 0.0
Training: 0.9831399619579315 0.9668156206607819 0.01632433384656906 	Train per: 0.5462890625
	Val per: {'acc': 0.5052837573385519, 'mcc': 0.061115176935000494} 	Val loss: 1.0071427
	Test per: {'acc': 0.5747311827956989, 'mcc': 0.1475216931674509} 	Test loss: 0.94250983
epoch: 128 time: 7.9896 
----->>>>> Training: 0.9836315095424653 0.9672632604837418 0.016368251014500856 0.0
Training: 0.9828823655843735 0.9666299045085907 0.016252484172582626 	Train per: 0.54580078125
	Val per: {'acc': 0.5048923679060665, 'mcc': 0.061548804360973264} 	Val loss: 1.0075257
	Test per: {'acc': 0.5739247311827957, 'mcc': 0.14574185863072506} 	Test loss: 0.94219947
epoch: 129 time: 7.9773 
----->>>>> Training: 0.9837369501590729 0.9675425708293914 0.016194379702210427 0.0
Training: 0.9833383291959763 0.967193815112114 0.01614450104534626 	Train per: 0.543408203125
	Val per: {'acc': 0.5045009784735812, 'mcc': 0.062716943824934} 	Val loss: 1.0090821
	Test per: {'acc': 0.5723118279569892, 'mcc': 0.14236146011834305} 	Test loss: 0.94307846
epoch: 130 time: 7.9752 
----->>>>> Training: 0.9835188984870911 0.9674779027700424 0.016040999069809915 0.0
Training: 0.9844366610050201 0.9684347212314606 0.016001958400011063 	Train per: 0.5435546875
	Val per: {'acc': 0.5084148727984344, 'mcc': 0.06899861953856083} 	Val loss: 1.007051
	Test per: {'acc': 0.5690860215053763, 'mcc': 0.13640831409408014} 	Test loss: 0.9444492
epoch: 131 time: 8.0164 
----->>>>> Training: 0.9833845049142838 0.9674230247735978 0.01596148395910859 0.0
Training: 0.9825502127408982 0.9666043013334275 0.01594589091837406 	Train per: 0.5470703125
	Val per: {'acc': 0.5064579256360078, 'mcc': 0.06406521826692675} 	Val loss: 1.0073531
	Test per: {'acc': 0.5733870967741935, 'mcc': 0.14470557626509098} 	Test loss: 0.94239384
epoch: 132 time: 7.9887 
----->>>>> Training: 0.9844701021909714 0.9683242499828338 0.016145847178995608 0.0
Training: 0.9829275399446488 0.9667232990264892 0.01620424911379814 	Train per: 0.54443359375
	Val per: {'acc': 0.5037181996086105, 'mcc': 0.06024859044375741} 	Val loss: 1.0085236
	Test per: {'acc': 0.5733870967741935, 'mcc': 0.144555770797054} 	Test loss: 0.9422706
epoch: 133 time: 7.9759 
----->>>>> Training: 0.9831850618124008 0.9667954027652741 0.016389652900397778 0.0
Training: 0.9830557405948639 0.9667055308818817 0.016350192949175835 	Train per: 0.5453125
	Val per: {'acc': 0.5041095890410959, 'mcc': 0.05840501491209352} 	Val loss: 1.0068954
	Test per: {'acc': 0.5747311827956989, 'mcc': 0.14770721294758474} 	Test loss: 0.94175357
epoch: 134 time: 7.9890 
----->>>>> Training: 0.9840371161699295 0.968025729060173 0.016011389438062906 0.0
Training: 0.982403102517128 0.9665346205234527 0.015868479385972023 	Train per: 0.547802734375
	Val per: {'acc': 0.5072407045009785, 'mcc': 0.06366625024095823} 	Val loss: 1.0070264
	Test per: {'acc': 0.5747311827956989, 'mcc': 0.1476137159638848} 	Test loss: 0.9416982
epoch: 135 time: 7.9961 
----->>>>> Training: 0.9832736074924469 0.9671929568052292 0.016080652736127375 0.0
Training: 0.982455489039421 0.9661835998296737 0.01627187617123127 	Train per: 0.547705078125
	Val per: {'acc': 0.5084148727984344, 'mcc': 0.06197507492068501} 	Val loss: 1.0064782
	Test per: {'acc': 0.5782258064516129, 'mcc': 0.1546393612980643} 	Test loss: 0.93978584
epoch: 136 time: 7.9858 
----->>>>> Training: 0.9835457354784012 0.9672889232635498 0.016256812307983638 0.0
Training: 0.983057165145874 0.9667456388473511 0.01631155051290989 	Train per: 0.543505859375
	Val per: {'acc': 0.5037181996086105, 'mcc': 0.061450945713139804} 	Val loss: 1.0084174
	Test per: {'acc': 0.5733870967741935, 'mcc': 0.14454302924445522} 	Test loss: 0.9422404
epoch: 137 time: 7.9866 
----->>>>> Training: 0.9825425922870636 0.965760463476181 0.016782128904014825 0.0
Training: 0.9816342830657959 0.96458580493927 0.017048479989171028 	Train per: 0.54697265625
	Val per: {'acc': 0.5052837573385519, 'mcc': 0.06017943662349744} 	Val loss: 1.0070128
	Test per: {'acc': 0.5741935483870968, 'mcc': 0.14633624158507164} 	Test loss: 0.9392035
epoch: 138 time: 7.9855 
----->>>>> Training: 0.9824321419000626 0.9655526638031006 0.016879475954920054 0.0
Training: 0.9819501370191575 0.964928361773491 0.017021749168634415 	Train per: 0.548388671875
	Val per: {'acc': 0.5091976516634051, 'mcc': 0.06550489668789149} 	Val loss: 1.0068214
	Test per: {'acc': 0.5758064516129032, 'mcc': 0.14970603318935174} 	Test loss: 0.9384154
epoch: 139 time: 7.9506 
----->>>>> Training: 0.9826239556074142 0.9657278507947922 0.016896100621670483 0.0
Training: 0.9819172739982605 0.9651644349098205 0.01675281673669815 	Train per: 0.546435546875
	Val per: {'acc': 0.5052837573385519, 'mcc': 0.063737521986193} 	Val loss: 1.0086392
	Test per: {'acc': 0.5736559139784946, 'mcc': 0.14530958717043227} 	Test loss: 0.9406601
epoch: 140 time: 8.0030 
----->>>>> Training: 0.9816801309585571 0.964123472571373 0.017556663323193788 0.0
Training: 0.9811619132757187 0.9632530987262726 0.017908820882439613 	Train per: 0.546240234375
	Val per: {'acc': 0.5045009784735812, 'mcc': 0.05891970240942047} 	Val loss: 1.0083758
	Test per: {'acc': 0.5755376344086022, 'mcc': 0.1489771697003756} 	Test loss: 0.93769896
epoch: 141 time: 7.9844 
----->>>>> Training: 0.9818371057510376 0.9641735017299652 0.017663605511188507 0.0
Training: 0.9811245203018188 0.9638069331645965 0.01731759123504162 	Train per: 0.547021484375
	Val per: {'acc': 0.5048923679060665, 'mcc': 0.05966636716695779} 	Val loss: 1.0069423
	Test per: {'acc': 0.5752688172043011, 'mcc': 0.14856012635522328} 	Test loss: 0.9385021
epoch: 142 time: 8.0552 
----->>>>> Training: 0.9818186968564987 0.9637991219758988 0.01801957283169031 0.0
Training: 0.9825961828231812 0.9645625591278076 0.018033621832728386 	Train per: 0.544091796875
	Val per: {'acc': 0.510371819960861, 'mcc': 0.07223269004359664} 	Val loss: 1.0062804
	Test per: {'acc': 0.5717741935483871, 'mcc': 0.1417830475880834} 	Test loss: 0.93828946
epoch: 143 time: 7.9864 
----->>>>> Training: 0.9820319920778274 0.9642756670713425 0.01775632845237851 0.0
Training: 0.9810749769210816 0.9634026199579239 0.01767233945429325 	Train per: 0.5458984375
	Val per: {'acc': 0.5045009784735812, 'mcc': 0.06079903359186284} 	Val loss: 1.0085689
	Test per: {'acc': 0.5779569892473119, 'mcc': 0.15383282115904956} 	Test loss: 0.9379069
epoch: 144 time: 8.0370 
----->>>>> Training: 0.9815767586231232 0.963680413365364 0.017896340135484932 0.0
Training: 0.9810819327831268 0.9629419147968292 0.018140025436878204 	Train per: 0.5484375
	Val per: {'acc': 0.5072407045009785, 'mcc': 0.06319929092918772} 	Val loss: 1.0078517
	Test per: {'acc': 0.5774193548387097, 'mcc': 0.15291860163621818} 	Test loss: 0.93625265
epoch: 145 time: 7.9828 
----->>>>> Training: 0.9815189987421036 0.963633519411087 0.01788548259064555 0.0
Training: 0.9812096506357193 0.9632738947868347 0.017935754731297493 	Train per: 0.545654296875
	Val per: {'acc': 0.5084148727984344, 'mcc': 0.07071538507106415} 	Val loss: 1.0075638
	Test per: {'acc': 0.5709677419354838, 'mcc': 0.13980444226813815} 	Test loss: 0.93848425
epoch: 146 time: 8.0117 
----->>>>> Training: 0.9819096356630326 0.9638565927743912 0.018053043354302644 0.0
Training: 0.981298166513443 0.9631766855716706 0.018121467903256416 	Train per: 0.547607421875
	Val per: {'acc': 0.5095890410958904, 'mcc': 0.06601076897501763} 	Val loss: 1.0060179
	Test per: {'acc': 0.5758064516129032, 'mcc': 0.1499185893783309} 	Test loss: 0.93636656
epoch: 147 time: 8.0129 
----->>>>> Training: 0.9809820115566253 0.9629608213901519 0.018021189793944358 0.0
Training: 0.9803173005580902 0.9621855109930039 0.018131770193576813 	Train per: 0.54658203125
	Val per: {'acc': 0.5045009784735812, 'mcc': 0.06127480249292321} 	Val loss: 1.0092299
	Test per: {'acc': 0.5755376344086022, 'mcc': 0.1490109964850871} 	Test loss: 0.93723786
epoch: 148 time: 7.9162 
----->>>>> Training: 0.9807729095220565 0.9624003052711487 0.018372605741024017 0.0
Training: 0.9801290422677994 0.9615788221359253 0.018550245091319084 	Train per: 0.5474609375
	Val per: {'acc': 0.5072407045009785, 'mcc': 0.06319929092918772} 	Val loss: 1.0071607
	Test per: {'acc': 0.5758064516129032, 'mcc': 0.14970603318935174} 	Test loss: 0.93528
epoch: 149 time: 7.9248 

Best Valid performance: {'acc': 0.510371819960861, 'mcc': 0.08172136469445093}
	Best Test performance: {'acc': 0.5720430107526882, 'mcc': 0.141811201197013}
